105
97
92
92
97
122
116
97
93
89
86
100
96
110
102
82
93
95
112
81
98
116
78
98
104
95
95
89
116
122
94
90
90
103
108
103
77
101
126
82
102
118
108
89
106
83
93
93
89
111
94
100
53
102
96
104
116
106
93
116
84
106
108
100
112
91
112
108
92
122
76
78
93
95
121
98
85
86
106
100
130
94
107
100
104
120
109
85
89
94
98
112
112
89
100
106
104
126
83
107
88
91
82
102
71
97
97
76
64
103
93
76
101
90
108
101
117
85
114
74
119
114
95
95
80
74
111
106
112
102
106
98
102
103
107
114
91
102
111
103
124
98
116
123
98
102
69
87
89
112
101
106
75
109
87
82
96
93
97
91
90
95
108
102
111
91
77
89
118
100
62
97
85
58
87
93
94
123
62
122
101
118
109
98
58
86
101
81
96
111
116
78
79
82
94
91
98
75
93
73
101
95
102
83
101
93
101
90
117
104
87
109
102
86
108
90
82
86
88
111
133
96
95
83
85
104
115
106
105
103
131
86
99
92
96
92
99
97
109
84
105
97
92
87
110
97
81
107
93
99
104
123
98
98
88
115
109
91
106
109
81
81
84
97
105
99
106
101
119
80
94
108
75
78
91
98
95
102
100
103
96
115
101
106
108
108
84
103
83
88
115
98
90
88
100
119
102
118
91
120
84
76
90
124
100
96
110
90
104
98
113
126
107
81
105
120
107
99
117
103
104
107
85
113
94
122
98
101
106
81
89
93
95
105
77
97
101
113
126
112
105
88
75
94
151
99
98
86
79
111
90
48
100
112
102
92
97
86
85
127
78
78
118
88
135
96
90
110
82
102
101
105
104
83
109
99
74
103
88
93
105
119
105
140
95
79
117
94
90
116
92
119
101
91
103
105
95
89
116
99
106
68
100
89
113
115
86
117
106
113
101
79
95
97
93
88
105
132
97
91
100
99
122
91
101
105
106
128
98
92
102
108
110
101
98
101
89
88
103
103
100
96
102
103
112
94
92
115
92
103
89
93
89
68
100
100
102
77
123
94
110
117
112
110
122
121
121
123
109
112
95
91
110
91
86
105
112
130
97
113
98
107
101
94
106
84
110
98
68
103
96
91
119
88
106
117
126
97
99
97
97
110
106
113
104
106
80
83
93
88
106
101
83
94
114
135
91
110
89
90
79
110
96
111
100
100
117
105
84
97
100
93
110
121
124
62
114
114
103
87
117
83
111
106
71
124
111
93
100
93
90
113
89
126
100
114
86
86
87
111
97
124
66
89
118
136
98
92
126
103
101
81
110
57
95
81
106
101
114
121
99
86
101
106
93
107
83
95
108
85
90
92
120
146
83
96
99
101
144
81
108
92
129
96
94
97
106
93
78
101
98
91
92
105
121
88
93
92
116
107
90
75
88
103
110
81
122
132
113
110
91
103
97
133
96
88
111
94
90
96
117
100
77
89
100
126
109
81
103
97
124
120
124
99
113
91
77
83
99
114
119
107
112
111
96
119
68
115
103
107
82
95
114
127
120
113
115
108
86
103
104
101
89
110
92
120
85
110
102
109
115
67
110
111
103
87
112
88
78
90
85
89
100
119
86
103
105
116
108
96
90
131
87
111
96
111
116
103
101
75
119
64
100
103
84
113
108
110
106
111
139
86
119
107
104
102
85
91
124
117
110
112
130
133
108
123
95
117
106
102
114
110
125
112
111
79
98
118
100
102
108
75
105
94
96
89
98
116
123
101
71
89
102
114
88
85
93
86
87
91
106
114
111
89
111
101
95
110
108
115
95
105
104
100
96
94
89
126
83
102
103
119
79
95
131
148
76
103
70
85
84
102
118
108
132
100
90
121
93
101
97
116
83
88
115
83
106
88
89
97
117
101
113
114
103
93
96
115
98
87
109
99
114
86
104
111
98
87
104
98
94
134
101
110
143
117
99
96
92
83
113
103
115
117
119
113
115
94
101
112
108
100
118
71
116
107
104
135
131
85
120
101
92
87
111
115
74
93
90
109
113
117
97
97
102
80
90
97
111
83
102
123
88
89
93
78
105
123
103
69
132
89
106
133
106
70
105
90
112
96
104
93
81
83
97
110
122
98
108
94
102
84
93
103
88
128
87
104
96
98
119
82
107
108
102
103
118
86
106
117
92
131
72
98
100
100
102
83
101
104
100
87
120
90
93
94
92
91
101
102
114
123
100
86
79
100
94
88
83
122
88
97
95
97
83
87
108
105
130
107
116
97
113
95
69
96
106
120
100
88
104
104
102
88
109
97
91
102
108
77
99
103
82
97
86
107
110
96
102
91
108
90
110
98
102
117
101
82
83
107
85
95
101
99
116
99
115
94
98
95
135
92
100
85
98
99
87
105
95
99
106
96
85
113
94
98
106
109
95
96
100
87
109
119
85
109
98
116
120
89
103
106
105
91
102
106
86
83
93
117
90
112
87
89
110
110
97
123
101
95
125
130
118
98
108
104
95
105
98
124
105
121
114
89
122
94
95
119
104
86
103
95
99
123
110
61
94
111
93
127
101
123
99
107
114
87
96
97
105
98
110
110
122
96
89
108
98
113
100
106
111
100
115
93
127
90
95
109
107
94
95
113
118
113
127
100
107
110
119
96
93
114
80
85
83
110
90
134
80
96
109
100
113
100
98
111
90
103
84
119
88
122
94
110
97
84
80
107
76
90
111
66
75
86
104
99
98
79
72
119
106
87
88
84
108
94
89
111
100
120
106
105
113
108
84
68
95
106
73
109
107
121
125
83
82
102
120
86
102
90
100
104
118
113
126
110
109
98
101
73
135
118
100
87
107
86
106
92
91
102
112
94
94
89
93
112
110
102
95
99
116
121
85
98
95
106
120
88
73
92
110
87
120
105
116
95
104
97
114
97
110
100
102
97
93
97
94
81
98
107
101
93
128
90
104
101
75
84
93
87
117
106
110
139
112
98
93
111
97
105
78
103
111
114
65
89
102
96
117
99
113
105
110
95
94
104
124
120
95
101
121
109
96
121
107
96
79
93
63
120
107
81
99
101
129
120
113
111
83
89
80
107
86
93
93
97
100
113
100
130
107
97
91
102
112
128
90
86
106
110
109
93
87
113
87
106
111
120
107
102
111
101
133
83
128
91
136
93
95
114
124
95
86
85
98
116
94
95
128
113
118
97
84
132
81
65
98
87
100
107
100
75
105
82
102
106
104
101
104
102
85
104
92
67
88
86
99
110
88
142
96
97
74
91
111
97
106
120
92
98
119
103
82
93
83
85
83
96
112
87
102
100
94
102
110
117
100
103
117
90
91
105
120
108
103
95
112
117
79
105
112
98
91
92
108
83
114
105
101
101
93
103
107
99
109
93
135
86
113
108
113
100
91
89
89
102
78
123
86
131
102
124
84
109
98
72
124
87
117
91
81
116
105
115
88
110
105
82
120
93
110
101
120
85
114
122
117
131
113
121
103
118
115
91
118
115
94
94
108
101
101
125
65
103
98
114
89
94
86
102
97
131
103
78
126
113
102
88
112
106
115
96
91
104
126
130
85
113
98
86
99
106
88
103
102
110
120
109
92
119
78
112
96
103
99
103
97
112
120
109
86
126
103
120
117
92
109
111
120
103
115
112
136
99
93
101
114
111
103
105
83
111
85
67
89
104
113
109
98
122
72
81
92
92
98
121
117
101
71
115
102
123
100
87
112
73
118
104
68
100
86
80
73
126
68
95
84
98
81
106
110
106
92
108
120
119
120
129
86
101
93
99
91
106
78
106
107
86
107
71
99
101
134
103
80
106
110
120
96
97
82
135
104
100
87
98
103
113
107
91
101
89
111
89
95
105
92
100
96
113
123
120
67
98
93
108
89
75
85
88
121
92
87
82
114
84
107
109
98
92
103
84
79
121
110
62
80
81
93
100
103
84
96
104
78
129
81
107
97
104
74
79
112
127
114
112
131
124
70
90
103
80
84
92
97
99
88
99
79
114
99
91
94
111
77
107
102
75
107
77
95
116
102
91
86
106
85
91
107
90
121
87
81
71
120
95
80
81
116
111
94
108
110
86
97
89
111
109
92
97
88
87
92
79
137
91
102
97
118
106
101
95
108
103
105
87
72
122
94
99
83
115
98
100
98
87
82
99
89
102
111
71
107
88
90
93
105
113
98
100
101
88
101
83
100
89
97
80
81
80
96
107
100
121
131
124
94
113
103
90
87
74
72
113
102
102
84
88
90
116
117
112
90
82
97
90
99
103
108
121
99
112
122
119
77
98
110
105
116
116
93
120
103
93
97
101
102
99
104
105
94
86
96
100
97
97
100
106
86
90
92
109
116
132
127
109
96
94
111
121
94
125
111
101
85
89
109
102
94
111
82
115
82
102
90
114
98
85
98
93
96
76
101
127
141
99
114
91
98
120
92
88
117
91
78
114
101
78
92
98
68
85
110
84
115
107
79
107
101
73
86
61
89
87
107
72
112
81
69
113
96
79
122
88
115
101
124
106
85
89
98
58
67
86
80
102
87
93
110
93
112
113
92
91
84
90
81
99
89
101
86
88
115
77
92
98
93
101
101
81
121
91
91
125
77
91
80
90
94
99
87
92
112
110
103
104
93
88
100
120
95
85
90
103
105
94
139
86
94
103
101
103
101
116
102
96
90
92
84
93
109
107
117
86
95
98
118
92
85
98
123
97
119
95
80
100
79
85
108
87
107
109
104
100
77
102
92
108
105
93
96
106
78
89
89
94
122
90
102
97
92
98
86
97
73
107
106
105
100
107
110
99
93
95
80
84
107
127
105
91
99
106
92
118
108
97
98
102
103
121
71
108
112
102
86
94
101
75
99
101
125
93
95
109
108
97
72
103
104
100
114
78
98
97
98
117
62
100
120
89
98
107
101
100
90
90
93
92
102
55
89
107
101
108
80
104
89
98
108
85
92
112
92
110
129
95
131
84
93
105
117
85
112
95
121
107
92
105
119
94
85
93
90
84
123
85
97
89
79
110
79
86
102
106
97
89
83
90
103
92
97
115
117
119
98
94
109
76
84
113
112
85
107
97
100
110
96
114
103
105
84
89
122
105
107
94
119
63
85
98
95
95
104
86
90
105
88
87
102
92
85
104
105
84
125
118
116
94
103
79
129
124
124
106
77
120
94
89
112
62
117
93
89
114
101
105
93
101
112
77
108
94
102
100
89
109
95
84
95
87
102
69
108
111
77
105
112
118
108
101
102
93
89
81
90
110
86
110
88
108
93
109
107
102
98
89
79
101
112
138
99
98
123
88
97
114
99
107
103
98
96
104
103
116
111
111
110
88
92
105
108
82
111
60
112
69
84
99
72
82
107
102
87
87
121
80
120
97
107
103
90
120
91
86
122
111
143
128
107
113
109
82
114
114
117
100
129
82
93
85
100
68
76
106
75
85
117
93
137
79
74
101
71
106
109
88
101
84
86
105
87
97
92
90
91
68
84
100
106
72
102
80
104
90
98
128
106
116
101
121
92
96
64
116
110
118
126
91
97
101
103
90
100
74
120
103
95
105
100
103
105
102
102
103
98
82
117
94
129
79
95
96
99
113
113
81
107
127
124
114
103
105
67
99
102
129
86
107
90
89
97
66
112
118
110
84
90
96
125
119
94
83
92
102
111
101
111
116
88
102
95
100
103
102
96
102
105
88
102
98
96
107
86
95
98
113
115
95
95
97
93
98
81
109
111
90
124
97
117
81
118
120
82
91
84
102
79
98
123
126
100
95
105
92
98
107
101
120
113
92
106
109
79
128
102
92
112
113
112
118
97
88
101
106
113
121
112
92
91
98
112
95
105
124
104
73
98
106
87
114
106
117
70
109
119
114
115
122
131
89
96
100
95
95
93
109
109
83
107
100
84
92
107
99
68
103
101
85
93
90
112
103
90
107
119
96
117
95
110
115
69
103
101
82
105
107
84
100
86
100
82
84
96
103
83
84
108
94
116
91
99
106
98
94
89
86
95
84
99
122
102
87
88
107
96
110
98
121
89
96
107
98
89
102
106
97
106
75
114
87
97
105
85
124
108
107
94
107
101
107
105
89
113
93
98
124
104
93
104
88
109
104
78
93
88
81
104
109
97
104
123
102
98
110
106
100
103
100
100
88
93
70
94
117
105
113
124
98
97
105
103
116
108
108
100
99
88
104
92
113
107
86
107
110
99
95
88
126
104
128
129
128
115
90
100
90
93
127
102
119
105
105
98
116
111
112
103
110
108
126
107
104
87
89
123
88
79
97
76
86
125
105
89
90
72
86
103
103
110
118
87
119
109
105
112
113
104
107
78
79
99
94
96
127
97
107
105
128
108
92
107
108
128
82
77
97
88
84
85
108
97
109
108
97
115
88
68
99
95
72
116
93
92
84
98
97
120
99
109
98
113
98
79
77
100
79
120
90
69
120
99
96
112
102
84
107
101
102
93
127
83
114
98
103
104
94
75
134
94
93
109
74
105
80
110
103
87
82
109
105
126
108
105
121
87
75
75
90
98
86
127
90
108
64
126
116
84
111
110
97
98
87
100
122
83
102
102
89
119
104
93
116
93
138
134
114
97
109
119
102
119
73
89
95
116
80
93
104
92
116
115
133
104
110
131
85
94
90
88
108
119
106
110
93
84
92
127
100
100
87
93
103
134
102
98
108
111
98
126
93
98
118
80
104
85
96
106
90
101
102
115
88
91
95
94
74
120
105
94
100
122
117
89
99
89
112
108
91
103
101
103
128
106
101
105
97
102
103
118
117
116
99
74
115
112
99
95
108
119
122
102
93
90
115
88
108
104
84
92
102
113
69
85
70
112
101
114
89
96
79
96
95
96
96
67
70
99
89
122
92
92
110
94
82
94
76
84
89
102
104
75
73
66
93
99
93
107
113
104
104
92
83
84
119
102
92
119
112
115
99
102
104
88
105
116
115
99
104
115
122
102
114
81
109
99
107
97
114
111
94
100
94
105
80
96
115
84
116
103
74
84
104
130
101
96
106
100
120
104
103
100
85
116
97
100
95
88
114
105
89
83
109
98
89
101
123
92
93
104
101
114
109
84
102
80
76
101
102
107
112
106
109
102
115
79
103
113
105
128
92
107
106
97
118
122
122
100
93
108
120
115
124
99
93
93
74
111
118
94
112
118
106
91
92
78
106
104
94
98
96
96
101
111
120
117
97
104
93
113
89
111
82
87
105
99
124
103
100
119
81
101
90
85
96
122
110
114
99
81
90
