198
188
166
168
168
207
226
197
182
176
162
183
199
188
184
163
168
164
201
178
201
208
147
191
199
170
170
165
205
213
182
180
171
189
183
196
149
182
269
169
181
189
196
152
201
175
192
181
153
188
186
189
102
196
167
183
196
197
172
221
167
196
221
181
201
189
214
204
158
197
171
146
183
175
221
197
154
180
181
195
236
154
190
190
211
207
201
171
185
178
164
207
199
183
195
193
197
220
172
192
177
173
144
215
119
176
184
129
133
202
187
145
207
162
199
170
220
176
212
125
225
198
164
175
145
145
207
207
195
179
201
176
180
185
213
220
156
195
204
184
222
189
200
217
190
191
152
156
161
199
203
194
158
210
177
163
189
166
170
169
165
205
202
189
219
173
143
167
216
185
124
174
166
108
165
176
175
239
129
215
190
217
201
184
110
161
205
159
191
235
204
153
149
170
180
160
174
150
159
160
187
177
194
151
197
172
170
184
219
188
158
192
182
159
191
174
160
167
175
188
268
197
166
155
156
203
214
193
190
182
239
179
169
167
191
159
194
179
198
185
209
175
183
185
217
179
152
212
154
189
198
247
185
178
164
202
219
170
181
205
135
164
179
177
201
190
185
174
204
163
153
224
142
154
161
174
184
191
167
184
168
195
203
188
188
185
156
204
145
162
202
187
174
189
172
212
181
212
162
209
156
136
178
214
180
180
215
171
201
191
180
237
188
154
205
201
199
201
222
185
192
199
159
217
203
213
176
188
194
161
165
196
179
192
139
174
201
198
252
215
181
165
126
168
275
173
193
169
138
210
182
101
203
213
216
163
188
167
165
223
145
149
235
165
236
153
164
205
144
172
160
217
186
154
202
188
136
190
165
202
166
218
204
229
173
156
199
177
169
210
197
213
182
171
175
208
172
166
219
183
204
126
184
173
198
241
160
189
226
202
193
156
179
188
192
182
211
234
163
184
214
177
212
166
189
196
178
260
198
164
185
192
212
195
181
169
170
164
216
201
189
185
198
187
232
169
169
195
170
183
158
169
159
130
171
179
174
140
245
199
219
234
224
201
242
239
215
232
214
185
171
163
188
168
161
198
183
247
161
206
181
203
215
173
211
158
206
191
122
194
175
172
201
167
183
215
201
168
158
165
165
191
187
196
178
184
142
183
173
157
191
165
136
182
206
248
164
203
181
190
194
183
190
215
186
194
221
203
155
167
195
176
189
214
227
120
202
188
169
178
216
145
212
193
149
229
212
159
201
197
146
204
189
225
169
211
150
174
176
201
182
220
139
158
208
257
176
174
251
180
199
143
195
116
187
165
201
180
194
210
214
160
178
218
191
218
159
177
191
158
163
194
242
244
161
161
170
188
252
154
214
152
224
185
170
173
222
176
133
184
174
181
157
196
208
184
165
180
201
202
169
132
158
176
199
154
208
233
197
200
171
202
199
232
177
160
188
169
154
185
220
194
162
179
176
213
193
166
198
163
224
216
244
180
203
195
133
151
172
195
227
195
201
189
192
208
133
231
194
205
143
168
211
226
224
210
210
200
181
197
204
200
159
201
162
208
160
214
186
216
221
125
199
207
199
169
221
182
173
180
178
168
179
207
175
188
203
206
205
177
168
235
159
182
186
213
221
186
200
148
224
142
177
194
183
203
190
198
193
208
234
178
228
218
170
170
156
167
219
222
208
189
246
232
200
214
167
206
205
192
203
203
228
201
203
178
180
202
174
181
204
137
218
172
170
166
180
208
225
191
138
164
181
244
179
166
169
141
172
164
193
223
214
188
212
191
162
178
186
208
158
200
210
167
183
165
161
230
162
178
175
201
173
169
236
273
147
189
139
167
173
200
211
209
232
169
156
214
161
199
173
198
159
195
195
155
178
170
164
201
222
166
203
225
180
176
175
216
183
179
182
176
200
146
179
200
191
150
181
178
188
236
202
183
269
210
187
184
161
166
220
188
200
204
221
194
235
207
191
228
210
193
186
141
219
192
183
242
233
178
207
200
177
183
205
228
134
169
205
199
198
235
204
180
205
159
174
186
209
150
166
226
181
188
169
138
186
231
173
128
232
164
209
233
201
136
192
193
227
192
187
173
163
156
183
199
225
191
195
170
183
170
170
178
188
214
166
208
177
158
232
155
204
195
195
170
226
171
202
203
166
242
115
177
181
191
181
155
186
201
198
169
199
175
175
173
173
172
195
187
187
207
177
170
170
181
184
160
157
220
171
195
173
178
169
156
184
186
237
194
188
201
197
174
130
201
191
231
198
160
203
199
184
170
194
180
142
171
196
138
185
182
173
177
161
186
195
175
182
161
199
167
200
189
198
195
192
159
154
188
155
175
181
190
203
182
217
166
172
182
242
167
186
160
183
200
167
179
174
179
195
201
179
209
173
176
205
204
179
175
167
171
206
200
142
206
183
224
212
171
199
201
206
200
195
191
179
159
178
208
155
198
159
166
199
205
176
212
171
168
227
237
207
182
224
193
187
192
186
235
203
226
190
165
216
171
197
217
188
177
189
171
196
217
182
110
176
185
181
229
175
219
184
185
204
156
190
193
191
174
209
207
218
176
178
199
184
191
200
189
195
167
219
155
216
163
178
195
220
163
172
213
217
215
234
205
206
210
206
190
176
207
165
141
158
207
170
251
140
164
189
184
194
182
189
196
176
201
179
228
167
232
160
199
196
152
160
188
143
171
204
118
148
160
191
201
211
141
148
226
216
167
179
165
214
177
169
204
168
211
196
180
203
197
164
137
181
205
134
185
206
219
207
152
158
187
208
172
186
157
175
191
213
195
226
208
203
185
187
131
245
221
185
175
186
149
186
169
185
169
202
178
172
158
149
213
203
207
182
173
201
223
163
192
163
185
207
164
121
155
193
167
232
199
197
180
188
186
196
169
202
204
175
192
169
199
185
164
205
198
198
183
244
185
201
171
188
146
159
168
208
178
194
246
213
182
178
190
169
200
153
179
218
202
119
171
173
197
208
190
200
225
187
189
176
178
227
221
188
181
224
192
187
207
209
169
147
165
141
211
201
150
182
204
246
202
206
217
159
152
153
199
154
169
180
184
182
212
207
235
194
172
179
192
194
224
184
163
186
200
188
185
170
207
160
191
213
202
203
190
209
189
240
151
226
160
254
184
159
197
223
188
158
150
195
204
152
164
225
202
208
192
165
265
162
128
180
164
183
191
187
144
175
155
186
195
210
171
192
196
154
200
179
144
166
173
193
180
172
251
177
185
135
170
206
162
205
219
155
184
209
184
153
168
167
153
186
189
187
149
193
183
175
189
206
211
201
169
230
149
154
191
202
206
203
161
206
195
147
187
186
163
187
157
200
169
218
196
188
176
158
181
187
178
201
168
243
156
208
201
214
172
163
171
178
189
149
215
181
240
190
239
161
216
187
138
205
170
222
154
156
228
184
210
174
209
186
150
223
158
212
187
211
160
208
205
224
233
221
244
214
202
188
155
207
204
192
202
197
199
181
219
115
180
162
200
158
175
152
187
174
236
207
143
229
196
194
147
216
185
215
177
163
209
213
217
155
191
206
152
214
198
175
210
162
204
211
202
153
213
146
218
172
188
185
200
188
215
210
215
168
233
200
210
210
182
192
209
226
181
205
203
243
179
177
178
227
202
201
197
141
223
155
138
181
178
228
193
188
227
137
157
162
179
171
213
208
212
142
196
181
218
184
166
198
152
199
185
154
174
153
146
143
253
122
186
151
177
158
177
197
198
196
213
200
207
220
224
180
206
181
185
156
209
145
196
181
173
213
132
175
195
251
189
144
227
201
202
182
190
150
239
185
188
180
169
186
228
197
167
178
174
212
184
174
207
170
189
176
227
215
206
117
191
168
215
169
147
169
169
244
164
179
155
206
143
190
217
184
166
192
179
172
227
206
105
170
161
182
202
181
186
169
178
150
221
170
213
181
192
147
159
204
205
208
206
229
224
130
170
205
148
178
183
159
170
159
177
153
207
192
184
197
208
159
200
201
139
208
152
180
207
196
176
176
215
167
176
189
189
225
161
147
130
240
191
137
152
205
183
167
193
188
163
182
161
220
215
181
186
182
160
166
146
244
173
181
196
220
196
184
168
224
203
190
149
155
214
184
202
171
194
181
182
188
169
172
171
171
199
202
122
185
161
166
168
190
209
213
179
175
148
189
174
188
185
161
149
148
160
155
187
175
226
252
231
169
196
193
177
167
152
153
212
175
191
149
163
151
191
213
192
172
171
196
196
219
173
194
226
177
202
233
218
165
188
218
195
210
192
163
223
192
181
178
180
183
187
192
183
168
163
182
194
173
177
197
181
163
174
169
198
200
226
231
204
173
180
193
217
181
227
199
189
157
172
218
193
160
205
164
207
146
179
179
183
182
142
184
172
168
149
190
227
235
175
190
163
185
206
161
153
204
173
131
201
199
142
184
175
119
162
209
145
221
196
143
199
195
144
143
123
178
159
203
160
212
162
133
220
186
175
225
177
212
185
232
209
170
171
198
110
120
176
137
173
168
164
199
182
197
196
174
169
155
161
141
183
173
193
137
162
185
154
173
198
168
190
182
151
237
170
172
233
147
200
161
157
194
188
177
156
217
214
192
166
168
183
185
201
174
153
176
179
193
157
226
174
174
189
187
206
184
218
184
178
174
161
159
196
180
198
235
169
175
179
209
186
153
181
221
193
222
181
145
195
173
177
205
181
190
196
220
201
162
203
197
201
175
176
203
181
140
163
170
150
203
169
220
171
192
179
179
165
143
212
191
210
203
179
201
177
182
191
160
170
185
237
209
190
186
194
184
208
186
194
187
151
181
213
143
217
222
180
172
178
201
154
163
181
221
185
167
200
191
185
122
193
199
171
201
151
177
162
192
215
111
189
233
178
176
197
192
178
164
173
165
187
189
111
182
199
200
223
161
185
171
191
194
177
173
207
188
177
244
192
233
165
180
189
212
174
214
163
215
185
174
191
203
156
175
176
167
149
237
138
169
165
141
182
159
161
184
210
191
184
169
171
186
159
168
191
201
218
199
180
197
124
157
189
196
169
187
168
172
215
185
229
188
191
149
179
218
200
202
178
205
131
144
176
172
210
189
163
145
186
169
177
201
171
154
187
216
155
215
188
215
193
187
146
240
221
226
190
138
213
187
165
202
127
210
170
166
207
190
201
163
188
216
150
198
171
174
169
199
212
184
155
159
162
181
143
210
199
148
217
216
190
202
178
198
162
153
149
178
189
171
209
169
218
185
192
208
181
202
162
150
164
222
240
195
182
219
169
193
207
179
205
205
185
168
189
192
217
201
206
217
169
171
214
206
174
204
114
219
125
159
192
137
162
208
183
165
174
219
151
214
185
189
199
155
209
166
158
231
217
232
212
199
211
219
158
206
205
213
183
222
152
157
167
173
126
128
205
120
148
221
173
247
144
166
179
131
174
198
170
166
149
156
222
168
173
185
181
168
158
152
188
190
131
177
142
197
167
184
228
182
210
191
226
176
178
123
204
194
213
231
182
164
176
187
176
199
139
218
196
182
201
182
201
184
194
198
206
192
150
206
192
237
158
160
169
197
188
183
169
196
214
249
220
185
206
121
159
205
225
154
210
174
155
180
110
215
214
198
128
172
176
208
225
181
147
185
184
201
173
196
209
182
190
172
195
184
190
161
193
173
146
207
194
199
186
149
173
164
205
237
158
185
185
181
199
164
220
213
173
224
170
223
146
216
230
153
183
170
191
142
205
230
234
191
187
191
157
184
212
188
217
210
166
176
184
170
248
184
163
218
198
195
207
175
159
184
175
192
223
206
187
163
168
231
191
193
213
174
127
181
185
166
200
199
214
119
186
228
206
194
203
215
185
192
186
166
178
182
219
217
159
178
209
170
190
209
176
124
175
189
144
178
161
207
186
164
192
215
185
213
182
192
207
139
205
175
172
206
214
171
194
173
169
153
171
202
192
163
164
202
168
210
164
163
205
176
158
159
167
189
151
183
211
215
168
164
180
184
205
183
218
151
183
199
185
158
174
204
174
198
169
221
181
157
209
177
221
197
204
168
195
195
195
201
158
203
175
176
225
186
172
186
185
197
187
153
178
187
148
189
218
176
194
215
164
195
202
197
176
170
183
187
163
178
142
186
231
204
214
209
197
192
206
180
233
199
201
187
191
162
198
168
211
182
141
193
192
173
193
160
235
214
228
232
241
221
153
176
189
182
212
197
203
199
189
176
208
226
207
189
209
182
212
204
196
153
187
212
169
159
161
164
161
230
207
162
162
142
171
191
200
194
240
173
236
193
205
226
201
183
211
181
137
199
185
197
228
177
199
205
227
185
179
179
180
220
152
116
177
171
148
181
206
182
212
195
192
198
176
156
158
182
135
219
184
184
144
180
200
239
165
187
195
235
165
155
156
207
145
205
175
143
239
164
188
216
202
146
176
202
181
167
223
169
209
193
198
179
180
155
225
195
215
205
132
193
156
207
185
170
155
178
211
230
196
194
220
179
149
134
170
170
183
229
177
191
126
237
220
187
196
205
182
193
171
180
210
169
196
186
155
210
172
173
220
169
251
245
195
173
213
206
190
254
139
156
177
215
139
163
212
151
204
196
226
184
208
262
141
202
165
186
200
215
189
201
150
178
168
220
179
184
163
180
217
244
188
181
211
212
184
246
188
202
203
158
171
158
192
195
173
219
189
209
166
171
185
164
148
217
170
156
198
231
218
185
174
174
217
204
171
206
187
195
218
183
188
183
175
196
207
207
206
218
174
133
216
177
189
167
209
231
214
193
177
158
216
171
167
181
160
175
200
213
134
173
138
196
186
214
168
165
155
177
169
182
203
134
121
175
160
216
165
168
211
176
140
177
132
148
169
199
199
142
154
118
164
195
188
173
210
201
161
184
156
166
217
155
171
201
211
215
206
167
203
168
203
198
214
195
178
194
224
187
214
178
219
174
200
160
203
215
173
189
163
185
153
188
202
163
210
171
146
173
206
238
196
163
187
168
233
186
211
186
168
207
187
177
168
165
193
199
183
169
212
188
177
197
230
192
176
191
186
229
225
161
198
143
150
174
183
183
203
217
177
183
227
160
205
214
196
226
206
194
222
187
222
212
233
181
190
213
209
212
208
193
195
157
134
194
218
157
208
213
202
166
191
153
189
198
182
173
165
197
183
202
229
219
176
189
161
194
173
205
142
167
217
174
201
183
188
214
135
199
161
170
182
211
210
222
176
145
168
