25
15
13
17
16
24
20
22
19
18
19
25
24
23
18
29
21
22
18
20
22
19
17
20
18
20
20
18
15
19
22
26
25
15
22
30
24
23
21
24
27
24
25
31
28
23
16
19
19
23
25
22
24
27
17
28
30
12
24
14
23
23
25
24
18
21
19
13
26
25
23
25
19
22
24
16
23
27
24
20
16
18
21
19
29
26
24
25
13
20
20
19
25
24
19
20
19
20
20
23
34
29
25
14
22
16
17
22
28
14
25
20
22
28
21
17
20
23
22
23
21
14
25
20
24
27
25
22
23
28
13
26
30
12
24
23
15
21
22
22
19
15
26
21
16
27
19
23
16
15
21
20
19
29
28
23
21
22
14
22
19
24
27
23
30
25
17
25
28
17
18
19
25
28
22
22
20
24
21
23
22
25
24
16
15
23
17
22
15
18
18
19
21
22
24
25
22
27
21
22
