43
32
29
28
32
32
39
42
34
34
42
39
41
36
33
47
37
37
30
39
32
33
36
36
29
34
35
34
33
33
41
50
34
27
40
43
37
37
40
42
39
46
41
46
48
41
27
29
38
31
48
40
47
43
22
43
46
28
41
28
42
43
43
45
36
37
32
26
39
36
37
39
34
42
38
33
42
39
37
39
40
30
39
30
45
38
42
47
33
30
38
37
45
47
36
37
31
34
31
34
49
42
41
24
47
34
34
39
42
31
40
44
42
35
33
32
35
40
28
39
32
32
45
30
43
44
36
41
34
46
33
39
49
35
47
40
23
34
49
34
33
32
48
34
26
41
33
38
26
24
38
37
36
45
46
39
39
40
34
37
37
34
43
40
49
40
32
45
49
36
31
31
42
47
36
38
34
38
31
39
34
36
40
27
23
36
38
36
35
29
36
36
34
42
39
42
40
43
39
34
