85
77
75
78
85
79
88
93
86
75
92
91
80
89
80
96
80
85
80
91
83
82
85
82
74
82
89
80
86
77
89
95
91
82
88
92
84
96
96
86
76
90
88
88
107
99
75
74
82
73
95
104
91
98
63
92
95
78
99
74
94
87
76
95
87
81
74
81
87
86
88
90
82
94
90
73
90
88
80
100
91
76
80
84
87
99
94
99
86
77
89
85
101
90
88
83
72
95
75
88
101
90
96
64
108
77
79
91
103
79
93
93
94
80
85
76
77
92
82
89
75
74
92
86
97
87
101
94
72
94
82
88
92
90
97
95
71
82
99
108
85
78
90
88
65
96
86
92
72
63
93
83
86
91
88
94
86
89
94
88
91
72
89
83
104
90
81
112
85
91
84
76
92
96
88
98
79
86
79
94
75
91
76
74
82
84
95
84
97
72
78
79
87
94
92
87
90
86
82
82
