13
15
15
9
13
9
7
16
12
10
14
18
14
14
12
14
14
10
15
10
10
9
10
13
14
8
9
17
11
9
17
13
10
12
12
14
14
8
8
14
11
9
12
15
8
14
13
11
20
16
10
13
11
11
12
16
14
14
13
8
10
15
11
12
17
9
14
11
12
11
11
17
12
13
12
10
9
5
15
11
9
11
12
11
16
10
12
9
12
13
11
13
13
7
15
8
19
5
12
7
13
12
11
11
10
19
16
13
14
8
13
13
16
11
17
11
15
10
11
12
9
13
8
12
12
9
7
12
13
11
13
14
12
14
14
12
13
15
9
11
9
15
16
13
15
10
7
7
9
11
9
18
11
8
10
12
7
14
17
10
15
12
15
17
16
10
13
9
15
13
7
8
7
16
9
9
18
6
14
10
13
16
14
12
14
13
16
17
8
9
12
12
12
13
10
12
14
10
7
16
