34
35
36
26
37
38
30
43
37
26
42
35
35
36
41
33
41
33
37
30
36
31
34
32
34
32
32
37
32
30
36
34
37
38
43
34
37
26
19
43
29
38
34
30
26
39
31
36
38
36
32
32
26
35
32
38
36
31
39
28
20
35
28
35
37
33
33
34
43
31
33
35
31
31
34
37
19
34
34
30
25
29
36
42
37
35
32
39
36
40
27
35
35
26
31
26
44
34
37
29
37
34
36
28
41
32
38
36
40
28
32
32
39
35
45
37
37
33
20
31
30
33
29
36
33
23
21
33
36
29
34
46
34
41
41
36
35
38
30
29
30
37
35
32
33
29
28
24
36
34
36
41
24
36
31
41
25
37
52
28
28
33
38
38
37
33
33
30
30
29
28
28
31
43
29
29
46
30
41
35
36
35
36
32
38
36
37
40
29
34
37
37
30
32
33
41
37
32
33
39
