52
58
63
48
60
61
47
61
55
52
68
57
57
61
64
63
63
62
68
52
59
54
58
45
55
55
60
61
54
51
61
56
58
55
69
61
67
47
43
68
56
59
51
49
49
63
60
57
62
57
58
56
52
55
52
62
67
49
72
48
39
66
51
59
58
54
60
62
68
54
59
57
67
60
64
58
47
55
58
52
50
49
64
66
61
59
55
62
63
64
53
60
65
46
56
48
63
51
58
56
63
58
57
57
64
55
61
56
66
56
54
53
56
59
63
63
56
45
47
52
54
56
52
58
57
41
39
51
60
55
62
69
58
59
62
54
59
61
60
52
56
61
60
48
56
52
50
47
61
64
60
63
47
59
50
65
49
69
82
52
55
62
63
58
59
50
60
58
55
51
58
50
50
65
48
48
71
48
62
56
54
51
57
61
68
62
62
62
47
51
67
55
58
56
51
68
61
57
50
63
