111
110
125
106
128
120
111
127
104
111
135
112
113
117
130
104
127
118
133
110
116
110
114
96
115
112
127
108
111
113
100
118
109
107
116
124
119
110
119
118
107
111
111
110
97
124
118
113
122
113
111
118
96
109
117
116
133
111
119
107
99
129
116
121
111
117
110
122
137
114
114
104
116
108
128
128
110
114
107
102
113
100
127
129
127
122
110
116
128
112
111
116
113
114
111
98
130
108
120
114
113
127
101
128
121
124
111
122
125
115
108
103
118
121
122
129
136
93
101
106
116
120
102
113
106
104
91
110
117
115
116
131
112
124
126
108
116
115
107
119
112
117
119
94
114
122
105
102
129
129
111
111
103
111
106
133
108
122
127
106
113
126
113
115
114
112
121
127
106
111
117
107
100
119
104
112
137
106
124
104
115
104
108
113
118
118
121
120
106
106
112
118
117
119
122
118
118
106
107
123
