38
44
50
27
37
39
43
46
46
50
50
24
43
9
43
25
46
30
41
36
43
33
43
33
33
42
20
30
12
36
19
29
46
37
40
42
51
38
38
51
44
42
24
49
30
44
52
22
34
37
28
46
35
38
40
50
39
28
36
14
32
41
15
23
20
7
23
37
38
43
32
27
35
29
52
41
56
37
51
38
33
34
21
38
36
39
51
16
34
23
44
42
39
44
43
36
18
28
37
33
30
17
23
29
32
26
20
18
30
39
22
16
12
25
25
43
28
24
9
40
39
32
32
22
32
30
40
33
16
26
22
32
22
30
33
19
27
39
34
17
43
30
25
34
30
12
25
21
31
42
7
13
45
43
45
55
40
47
43
48
38
32
39
41
39
25
53
43
52
8
39
38
9
41
53
38
28
42
54
49
28
49
52
58
36
41
46
45
45
29
29
30
31
39
52
33
25
48
57
43
52
46
31
33
30
14
56
38
31
32
43
8
60
35
5
34
24
34
43
25
29
25
45
47
37
18
24
49
40
34
36
21
42
52
27
42
32
55
62
7
37
49
36
25
55
35
49
21
12
32
31
29
32
2
41
25
20
52
34
45
41
3
28
32
47
26
33
33
14
8
36
37
41
47
41
39
26
30
25
25
42
28
34
29
46
4
5
31
31
12
10
17
28
33
7
32
28
23
23
27
46
46
41
33
46
40
43
38
55
47
32
39
41
37
64
30
38
36
46
28
30
52
36
17
30
4
42
50
41
35
11
42
35
46
39
37
53
36
44
48
54
45
30
48
28
43
41
45
46
43
45
34
45
32
52
21
39
40
44
15
43
48
25
29
41
40
31
51
31
41
8
18
36
69
39
46
32
32
28
39
31
35
26
39
44
45
44
36
22
22
6
43
38
53
46
40
32
36
52
35
3
43
35
56
31
16
7
25
42
29
7
41
33
31
6
11
37
35
30
37
18
21
14
35
25
16
13
32
28
21
41
43
26
34
24
18
34
21
38
36
17
24
22
7
38
28
41
42
31
29
43
37
53
39
32
38
31
40
48
54
47
37
44
50
31
40
54
34
46
44
27
41
40
35
47
32
66
36
31
50
49
37
52
22
42
32
24
40
38
46
56
29
46
41
28
43
28
38
34
45
36
45
19
34
41
41
21
62
10
33
28
38
26
24
40
31
48
47
35
47
45
38
41
24
40
34
46
8
35
36
58
29
49
52
39
73
33
44
27
45
37
61
31
35
16
46
28
39
71
24
29
19
41
35
7
38
50
32
32
29
19
33
42
25
6
30
46
31
16
30
22
33
23
27
15
32
6
31
36
25
30
31
27
43
33
37
6
11
43
30
45
45
39
8
22
33
19
17
33
43
33
40
27
28
43
21
42
35
35
42
39
53
41
36
41
42
35
27
44
39
37
47
40
38
33
36
40
51
51
24
38
20
21
35
46
29
41
36
46
44
46
20
39
33
25
40
44
35
23
28
38
40
48
33
43
40
23
26
34
53
40
24
27
43
67
28
36
31
58
40
46
39
42
33
36
44
34
10
41
18
22
33
37
27
39
26
27
28
24
68
34
21
16
37
34
9
48
26
35
40
12
34
33
9
35
42
17
6
21
33
24
40
46
34
18
41
39
29
50
36
8
26
41
29
34
36
30
1
48
35
27
35
33
46
25
35
36
17
47
26
19
31
51
15
5
26
42
25
22
36
41
29
22
26
36
38
47
45
54
34
41
38
34
40
29
40
48
27
32
33
46
34
42
33
44
58
20
30
22
54
41
39
31
33
37
27
39
42
31
38
20
56
48
23
38
42
22
34
33
33
21
36
44
44
40
21
40
33
25
32
50
31
45
42
45
66
28
15
27
50
53
20
43
36
47
32
25
33
35
35
27
38
59
49
34
35
34
38
42
36
36
53
27
51
21
33
52
9
47
12
25
33
38
37
38
40
31
20
28
53
42
32
35
31
37
35
52
35
24
34
36
29
32
38
17
13
32
33
26
34
32
37
30
22
51
34
37
39
31
38
44
46
32
57
35
26
36
37
42
6
39
22
32
38
38
35
30
28
48
45
35
40
46
58
36
37
42
37
41
45
40
27
45
42
54
30
41
30
50
38
32
33
34
42
27
43
35
39
24
38
28
35
41
34
42
35
19
38
36
35
40
24
33
46
38
68
41
56
32
52
53
25
12
26
46
22
35
38
42
37
40
40
33
29
28
39
21
44
29
29
31
32
21
31
47
60
49
53
35
43
40
36
39
47
48
40
44
45
49
33
47
41
45
39
37
41
28
40
34
59
46
38
30
24
36
29
32
18
31
38
28
41
39
15
41
45
54
39
38
8
33
32
49
31
29
29
14
15
37
34
29
47
16
65
38
35
36
39
38
34
42
40
41
35
37
32
24
31
29
43
31
29
27
13
26
25
15
43
53
37
45
35
51
23
44
48
56
41
29
34
41
28
38
29
25
44
39
30
44
29
36
38
48
35
26
19
39
48
32
60
50
39
49
39
46
42
39
56
44
34
36
41
39
33
58
45
39
36
34
40
47
34
26
44
47
25
38
42
37
40
42
10
14
30
69
40
37
37
37
44
30
44
53
46
50
34
40
15
40
38
37
34
45
7
13
35
28
37
39
35
40
34
36
32
48
40
37
38
22
53
47
44
38
24
26
13
46
13
59
52
43
41
37
51
38
23
33
38
39
42
29
33
65
33
39
27
35
23
17
38
34
25
23
34
44
37
39
31
38
44
43
30
32
19
34
25
40
40
44
46
28
37
42
34
48
37
11
32
31
35
46
30
31
35
41
40
37
29
25
31
41
29
41
33
39
60
29
50
42
46
47
33
49
39
48
51
35
59
44
30
20
18
44
37
46
35
47
41
29
38
39
27
34
39
43
48
51
42
59
34
68
38
49
57
35
32
33
28
44
48
45
32
45
47
39
38
44
42
39
29
32
36
53
36
32
25
48
15
26
42
45
37
35
34
61
39
23
40
58
56
41
40
33
45
35
53
39
40
32
35
47
36
48
31
39
47
36
22
41
39
35
21
30
40
37
41
30
38
33
45
21
24
39
23
48
26
29
30
39
47
28
19
40
17
43
22
59
22
15
47
26
41
33
29
46
38
36
29
34
40
36
14
24
40
22
26
38
42
20
16
42
46
44
23
40
44
36
49
18
45
46
38
20
35
40
39
16
30
39
42
46
46
33
19
45
38
40
39
58
61
56
41
45
42
21
14
55
56
40
37
25
37
51
36
23
23
38
31
31
62
33
38
47
35
43
70
29
31
56
33
42
36
32
34
29
30
29
30
37
45
41
39
30
38
40
36
29
44
38
36
44
53
21
44
50
40
43
30
41
38
43
26
43
28
36
59
53
53
40
17
64
26
48
35
45
40
25
62
36
39
7
30
23
16
65
9
44
40
37
35
51
37
45
18
57
21
36
57
23
35
21
31
45
44
24
40
37
38
52
31
24
36
31
33
47
28
34
38
26
58
7
37
37
49
58
21
28
26
40
19
34
26
26
35
29
12
15
18
27
34
14
26
27
27
22
28
14
23
24
13
18
14
29
38
23
30
18
16
30
1
18
37
28
19
27
35
28
25
28
8
52
23
27
19
28
26
27
27
10
3
12
12
16
11
17
17
16
20
22
32
25
6
22
24
21
5
18
4
28
9
14
4
32
13
5
23
16
14
20
31
23
17
22
30
14
14
9
19
9
20
4
32
5
13
21
1
16
10
1
16
22
11
36
38
26
28
27
31
34
46
38
27
26
47
31
31
5
33
37
32
49
10
32
42
43
57
35
33
33
28
36
31
16
41
34
7
38
41
41
28
36
38
27
57
10
28
26
7
35
42
30
59
14
39
25
19
41
27
1
33
26
19
7
12
30
6
31
11
41
8
22
35
16
21
24
42
18
22
16
8
26
27
39
25
23
28
32
38
29
21
18
28
44
8
34
32
8
25
30
9
18
1
15
8
13
36
7
13
18
28
0
20
23
24
32
34
9
24
7
12
17
12
35
18
19
22
33
5
23
25
7
32
38
31
25
19
23
16
19
22
24
28
16
25
18
19
7
5
27
5
27
50
27
45
34
37
33
36
40
34
33
39
39
44
11
39
53
43
39
37
74
33
35
35
20
12
59
43
42
6
24
19
38
45
32
22
34
42
35
27
21
30
55
33
36
39
32
39
19
48
28
44
16
22
39
27
10
18
33
25
34
23
38
24
48
9
32
41
26
29
39
25
21
38
46
46
18
22
30
28
32
24
35
48
26
20
19
30
11
39
32
38
29
35
22
19
26
29
15
34
29
7
8
30
28
20
14
13
16
8
20
19
12
8
22
25
19
22
11
17
33
14
26
16
26
0
28
12
27
29
23
11
19
23
27
25
33
30
30
24
37
23
20
19
14
26
15
28
15
17
29
17
33
39
24
35
68
25
35
31
38
33
26
29
37
24
13
29
34
28
41
26
16
43
35
32
34
54
34
26
34
47
45
11
39
32
37
21
38
24
31
39
54
25
35
38
42
41
31
20
44
32
35
19
29
28
10
33
15
31
28
7
16
34
26
32
23
35
15
33
32
33
26
12
29
18
9
6
5
36
26
25
32
23
25
39
37
1
37
22
35
38
24
33
0
32
40
30
32
28
13
11
14
21
34
7
19
12
6
26
21
15
3
20
24
16
22
26
23
23
17
21
32
24
40
10
34
34
12
21
21
23
21
37
3
13
16
14
27
25
3
18
43
23
27
10
16
32
22
2
24
61
17
46
30
36
36
39
11
19
40
43
52
32
42
37
35
29
20
18
32
27
30
38
34
41
27
36
26
42
44
34
58
37
46
29
42
52
40
64
41
30
38
37
47
40
28
20
36
46
33
4
34
18
34
18
42
33
25
34
32
16
24
36
46
44
21
25
42
26
34
31
28
33
51
30
14
31
15
33
28
46
21
28
26
29
54
30
7
29
29
2
32
32
27
31
31
28
29
57
29
22
32
0
11
29
18
23
7
13
22
30
39
35
32
24
17
17
10
20
13
13
5
9
1
26
22
16
16
35
24
23
6
24
9
30
21
23
12
8
19
23
13
24
6
18
4
19
36
17
71
39
64
40
39
10
45
43
9
43
35
36
42
71
37
10
39
36
37
35
46
29
44
39
35
28
36
11
36
55
20
37
36
50
42
9
36
44
31
33
33
35
55
34
15
18
47
38
38
51
32
20
28
28
44
22
21
42
38
15
18
35
25
28
34
29
6
23
31
7
23
29
16
29
41
32
32
24
24
38
22
30
32
27
26
40
46
26
32
20
27
25
27
36
31
37
13
14
19
28
20
30
43
20
31
35
22
24
24
17
7
35
24
27
4
31
15
27
39
29
39
28
23
14
25
13
28
16
36
36
42
13
9
18
13
22
19
7
14
28
5
17
36
25
31
30
18
12
37
16
37
41
36
39
31
8
34
39
38
40
18
23
30
44
13
17
40
38
40
26
36
27
41
23
36
34
41
41
51
29
55
42
46
39
42
39
25
23
44
26
47
32
21
34
44
14
30
27
7
52
32
13
29
33
37
38
6
16
30
31
38
18
34
35
44
34
27
41
37
31
49
40
28
33
35
31
47
21
31
32
23
43
36
32
42
10
41
31
43
38
39
31
30
11
25
30
37
27
32
14
27
8
21
23
21
27
27
22
21
22
24
50
43
13
36
24
21
31
29
26
35
23
19
23
25
30
23
20
19
28
10
24
28
25
25
18
43
6
19
21
25
23
31
32
33
24
9
17
23
21
34
20
40
40
40
45
25
28
40
35
45
36
42
34
44
37
40
40
32
37
30
51
40
39
32
40
37
49
31
63
56
41
39
38
30
37
45
44
47
64
50
28
39
44
30
51
61
46
46
44
47
40
51
39
24
34
34
28
31
32
30
34
28
10
38
34
30
25
43
22
21
23
43
27
26
8
34
29
7
32
32
13
29
32
25
29
1
18
47
25
31
31
40
28
43
29
45
14
33
13
22
17
30
12
33
13
38
27
28
23
26
17
13
20
24
36
21
55
18
27
33
18
11
21
25
28
25
14
24
11
54
35
7
38
42
26
30
19
21
41
25
28
28
24
37
23
23
31
33
15
28
32
31
33
30
48
35
43
43
36
43
58
46
36
47
20
47
39
37
39
43
44
14
54
38
12
40
42
52
17
52
57
26
68
34
39
34
44
35
34
47
34
55
41
32
41
41
55
32
38
48
37
17
38
41
22
39
25
38
17
39
30
28
34
32
34
57
33
32
27
27
26
34
47
19
43
27
32
38
40
11
31
39
52
25
42
33
42
9
44
33
19
11
30
28
34
62
52
31
32
13
45
48
29
31
15
18
34
28
30
34
24
26
6
16
27
27
33
34
31
50
30
36
31
25
27
6
6
26
35
32
19
40
25
20
15
27
35
34
40
30
30
29
29
30
15
17
31
36
25
46
34
38
29
37
39
17
45
35
32
47
44
22
29
37
38
34
44
42
36
48
51
41
28
41
34
48
53
44
37
43
41
44
46
42
22
42
48
59
41
66
22
42
42
42
26
39
37
44
46
40
35
23
34
22
30
27
31
23
36
11
25
31
52
32
28
21
19
36
44
23
34
28
32
13
30
58
42
39
30
57
24
39
33
33
43
40
39
9
32
45
53
24
29
33
14
18
42
33
29
26
26
25
44
6
31
19
38
31
45
36
35
23
25
19
31
29
26
28
32
27
27
32
40
5
28
29
32
30
36
20
8
24
27
24
9
30
34
8
34
30
40
25
27
21
4
32
7
38
24
