116
97
118
74
82
109
102
105
103
114
109
93
122
43
97
83
108
88
95
111
82
89
124
91
101
99
61
81
44
88
57
86
103
106
111
85
110
97
114
133
125
108
64
100
79
116
122
47
93
83
68
116
90
95
109
118
91
80
81
51
88
80
38
64
60
35
65
84
97
77
81
67
94
57
121
86
133
92
113
82
88
71
47
79
80
76
108
66
69
60
99
115
99
102
93
105
44
64
69
84
78
36
59
63
75
54
49
47
61
84
68
27
39
65
52
91
47
60
39
105
86
83
79
57
90
67
79
82
46
64
54
75
52
83
73
55
69
86
65
51
84
56
75
70
80
43
63
49
67
82
30
57
109
108
106
130
101
121
115
109
96
97
101
107
106
64
136
104
128
47
98
90
49
84
114
87
84
91
125
129
58
108
123
136
97
96
135
104
125
73
86
89
82
88
134
89
82
135
136
105
127
102
86
99
76
59
112
109
68
75
91
39
117
101
27
85
70
95
94
62
66
72
116
112
76
50
82
131
83
85
88
48
91
125
79
104
80
134
140
37
79
123
83
67
139
70
116
68
47
76
75
66
58
8
78
54
40
116
67
110
91
21
70
66
93
66
72
61
38
32
73
86
86
98
96
76
71
77
43
68
89
72
69
78
90
25
24
66
83
40
27
49
67
73
28
79
72
53
67
74
124
114
101
100
101
94
98
95
123
121
66
86
85
105
159
72
102
85
105
75
62
111
102
50
74
16
103
110
96
66
38
90
85
109
88
88
138
82
103
123
128
101
70
121
83
104
98
105
125
113
115
80
127
64
134
38
90
78
94
57
110
107
74
80
86
89
77
129
88
105
45
42
76
167
106
100
96
77
84
100
84
84
69
80
102
99
103
86
64
73
35
114
76
116
107
84
64
93
112
95
24
95
82
123
80
46
34
70
103
81
24
89
65
60
34
52
86
72
72
92
50
54
37
79
72
51
36
79
55
42
79
85
48
75
69
41
70
67
82
60
56
72
42
30
74
62
94
89
81
69
116
81
112
109
78
80
88
109
114
126
144
90
112
108
65
90
132
72
102
100
96
107
91
97
109
86
146
93
81
119
124
103
118
66
107
100
61
108
110
103
137
99
108
97
95
108
81
92
91
109
79
102
54
73
94
88
42
146
38
99
73
99
81
71
80
80
82
118
95
134
104
88
110
76
92
90
115
35
69
88
150
75
103
130
87
165
99
112
78
108
90
161
75
87
50
97
63
93
148
61
61
57
98
101
39
87
104
67
81
76
56
79
89
66
30
73
99
75
55
87
57
72
55
75
45
81
33
55
80
69
60
78
45
107
68
87
30
30
107
78
88
86
82
30
56
72
60
63
66
92
77
104
83
62
96
59
94
100
92
99
101
120
74
69
104
107
75
83
89
97
104
109
95
98
72
95
88
126
107
70
99
63
68
104
114
104
122
91
123
110
122
56
110
104
70
102
104
76
53
69
87
104
96
70
119
108
72
72
104
109
96
45
81
116
147
79
77
65
133
92
113
106
87
93
82
108
71
43
97
49
73
85
102
62
90
88
76
63
61
145
73
67
53
101
105
40
99
68
96
115
40
84
78
33
89
84
48
29
66
78
57
97
97
72
51
89
85
87
96
68
36
82
110
63
93
79
65
7
115
82
72
78
73
102
72
75
85
35
96
77
52
89
103
62
21
75
103
53
56
72
95
91
68
78
83
104
108
114
135
74
100
116
90
111
90
97
113
88
92
82
90
93
102
95
111
124
63
94
67
119
113
100
83
86
85
66
80
101
96
84
44
124
100
50
105
114
58
89
86
83
63
78
88
108
105
44
109
99
78
72
115
80
106
100
98
153
89
49
79
112
149
71
120
102
105
89
71
79
97
78
84
87
144
133
91
94
105
106
110
83
95
145
83
141
73
94
120
43
101
46
65
73
97
75
99
102
71
49
76
107
86
94
86
67
97
83
96
92
61
74
74
85
85
90
59
41
87
88
68
83
89
77
84
61
105
74
76
88
73
90
108
112
68
125
67
63
91
78
100
33
98
64
77
84
100
73
87
69
112
115
81
96
115
119
93
95
101
91
88
97
93
86
86
105
109
83
91
87
127
105
91
83
73
104
77
93
91
102
52
102
78
91
107
99
115
90
50
93
91
82
90
78
82
112
95
156
101
119
95
111
138
64
49
71
139
63
102
100
95
100
115
107
84
74
84
103
76
108
83
78
96
97
77
77
112
127
126
141
86
100
99
92
88
110
114
126
104
113
133
81
106
92
113
82
100
93
63
96
82
135
107
87
85
81
102
87
79
33
67
98
84
85
84
38
96
100
118
77
91
26
92
85
116
88
81
89
34
37
94
90
74
136
55
139
80
71
98
92
90
73
112
103
102
83
85
89
67
95
86
103
89
76
73
46
88
76
57
86
129
109
91
102
111
84
111
117
103
106
68
95
92
90
101
95
65
94
97
89
111
80
84
93
130
75
94
51
84
104
73
134
116
93
116
105
101
119
99
139
108
90
95
88
114
98
137
104
87
107
74
106
136
95
64
99
107
68
109
93
92
113
114
34
39
77
143
89
83
91
97
120
80
96
115
108
144
109
124
59
97
95
102
76
103
37
65
107
78
105
78
90
90
81
107
79
129
87
99
96
65
128
121
91
96
74
87
45
108
34
129
103
86
95
92
119
94
80
60
72
94
89
63
79
137
101
81
74
100
80
50
81
83
57
70
88
108
110
76
79
94
91
115
96
93
51
84
65
99
101
100
112
78
103
87
88
127
97
52
94
88
96
112
85
80
107
107
111
93
71
80
102
86
69
100
83
102
120
87
111
113
113
112
83
102
100
124
104
105
143
118
84
55
56
104
106
109
107
112
124
67
102
84
72
90
101
106
108
141
112
132
98
142
88
121
150
97
106
108
83
91
102
99
99
103
111
92
101
95
97
105
90
82
88
124
85
93
71
115
52
78
104
111
100
78
83
125
102
53
108
138
119
101
85
74
100
93
116
86
100
68
70
97
87
92
71
102
114
70
84
94
81
103
53
71
82
86
88
94
102
74
91
55
82
99
58
126
77
86
71
101
114
61
54
83
52
111
56
121
65
47
112
70
96
74
81
115
92
76
90
89
93
103
58
67
100
76
73
103
93
64
47
118
103
108
66
91
113
105
106
53
91
95
85
75
87
85
114
63
70
108
104
122
110
88
63
98
94
100
111
125
133
140
100
106
94
53
53
151
122
94
100
70
96
122
91
57
75
92
94
85
133
87
103
105
91
121
146
75
91
147
95
99
95
64
93
98
74
68
90
95
107
108
105
80
80
79
80
69
119
84
86
100
121
61
109
90
106
106
80
94
79
98
64
94
72
94
136
91
112
83
49
132
76
100
82
114
103
90
144
78
93
41
80
55
46
144
42
114
93
89
94
113
76
109
60
114
51
73
123
43
88
57
79
95
93
68
84
87
79
109
88
55
70
72
81
120
56
84
78
65
122
31
91
71
113
119
33
51
75
75
41
73
77
59
88
61
29
42
34
54
75
48
63
68
56
54
65
46
70
55
41
44
33
58
76
58
77
42
45
61
4
46
82
58
55
55
86
57
53
65
24
100
54
71
43
64
67
71
69
34
19
31
36
41
36
44
46
29
40
46
63
49
23
52
45
51
17
37
9
58
27
43
18
54
33
20
43
39
35
43
60
49
39
48
60
38
47
16
41
30
50
23
59
26
40
41
14
27
28
19
31
74
42
80
71
67
84
81
84
72
120
83
66
56
100
79
86
34
86
97
73
117
31
61
117
121
157
85
74
87
79
64
61
42
85
84
36
112
80
82
54
109
88
72
129
45
70
88
30
98
98
65
122
24
83
68
44
86
69
18
74
66
33
29
37
59
22
81
36
81
33
62
71
42
44
62
85
59
54
42
28
69
64
77
62
69
64
79
84
68
59
53
68
94
32
59
66
22
65
64
30
38
20
49
23
35
61
25
46
53
51
6
55
42
49
64
68
32
49
29
20
43
29
66
49
54
48
64
18
42
51
23
61
72
55
47
51
58
42
47
44
57
53
30
46
32
41
26
16
64
15
63
115
70
89
84
100
81
83
107
67
68
85
82
95
32
99
114
106
88
86
146
87
91
89
68
38
153
114
104
33
68
40
83
125
83
58
87
101
87
57
59
83
109
78
79
83
83
90
51
125
68
89
31
58
87
54
37
39
84
58
82
59
89
59
105
26
65
79
57
74
88
61
45
71
96
98
39
66
73
56
65
53
75
100
62
49
50
62
47
91
74
83
75
83
45
49
51
69
48
97
53
28
24
64
51
49
43
50
45
22
49
59
37
25
49
58
42
47
37
30
66
29
54
57
47
7
49
32
51
55
58
35
55
47
59
38
68
56
61
51
74
49
44
40
39
55
38
48
45
41
89
51
81
78
65
94
145
73
88
77
98
68
70
67
84
63
33
86
73
72
91
72
58
102
72
93
93
120
88
65
93
114
86
36
96
82
83
56
92
64
84
113
135
64
93
104
99
98
74
62
84
63
95
50
78
69
30
65
42
63
69
29
40
69
70
64
62
74
44
77
61
78
70
37
67
48
26
28
28
75
73
49
68
57
71
84
87
19
79
57
67
97
42
75
1
59
82
82
79
72
42
38
35
52
62
27
62
45
21
57
46
43
21
56
58
43
59
53
66
43
57
50
71
54
78
23
68
69
43
49
47
43
58
70
23
43
48
25
62
54
20
52
102
59
55
31
29
63
56
17
64
132
61
87
88
93
104
83
38
35
89
109
135
75
114
94
75
85
61
52
84
71
88
84
78
83
60
79
75
96
80
91
138
106
109
79
86
108
76
140
80
86
94
76
120
107
51
34
101
101
65
21
77
65
80
53
86
79
54
69
79
44
58
74
100
84
49
67
79
67
72
70
64
91
108
72
49
70
45
79
69
109
50
76
64
77
113
73
37
78
63
13
71
74
68
70
64
64
66
120
52
48
54
7
25
51
44
56
19
30
58
54
82
73
64
57
34
47
33
55
37
34
28
36
15
51
44
56
40
69
44
53
24
51
25
51
45
53
38
26
45
57
29
54
18
50
20
59
69
49
146
79
144
87
93
41
110
116
36
99
79
92
92
159
98
37
93
95
87
91
130
83
102
92
95
64
95
47
92
126
53
107
103
136
109
38
91
93
80
93
84
95
131
77
46
57
113
102
92
125
79
46
71
65
109
66
62
93
71
55
55
72
67
62
65
73
26
65
68
32
61
65
56
81
88
66
84
54
61
79
64
68
78
77
76
99
114
64
68
53
58
75
72
86
66
71
43
52
50
58
47
69
93
64
69
68
57
63
55
38
23
61
44
58
24
60
50
63
78
69
71
51
58
41
51
50
64
34
71
65
92
45
22
52
36
39
45
28
40
58
26
59
70
62
66
70
39
36
89
40
82
87
94
96
92
30
107
93
92
105
44
50
85
117
49
49
93
85
79
64
76
64
113
76
89
82
87
94
111
74
103
118
96
96
94
82
58
66
101
64
121
73
58
88
101
37
89
74
33
114
63
49
61
72
86
95
30
38
74
86
103
47
67
81
92
79
74
91
79
68
103
75
53
83
81
68
86
56
79
79
51
108
84
72
95
40
98
69
107
71
78
85
67
36
60
53
68
58
69
41
61
36
40
46
48
52
67
61
49
42
62
92
82
43
94
56
54
63
60
55
70
48
60
60
57
64
45
49
51
56
44
39
75
62
56
49
100
33
56
54
70
49
61
70
61
63
30
35
56
48
104
56
115
103
102
98
61
68
108
97
111
114
117
86
104
77
108
96
78
75
63
110
90
88
75
100
79
126
100
154
116
89
113
86
71
72
99
97
123
121
135
62
93
96
81
124
141
125
130
110
108
111
112
84
64
75
81
59
71
78
62
70
79
38
89
85
90
66
103
66
52
56
107
70
75
35
77
51
42
81
68
44
75
81
74
68
4
40
102
53
86
85
97
77
113
75
104
41
83
40
57
28
65
38
77
44
87
40
72
64
58
32
47
53
65
74
48
99
58
74
72
55
41
52
61
64
69
43
59
35
106
63
19
75
84
50
65
56
51
103
65
68
63
61
87
39
48
68
73
43
71
78
83
74
93
110
101
93
112
85
103
141
110
78
134
54
91
102
115
82
96
109
54
130
87
44
115
89
133
61
122
127
82
155
77
91
94
110
92
76
105
57
121
106
87
83
95
142
87
87
106
82
61
98
93
46
81
68
70
47
100
68
68
74
78
74
137
74
73
85
70
79
87
96
62
78
82
80
93
85
39
59
109
112
68
112
82
112
35
97
89
45
32
70
59
74
130
107
72
64
41
83
89
63
65
44
50
84
72
79
82
55
56
25
46
72
62
72
61
85
99
61
78
82
55
67
29
22
58
73
88
49
88
61
62
51
73
65
87
84
61
77
67
70
72
45
46
72
79
54
102
91
86
73
93
99
39
86
93
70
113
95
44
82
85
85
84
93
106
94
121
109
111
79
114
91
123
132
104
94
109
83
116
111
84
53
113
125
132
111
162
78
122
86
106
72
110
98
109
97
78
67
52
72
58
52
82
80
61
76
47
78
81
111
97
66
66
52
90
88
53
72
69
84
58
81
111
93
98
77
139
61
80
89
81
94
86
91
39
63
108
109
66
78
73
42
54
95
91
69
62
59
71
92
33
69
56
73
78
90
90
71
67
74
42
79
68
53
73
87
69
50
57
73
27
73
58
60
78
75
45
35
61
50
66
30
58
80
34
82
67
84
47
56
60
23
55
31
82
64
