168
142
176
110
125
150
171
159
158
168
160
134
158
71
158
129
163
130
140
161
123
130
171
147
135
127
92
113
74
139
98
149
153
148
158
130
163
134
153
176
170
157
114
153
135
142
180
89
144
132
92
157
110
115
144
162
125
108
116
98
119
116
78
100
98
57
102
124
125
111
107
92
124
91
154
127
172
124
163
116
133
103
80
119
124
114
136
104
106
89
135
141
117
136
132
137
89
99
105
111
95
65
96
89
90
76
67
64
83
110
87
55
60
91
76
114
68
86
74
143
122
101
107
88
103
101
106
109
75
76
71
89
81
100
94
79
87
111
93
65
108
85
90
85
93
64
79
77
90
108
53
99
146
155
159
168
145
172
141
159
133
132
149
146
141
111
188
148
192
99
136
151
85
135
168
135
122
151
188
166
105
166
179
185
124
155
176
154
184
120
124
119
121
139
170
129
134
176
174
156
168
137
118
135
113
80
155
134
120
112
130
67
160
133
50
121
118
125
134
107
91
95
161
149
116
81
117
170
118
117
123
80
141
164
118
136
105
178
184
63
121
174
121
95
187
108
169
97
84
102
105
104
89
21
103
83
72
149
100
138
130
66
83
102
115
84
91
89
74
51
100
102
114
120
118
100
91
105
67
97
114
88
96
108
113
47
41
93
110
59
41
82
88
89
68
106
91
67
94
99
166
155
153
141
147
127
152
132
166
166
100
136
134
130
199
109
145
131
151
112
109
166
140
109
114
28
144
159
150
119
77
142
115
151
140
125
194
125
153
180
179
143
116
169
128
143
137
161
158
159
142
117
170
100
175
68
127
110
130
86
149
150
113
121
128
137
114
169
125
164
77
64
116
227
127
149
129
108
120
120
115
114
97
130
135
155
143
130
105
113
54
142
113
169
157
129
89
143
149
129
47
117
103
157
94
72
60
89
126
100
65
119
93
91
56
81
101
106
91
130
79
76
64
90
93
90
66
109
77
66
114
123
68
104
89
62
100
95
107
95
88
93
74
49
106
80
127
104
103
85
161
129
160
141
121
100
135
139
160
175
188
139
171
160
102
137
174
112
132
145
148
160
144
147
165
132
188
137
132
162
183
146
167
113
158
144
113
158
154
155
184
149
154
151
140
156
116
133
135
154
114
152
75
118
144
118
75
194
64
134
118
135
120
110
121
118
124
149
127
172
153
112
147
108
142
133
148
63
112
121
194
117
152
171
126
229
134
151
112
155
130
215
113
125
73
144
108
134
203
93
93
76
121
143
62
127
128
97
109
89
102
91
133
95
50
98
121
98
84
111
77
95
88
100
78
113
56
95
100
95
91
97
70
138
96
98
53
60
137
104
124
130
98
60
91
105
85
99
96
122
121
150
114
109
137
102
130
130
135
155
125
161
134
110
152
154
121
108
139
122
140
155
149
130
112
139
123
175
151
113
135
100
113
140
145
145
166
122
166
152
161
89
150
152
99
138
144
123
97
96
127
128
144
106
172
156
130
105
144
151
137
73
112
172
194
117
105
103
190
138
150
135
139
113
134
137
109
72
122
83
108
124
136
102
117
143
114
106
99
199
105
109
87
124
147
65
146
114
132
159
63
102
107
62
130
116
84
49
93
107
91
136
141
98
76
126
124
113
131
101
65
115
144
94
124
114
91
20
160
128
109
105
107
136
92
107
112
68
125
108
78
127
133
95
37
103
129
86
88
99
140
129
97
120
119
142
149
174
182
124
137
165
127
141
129
127
150
134
143
118
141
129
161
137
159
175
113
132
106
169
162
144
127
129
124
111
118
133
151
133
74
169
145
83
165
160
94
139
134
132
91
123
140
175
154
71
151
123
114
126
168
120
151
144
149
224
122
92
108
166
196
111
165
133
155
125
122
124
124
120
139
128
185
174
135
147
147
142
149
128
117
191
116
199
107
125
187
92
157
67
96
109
123
103
138
128
106
79
98
139
130
114
116
95
130
116
122
113
90
105
114
104
110
113
97
63
117
118
97
106
109
119
112
97
144
110
113
114
100
114
148
147
98
157
108
106
120
110
123
56
140
91
122
130
138
111
128
107
151
156
126
140
165
160
127
149
129
138
132
150
136
131
129
134
147
142
146
124
182
150
136
121
127
141
120
134
129
145
83
137
117
122
140
140
153
133
83
146
135
122
133
134
111
157
151
223
142
156
118
172
188
94
80
109
189
109
138
134
139
131
150
143
129
118
112
154
113
154
131
130
133
136
112
126
166
180
185
183
130
149
146
130
134
162
157
181
156
149
201
128
136
128
145
106
124
147
96
122
120
184
136
135
120
117
133
121
116
67
100
138
114
117
117
76
126
150
152
112
123
67
122
109
160
119
114
111
67
63
123
129
101
186
76
193
133
104
122
153
115
101
162
129
142
120
132
128
106
133
125
151
130
119
110
82
131
114
106
144
167
160
140
127
165
141
152
171
143
150
113
129
127
129
139
147
101
137
130
138
156
109
117
134
172
116
139
85
130
138
122
180
146
137
150
138
147
161
160
203
144
140
122
133
154
139
191
158
135
134
122
138
188
141
99
141
135
109
155
146
132
160
156
61
72
126
199
148
124
142
133
166
114
129
168
152
201
157
159
89
136
133
131
122
136
64
107
146
106
129
117
105
107
102
147
100
175
126
136
130
102
174
163
125
125
107
124
73
145
67
171
137
127
135
116
167
163
110
91
106
115
126
97
110
185
136
119
112
127
112
82
117
120
102
100
134
149
145
129
115
130
145
164
138
140
92
114
104
144
134
139
154
105
133
132
127
167
153
92
140
120
135
163
116
119
157
140
168
128
110
123
141
134
118
134
135
149
166
123
156
153
157
139
126
158
148
159
153
138
192
168
128
94
105
155
149
164
143
148
162
103
148
142
119
109
138
156
165
176
150
177
139
200
152
172
193
141
148
161
135
136
163
154
143
157
153
137
150
140
134
145
126
120
116
170
113
122
111
151
102
109
141
143
118
127
125
161
154
96
150
178
159
132
118
116
152
112
148
125
132
99
102
138
120
132
112
145
155
110
120
140
128
146
80
104
122
129
122
118
139
107
137
87
115
142
89
164
109
112
122
151
143
104
88
127
88
145
83
158
93
77
146
107
125
117
119
153
131
120
122
132
129
153
95
106
140
107
106
151
139
99
77
162
152
152
114
133
161
152
161
87
141
148
136
121
114
129
147
101
118
164
152
161
150
113
105
151
120
140
144
172
177
178
131
142
135
101
80
190
161
150
148
118
140
163
132
97
122
139
131
124
174
134
157
153
129
166
203
115
140
192
132
130
114
92
118
147
104
99
117
134
147
131
141
116
125
103
120
105
166
115
135
139
161
96
145
133
149
154
144
149
115
143
106
129
108
129
188
132
151
120
82
167
119
143
123
170
141
133
187
114
135
62
107
94
70
186
64
144
115
140
109
169
109
134
94
158
78
114
163
76
109
83
98
127
128
103
125
108
119
138
136
72
106
100
99
153
79
121
114
95
158
60
114
103
152
150
71
78
113
110
84
90
102
74
107
90
54
56
55
89
97
66
75
96
85
80
78
70
100
72
53
71
54
84
102
82
101
71
71
89
9
63
96
77
72
76
104
79
76
78
48
128
73
91
65
79
90
93
89
45
55
47
55
48
51
60
59
44
47
60
77
66
34
67
56
66
22
49
14
75
38
62
38
70
61
36
70
51
52
49
65
67
51
58
69
56
62
36
57
36
57
33
73
38
52
56
38
44
38
39
46
103
67
105
100
86
113
106
106
106
149
113
101
100
140
119
112
58
102
122
110
148
72
93
144
158
189
107
126
120
106
99
88
70
138
139
55
154
117
125
97
156
139
99
170
74
108
126
46
136
123
79
143
48
108
91
78
101
93
34
97
77
53
44
60
87
38
113
57
105
52
78
93
65
73
84
113
77
75
59
44
88
91
98
74
91
79
99
110
109
85
94
82
119
54
78
87
47
85
81
52
60
37
59
38
45
74
43
67
68
67
21
67
60
69
82
78
47
56
43
39
51
51
80
64
68
64
82
35
58
68
40
71
90
70
68
66
69
60
63
59
64
69
50
65
48
50
36
23
79
34
92
164
105
139
101
137
101
113
133
102
107
118
110
142
48
119
141
127
138
119
193
128
122
111
103
69
202
142
129
60
97
74
120
174
102
102
105
125
112
88
98
116
149
111
119
119
112
114
92
166
90
115
58
80
110
73
76
64
103
81
117
85
113
79
139
54
76
99
77
90
100
76
65
99
122
115
69
87
85
78
90
65
114
126
73
69
80
89
69
112
91
112
98
98
73
66
77
84
79
124
73
39
46
83
69
64
59
68
79
30
69
85
54
40
66
68
56
67
48
46
86
46
61
71
70
18
69
45
70
73
78
50
71
69
80
59
80
73
75
67
88
65
63
56
48
73
44
68
64
54
118
89
103
118
95
133
193
109
107
95
122
106
118
91
106
97
59
111
105
94
125
112
85
140
105
122
116
168
108
103
128
140
118
63
121
114
119
83
131
105
111
147
171
96
113
137
131
139
93
98
113
88
125
70
105
80
50
86
71
88
85
45
68
98
92
89
93
97
70
93
92
93
97
62
78
71
51
43
43
93
90
63
89
89
92
109
106
53
98
76
93
122
65
109
12
87
108
111
91
83
57
60
54
73
73
37
77
60
50
73
54
70
38
70
67
55
76
74
82
61
76
67
89
63
95
44
90
84
64
61
69
58
79
85
59
62
69
45
85
75
31
73
125
80
76
48
43
80
71
31
85
185
93
120
115
114
147
120
86
69
125
151
178
103
151
119
111
115
80
87
118
92
109
117
113
118
102
97
99
119
125
117
187
141
159
115
133
164
110
186
123
112
119
102
180
147
82
64
137
140
91
58
109
102
100
84
113
104
77
103
102
70
78
104
126
118
78
95
117
93
90
95
90
126
143
107
75
86
65
103
83
145
81
95
83
99
142
86
56
91
78
45
90
92
80
104
90
74
93
156
74
57
76
17
46
75
58
71
32
46
67
73
103
90
82
70
47
63
51
66
55
60
49
49
28
73
60
76
68
84
64
60
38
72
45
77
67
60
67
50
64
72
52
70
41
60
33
76
85
71
207
119
191
126
118
82
153
167
67
138
118
117
131
219
128
67
115
126
127
120
166
111
154
137
129
103
124
77
113
174
100
137
129
182
140
64
138
135
111
130
119
125
177
119
75
85
152
134
154
157
92
83
93
87
145
87
83
123
93
79
85
108
83
95
103
92
44
91
102
48
83
98
78
108
136
94
111
90
84
120
96
92
95
92
92
123
143
84
84
91
83
109
84
109
98
93
66
80
76
85
65
83
107
86
79
86
77
81
70
67
31
91
62
70
30
88
74
74
101
91
86
70
81
54
77
69
71
51
90
79
116
64
41
70
60
58
65
38
58
85
37
76
90
81
97
85
53
65
116
54
117
136
143
115
128
60
153
145
121
137
72
93
123
150
88
85
135
130
118
101
109
94
151
115
110
124
129
140
158
109
142
165
132
128
137
120
94
101
139
95
164
108
101
114
146
69
123
103
77
156
91
73
96
105
111
117
50
77
89
101
128
81
98
114
129
100
99
114
105
99
138
100
76
108
117
98
120
78
99
118
69
136
107
114
126
62
127
82
140
95
115
96
86
68
83
80
102
76
100
74
69
50
59
65
77
72
82
72
61
61
79
113
101
63
123
73
87
83
81
74
85
70
82
73
80
75
69
62
72
73
62
61
97
72
77
68
117
50
74
74
102
63
89
95
84
82
48
55
73
62
126
98
148
130
153
148
106
104
144
137
138
146
159
117
141
117
142
145
111
119
96
159
136
125
114
156
116
169
131
214
161
130
148
133
122
102
125
143
192
158
183
98
130
134
111
158
201
166
173
148
131
138
146
108
94
104
127
81
99
99
87
114
107
63
115
127
136
82
131
101
72
91
145
120
100
52
99
73
65
122
103
66
99
100
110
108
12
82
133
74
116
107
125
94
150
94
138
64
106
52
84
56
86
54
101
63
107
63
95
85
70
51
72
67
85
94
69
126
76
91
88
73
64
80
80
91
94
65
79
53
133
86
42
96
104
73
83
76
75
130
87
97
76
75
102
65
69
89
88
59
97
121
112
114
134
165
122
148
148
131
126
187
167
117
196
91
137
135
166
125
144
167
89
184
134
74
169
130
167
94
192
159
143
216
120
136
127
148
116
116
155
91
167
139
115
127
140
188
114
128
136
124
112
131
111
79
128
112
103
75
139
97
94
89
97
103
181
93
112
123
85
119
108
131
91
116
113
107
111
128
64
90
142
145
96
152
113
146
58
142
109
75
57
103
87
115
177
144
110
89
69
104
124
89
87
70
94
110
87
96
112
79
81
40
65
86
93
100
90
111
123
88
104
115
84
87
45
58
73
95
103
72
109
73
91
65
95
88
106
117
88
101
86
98
93
73
73
85
98
71
146
133
118
113
122
125
65
125
119
108
166
130
69
127
127
121
111
135
135
133
172
151
155
111
140
117
163
186
147
134
171
121
145
159
127
92
150
178
194
153
226
142
166
129
157
104
155
135
160
133
110
103
96
101
114
85
102
114
91
109
77
111
107
140
128
93
88
81
120
121
87
107
95
99
96
101
150
150
127
99
176
93
117
125
106
131
115
139
59
96
161
135
100
112
103
70
85
137
114
98
96
91
92
111
62
91
87
101
98
113
120
104
89
97
82
100
86
77
100
119
83
73
81
104
43
97
89
92
102
101
68
56
91
76
88
60
86
103
59
100
95
104
73
80
92
41
80
55
103
102
