289
218
267
207
203
254
266
254
248
260
242
223
272
142
240
223
252
208
241
260
216
230
265
241
216
212
176
215
135
236
181
237
247
268
249
214
274
275
266
281
287
263
208
266
208
229
289
163
228
220
154
233
176
185
219
256
191
170
159
164
180
176
146
184
161
101
152
192
185
189
166
152
191
169
240
180
250
207
224
174
202
153
134
170
207
173
208
169
163
175
189
219
196
210
204
221
161
152
159
188
148
113
151
128
127
119
118
116
126
152
135
92
116
131
113
163
111
126
124
182
176
153
136
126
142
138
160
167
120
119
107
135
119
161
133
111
125
166
141
120
142
129
136
131
149
97
119
116
125
152
102
185
246
250
254
258
250
276
253
273
209
226
261
265
237
216
307
228
288
167
231
237
161
237
277
236
210
238
311
284
203
247
269
289
210
245
279
259
279
194
215
203
213
241
281
250
210
284
277
262
268
215
206
209
180
146
230
220
194
205
211
113
236
216
88
182
182
192
212
172
148
150
241
244
181
142
197
268
198
184
185
151
209
245
177
206
184
262
263
108
183
250
197
160
286
173
257
147
135
159
150
144
124
53
157
137
110
198
141
178
183
92
138
138
163
141
144
135
133
94
151
142
158
153
167
137
144
155
122
141
167
134
144
160
148
93
66
148
168
116
82
117
136
136
91
158
134
116
147
150
272
248
256
240
234
228
236
224
269
279
178
234
233
209
292
200
246
228
269
193
192
250
237
154
204
75
255
242
240
206
158
231
203
239
235
235
297
218
251
293
276
225
223
274
199
233
216
270
274
261
228
177
280
187
280
141
192
185
200
146
222
226
190
191
204
197
176
281
197
243
133
135
181
327
200
222
199
171
194
198
179
177
152
207
208
244
212
181
172
194
112
223
179
237
226
194
173
234
257
218
95
164
153
217
146
108
95
137
178
159
93
171
137
127
114
131
157
147
133
197
134
124
115
141
144
139
118
159
132
122
175
179
114
147
128
114
148
140
152
138
154
148
121
96
148
125
181
150
151
137
263
204
249
248
210
177
248
231
255
285
293
220
251
255
195
238
300
198
226
245
236
230
229
249
263
210
290
237
193
269
285
241
287
210
247
239
178
254
248
253
287
248
258
242
244
257
203
206
233
242
189
230
152
188
219
193
141
309
126
205
186
212
194
164
179
184
205
247
216
256
216
189
225
192
213
207
229
123
175
209
286
195
239
257
200
349
199
238
187
262
202
341
181
204
150
233
170
211
298
150
158
127
177
185
110
178
180
143
161
140
151
146
193
146
88
162
176
150
147
155
120
154
135
151
129
163
101
146
165
158
150
146
125
201
141
142
110
109
192
175
182
203
142
109
147
157
136
146
152
164
208
232
192
195
233
200
231
224
218
241
218
251
226
203
243
235
226
215
220
212
250
235
254
225
194
218
214
268
264
177
234
190
186
252
263
242
283
220
280
249
262
177
262
242
168
237
231
209
178
164
207
210
234
156
273
247
210
185
238
261
227
138
202
243
294
189
196
187
289
217
229
216
224
198
211
226
189
129
193
151
185
211
231
161
184
224
181
172
179
315
180
165
164
216
220
121
230
173
219
238
119
155
169
109
201
179
148
96
154
165
137
195
206
151
140
184
198
164
180
154
117
180
198
153
204
180
160
51
214
184
169
148
162
191
157
162
169
130
181
182
122
193
180
139
60
165
200
155
133
154
239
226
183
190
240
235
241
256
306
208
215
264
225
231
224
197
251
232
219
181
223
228
266
240
259
278
190
217
190
278
247
237
205
212
220
205
209
228
244
205
155
266
232
155
256
278
188
249
213
219
160
197
212
286
238
149
259
195
187
207
246
188
261
228
244
334
193
164
196
259
315
211
269
211
238
204
187
219
217
215
216
209
309
271
228
210
243
230
239
219
197
305
187
313
190
217
314
148
243
138
155
167
173
153
203
188
171
130
167
196
199
184
164
153
200
179
181
185
135
156
163
166
160
193
162
120
182
186
150
165
171
176
166
154
206
167
170
168
156
192
226
228
153
232
152
155
193
168
180
100
223
169
219
218
248
219
219
190
264
257
200
240
269
252
220
239
241
239
228
230
229
207
223
237
237
221
244
215
282
243
221
216
233
220
206
246
211
235
160
255
207
206
231
218
262
212
167
246
212
199
203
202
176
256
251
348
224
236
189
261
283
187
165
189
293
195
233
251
234
220
260
245
191
187
199
254
184
247
213
200
256
213
205
192
251
278
293
278
202
243
213
222
204
257
243
281
261
236
304
195
209
207
223
178
192
216
152
184
178
258
206
203
190
185
216
195
174
124
166
215
175
178
181
140
200
231
220
171
204
101
184
190
219
193
184
168
122
128
192
206
154
273
138
280
191
163
202
225
168
173
245
236
262
229
227
216
194
223
216
258
219
199
210
156
218
195
188
236
278
245
242
225
265
229
256
272
245
245
203
233
237
209
247
237
186
225
226
226
246
185
208
221
274
200
245
139
204
234
184
282
244
242
253
229
232
254
243
311
226
233
191
203
265
229
289
255
208
222
204
226
306
228
182
225
223
164
261
228
243
261
269
126
150
195
320
239
201
237
227
283
198
201
258
242
295
267
250
160
220
227
206
201
238
123
170
224
171
193
189
173
191
171
233
162
260
193
214
224
161
254
241
181
201
175
207
133
205
128
235
208
180
204
179
237
226
182
161
159
180
197
176
165
275
223
192
184
194
172
156
189
228
199
184
215
237
260
216
198
215
235
246
222
219
170
197
168
238
219
223
270
207
218
235
216
282
261
168
229
203
222
258
218
215
263
226
273
212
189
214
235
216
230
232
211
221
280
221
250
258
254
228
214
254
271
271
246
226
290
276
229
183
165
238
243
260
235
229
279
178
250
230
189
213
230
256
270
285
247
291
220
308
245
295
309
231
225
259
227
200
254
251
226
247
264
232
252
260
241
252
217
192
195
254
183
177
181
226
144
176
206
222
190
208
194
233
241
161
236
264
227
207
193
184
243
182
223
187
216
169
181
229
208
206
160
226
240
184
205
208
214
214
129
158
185
207
182
188
225
171
204
155
211
224
175
264
197
206
228
264
260
206
158
200
163
253
151
258
204
138
242
185
220
215
197
239
211
208
223
219
225
233
165
203
248
185
186
259
223
164
148
260
241
254
198
217
267
263
253
157
238
223
216
212
201
202
227
182
215
271
247
269
242
194
199
241
211
244
232
264
281
297
214
246
213
196
144
307
277
241
238
190
227
261
226
163
184
219
216
221
284
226
257
231
210
259
316
195
237
286
219
212
166
158
190
217
176
167
190
195
235
214
208
200
195
192
182
166
258
192
206
206
229
158
221
216
239
225
243
214
173
212
161
200
159
216
283
229
197
176
172
268
186
211
199
246
219
211
279
187
204
106
167
148
137
257
116
224
171
200
169
236
161
197
171
223
145
151
233
141
161
130
156
200
189
160
180
159
177
196
188
122
170
146
168
234
149
172
167
142
223
111
171
159
225
220
128
130
179
163
145
117
141
110
141
124
91
94
90
125
140
90
97
143
112
123
114
100
135
104
96
102
94
115
139
127
134
105
102
124
36
94
119
109
118
105
137
105
110
103
78
161
99
129
91
106
126
139
124
86
74
76
78
72
66
84
83
61
59
89
101
97
59
84
77
93
43
65
33
99
61
89
60
88
88
69
100
75
77
80
86
92
70
79
84
77
85
62
87
62
87
54
95
58
76
78
48
69
61
65
64
166
117
162
148
134
178
166
167
160
214
160
153
160
209
174
173
111
160
186
170
219
101
143
205
241
263
171
183
194
168
154
149
131
202
202
102
227
187
174
167
226
203
152
242
133
157
223
89
209
187
128
183
73
137
126
130
121
136
54
143
113
86
85
93
126
82
158
103
134
88
118
128
98
118
127
143
107
114
107
77
133
129
126
99
123
120
144
153
148
127
116
129
154
86
112
126
86
125
126
90
74
63
81
63
79
104
61
82
94
91
42
101
85
93
113
97
77
82
74
63
83
74
96
90
104
86
103
65
85
91
69
89
116
112
93
100
100
75
83
76
90
96
86
94
69
69
66
42
110
63
155
237
174
216
173
220
145
184
192
157
158
187
173
226
89
180
196
183
202
176
277
203
187
177
160
127
282
215
207
118
140
123
185
254
167
157
181
205
183
157
156
178
208
170
180
184
176
186
157
234
120
161
88
133
132
106
105
95
141
117
182
135
157
111
176
96
114
135
110
120
133
97
103
145
173
169
117
127
129
117
128
100
164
166
112
104
113
127
114
152
123
158
139
140
112
97
112
132
130
168
106
67
72
116
100
83
80
88
105
61
91
111
79
66
101
98
81
95
84
80
112
71
82
99
93
43
86
72
93
100
112
87
104
90
108
102
112
104
102
89
121
95
87
90
82
101
60
96
90
77
184
151
164
172
144
232
278
174
181
158
187
158
193
147
174
157
107
174
152
149
188
167
155
207
154
190
185
241
172
165
194
216
181
118
205
176
182
144
209
166
184
224
269
163
167
215
204
231
153
167
161
128
172
130
156
116
88
120
106
136
127
79
121
138
129
130
131
137
94
132
133
134
131
101
132
113
98
82
84
130
144
104
125
124
136
151
152
82
130
117
127
165
108
155
34
127
155
147
127
132
92
80
81
104
87
69
112
88
87
108
81
110
75
104
92
81
104
105
117
87
109
100
117
82
122
76
112
113
82
93
95
79
105
107
73
87
84
72
120
98
63
104
144
107
102
79
73
107
102
51
172
277
150
204
183
172
225
184
136
119
190
228
261
166
233
201
196
184
168
151
168
151
175
175
176
193
157
156
169
194
191
187
286
216
236
181
205
248
158
274
188
196
202
162
268
231
134
123
199
210
139
87
148
146
141
127
159
147
120
148
145
109
119
151
165
166
111
153
165
159
131
138
149
191
194
153
103
130
96
164
117
190
119
135
120
147
188
139
99
145
116
71
136
142
114
150
128
103
155
209
107
79
105
39
68
110
89
112
58
78
93
101
133
120
111
101
72
89
95
104
75
93
93
84
57
93
81
107
96
106
87
96
71
109
79
110
101
87
95
78
95
103
97
104
84
95
77
114
108
95
311
181
289
188
196
137
245
251
129
255
162
189
191
323
186
125
202
209
199
215
256
184
242
210
209
159
203
147
199
261
175
234
211
288
224
108
221
210
179
221
193
186
245
189
128
167
236
216
246
221
127
117
128
134
203
133
132
187
133
119
122
157
131
144
150
145
82
134
153
97
156
137
133
152
185
130
167
135
136
164
141
146
133
133
144
184
215
136
138
153
128
173
128
158
134
135
127
114
111
118
91
110
128
113
124
115
110
114
90
102
56
130
88
87
63
120
91
115
135
123
119
95
114
97
108
98
98
97
111
105
152
103
69
94
95
89
93
77
91
113
59
107
122
116
135
117
82
93
160
100
180
212
210
194
229
120
238
233
210
220
138
167
197
232
168
148
227
215
178
173
161
166
233
197
177
190
197
209
247
180
225
283
192
194
230
177
148
162
227
155
255
174
145
196
208
127
208
153
116
243
136
124
153
147
152
178
86
132
138
150
178
128
149
170
199
155
154
158
156
150
202
153
130
163
190
149
177
133
152
177
104
179
169
166
182
108
188
140
207
163
163
153
140
110
128
139
140
132
161
133
100
85
95
97
117
96
113
107
93
101
115
143
126
85
160
113
133
128
117
104
119
116
119
107
119
115
101
87
93
108
104
89
139
99
111
104
157
83
114
121
149
101
120
119
105
121
93
98
113
95
208
157
248
203
235
223
174
163
230
218
225
223
253
182
222
187
228
227
180
215
167
244
195
209
172
241
178
281
206
325
231
201
236
213
184
177
203
211
284
252
266
176
206
226
181
251
323
276
268
252
185
198
217
164
144
159
186
128
140
145
134
160
147
112
169
185
198
120
187
166
114
134
210
189
155
91
151
135
120
178
178
114
155
154
156
164
35
142
191
133
177
169
190
149
215
136
206
114
165
95
130
89
127
100
140
98
142
97
142
122
107
86
120
103
119
132
97
165
123
134
121
116
109
112
123
129
135
103
124
94
180
117
83
130
143
108
125
105
120
179
126
135
106
110
139
99
110
130
129
111
155
187
186
175
250
259
202
225
246
205
208
313
265
181
312
167
194
216
278
192
232
258
156
283
202
145
275
202
268
156
289
239
225
348
218
204
207
239
189
189
228
179
251
238
190
199
232
283
191
220
203
192
146
209
173
136
192
167
159
109
217
157
148
141
162
160
255
145
174
195
130
166
168
204
155
168
169
163
169
186
107
153
203
216
159
213
171
216
112
195
175
114
118
163
160
161
249
201
167
145
114
144
168
120
132
126
133
169
128
123
162
124
113
86
122
111
127
159
137
154
174
118
136
157
126
122
84
76
101
129
143
110
146
112
133
107
141
128
147
176
122
157
125
136
135
102
114
123
150
111
258
214
204
179
184
204
130
229
204
170
264
181
115
210
210
198
196
204
219
222
276
237
242
206
243
197
260
271
220
203
261
198
234
245
200
182
239
285
306
242
326
218
263
212
253
155
247
224
257
240
168
160
167
166
160
141
173
180
168
174
138
178
182
208
199
152
155
143
172
175
128
157
149
159
164
162
216
228
212
155
254
146
171
191
166
193
165
200
104
151
245
196
150
166
163
130
137
208
168
159
141
134
133
161
107
135
133
142
153
166
165
140
127
148
142
145
128
118
149
160
125
112
114
138
83
148
141
129
152
143
106
99
137
129
128
118
137
148
106
137
134
134
120
120
136
66
134
89
169
153
