61
53
66
66
75
65
47
71
72
53
66
64
59
50
73
50
54
62
31
65
61
64
50
77
65
42
67
45
64
56
68
58
68
67
45
57
60
25
58
60
73
50
67
58
59
62
66
47
69
52
66
54
80
63
73
58
67
54
54
34
32
62
51
35
55
72
64
76
68
66
61
64
59
59
61
73
58
42
70
54
52
57
69
43
77
60
46
58
66
57
68
46
72
82
65
67
74
69
60
63
52
49
67
71
70
61
62
40
64
68
55
65
62
74
70
73
66
72
67
66
76
71
77
51
51
72
34
58
59
80
49
16
60
59
64
51
87
66
47
79
56
50
61
74
62
68
62
54
56
41
68
48
58
62
63
66
60
50
60
22
52
59
56
62
48
84
71
52
80
52
59
52
46
77
69
47
73
83
72
79
58
59
47
61
51
44
45
57
42
62
76
55
44
78
35
82
76
55
38
35
46
33
62
70
65
62
69
54
71
38
49
67
53
64
65
56
58
71
52
60
57
62
64
51
48
75
65
54
57
53
69
72
60
57
60
73
64
55
58
51
47
55
61
63
58
39
50
80
55
53
73
50
73
64
58
65
56
74
70
55
55
18
61
59
81
57
72
69
53
63
57
74
59
41
61
67
57
51
35
60
73
48
75
53
65
68
67
59
38
52
61
69
72
58
61
58
56
56
59
61
67
64
71
66
68
54
56
41
55
65
59
78
56
65
76
83
85
61
71
80
72
50
59
85
43
65
44
53
32
66
73
60
77
38
58
66
63
48
60
47
79
68
66
57
51
75
50
49
59
60
70
56
38
61
62
47
61
55
46
69
51
58
68
51
53
53
50
57
60
59
48
48
52
66
79
88
73
75
33
39
54
41
75
72
52
65
46
73
66
47
54
42
64
49
62
57
69
55
61
34
58
56
13
57
45
52
52
57
55
58
53
64
72
51
59
48
73
73
54
72
61
52
43
54
65
62
49
67
34
54
66
71
70
68
63
51
47
29
59
57
71
65
49
56
26
42
69
76
59
53
67
69
51
65
72
78
66
71
89
69
62
59
60
54
53
74
63
69
60
76
66
51
52
70
53
56
77
65
68
69
50
58
75
64
77
52
74
58
63
62
67
60
56
62
63
60
57
43
43
52
61
57
31
66
69
61
53
78
67
68
69
53
57
67
69
47
79
80
56
65
73
60
50
59
63
57
52
64
50
73
72
38
66
73
50
38
63
62
68
65
47
57
47
70
52
75
52
71
57
71
61
34
64
52
81
62
46
51
56
42
56
63
72
66
63
80
59
44
84
78
38
58
50
62
57
59
61
56
64
79
62
57
55
75
71
58
67
58
59
80
50
70
37
79
55
51
68
71
61
57
45
61
60
56
71
48
51
55
58
45
73
58
51
61
77
56
54
56
62
48
48
57
70
40
22
64
69
21
42
62
61
60
52
43
73
60
63
60
58
60
43
57
59
51
55
53
67
64
46
71
47
46
61
70
56
68
51
54
63
67
46
23
55
52
75
59
39
60
50
67
53
66
61
61
78
60
70
73
39
40
61
69
19
50
44
77
31
67
36
56
31
45
57
72
72
70
59
52
51
56
73
52
77
56
44
57
83
66
50
55
67
42
47
76
59
58
54
83
43
59
59
73
52
38
64
84
65
61
60
71
40
57
74
53
73
35
48
90
55
58
65
34
50
59
49
57
72
61
49
42
49
63
39
57
50
83
45
74
54
54
56
79
73
75
35
68
53
76
67
55
58
63
66
67
67
68
54
50
48
56
38
49
65
41
82
80
30
58
70
51
55
69
65
50
58
72
87
45
29
45
67
53
56
29
73
51
64
59
26
42
44
71
48
66
55
65
46
48
62
53
62
41
68
42
63
72
45
58
62
53
54
52
46
32
65
58
50
62
37
61
62
51
47
61
52
51
47
70
59
73
58
53
68
69
60
62
67
57
59
71
64
37
45
65
63
42
56
62
58
64
64
54
43
68
55
68
63
55
68
52
68
73
72
50
59
58
64
60
53
65
79
46
47
61
43
76
47
53
62
63
56
30
73
61
35
57
61
28
82
53
70
57
53
43
77
62
67
58
69
29
70
80
59
66
56
66
68
64
76
65
59
63
65
35
79
70
60
55
75
72
41
68
60
36
52
65
46
73
49
71
47
53
65
72
64
76
60
73
52
14
78
57
53
40
47
39
51
68
31
55
61
52
48
75
68
61
62
65
62
65
67
28
62
61
69
75
55
52
78
58
55
60
76
37
61
53
62
77
65
55
37
69
66
52
44
26
53
54
67
73
67
53
60
57
61
16
59
39
68
67
42
44
56
48
64
36
64
69
67
51
57
22
56
56
59
46
48
46
51
53
28
59
63
63
44
42
43
73
51
69
75
51
48
82
64
47
60
70
71
52
78
36
73
33
63
48
60
73
34
73
49
62
62
57
52
59
20
66
58
74
75
56
58
66
71
49
75
79
71
68
53
69
62
84
49
63
56
58
49
50
53
62
73
65
64
70
56
59
84
79
75
80
57
57
71
62
72
65
66
70
57
78
50
74
67
72
58
46
58
62
58
63
50
63
72
76
73
55
70
60
52
71
63
55
79
58
80
54
79
79
61
50
48
55
76
48
69
72
51
58
36
58
66
47
68
66
48
71
61
57
59
66
70
45
71
48
48
57
66
59
46
46
83
70
61
60
58
69
62
60
61
70
65
49
68
54
53
48
59
52
51
63
33
74
65
68
37
64
64
55
47
41
50
39
53
44
55
32
77
57
48
68
43
63
67
41
32
59
51
50
48
65
59
68
40
64
49
50
22
41
60
73
45
55
52
42
59
71
66
63
49
61
64
70
34
66
56
74
48
65
49
68
54
46
61
44
72
24
68
56
59
53
69
73
88
68
41
44
47
29
56
79
71
62
58
66
67
66
74
70
71
59
70
65
65
46
62
68
65
75
58
70
41
71
52
75
80
74
62
56
78
65
56
69
31
62
54
73
53
84
54
43
66
56
55
48
78
37
66
61
67
61
53
59
64
64
57
64
66
55
53
74
42
69
73
72
75
48
51
80
62
33
55
65
70
68
60
79
67
69
62
46
38
40
55
69
59
58
48
59
56
52
52
64
52
54
69
50
72
54
41
59
37
49
56
49
66
52
60
58
61
56
55
61
71
60
54
63
77
45
69
45
44
34
6
60
56
33
25
55
51
65
60
40
61
63
49
60
27
43
46
53
52
26
66
40
44
61
66
67
55
65
65
52
54
62
41
35
49
75
49
54
57
58
53
41
25
68
64
55
50
57
72
52
61
60
62
72
70
58
53
69
55
45
73
70
55
66
38
54
53
59
45
63
58
70
64
42
53
32
63
50
64
58
68
81
76
70
74
58
77
70
63
63
72
78
60
39
53
61
72
64
50
36
56
71
65
43
76
70
60
49
69
72
72
45
60
55
62
67
66
57
77
65
78
58
60
44
76
56
65
70
52
52
61
71
63
84
47
68
44
66
63
59
61
63
51
51
69
25
69
50
38
51
51
74
74
63
62
45
76
55
58
70
46
60
68
68
85
69
57
68
54
54
62
45
48
59
45
60
47
84
41
67
64
81
67
63
71
65
66
61
70
44
64
55
56
64
85
70
53
56
52
50
56
62
62
37
52
63
46
54
62
54
41
59
66
59
45
40
58
29
45
74
43
57
48
58
44
57
35
55
66
68
55
51
59
52
44
29
47
72
77
53
45
71
79
23
24
56
59
64
58
64
28
43
71
77
61
22
60
72
62
55
58
70
73
66
63
64
76
42
46
60
59
55
48
52
46
58
62
74
45
68
60
66
70
61
32
46
48
58
76
60
66
67
49
44
44
74
46
13
63
43
46
61
58
60
47
55
47
49
62
37
46
54
70
62
72
74
84
53
76
54
54
63
55
56
41
62
62
64
78
46
45
37
47
53
55
58
55
64
45
63
53
54
74
48
40
40
33
70
49
27
54
67
41
42
59
64
54
46
46
19
60
62
65
32
48
50
60
21
47
43
66
47
68
70
62
73
32
50
34
60
65
45
38
59
83
40
49
28
48
54
37
73
46
52
54
45
56
54
54
59
62
77
42
40
63
73
56
32
32
60
56
57
63
51
44
69
55
38
46
40
74
73
43
57
59
48
56
60
70
42
70
39
71
43
31
72
56
61
39
63
36
60
54
64
35
70
51
60
55
61
62
50
51
72
51
60
73
52
67
49
30
66
50
59
49
76
46
55
73
71
41
69
67
55
56
62
63
54
60
72
73
64
69
60
54
73
55
71
38
58
60
37
48
55
44
40
75
56
55
45
21
38
72
65
50
69
55
62
51
54
28
50
51
64
72
62
52
49
59
55
76
54
52
59
71
71
56
39
58
43
74
70
79
57
60
51
57
24
54
56
51
65
51
63
46
58
55
50
59
49
49
60
73
49
38
54
75
56
71
67
56
43
43
61
43
79
41
63
47
42
45
50
49
47
58
64
51
68
49
57
69
54
51
62
55
53
50
29
74
74
44
72
66
81
52
50
55
62
59
45
51
61
66
51
69
45
45
61
38
57
48
42
57
57
62
50
60
68
60
63
60
42
62
65
57
67
56
69
57
75
52
69
44
55
57
79
65
65
43
71
64
14
51
58
66
61
74
51
65
64
33
33
76
34
44
74
69
32
49
74
61
74
57
69
35
70
61
62
73
65
82
45
61
70
67
39
54
68
69
51
32
55
59
62
58
74
54
54
56
52
60
56
73
55
57
58
42
66
68
63
45
65
44
67
54
65
60
46
62
46
59
64
58
68
67
48
53
14
58
70
74
56
57
39
49
64
51
58
46
70
57
61
70
59
54
62
71
62
48
71
59
71
60
64
33
66
58
58
63
64
55
33
62
41
52
53
49
62
60
74
43
48
50
59
82
41
58
22
55
48
47
38
34
64
65
43
78
48
60
63
55
39
47
35
61
55
53
61
51
51
39
60
57
34
56
62
64
51
45
61
52
58
49
62
63
41
52
60
46
50
47
65
51
54
68
55
64
53
71
50
50
48
50
38
52
58
55
51
49
61
52
48
70
50
52
53
63
55
52
50
46
65
61
53
26
58
59
58
52
45
47
69
34
67
70
65
35
42
49
49
56
61
59
48
69
52
37
72
41
53
66
57
33
72
82
66
60
59
65
70
66
69
64
65
51
70
59
58
53
62
51
69
60
68
52
43
50
54
62
45
39
51
60
44
63
60
75
66
55
46
51
59
66
51
33
65
53
54
57
45
50
63
66
80
57
47
67
43
65
52
51
57
51
43
70
57
42
51
40
40
45
62
71
53
52
57
56
56
60
81
59
73
55
71
64
49
44
55
51
83
52
24
64
57
78
54
39
59
51
57
77
55
30
40
51
47
46
58
38
70
40
68
71
69
52
55
66
80
71
76
70
43
51
69
50
54
67
58
49
45
44
65
42
26
41
54
62
56
55
56
64
47
50
49
40
67
46
67
57
63
47
58
48
60
54
60
61
46
55
58
62
47
52
64
51
55
47
35
57
61
54
52
51
42
27
74
52
59
57
52
66
39
70
48
50
48
69
59
58
53
36
66
27
69
58
26
49
73
44
62
56
58
49
62
69
66
63
53
71
45
74
45
79
72
31
58
64
56
72
64
61
51
59
55
60
69
31
64
34
56
61
67
75
69
66
53
41
55
44
62
65
73
57
61
62
74
66
58
48
48
63
39
53
61
58
73
48
40
61
55
73
65
57
36
66
37
53
78
56
67
62
74
61
49
30
65
57
78
53
42
49
71
53
79
60
44
59
45
60
82
54
70
58
43
81
58
73
55
61
6
62
66
61
44
54
68
45
56
58
75
49
51
50
41
39
74
48
32
61
65
76
75
68
29
51
52
55
71
77
24
33
53
45
60
34
41
18
32
47
45
43
46
48
50
41
50
42
62
67
26
62
58
65
45
37
44
65
59
46
52
57
44
74
60
66
43
12
54
49
68
33
61
59
44
61
53
52
65
47
59
55
38
69
50
85
73
54
68
37
63
67
75
56
77
66
30
54
61
30
66
49
63
55
64
60
63
48
65
69
61
55
62
53
50
64
56
54
47
55
67
61
64
43
56
65
53
64
52
50
51
65
58
67
37
45
64
49
58
59
58
77
41
53
71
67
45
63
53
66
49
63
67
64
62
68
58
52
61
41
69
48
71
69
56
36
69
65
66
40
45
77
41
60
52
69
69
46
48
47
71
57
47
71
63
66
50
59
54
45
63
66
82
46
41
70
60
56
29
54
57
45
54
63
67
52
53
75
66
36
53
59
50
49
41
69
62
62
66
56
54
40
67
48
67
51
58
51
69
53
56
42
65
57
63
50
71
48
43
57
57
56
45
36
66
49
35
68
61
56
48
57
51
49
71
36
37
49
58
65
53
48
20
55
59
47
49
48
52
57
54
20
64
43
33
42
61
68
49
69
58
72
50
47
56
50
73
55
56
51
60
49
52
34
33
30
47
56
43
61
67
49
60
62
60
49
59
61
59
43
58
51
51
53
72
65
56
53
50
64
42
61
55
69
73
65
66
51
61
56
68
53
59
53
52
48
43
74
41
38
45
63
48
64
15
42
61
47
62
52
71
78
70
62
52
61
51
67
81
55
56
64
71
56
61
44
70
57
67
64
65
46
67
68
60
47
56
59
51
62
54
70
63
76
46
48
57
48
63
60
60
49
52
63
64
54
79
46
42
60
56
72
41
60
55
57
50
44
26
48
45
56
56
47
53
51
52
73
55
61
63
74
33
70
57
58
50
56
55
65
40
45
60
44
42
55
49
63
52
51
44
59
21
44
37
42
36
50
48
54
43
70
64
50
46
54
52
46
51
45
40
23
51
42
41
45
48
53
53
48
48
48
51
42
49
42
38
71
64
59
66
61
19
59
65
64
61
61
69
75
59
50
57
58
59
66
58
58
65
61
49
69
57
69
58
62
27
61
68
63
78
45
46
51
64
75
42
75
59
61
64
48
51
61
74
54
56
66
36
57
61
59
59
55
37
63
64
39
60
60
56
28
45
47
63
56
59
58
52
64
70
63
55
58
61
79
51
49
69
48
46
51
50
57
62
77
83
47
67
67
56
67
44
60
63
47
47
40
50
47
76
52
41
67
41
67
51
77
52
47
64
28
44
53
68
49
32
50
70
78
75
59
62
59
61
38
63
46
67
79
53
49
70
60
60
63
60
61
54
54
71
65
46
46
56
59
65
