140
114
161
139
163
138
108
146
138
119
136
129
126
117
148
108
125
131
78
141
128
127
119
160
134
99
136
102
139
134
135
127
129
134
111
129
121
78
131
133
149
115
151
129
136
120
127
107
146
123
143
131
163
121
153
130
149
115
124
87
99
131
116
79
121
162
133
160
144
146
136
128
136
130
135
167
133
111
147
115
101
124
149
111
164
129
121
125
144
130
137
105
150
177
135
146
159
146
132
149
109
107
153
145
143
130
142
81
137
140
115
145
141
149
148
149
142
158
135
139
163
157
166
114
121
155
67
138
134
163
119
53
137
130
142
118
176
155
105
154
127
110
128
148
129
145
137
128
121
102
136
106
120
132
138
140
120
105
118
57
130
132
129
138
102
173
153
115
148
121
129
126
113
153
144
110
147
168
142
169
126
123
106
131
106
92
100
116
97
133
153
129
95
159
72
170
167
116
78
88
98
82
138
136
132
134
152
112
141
101
110
138
126
139
143
123
131
154
124
128
116
148
145
125
118
154
133
114
119
127
132
145
137
119
133
158
126
116
130
115
98
106
136
145
129
99
109
168
120
117
158
111
143
128
119
142
110
153
154
126
122
58
135
133
166
115
151
141
118
141
130
151
140
94
126
139
124
115
83
133
151
110
142
133
138
141
142
128
91
116
138
144
147
122
120
124
124
118
126
120
138
134
155
141
147
120
128
98
129
135
125
159
121
140
151
163
176
126
143
169
152
101
134
158
100
137
101
132
76
144
149
131
155
91
123
150
138
103
134
96
162
145
135
109
129
154
114
106
136
117
141
125
88
133
141
112
132
107
110
144
98
122
141
118
116
129
106
127
122
129
102
110
106
138
162
165
134
154
83
98
114
109
143
160
117
139
96
152
139
116
118
75
139
109
130
105
158
129
144
83
124
121
48
126
109
110
109
126
123
130
115
135
152
128
137
109
148
158
122
149
134
103
108
122
142
122
110
145
88
116
149
146
157
137
139
115
100
77
140
125
138
145
119
121
67
98
134
168
123
125
141
150
127
145
143
155
146
152
181
154
132
120
124
115
126
151
128
152
133
164
143
118
105
143
110
110
159
129
151
157
117
126
162
138
152
124
157
139
140
127
149
131
125
135
141
120
130
97
101
116
134
130
80
145
150
127
125
148
126
137
149
117
130
139
150
113
165
174
123
152
154
133
116
125
128
127
116
134
125
152
145
99
138
144
121
90
134
136
134
139
118
131
114
137
121
140
112
161
119
142
140
86
146
112
168
135
105
113
119
106
128
133
150
143
142
165
129
108
175
163
80
126
102
129
115
122
122
114
135
152
126
118
121
157
146
129
127
123
129
163
106
127
99
165
111
107
144
141
131
126
115
133
130
123
149
108
112
123
129
109
144
138
113
137
163
131
118
117
129
101
102
120
149
91
66
134
137
70
102
121
128
133
121
97
166
127
138
129
125
139
101
128
143
123
129
122
142
125
97
146
102
109
136
148
118
134
113
126
133
143
111
70
116
122
152
125
93
140
117
143
119
154
132
143
156
134
149
151
92
111
130
152
69
102
103
156
76
146
103
131
100
101
133
159
148
143
127
132
120
130
143
115
154
124
94
125
169
149
122
120
129
106
104
153
139
124
119
166
106
127
136
144
116
103
134
169
126
135
134
154
96
125
156
114
153
96
106
177
121
133
149
81
115
135
107
131
163
146
130
103
108
140
87
151
101
173
95
154
127
106
127
164
160
160
87
145
124
165
136
125
126
144
128
149
137
136
123
115
122
121
97
112
133
102
163
168
84
135
154
104
119
136
138
109
122
145
176
95
79
94
132
112
115
75
149
112
141
123
71
115
106
147
116
133
124
130
102
109
139
107
134
91
135
110
128
145
104
121
138
110
116
124
95
86
138
115
107
143
86
141
153
118
88
143
135
118
89
143
136
156
118
138
141
146
147
139
146
122
116
144
140
98
101
134
138
102
118
133
129
132
140
119
103
140
120
150
129
121
155
119
142
154
147
122
128
136
137
123
118
145
155
108
110
134
101
165
117
106
129
132
129
71
153
133
84
125
127
81
167
121
133
125
118
97
166
133
142
128
146
70
132
172
124
146
132
145
144
141
156
133
132
135
130
84
158
159
125
120
151
153
97
132
137
72
117
136
118
143
107
146
103
122
140
151
131
155
118
156
115
47
164
127
128
93
112
95
103
145
80
123
134
117
117
164
146
139
133
137
139
132
157
78
121
136
141
152
126
106
157
131
129
132
161
94
121
121
143
167
145
117
103
151
117
120
103
69
126
122
153
155
131
120
126
123
113
49
137
88
141
150
103
104
129
117
127
89
125
142
150
120
126
65
116
124
116
106
121
102
115
120
75
136
132
135
107
102
101
144
105
140
152
120
110
160
138
106
118
148
155
108
166
96
161
73
134
108
134
151
93
159
115
142
137
130
112
126
51
141
116
150
153
144
131
148
146
102
144
160
158
146
124
147
129
175
108
138
128
131
103
108
119
131
157
139
129
148
132
129
171
166
152
160
119
131
144
139
138
140
139
145
129
168
112
148
138
160
120
106
137
121
140
139
119
153
133
160
156
132
155
136
113
141
132
120
166
140
164
121
165
161
125
100
112
128
165
103
139
155
106
139
80
143
143
101
151
129
104
143
135
123
118
142
139
110
151
111
117
117
133
123
113
118
160
136
140
140
120
144
138
121
134
140
150
119
139
125
113
114
112
108
116
134
93
151
139
137
101
144
135
118
113
103
117
106
125
103
122
66
162
123
105
145
89
138
146
96
84
125
116
121
103
138
139
143
95
137
109
117
80
105
114
160
90
129
127
90
110
140
132
143
102
127
149
144
85
129
126
152
113
130
123
145
118
97
118
98
142
62
147
132
123
121
149
154
185
147
95
105
117
86
129
146
146
135
131
155
139
141
156
152
141
130
144
139
142
114
131
141
130
155
124
144
99
145
119
155
161
155
133
121
149
142
125
146
86
133
122
150
122
170
124
108
144
128
124
116
153
93
144
132
139
128
123
119
135
136
136
142
138
124
114
147
105
144
146
130
151
112
114
167
129
78
110
143
144
140
138
161
140
136
132
99
92
91
127
144
128
132
111
131
135
117
124
131
118
115
141
105
152
123
90
125
89
104
126
111
147
116
134
121
137
119
108
126
157
146
129
126
158
102
135
100
82
90
33
131
135
88
73
128
119
143
134
100
135
144
111
127
81
103
100
111
125
79
139
93
101
117
136
144
127
124
151
123
122
127
96
88
111
151
109
113
126
128
112
95
76
144
138
118
120
137
142
115
120
127
129
157
141
131
124
158
119
97
134
156
122
135
94
116
119
130
108
128
122
133
135
96
126
73
133
117
151
130
144
155
160
162
164
106
164
154
137
123
140
169
139
110
134
127
153
120
104
92
118
148
130
119
155
140
131
120
154
144
147
113
129
123
123
149
141
118
155
148
166
118
122
103
163
128
141
140
113
111
142
160
144
159
113
151
108
156
132
132
133
126
123
123
140
62
151
114
81
115
115
150
159
125
131
104
160
114
119
152
114
129
147
143
161
143
126
137
111
118
122
104
116
145
105
130
106
168
95
149
134
151
142
135
158
117
143
135
145
103
139
118
116
130
172
138
120
115
124
117
127
140
141
87
112
137
99
110
133
126
105
127
141
122
113
91
114
73
102
153
117
127
115
126
100
128
91
125
144
149
124
116
135
109
103
74
101
153
153
118
106
142
161
73
74
124
117
133
131
138
76
95
135
152
143
64
129
157
125
114
117
143
152
144
140
140
152
101
110
125
122
111
113
122
90
112
124
152
101
140
132
141
142
134
83
96
113
122
152
124
140
137
102
100
105
152
109
48
127
101
108
142
126
129
115
120
107
105
133
81
108
102
147
137
141
151
172
128
155
114
117
131
109
127
102
136
131
133
159
103
112
92
100
121
124
136
119
150
87
148
111
125
151
103
89
89
82
145
101
57
112
141
96
103
112
127
125
103
112
61
123
134
121
68
112
115
117
58
102
82
141
90
124
137
120
147
68
122
91
137
128
100
73
144
173
103
103
71
104
122
75
145
108
96
105
95
121
119
111
124
137
157
97
103
144
149
124
85
84
131
138
127
140
122
91
146
108
85
103
96
151
152
101
137
131
110
134
125
135
112
143
94
160
110
76
150
126
132
103
139
86
118
125
132
92
146
112
129
114
126
134
121
123
156
114
127
150
121
133
105
76
138
122
122
117
162
112
107
150
137
93
134
135
114
123
144
154
113
131
154
138
137
144
126
120
149
114
134
88
124
125
88
104
118
104
104
151
115
103
112
66
80
151
137
106
144
106
130
98
128
77
107
104
143
141
134
116
111
125
128
162
117
123
120
158
143
120
94
129
98
151
144
150
123
141
111
119
70
114
120
111
153
123
133
109
125
131
129
126
115
117
129
149
103
73
118
147
126
144
145
120
114
96
127
95
154
88
131
101
110
100
112
120
108
136
121
112
136
109
126
126
123
119
128
134
111
102
63
152
157
87
131
127
160
132
121
126
129
130
113
108
128
143
104
148
101
108
128
93
120
104
108
113
116
128
103
129
144
131
125
133
100
123
139
131
141
121
141
129
154
123
155
96
114
135
159
147
137
117
151
135
50
127
127
147
135
146
121
138
148
77
80
161
85
114
151
145
94
113
143
132
143
111
145
86
153
127
133
155
136
156
101
123
140
137
96
122
148
151
118
81
125
131
129
123
161
116
108
128
116
128
133
140
128
116
131
105
131
146
149
111
135
94
142
120
141
136
106
142
109
132
141
127
136
144
111
116
40
121
134
153
127
129
99
121
126
111
130
109
144
120
127
144
131
126
134
139
126
106
153
121
161
132
144
87
135
116
120
128
138
112
70
133
91
99
111
114
139
124
152
102
108
122
138
153
82
124
50
112
111
121
91
77
145
137
95
157
109
136
142
119
97
109
80
120
114
106
119
94
115
93
121
119
79
119
123
137
116
100
135
118
123
117
123
129
98
111
121
102
120
106
135
123
109
131
130
155
108
143
117
113
112
123
93
108
123
127
116
110
144
116
116
142
104
120
124
132
119
115
105
109
137
135
111
74
128
145
134
130
112
100
148
88
143
148
138
91
109
114
110
121
120
131
107
144
107
84
141
103
124
143
133
88
147
156
134
136
120
132
155
151
147
126
142
124
149
127
138
113
130
128
143
132
133
106
112
114
121
142
114
98
129
126
113
140
136
147
147
123
99
109
130
144
118
78
129
123
114
127
104
119
131
138
151
128
102
144
96
131
124
116
117
115
109
150
122
95
122
99
104
112
133
142
99
108
128
116
107
126
164
130
145
123
144
156
102
93
130
121
178
119
53
140
117
165
118
85
124
121
127
170
105
81
90
122
96
86
124
90
152
81
143
147
150
116
112
148
172
143
146
142
98
108
154
109
123
139
114
111
99
102
157
103
78
102
130
131
124
122
128
140
107
103
101
105
142
104
147
131
127
107
126
118
122
124
133
126
109
114
134
132
111
124
134
126
105
117
86
131
124
122
121
100
94
65
156
115
133
121
121
139
96
146
113
115
103
155
125
126
124
88
139
74
141
124
90
110
145
107
135
118
115
120
130
142
149
137
114
148
120
150
116
161
153
82
131
139
120
137
122
133
119
137
121
121
139
80
133
97
128
141
142
156
137
138
118
108
123
103
125
136
145
124
131
129
154
148
120
103
114
129
98
102
132
118
160
115
96
124
125
149
141
117
80
139
86
134
165
116
152
133
145
136
97
79
134
123
168
119
85
110
156
117
154
128
99
130
100
134
171
102
148
132
92
165
123
162
121
139
38
132
127
127
105
115
157
89
107
127
167
105
126
128
92
81
146
105
93
127
131
128
158
130
88
117
124
124
143
146
79
70
133
99
134
81
114
51
81
117
91
110
101
91
105
99
116
97
135
133
69
123
130
138
100
83
101
140
116
109
114
127
100
144
139
143
86
41
118
117
150
92
140
123
97
143
111
122
151
122
132
135
89
142
126
160
148
120
136
89
138
133
150
120
177
148
82
110
133
87
145
110
138
117
135
120
133
120
140
143
131
118
131
119
116
147
118
119
120
120
142
128
134
101
130
146
122
146
117
126
112
135
139
145
95
93
143
116
126
141
128
162
89
123
142
139
94
138
116
150
125
135
142
142
141
135
132
131
136
96
148
107
138
145
125
90
147
147
132
103
112
151
97
130
114
142
142
108
105
117
146
126
107
155
138
144
116
132
119
87
136
145
169
98
100
150
127
116
56
119
117
95
122
131
130
116
108
156
139
76
135
120
112
109
86
144
134
119
130
124
111
98
162
121
141
117
126
119
131
115
130
97
145
126
125
111
139
119
98
133
128
125
111
98
143
122
82
137
134
120
90
120
115
103
133
88
80
101
131
137
113
113
63
122
117
110
108
115
114
115
122
51
132
93
83
100
123
134
114
150
132
147
118
116
116
126
149
125
122
115
127
111
108
85
83
80
109
119
106
132
130
114
120
133
132
127
129
148
130
103
130
118
113
126
151
139
120
120
112
138
108
125
133
142
149
124
137
114
134
131
144
133
133
118
129
111
90
149
95
98
109
128
114
140
53
92
133
111
137
122
142
140
156
123
109
128
112
146
158
111
140
136
139
113
134
100
145
131
144
142
129
106
145
150
132
106
114
144
111
142
129
141
145
153
103
105
118
109
112
125
133
118
121
138
140
128
153
101
105
118
119
139
87
135
122
124
114
94
79
103
101
123
129
108
105
118
121
149
114
132
129
140
90
141
114
133
102
119
103
137
107
107
124
98
113
112
117
130
118
109
99
126
57
99
98
107
82
120
119
125
90
148
131
100
105
112
112
103
113
108
100
66
114
97
93
110
98
108
122
99
97
97
108
109
107
97
86
140
138
127
138
137
48
120
141
141
148
135
138
154
116
114
138
134
130
142
129
129
131
128
107
148
126
143
132
129
72
138
148
138
164
97
107
120
147
162
102
160
125
139
136
110
119
136
158
131
114
150
83
119
134
132
128
121
98
134
140
93
132
127
121
81
102
118
123
122
125
124
109
136
149
137
127
126
131
161
100
113
146
111
104
107
114
114
136
160
174
107
133
145
137
145
104
139
133
104
117
98
106
110
157
105
84
149
104
137
113
160
116
104
121
61
92
115
135
111
80
107
146
151
151
122
128
137
129
99
130
114
147
160
126
118
151
134
139
127
130
125
119
126
142
127
110
107
107
139
131
