199
143
229
218
229
207
163
219
199
188
195
200
188
171
217
163
193
194
126
209
180
183
172
241
202
157
204
150
192
186
205
186
187
195
177
190
183
121
188
197
209
166
224
193
203
164
192
155
215
182
201
191
243
181
215
184
216
166
186
130
149
198
178
112
176
242
199
231
212
215
208
199
212
185
202
242
207
157
220
172
145
190
218
170
228
197
185
190
213
194
190
162
222
245
196
215
241
217
206
218
150
157
219
210
204
183
207
118
191
206
167
226
212
207
213
221
207
231
198
203
236
229
236
176
172
223
97
192
195
240
190
83
199
198
204
184
241
228
154
228
188
164
188
205
194
217
213
196
175
156
196
170
176
186
209
202
166
163
177
89
187
200
187
205
155
242
217
172
223
193
189
184
179
234
211
170
215
232
217
236
183
176
162
187
157
141
153
185
152
194
220
197
145
213
107
245
247
171
128
134
145
124
201
198
191
196
217
159
196
152
175
196
190
198
216
184
196
228
172
185
164
225
204
193
172
225
200
163
172
176
201
197
185
166
203
236
183
161
203
174
159
157
196
205
194
151
163
243
180
170
224
167
203
187
185
214
166
213
217
177
177
97
198
189
245
171
216
198
177
222
187
212
211
158
183
202
188
166
112
187
207
165
198
202
204
210
197
190
136
172
202
211
219
186
170
171
175
176
184
176
208
193
214
207
219
178
185
148
191
193
189
249
182
194
214
227
246
197
198
245
218
154
186
228
153
196
158
200
118
212
229
200
224
131
183
220
206
166
194
144
226
209
200
165
193
223
169
156
200
177
204
179
139
205
213
161
193
152
171
212
154
177
192
173
173
202
166
185
177
188
132
180
167
203
225
238
210
214
118
152
167
167
197
238
164
209
137
217
200
189
189
104
198
155
187
158
246
199
220
126
188
179
71
188
164
167
155
182
179
189
160
191
222
189
209
157
214
215
175
237
197
158
157
193
209
170
155
205
138
162
200
214
218
202
192
172
160
122
208
177
205
226
188
186
103
138
179
243
189
191
206
218
192
206
220
215
209
223
253
229
184
183
185
173
180
223
194
221
202
229
202
185
162
218
162
161
227
189
217
233
180
186
239
206
215
183
208
199
208
191
205
184
185
194
202
176
192
136
153
177
189
186
126
215
226
191
184
214
184
196
199
182
181
198
214
171
241
263
175
231
219
187
174
186
189
177
179
194
180
222
205
159
202
217
181
138
192
201
202
210
178
191
162
203
184
199
183
232
168
208
205
139
206
163
242
201
164
169
164
170
194
214
221
209
210
246
187
165
243
238
121
184
144
194
187
185
180
171
208
210
182
184
175
224
218
184
184
179
199
223
157
187
159
242
162
155
216
202
192
181
164
192
183
170
212
162
160
179
191
162
205
197
164
188
235
202
175
179
194
154
153
186
216
135
100
197
205
104
153
184
180
197
187
147
232
193
189
195
191
207
164
176
207
169
185
187
206
173
156
204
148
164
195
211
181
187
170
179
187
210
174
113
161
192
215
177
137
206
179
211
177
206
187
205
227
192
224
232
136
168
190
212
111
151
158
209
114
217
154
189
159
161
188
226
215
206
191
196
185
192
210
169
216
185
142
175
232
217
187
179
193
160
145
216
198
174
186
245
171
185
206
212
175
149
208
242
187
200
200
217
155
197
220
162
222
147
171
250
183
189
219
127
179
207
167
192
239
215
191
149
166
210
136
227
139
240
147
226
198
148
179
237
223
226
135
202
188
234
197
188
176
215
189
218
201
206
187
177
179
178
155
167
202
155
228
248
136
202
217
137
182
213
198
157
183
199
250
142
119
127
196
162
173
125
202
168
208
181
111
172
157
213
174
207
190
188
151
172
196
168
190
144
187
168
179
209
157
196
196
171
190
188
137
130
200
176
155
222
138
204
226
186
132
209
194
178
139
204
192
217
175
201
210
215
211
200
212
193
175
203
196
145
151
183
186
160
185
197
187
177
218
173
156
200
189
219
193
172
223
183
201
230
208
183
201
196
199
188
174
204
221
146
162
193
161
234
172
147
192
192
183
106
228
203
134
190
191
120
232
188
198
183
165
154
238
192
213
190
204
109
201
250
172
211
204
210
218
207
221
192
192
198
180
113
232
234
189
177
212
227
140
188
189
116
187
198
194
211
168
211
149
184
199
219
195
227
171
231
167
79
242
195
191
148
171
136
152
210
126
183
193
166
167
231
214
208
185
206
202
200
225
120
172
208
210
217
180
147
211
197
180
199
239
141
182
189
217
235
221
178
146
215
183
176
146
110
186
186
217
219
188
165
177
180
164
67
198
129
192
221
161
154
195
169
189
133
192
229
212
183
185
113
176
192
174
157
174
159
173
170
117
208
191
189
164
161
163
216
165
198
224
175
173
234
208
160
185
218
226
162
228
139
233
114
190
160
204
223
132
232
173
208
207
192
160
174
77
200
166
216
214
210
194
223
215
159
227
222
225
218
184
227
190
252
169
211
196
187
147
169
181
192
223
201
196
210
199
197
242
243
217
228
175
199
207
207
202
216
211
217
192
232
180
221
199
234
184
174
199
186
209
216
184
223
195
235
225
195
228
203
171
209
202
178
243
197
236
183
230
229
185
152
164
195
232
151
198
227
161
195
132
217
205
154
219
201
147
203
192
171
178
208
208
161
227
169
177
184
189
187
178
167
231
193
205
203
179
203
204
166
207
201
224
167
196
195
179
174
170
184
175
196
145
213
206
211
166
210
208
176
172
156
166
154
188
157
185
102
229
176
154
214
148
194
212
150
127
186
176
181
156
197
211
208
140
193
149
162
114
147
156
224
140
187
188
140
166
192
199
207
154
186
207
217
132
197
188
224
171
195
188
220
176
154
175
153
198
103
218
203
193
178
212
222
257
215
135
155
168
136
197
208
205
198
188
221
214
202
216
225
203
196
208
206
208
177
188
205
192
222
172
218
154
225
181
229
245
226
189
183
220
212
183
220
130
193
191
221
181
245
177
157
210
198
186
175
221
142
204
194
182
190
199
178
214
189
194
211
202
187
168
212
150
209
214
185
218
166
167
244
181
121
167
215
216
200
201
227
216
203
198
149
139
140
193
211
189
187
164
203
196
180
204
198
177
175
204
162
227
189
136
182
146
155
194
166
208
173
193
183
189
181
173
181
230
222
190
197
223
163
196
136
130
144
48
191
188
144
123
193
179
209
190
144
190
220
166
185
135
144
155
167
187
120
212
143
149
160
192
214
186
173
211
191
172
182
147
133
154
230
164
178
178
198
167
150
108
215
194
165
172
205
201
172
177
191
197
230
204
202
191
233
183
132
206
225
186
196
147
183
178
200
162
190
173
187
201
149
185
112
199
170
217
190
195
225
229
227
226
163
235
221
207
187
199
244
202
172
201
187
223
185
162
142
186
221
197
168
218
197
192
165
227
204
215
177
194
178
184
208
212
176
218
208
238
178
182
144
234
186
221
202
171
161
225
235
216
220
169
214
158
229
189
195
194
194
189
183
211
101
217
172
117
170
163
218
232
191
185
159
237
164
186
217
170
190
215
198
227
217
183
212
173
179
187
151
173
202
153
188
154
246
143
218
197
220
217
206
225
171
206
186
206
156
216
172
186
187
251
206
185
172
182
176
187
191
205
147
164
187
143
163
198
194
163
187
199
187
172
127
185
125
160
227
188
184
179
178
162
195
127
180
214
208
183
160
196
156
149
117
155
211
204
168
168
209
224
126
113
190
177
197
196
194
124
144
211
217
220
94
188
238
198
178
174
204
217
191
208
214
226
157
174
180
179
167
174
176
145
177
187
222
156
203
187
194
197
192
115
140
157
171
223
189
204
211
152
157
155
220
165
94
192
158
169
209
180
200
165
172
162
160
193
121
160
154
200
200
200
227
247
203
219
174
179
191
162
182
154
217
201
193
234
154
163
146
138
189
171
211
168
224
132
210
169
180
220
153
144
127
128
212
162
92
161
204
149
165
157
182
174
157
159
103
198
201
165
96
163
165
179
92
160
124
203
131
188
210
166
208
93
175
142
199
184
164
113
213
242
153
148
116
154
186
103
207
157
140
167
145
174
173
160
172
195
219
151
154
208
212
185
133
139
196
198
176
198
191
138
215
163
131
155
147
219
210
152
206
180
166
199
184
198
171
203
145
219
165
118
212
179
188
144
201
124
173
182
195
139
208
165
188
164
197
192
172
182
222
181
175
220
190
186
166
116
208
176
197
172
225
167
158
214
201
141
198
200
170
198
213
225
181
196
227
200
195
202
186
183
214
163
184
137
184
194
129
157
167
151
152
228
175
154
168
102
124
225
200
153
202
156
181
146
187
127
169
151
204
215
197
184
170
188
186
243
174
175
169
228
184
170
145
190
141
231
203
217
187
218
177
178
109
162
175
169
224
185
194
171
185
199
187
183
181
178
192
209
141
108
169
204
187
209
206
193
174
158
182
145
232
140
185
148
158
138
175
187
164
188
173
155
208
159
180
178
175
180
177
197
172
152
98
212
229
143
196
179
226
194
188
191
193
180
160
148
195
201
148
219
154
174
194
139
188
161
164
165
177
187
151
183
220
190
188
197
148
183
198
199
214
176
206
186
206
181
212
153
179
193
231
211
192
172
215
192
81
179
184
210
188
207
181
195
220
118
130
228
138
177
206
215
153
171
192
189
210
162
212
127
214
181
182
225
195
221
149
188
213
199
137
184
206
224
182
125
180
202
179
185
220
172
155
196
164
183
198
209
185
164
197
153
179
201
213
173
200
146
203
169
204
199
168
206
166
198
205
189
205
211
171
173
66
168
201
202
200
175
156
182
190
160
185
168
224
172
182
210
190
175
189
202
182
158
227
163
218
192
212
135
194
171
175
188
212
161
109
204
137
149
170
181
189
188
217
147
165
178
203
209
122
185
68
161
162
193
141
107
204
191
150
230
164
193
199
169
145
171
126
184
176
156
186
133
180
140
179
172
117
179
176
203
180
140
193
178
196
175
168
199
139
166
184
167
177
157
193
190
167
191
188
225
153
205
171
167
157
180
140
166
178
179
173
164
217
175
180
202
154
179
186
209
180
179
149
146
202
197
170
118
191
197
194
182
170
160
209
133
215
213
201
130
167
173
170
174
177
199
153
198
157
122
210
165
176
208
203
130
200
212
193
196
184
196
234
222
207
190
214
200
205
181
205
162
185
197
201
193
184
150
168
177
180
203
169
146
195
175
168
201
197
224
215
185
163
165
190
205
177
122
176
177
166
199
170
171
194
195
225
193
147
194
142
194
192
165
174
170
162
219
184
135
183
155
161
158
208
200
152
153
192
171
153
173
228
190
215
187
205
219
144
140
191
172
244
178
85
201
166
238
182
130
193
171
197
240
163
114
133
193
132
123
170
134
220
140
201
216
210
175
175
207
236
208
221
216
144
163
220
175
185
209
170
165
146
161
235
152
142
151
194
192
160
166
188
211
157
170
153
141
187
164
207
189
191
176
182
182
184
167
189
188
168
166
190
196
159
178
195
184
143
174
131
182
182
184
183
157
131
105
221
173
211
180
182
190
133
212
175
169
153
226
175
183
183
128
198
112
208
180
136
170
205
153
209
189
169
178
192
202
219
201
173
209
189
221
167
227
207
120
206
212
177
203
181
190
173
190
171
177
199
119
200
147
186
213
198
232
205
207
165
159
190
158
183
193
211
178
187
192
229
214
176
152
169
193
151
157
196
176
225
158
145
193
189
213
209
170
140
209
151
206
223
165
229
195
217
206
140
116
209
185
233
177
119
171
227
184
225
179
142
191
148
189
238
152
216
192
143
238
177
240
173
202
59
201
188
191
150
173
229
138
161
187
229
151
170
199
135
127
220
157
141
186
195
180
220
190
134
180
185
178
226
210
119
102
201
149
203
114
166
76
117
184
125
166
162
131
146
135
169
147
194
189
112
183
179
198
145
136
154
206
180
161
166
167
154
218
209
202
130
65
182
166
212
131
190
182
153
193
156
176
208
185
185
193
136
210
178
210
212
173
211
137
197
195
223
187
247
213
134
160
198
123
199
176
205
174
203
181
187
186
206
202
190
169
191
179
172
227
171
171
173
172
212
182
201
154
193
208
190
209
172
186
159
193
201
214
139
153
212
171
205
211
196
229
133
188
210
199
137
204
176
217
176
204
207
222
198
186
191
186
196
139
211
153
208
220
188
131
204
223
196
151
176
222
156
188
182
205
211
166
157
173
215
181
172
246
203
216
171
196
184
125
189
227
252
148
147
200
194
178
95
178
172
138
175
169
189
172
161
238
194
118
211
169
158
158
130
205
205
176
190
186
164
151
231
177
192
179
180
176
192
167
180
136
208
187
175
155
201
171
148
185
176
183
151
150
213
188
134
181
200
181
140
179
170
145
189
131
120
155
192
196
171
168
107
191
168
159
159
164
165
173
188
87
202
144
127
156
181
197
175
206
183
196
172
176
175
186
222
194
190
182
190
170
161
142
132
123
167
183
167
189
192
170
172
197
190
195
181
220
194
150
189
165
163
181
226
208
174
175
166
196
161
181
191
205
210
191
203
183
199
185
207
208
196
167
186
184
134
214
138
150
146
190
170
202
91
145
191
169
191
177
214
193
229
183
161
195
176
203
224
161
204
191
212
160
187
150
208
192
208
193
188
150
216
232
198
162
167
208
174
203
181
192
216
217
162
162
162
157
147
178
191
178
178
190
207
182
226
158
166
182
179
201
129
201
183
187
164
134
133
147
164
181
191
152
156
189
181
211
156
203
194
199
145
198
181
192
158
167
147
191
168
152
183
148
157
168
164
182
181
173
153
180
87
148
147
156
127
186
164
176
138
209
190
160
148
164
173
160
172
164
139
103
175
140
139
150
157
159
182
142
146
136
166
150
158
138
143
192
198
187
195
192
81
167
197
206
220
190
197
226
174
168
205
192
198
218
191
196
189
188
164
214
191
211
196
191
109
199
219
199
230
155
172
172
213
229
154
228
187
200
206
171
187
202
231
184
173
217
116
168
202
199
182
195
153
200
201
145
191
184
187
119
155
168
178
180
174
188
160
198
196
195
188
185
196
218
161
179
215
176
161
166
165
169
206
233
238
157
191
209
206
210
161
219
204
157
174
142
164
167
238
165
136
220
155
189
165
226
175
163
178
99
143
179
202
165
129
156
213
217
218
186
182
204
199
142
177
172
211
230
175
174
221
199
204
185
200
179
179
183
202
192
170
152
161
212
198
