329
238
375
364
360
349
301
369
311
332
311
362
329
265
352
286
346
329
220
368
336
324
314
388
336
286
349
246
328
336
315
299
350
332
308
334
327
239
347
342
368
285
364
328
332
280
327
287
362
305
335
326
376
302
363
328
357
302
317
231
263
341
304
215
315
403
342
364
367
341
327
326
344
310
343
392
363
312
377
315
243
328
367
290
370
341
321
326
371
347
324
289
358
377
326
349
391
357
347
363
260
248
377
370
354
299
354
204
344
343
307
364
339
351
342
353
344
381
347
336
389
382
391
288
303
360
151
315
341
383
328
173
346
335
339
338
368
394
280
362
314
289
302
332
330
356
346
337
289
292
300
285
281
327
374
353
273
255
294
153
336
351
327
351
271
413
363
298
343
319
320
328
313
384
343
286
350
351
328
388
313
288
306
328
304
238
263
327
274
338
338
347
260
372
222
380
385
319
227
259
284
219
351
326
318
322
367
290
330
270
303
338
330
325
367
325
336
348
276
333
289
335
359
343
301
350
330
298
315
325
329
342
321
301
345
357
317
268
338
294
284
311
361
330
347
248
280
396
314
305
380
279
314
306
339
332
290
363
354
282
296
172
328
338
392
281
369
343
307
378
330
366
340
291
310
331
318
299
218
290
321
278
307
344
347
351
352
338
248
302
346
371
333
319
313
307
314
318
345
330
346
340
353
348
353
302
338
292
333
327
351
391
296
347
363
395
378
347
350
399
385
287
305
378
293
309
280
347
226
355
369
349
383
250
320
376
342
297
326
287
375
326
347
243
344
381
306
250
326
293
341
308
271
338
364
278
344
249
300
353
287
309
328
287
336
362
288
319
293
303
202
332
253
357
376
366
339
337
195
266
315
286
349
400
290
347
238
358
341
314
324
197
282
259
303
246
378
347
353
233
310
301
146
347
293
309
291
323
328
335
291
316
358
327
349
257
365
344
297
389
347
269
299
309
349
294
272
345
257
304
384
374
374
341
334
304
269
237
343
303
349
358
321
316
194
250
327
390
295
323
348
378
343
364
377
334
358
365
401
350
317
315
284
296
327
376
334
390
313
402
336
338
263
360
281
296
357
294
378
370
319
322
391
350
388
321
354
353
350
372
355
321
331
334
360
338
339
256
251
326
310
330
236
372
380
336
311
322
339
314
334
293
312
331
370
309
369
427
336
371
396
366
318
295
343
307
320
318
313
361
349
264
322
369
296
232
320
367
347
352
313
331
288
325
322
334
329
370
274
328
361
255
352
295
394
297
262
302
269
307
346
316
365
357
376
390
308
297
378
392
213
304
247
299
323
334
280
284
358
345
318
319
307
364
364
327
282
329
336
380
271
304
290
384
284
251
391
341
319
315
294
329
311
314
347
281
288
301
328
275
342
336
293
335
388
355
292
305
335
264
266
310
337
261
200
340
336
202
288
333
311
324
307
279
372
333
324
319
320
338
317
323
357
270
336
315
338
290
281
332
250
313
337
344
312
352
325
301
317
327
310
201
293
323
346
305
251
352
312
354
316
332
343
347
373
339
373
361
237
292
334
325
222
281
274
334
217
357
278
353
273
273
306
364
359
361
321
318
317
325
373
292
360
308
227
317
373
355
321
314
320
268
261
339
334
305
341
379
292
313
357
342
309
278
356
391
326
356
343
361
285
338
330
286
370
274
313
405
330
323
361
241
310
334
302
360
382
368
345
293
282
354
260
354
246
376
236
381
319
274
337
353
387
387
263
338
312
380
348
320
338
361
325
348
353
330
310
276
310
316
299
300
368
275
370
399
223
366
374
208
315
347
346
282
307
346
398
258
233
239
336
265
308
241
346
281
363
314
222
304
258
342
294
347
321
302
258
302
328
301
322
256
319
302
310
346
272
329
325
281
313
321
245
220
331
292
263
369
233
335
369
316
235
330
330
278
238
350
342
369
303
341
331
372
367
338
363
316
297
345
358
285
301
311
297
277
317
353
337
316
338
285
306
374
323
388
342
333
360
321
349
381
335
327
340
338
316
314
294
336
369
245
278
309
280
377
267
265
337
335
330
194
387
321
232
343
329
225
361
313
339
314
298
286
392
333
381
317
355
201
320
391
289
370
355
346
356
337
378
328
336
352
326
214
374
369
323
306
341
379
248
315
322
204
309
343
312
354
301
345
261
316
340
370
356
389
310
394
269
156
380
348
331
285
318
230
246
323
225
296
352
315
307
400
362
358
317
319
330
335
383
225
297
359
339
367
326
265
361
337
326
346
358
237
325
335
347
374
363
318
256
360
308
269
250
201
300
302
351
360
310
274
298
320
294
116
315
265
354
369
278
282
329
279
324
221
338
385
364
302
321
218
316
316
316
270
327
269
295
297
218
346
315
326
282
274
300
327
283
349
375
291
288
394
351
305
318
337
357
283
384
245
354
212
340
288
314
346
236
393
324
350
354
329
285
301
136
340
313
367
348
330
327
371
386
296
362
368
344
362
332
380
284
409
283
357
361
326
272
320
320
347
357
343
333
368
349
353
352
370
376
356
318
352
350
377
340
361
346
335
332
396
311
356
335
376
300
324
345
330
336
360
310
376
313
389
353
335
383
346
328
348
371
296
372
324
381
335
388
382
299
256
292
326
383
253
338
351
284
336
249
358
353
292
381
346
249
349
328
300
312
353
324
297
366
287
333
331
313
316
316
312
372
308
357
364
318
359
346
293
346
331
351
297
345
341
314
292
289
331
293
318
271
360
316
343
296
361
338
308
300
264
294
282
315
272
326
203
366
294
271
358
243
342
336
263
242
318
301
316
284
343
376
331
251
347
252
275
212
273
255
373
248
323
318
239
292
314
325
353
292
312
341
367
227
334
323
377
312
344
342
335
300
265
289
262
346
187
380
328
338
299
355
367
419
364
247
278
281
241
319
335
329
347
324
350
349
346
364
376
343
326
327
354
364
302
310
355
335
356
318
366
276
364
308
371
401
392
352
290
342
373
315
367
224
324
335
364
310
398
296
305
353
332
324
314
368
260
361
334
307
327
350
305
355
315
337
346
345
310
271
350
277
333
363
309
356
253
327
400
299
220
311
332
363
367
331
377
344
323
307
266
247
272
336
347
311
346
297
340
310
300
332
343
320
307
322
272
368
318
243
321
258
294
322
319
358
322
332
309
338
319
317
290
342
368
363
317
376
280
307
248
233
253
118
335
317
258
242
333
305
335
322
231
326
347
282
302
231
256
272
291
321
197
339
238
276
272
294
374
301
293
348
316
285
311
246
223
268
360
293
296
303
331
303
270
224
354
323
302
306
347
347
305
331
334
326
377
350
328
311
371
315
242
331
357
307
321
257
324
308
320
290
332
281
326
352
265
313
211
338
289
375
314
341
365
386
384
380
270
384
370
347
327
315
381
340
292
353
334
364
317
283
256
345
356
321
291
362
330
315
328
386
337
343
316
334
311
336
355
360
288
371
359
386
325
279
260
362
319
351
354
289
276
373
388
350
337
319
376
286
370
344
341
351
333
320
306
341
191
382
286
196
310
289
349
383
322
316
314
385
248
332
378
310
351
357
347
351
369
318
363
308
308
316
268
327
371
273
335
267
394
274
372
361
333
363
340
392
284
322
328
359
263
377
295
298
322
376
320
317
276
315
308
311
335
353
246
280
323
250
296
301
337
279
326
351
312
302
253
300
221
271
371
302
323
307
288
295
323
245
290
353
334
330
293
332
286
254
209
271
343
344
312
311
347
367
208
198
302
316
335
327
334
222
265
316
358
345
180
328
379
338
315
325
341
350
329
337
368
344
279
300
312
298
291
303
322
263
312
301
355
292
319
340
359
337
323
211
261
282
272
345
306
344
360
274
281
290
365
291
186
324
274
297
366
341
347
294
316
298
288
331
225
292
268
352
340
338
373
384
350
387
316
315
327
289
307
269
346
350
345
371
270
283
277
278
331
310
325
298
390
235
370
315
317
356
257
248
251
257
314
293
174
307
315
280
275
251
323
302
264
297
201
315
327
283
166
304
296
296
186
286
192
345
200
320
324
290
343
163
305
239
334
349
287
199
337
373
266
226
211
293
336
193
339
272
259
273
237
309
293
283
278
328
372
299
276
335
331
336
242
258
304
343
289
359
321
264
344
278
267
292
280
344
338
283
337
299
288
324
327
335
287
343
244
385
297
209
335
315
306
252
329
237
297
331
298
256
346
293
314
300
340
317
305
333
366
321
293
388
330
300
275
204
347
288
332
282
363
316
285
368
320
262
351
337
301
327
342
360
304
340
353
329
337
346
315
326
367
263
320
241
319
334
239
287
294
289
276
344
299
274
288
197
246
367
348
284
326
262
326
263
334
243
306
290
345
356
343
333
286
316
323
371
300
325
281
336
313
290
281
336
255
348
350
368
293
368
298
342
196
247
283
305
358
324
320
285
311
330
317
319
321
324
313
362
278
175
277
337
337
344
349
343
329
278
301
261
356
252
330
282
278
261
319
332
293
320
275
259
355
282
300
287
316
276
310
320
307
267
198
347
357
240
331
283
366
332
322
301
301
296
277
292
318
331
255
331
272
298
332
253
318
290
276
277
307
322
262
317
367
327
312
332
249
321
327
328
348
296
354
322
339
292
358
272
300
325
376
339
337
310
375
330
153
315
307
336
304
341
311
342
365
202
249
368
252
333
354
355
275
313
348
349
323
277
324
233
341
298
342
367
340
351
260
323
336
347
236
283
356
345
306
236
329
352
314
301
383
305
247
350
271
297
347
334
304
310
332
276
304
336
340
305
348
238
327
322
372
355
300
332
286
340
345
349
358
356
289
297
148
301
336
349
364
301
267
309
332
296
304
287
370
294
296
339
320
305
340
350
293
271
392
272
354
325
357
267
335
256
296
332
345
252
197
320
251
284
300
310
326
313
341
280
278
332
319
338
205
305
115
269
279
318
282
201
344
332
283
359
295
330
325
307
245
268
231
310
290
232
335
243
304
251
313
303
214
336
323
335
310
259
334
327
338
290
282
343
262
289
308
287
317
278
332
321
287
309
306
364
268
321
286
281
268
315
258
290
300
302
314
296
359
296
326
327
261
320
321
351
312
284
247
261
325
314
280
194
330
304
317
308
299
304
344
241
372
350
314
260
310
299
304
305
291
322
275
331
277
230
352
284
341
340
353
231
349
346
315
314
322
305
378
356
333
303
369
341
313
301
336
293
315
344
343
334
336
269
273
327
323
356
286
259
319
306
275
354
334
350
364
314
297
289
333
356
304
227
317
312
294
325
272
290
308
331
355
333
261
309
263
321
314
315
309
273
278
355
307
234
310
278
289
297
376
338
254
266
338
308
250
289
349
295
345
326
352
381
250
261
303
307
370
315
161
336
315
374
307
231
318
287
341
380
283
218
198
314
245
222
315
261
376
268
330
361
333
305
298
365
401
333
361
348
242
277
369
275
313
350
297
264
277
273
392
274
249
249
318
332
282
297
337
365
286
289
268
249
333
281
345
311
344
278
303
302
323
284
324
309
281
286
345
317
282
315
303
302
251
286
246
312
312
322
293
255
244
215
356
303
374
328
333
309
255
358
310
307
283
367
298
308
321
242
321
202
333
316
239
285
350
262
330
329
284
313
341
330
354
344
299
355
336
353
296
383
369
212
358
343
316
328
314
328
303
333
327
316
334
219
341
282
344
352
339
375
322
349
274
252
299
270
320
330
336
304
333
339
379
331
293
265
301
340
269
273
340
304
370
292
246
315
339
376
355
298
257
337
254
325
355
292
379
327
379
323
240
201
340
332
397
319
240
307
375
327
336
281
263
332
287
337
389
265
361
341
255
359
303
361
292
325
147
361
323
335
266
307
388
229
302
340
399
265
299
345
244
229
340
270
263
312
329
302
355
332
238
317
331
317
341
334
206
193
332
258
357
218
289
142
186
306
236
298
291
242
254
240
279
257
328
295
216
338
289
308
267
251
273
317
299
287
282
283
295
339
341
342
240
135
326
281
319
237
322
332
286
367
261
319
366
317
309
330
233
327
290
318
386
297
340
238
337
339
385
328
390
348
218
281
327
237
338
283
341
319
344
305
308
323
347
358
302
294
329
321
300
343
294
308
307
306
371
317
303
274
321
342
323
329
306
323
299
340
333
374
265
295
351
278
341
360
307
365
243
327
366
331
262
354
319
364
304
338
354
396
343
323
344
317
331
263
348
299
368
370
335
269
344
363
318
274
301
377
267
330
321
341
345
281
287
308
336
309
298
375
334
378
285
332
319
225
326
356
393
228
254
328
314
310
161
311
300
255
310
293
310
289
273
390
332
191
340
336
278
242
208
334
350
293
330
340
272
259
377
333
343
313
316
288
320
288
304
249
346
301
318
274
322
282
270
306
301
310
274
268
366
328
221
308
332
286
241
308
287
256
299
224
218
277
298
312
283
281
214
317
275
291
265
300
259
309
325
174
342
238
222
293
306
329
291
339
312
326
314
281
306
331
362
326
317
326
329
294
313
244
228
238
280
309
329
328
319
302
288
328
325
353
313
389
318
275
329
291
278
319
366
343
291
305
306
326
295
292
337
355
345
322
333
299
330
320
333
342
304
277
307
303
237
364
290
257
276
307
310
360
190
265
330
312
332
322
335
301
355
317
292
342
322
330
370
313
331
323
329
272
336
280
362
340
344
333
312
256
355
385
320
272
316
367
319
335
314
312
366
361
279
261
265
276
239
299
342
307
296
335
370
329
346
287
297
285
318
316
226
358
301
316
276
212
237
267
272
318
324
286
263
337
299
353
268
342
325
340
276
336
303
318
284
264
245
329
287
289
317
249
282
293
289
311
296
308
269
293
175
245
285
267
237
292
284
327
232
324
309
290
244
288
312
308
276
281
244
188
278
253
235
266
264
292
328
252
251
236
302
249
281
254
253
344
345
323
342
325
159
281
344
336
362
334
324
388
274
287
310
324
356
366
329
328
301
315
271
345
316
326
331
300
202
327
370
339
380
276
284
302
360
354
272
370
318
343
331
266
334
322
376
311
298
369
218
279
330
341
313
355
263
338
350
273
357
323
310
236
282
298
299
340
323
336
283
346
333
323
310
336
334
358
280
304
372
293
284
307
276
279
359
387
395
285
306
345
355
355
278
367
324
267
317
244
283
294
383
261
228
345
273
325
280
389
294
278
292
185
271
323
307
293
229
292
347
361
368
308
307
351
320
242
337
301
356
386
287
293
359
333
359
303
349
299
309
314
356
310
297
289
238
362
340
