83
45
46
73
49
52
29
42
64
45
41
11
52
35
53
70
72
37
60
53
61
51
60
36
41
69
61
51
59
49
54
47
73
64
53
67
70
65
36
34
61
54
41
49
60
61
36
44
43
54
65
23
45
30
42
74
53
85
53
73
68
43
96
58
71
55
83
53
59
66
34
55
49
32
44
48
44
72
57
64
64
56
55
62
41
38
48
26
36
72
72
57
59
65
40
74
10
49
26
76
30
56
52
40
64
51
62
44
34
74
33
55
44
70
41
53
50
41
58
38
75
75
57
57
55
63
64
31
59
23
55
66
65
44
80
64
73
61
42
63
70
34
48
47
17
78
56
71
62
43
43
52
9
44
45
66
73
36
39
60
37
49
33
42
53
49
62
58
49
37
46
50
52
35
41
47
36
42
37
15
64
59
42
68
31
45
53
51
62
50
18
55
68
43
54
55
50
62
52
43
61
44
65
43
53
60
47
33
9
51
54
59
40
57
48
54
42
67
45
59
45
48
58
58
11
47
56
74
40
41
79
34
56
61
52
71
42
53
41
62
51
45
33
71
45
39
36
52
50
26
69
56
57
23
59
57
71
62
67
48
59
64
84
51
43
33
56
61
21
22
37
59
51
74
51
36
25
63
52
61
9
41
48
48
44
55
57
26
62
49
80
65
70
44
62
38
50
31
60
60
64
52
57
38
61
48
50
45
54
61
80
53
67
10
40
31
57
45
47
33
66
64
78
56
38
44
36
59
47
61
59
78
45
61
63
44
37
42
61
47
35
63
56
77
36
69
31
47
16
74
40
66
51
10
70
42
45
32
59
34
42
62
59
60
57
51
58
69
68
47
45
28
57
60
53
26
53
43
66
53
32
39
31
39
74
52
55
44
69
50
43
48
56
50
73
63
39
69
46
61
46
30
17
80
70
62
53
60
37
53
38
40
29
46
20
89
52
43
60
41
83
42
64
63
55
68
43
39
55
53
56
69
41
57
61
47
65
47
25
57
53
70
54
54
67
39
52
59
60
59
44
40
33
65
61
53
81
35
46
53
68
80
37
65
28
50
42
66
61
67
63
70
17
64
60
49
70
61
60
70
87
29
12
82
57
52
68
46
56
73
60
62
70
77
74
51
57
58
65
49
64
52
36
59
51
49
40
54
77
68
31
50
45
64
49
61
82
33
74
63
68
52
49
44
51
47
71
59
65
65
62
65
48
28
39
83
62
69
73
69
67
68
57
48
68
12
42
47
43
66
40
37
87
31
64
45
69
53
37
30
19
45
39
40
61
59
41
44
53
56
21
71
80
53
35
69
9
63
62
74
64
37
10
48
64
68
26
52
46
63
56
31
73
53
46
3
57
63
38
45
42
40
64
12
64
69
41
69
46
37
74
64
52
66
48
68
13
53
49
48
47
68
47
43
78
59
30
59
29
43
51
49
47
60
67
39
63
66
37
67
46
53
51
57
79
18
68
48
25
52
59
81
57
55
47
42
55
78
41
59
40
73
64
57
55
44
58
30
61
56
79
19
76
36
51
43
80
29
56
73
16
52
77
58
60
61
50
42
43
59
62
43
79
69
31
54
82
15
58
32
50
64
65
57
39
73
38
52
71
66
18
34
44
69
77
59
68
73
70
47
72
29
65
55
42
33
50
56
82
70
30
63
54
41
74
48
66
48
77
42
75
73
74
28
68
34
17
53
66
52
58
41
51
68
56
61
59
80
30
56
63
55
54
34
49
43
23
19
44
57
58
51
38
43
86
66
15
53
41
8
54
73
56
29
55
48
71
16
52
11
72
56
64
63
51
13
25
37
22
64
13
47
45
55
49
63
69
61
59
40
22
55
77
43
39
80
28
72
45
55
38
29
57
41
59
68
41
58
44
61
45
49
43
50
58
46
18
45
64
34
61
35
46
52
41
54
46
43
62
49
63
57
54
65
51
54
68
60
49
60
41
64
52
57
39
71
70
57
49
51
81
50
65
62
72
39
43
44
36
50
28
28
64
68
41
49
35
44
36
52
37
65
68
26
68
73
87
56
65
60
68
45
56
50
49
77
48
95
63
45
74
53
55
73
69
53
51
40
21
32
45
53
37
67
42
33
60
79
67
46
58
72
53
77
67
56
74
49
59
62
54
37
68
55
52
51
54
34
35
46
25
65
60
50
47
46
75
65
49
68
37
48
71
53
68
75
69
40
66
55
44
58
67
56
63
46
81
49
34
9
47
46
68
51
38
58
72
37
51
55
54
47
44
29
28
46
46
35
64
65
51
53
48
44
70
55
56
58
46
36
60
43
61
47
49
43
31
28
48
53
52
59
50
59
66
47
38
39
66
63
45
25
32
49
9
55
38
60
29
54
61
42
33
23
41
52
64
25
56
20
80
71
50
74
51
21
49
51
57
67
20
50
41
61
59
41
41
41
57
46
18
40
36
10
65
40
53
64
56
61
67
68
34
45
70
62
62
57
43
60
68
50
56
42
46
51
8
44
31
56
68
37
42
37
44
69
57
54
42
55
61
52
63
10
40
51
28
55
56
45
64
72
45
66
82
17
64
39
74
80
58
61
54
62
86
20
56
40
48
37
51
41
65
62
38
37
49
57
29
50
71
39
44
36
49
56
39
33
87
52
58
39
79
67
51
66
28
67
76
18
40
58
47
50
61
44
72
49
50
34
47
51
67
42
53
17
77
69
76
57
48
80
42
65
48
47
44
67
51
68
58
82
42
42
60
64
38
64
42
53
45
71
54
51
45
69
64
46
54
32
64
73
68
50
55
48
77
9
39
36
65
63
62
57
67
77
42
30
43
50
46
29
27
71
54
40
71
48
30
60
86
53
66
42
43
60
57
58
47
55
54
47
29
67
75
72
29
46
61
51
48
42
55
72
58
56
29
66
52
40
46
67
73
30
56
57
41
47
39
26
24
33
31
63
64
12
55
58
67
84
41
39
60
40
16
42
35
56
58
61
59
73
67
65
59
20
45
70
50
37
59
54
67
50
46
60
21
50
49
67
30
44
61
18
58
37
39
65
44
70
70
70
48
60
70
56
59
51
48
55
52
65
50
60
44
58
31
87
41
50
50
63
36
57
35
60
28
48
52
52
28
46
33
57
64
19
70
67
55
59
78
58
67
17
29
77
50
28
51
57
57
61
81
65
48
41
59
55
51
28
50
29
60
65
37
60
43
49
80
25
27
77
45
50
30
52
68
52
39
51
61
77
50
51
32
37
38
42
50
66
57
69
53
47
44
51
61
47
33
47
47
20
55
40
61
56
38
72
28
35
68
26
43
76
70
47
43
59
50
34
58
72
50
51
57
64
70
37
77
64
68
59
51
51
55
53
61
68
50
45
79
60
67
47
61
73
46
62
50
61
82
47
44
79
46
59
49
56
44
56
73
60
53
73
39
58
48
16
65
52
63
51
51
69
65
58
52
24
59
78
69
82
91
73
79
43
34
75
27
59
45
56
66
74
76
43
57
33
70
63
67
51
56
45
49
49
58
57
54
55
62
48
72
52
25
67
59
53
42
55
55
26
71
54
23
74
60
47
51
23
55
29
76
63
62
46
28
60
74
64
65
39
75
43
64
55
71
52
53
45
45
54
38
49
70
67
39
66
49
70
62
41
45
36
65
54
28
55
52
75
34
39
67
24
56
65
54
50
63
19
50
64
55
38
41
67
68
28
23
37
29
66
51
57
52
57
40
33
60
54
53
61
41
48
51
38
67
31
67
71
55
70
47
48
42
58
47
50
22
57
42
58
46
50
38
35
46
59
66
57
56
46
62
64
63
49
70
79
68
64
23
43
46
50
68
59
44
51
50
58
48
8
61
44
62
73
13
62
45
48
52
52
36
28
65
63
64
32
44
56
58
41
55
81
72
63
44
47
59
56
59
55
36
59
48
66
53
35
47
58
56
62
40
33
56
46
22
46
44
62
54
45
83
36
18
22
59
36
68
58
53
35
42
68
34
71
18
44
41
46
38
37
49
42
58
23
40
65
27
51
68
26
36
34
47
62
62
63
55
48
79
42
15
67
67
63
47
56
50
61
52
36
21
63
62
46
56
66
55
8
52
51
61
66
56
39
57
57
84
56
48
33
62
63
64
71
42
35
49
47
17
54
66
33
60
49
41
41
57
52
11
59
43
41
53
44
52
45
64
37
16
56
58
58
70
55
58
62
43
47
75
39
53
71
37
43
32
75
59
61
60
69
41
56
37
14
73
52
56
56
55
62
59
41
72
39
67
65
65
58
54
64
59
60
63
58
58
43
58
46
78
57
54
50
44
75
18
57
71
87
65
48
45
46
39
65
57
70
53
41
66
72
59
83
37
54
45
62
60
42
32
63
46
33
67
45
48
70
68
51
37
48
53
40
59
41
62
33
65
68
40
9
53
33
50
62
64
48
29
64
52
51
24
67
51
63
16
54
51
32
48
55
68
40
26
53
29
67
27
37
55
56
41
55
44
73
42
44
51
35
60
25
67
9
31
47
35
63
51
45
31
58
46
76
30
62
49
43
56
70
60
45
62
19
62
76
27
31
78
44
38
53
42
40
60
59
26
60
69
54
55
42
36
39
33
43
47
54
32
65
38
57
23
55
56
46
62
46
46
48
57
49
44
67
15
47
42
46
73
50
51
21
84
27
50
51
45
47
53
75
62
68
49
68
47
72
68
66
52
38
64
51
56
65
30
76
59
43
37
38
45
11
26
51
66
51
37
72
54
69
43
78
62
40
49
59
51
35
33
66
41
81
33
52
85
75
48
76
61
67
53
66
49
52
70
51
51
65
24
50
68
35
54
66
56
76
75
51
61
76
52
69
27
56
61
76
18
58
53
55
85
38
64
69
28
54
41
65
61
70
50
47
63
62
61
39
69
64
70
70
39
38
37
37
71
58
53
38
48
36
75
38
27
19
77
63
75
38
37
49
30
55
66
51
64
30
42
46
44
33
63
57
59
19
58
41
60
56
45
66
67
41
64
55
45
42
63
46
72
56
74
50
30
20
58
36
21
64
63
60
41
47
77
36
66
51
69
45
52
44
85
41
29
51
76
33
34
44
54
58
39
62
56
49
56
21
55
52
41
44
31
54
69
75
52
51
68
54
68
40
45
82
68
51
14
40
56
63
53
53
43
42
63
63
50
59
64
63
51
59
48
60
51
20
50
33
43
44
56
46
61
64
52
76
59
61
42
31
16
60
58
57
35
52
38
88
65
39
49
25
54
62
68
69
20
75
39
62
45
35
42
57
58
44
54
59
44
56
72
51
53
35
65
65
52
60
54
64
39
63
42
69
56
63
39
48
26
50
53
58
49
89
84
66
49
50
40
46
48
51
73
53
62
59
41
49
50
66
79
67
62
45
44
46
55
78
64
45
61
65
48
66
60
37
22
54
68
38
64
58
68
64
32
38
47
68
51
22
51
35
58
83
58
58
30
45
30
55
43
63
23
44
35
55
55
51
49
45
17
58
43
59
39
47
55
37
66
49
55
34
61
44
45
39
36
44
53
54
34
51
26
44
37
25
57
48
64
56
61
47
42
56
53
43
50
48
64
28
77
49
46
51
41
58
40
42
57
44
43
68
53
51
52
62
49
54
57
71
37
34
45
54
51
43
42
57
62
27
42
58
38
49
66
48
50
55
55
68
74
43
38
47
23
69
48
58
56
58
64
43
57
59
47
27
72
61
40
34
44
39
68
52
36
53
60
63
38
33
65
55
27
42
79
25
22
84
28
20
57
44
63
76
50
47
66
74
63
51
40
73
64
54
45
67
60
67
32
53
76
55
34
45
42
49
63
58
64
34
74
49
39
58
48
28
35
68
39
58
14
71
52
43
65
47
29
55
57
80
50
47
60
76
48
76
87
47
62
52
75
55
64
50
36
44
53
53
59
38
57
39
48
50
43
35
50
50
40
42
48
12
56
64
58
48
31
49
46
52
42
69
21
20
73
41
56
53
25
52
54
71
50
54
50
55
42
42
16
46
54
50
55
55
64
55
49
35
16
48
62
52
41
56
40
32
49
67
65
58
33
37
71
48
59
70
56
51
42
52
51
65
44
45
51
68
66
46
32
54
62
53
66
62
81
51
10
63
71
51
44
55
41
22
36
50
57
64
11
59
48
44
67
52
60
55
40
49
25
59
80
66
44
89
40
43
53
53
69
68
35
39
36
75
47
52
58
80
65
46
49
72
65
54
50
49
50
63
45
51
76
75
28
46
77
61
76
74
36
55
71
43
55
37
55
61
66
59
50
35
82
60
62
75
55
70
47
36
39
62
67
57
41
72
45
76
47
59
52
37
50
50
33
57
38
69
57
39
37
68
46
48
26
11
66
59
75
58
55
50
32
65
25
45
58
44
14
54
18
41
49
40
36
38
37
51
63
55
57
51
48
26
62
25
36
61
71
43
47
73
54
58
56
39
47
48
47
51
53
70
39
41
45
58
64
39
61
55
51
56
57
52
56
29
62
23
50
34
52
69
42
57
51
70
81
71
62
49
60
70
41
42
59
50
45
51
45
59
72
62
44
50
35
63
62
74
23
57
58
61
53
51
13
60
60
42
56
58
61
48
50
33
45
99
26
47
65
54
59
55
65
53
43
53
67
54
58
69
62
56
37
77
68
60
51
54
77
53
64
54
28
48
49
24
52
63
56
68
70
55
77
31
54
63
59
69
60
51
68
26
36
43
66
34
79
37
15
55
42
65
51
34
22
56
59
55
70
69
64
47
43
41
37
53
48
49
47
34
37
52
69
50
41
67
52
57
42
60
51
41
33
55
41
50
51
55
41
53
41
56
41
45
61
55
46
57
55
60
70
12
49
54
34
46
42
30
56
33
56
59
36
58
45
62
71
27
8
64
55
62
19
41
43
50
63
41
53
50
30
43
57
19
50
69
53
58
47
48
65
49
67
50
60
86
48
44
68
42
73
48
35
78
69
45
52
70
33
47
69
31
25
71
49
36
49
85
65
58
65
65
52
58
48
45
63
48
40
45
53
32
36
42
51
55
62
57
56
57
58
37
45
63
73
47
45
34
57
40
38
65
60
19
52
47
71
48
52
77
49
44
30
50
68
58
67
15
68
60
68
56
84
50
72
65
42
47
68
55
39
43
60
40
22
43
34
35
55
66
29
53
65
50
55
40
69
60
72
63
39
55
35
70
51
49
38
68
80
74
44
63
47
66
62
64
74
39
66
66
54
26
38
35
48
55
51
71
47
58
77
65
68
54
