172
97
95
179
126
130
89
108
155
130
102
52
150
112
123
151
146
109
142
127
136
122
157
110
120
172
154
130
133
130
123
130
172
137
134
166
157
127
87
91
157
135
104
120
164
152
92
132
107
158
169
70
132
105
86
158
122
195
121
174
164
121
222
121
170
139
183
120
139
146
90
140
133
79
114
139
102
161
130
136
171
159
114
135
103
101
127
72
91
177
181
162
124
156
91
177
49
126
75
177
93
128
129
104
161
107
135
125
104
170
101
120
94
178
92
114
125
112
153
94
171
152
126
137
114
139
157
86
136
53
134
163
123
121
184
158
162
142
94
154
165
105
143
93
67
195
141
155
158
133
130
144
57
116
89
158
147
113
90
151
124
106
80
102
130
107
146
159
121
83
99
120
103
85
99
102
94
90
72
61
142
150
112
164
70
90
122
97
171
101
57
154
176
114
132
145
137
135
142
116
161
120
167
125
134
119
115
99
38
125
154
140
89
121
107
147
95
138
110
145
115
112
148
144
57
129
127
185
107
116
165
89
122
123
156
160
130
130
93
137
114
115
87
156
100
105
97
143
116
85
182
150
135
62
158
136
183
137
166
107
133
152
179
137
95
86
127
133
73
77
114
126
125
162
111
86
75
140
142
135
50
105
129
106
121
119
163
92
155
147
194
178
185
103
168
107
142
114
132
127
184
103
133
120
142
128
111
105
103
138
179
156
151
47
97
77
120
95
137
98
161
145
195
152
121
115
91
137
107
163
134
202
124
134
145
111
85
105
135
141
104
168
128
182
101
155
68
96
64
163
130
180
128
64
183
98
130
87
154
98
100
166
128
128
117
128
128
133
172
111
136
88
141
119
112
70
152
91
156
148
95
93
83
96
189
149
119
98
150
137
127
130
149
131
193
153
81
171
136
157
125
66
54
174
170
155
156
125
97
134
118
89
92
113
75
176
139
100
158
83
193
90
138
138
127
144
106
97
137
109
125
155
100
143
143
110
151
109
79
149
134
157
133
139
143
114
129
142
130
143
107
97
84
145
144
130
223
100
107
160
152
173
84
139
80
110
105
153
145
157
142
192
56
142
172
115
162
123
148
168
205
89
47
177
152
114
166
109
140
177
162
158
139
178
163
127
155
126
137
115
149
145
96
157
111
104
104
134
170
145
99
119
106
155
124
150
180
78
173
131
180
154
115
112
136
124
181
131
171
144
165
145
108
72
106
191
148
174
168
153
161
183
133
130
171
55
87
122
100
136
117
124
205
85
164
130
179
133
105
81
63
95
102
95
156
116
86
130
123
140
80
159
162
138
92
155
60
142
140
157
138
94
56
117
161
172
97
143
101
154
119
102
177
134
113
21
123
147
109
108
97
92
152
51
155
158
116
149
127
87
161
164
120
149
120
160
45
116
121
114
115
147
98
113
183
130
71
129
83
102
114
112
128
158
142
99
145
134
88
169
111
121
113
132
183
65
169
93
69
120
159
174
128
156
128
118
126
168
101
159
110
168
150
147
147
124
147
95
131
155
195
62
181
105
126
99
184
99
122
164
72
139
167
136
130
146
120
102
113
149
147
109
196
191
79
144
191
56
153
100
109
171
158
120
115
180
89
125
188
144
55
106
106
178
159
138
161
162
175
110
190
73
140
140
107
90
109
110
192
152
81
170
129
100
184
117
182
139
156
96
170
157
175
79
171
84
56
118
176
114
136
113
125
161
127
125
166
187
82
124
129
142
142
87
123
123
74
64
100
141
116
109
100
123
181
156
62
140
100
52
115
179
152
81
155
127
164
72
137
50
168
159
153
130
143
62
66
109
61
137
50
132
108
120
121
170
155
123
142
93
64
119
176
118
120
176
91
185
93
123
77
81
147
103
127
140
86
145
130
132
105
126
102
114
137
121
41
127
142
104
139
102
120
123
105
140
90
103
141
129
136
158
146
148
126
142
143
157
93
150
129
149
121
135
98
162
153
142
109
123
179
138
149
131
161
112
133
105
114
116
85
73
134
156
98
151
103
105
90
124
104
154
156
96
154
173
203
132
169
158
170
97
123
114
112
184
134
207
135
108
167
128
125
177
186
116
136
86
72
91
118
153
113
139
108
104
125
199
171
129
157
154
123
189
160
126
178
93
153
152
109
88
176
136
135
131
142
119
86
108
61
132
142
132
150
137
200
137
135
140
102
115
160
127
168
166
163
96
175
130
119
144
161
125
153
107
177
105
97
40
107
123
147
119
115
117
164
92
137
169
128
99
113
71
98
91
104
99
169
147
129
123
123
114
170
116
129
145
96
119
142
118
149
108
108
127
99
78
119
126
131
146
104
144
163
117
102
82
129
135
110
65
96
113
29
128
110
154
102
111
132
114
96
80
110
113
145
69
126
55
181
156
107
171
148
64
127
128
151
137
60
109
112
154
162
99
113
110
146
116
60
119
86
46
165
84
125
162
127
157
144
146
90
118
168
158
147
140
102
128
164
116
159
104
135
141
38
109
71
151
152
107
121
87
112
158
119
136
98
128
164
135
149
53
119
116
101
133
139
121
164
169
101
172
174
69
149
117
175
174
135
138
149
139
187
75
145
110
119
90
129
107
136
137
104
96
131
136
86
116
157
89
113
85
129
130
74
111
190
123
154
84
175
138
144
151
71
170
179
65
101
150
117
110
135
122
174
106
134
102
114
140
188
113
140
42
171
139
183
121
131
166
131
165
125
118
93
162
156
175
126
197
110
127
154
142
95
169
109
113
116
160
145
115
100
154
140
112
123
79
161
164
144
132
135
128
160
47
90
95
143
146
124
141
147
170
110
91
120
124
122
94
69
163
138
88
152
130
86
140
209
134
151
105
83
147
145
153
140
127
145
102
80
148
156
153
76
142
143
138
129
101
140
149
139
130
68
166
118
110
117
160
166
93
146
145
105
102
98
75
72
83
82
152
162
60
161
139
137
186
131
110
144
113
56
95
109
142
120
136
157
158
148
147
152
80
102
142
142
94
131
145
162
112
126
137
72
111
127
175
97
114
139
67
143
85
122
162
123
168
147
145
134
159
186
146
127
136
132
137
122
147
114
143
109
138
64
173
108
133
123
153
87
136
103
164
85
117
118
131
65
127
72
145
169
96
137
154
128
158
214
153
165
68
84
166
128
80
144
115
148
160
193
133
125
98
147
149
132
63
121
90
137
149
103
123
122
133
169
73
84
187
108
127
85
116
154
125
96
125
133
159
129
109
75
95
118
115
134
137
138
165
134
108
123
100
157
138
68
121
113
60
125
86
147
127
87
160
68
78
153
84
102
160
167
115
115
124
131
83
124
171
148
123
146
166
185
96
166
162
176
144
112
142
129
127
139
194
129
114
207
138
127
114
124
177
122
140
114
143
178
100
105
170
136
159
108
136
84
124
154
138
122
187
105
133
102
59
161
153
133
122
132
152
167
130
119
48
124
178
141
172
223
177
174
137
85
166
93
135
136
153
165
166
156
94
154
80
142
166
141
113
147
145
112
129
152
150
144
142
170
107
153
118
82
152
130
138
119
122
136
89
184
119
77
161
132
107
121
92
154
82
168
135
140
118
98
153
160
138
147
107
188
120
155
149
161
119
124
122
107
124
101
147
163
177
102
147
141
166
147
112
89
104
143
139
95
123
102
182
104
101
146
60
112
162
145
130
150
69
106
134
136
95
119
146
147
74
81
108
68
160
132
118
149
149
88
79
158
127
141
147
94
104
128
97
136
74
160
165
127
153
122
100
107
117
95
134
80
138
95
122
119
120
78
79
109
145
165
127
135
103
163
141
165
136
168
182
157
149
68
95
82
111
191
154
102
108
139
142
135
37
167
106
139
148
38
145
129
118
138
138
99
90
162
132
163
81
130
130
136
95
120
196
192
137
97
106
151
139
166
148
83
160
106
137
118
96
129
136
134
133
117
85
120
106
70
101
93
168
151
116
201
105
70
92
128
82
162
138
133
75
119
172
74
158
42
101
88
130
98
107
120
120
130
63
92
163
66
132
175
93
100
93
111
126
130
149
113
132
184
97
57
166
163
136
118
125
145
130
141
102
65
170
159
108
125
172
111
44
128
129
157
155
113
96
126
132
183
110
114
94
169
155
158
154
116
96
133
128
51
131
157
93
176
124
97
104
128
125
36
148
104
92
137
126
99
122
167
106
56
123
127
118
153
126
136
129
102
118
195
114
130
166
70
108
82
170
144
122
153
157
122
148
81
59
174
128
139
131
115
147
136
108
192
103
162
131
145
153
126
143
156
133
148
163
124
115
131
87
191
123
132
133
131
147
55
155
183
199
162
135
115
121
77
148
119
158
153
113
131
194
140
186
82
92
126
169
149
138
65
144
102
81
144
117
109
143
152
119
100
109
120
105
147
108
138
96
177
149
98
30
123
79
125
162
171
116
95
150
126
111
61
150
122
170
49
126
123
97
121
120
149
82
59
155
89
156
70
92
139
144
99
125
94
168
105
113
111
87
146
54
153
51
79
139
102
176
111
90
84
146
127
183
89
162
137
121
144
153
153
116
152
76
132
179
100
82
187
111
121
113
105
100
135
144
70
135
146
113
149
103
94
123
79
89
103
141
72
151
92
137
78
144
131
115
146
119
114
103
139
129
123
135
60
121
110
85
163
115
112
83
190
88
111
123
128
101
117
154
155
141
118
173
109
164
152
135
148
107
133
118
133
166
89
177
127
137
96
116
130
42
57
142
140
157
119
171
124
157
121
175
139
119
124
152
103
80
84
174
96
207
83
110
190
162
122
178
142
172
137
135
110
148
171
135
141
164
67
143
159
107
121
149
132
193
167
124
131
169
120
142
79
125
128
173
68
153
138
123
210
89
157
173
84
143
105
151
149
148
117
114
152
150
154
88
168
165
177
169
111
90
93
92
170
131
136
86
107
80
165
89
99
59
156
126
188
112
94
139
82
143
141
125
147
79
92
106
99
101
137
139
147
59
153
128
119
146
98
173
153
107
159
134
113
76
157
109
171
126
176
114
95
69
145
83
67
159
154
131
108
128
182
76
175
134
169
126
129
99
185
115
75
124
171
91
104
108
145
151
106
134
128
104
120
44
141
116
98
105
86
134
136
144
108
144
142
120
155
114
84
199
141
139
44
115
128
154
110
130
112
116
153
179
149
133
149
128
115
154
106
149
143
74
120
98
101
124
121
135
141
147
125
159
136
136
111
88
56
175
148
121
85
121
78
194
171
87
118
90
154
160
177
153
71
163
95
145
95
112
90
154
144
124
129
125
84
161
152
120
118
125
146
144
142
161
131
151
84
150
94
163
152
169
94
105
78
143
127
150
117
207
206
179
140
129
78
97
98
136
194
152
135
166
114
116
130
140
188
163
143
117
122
102
129
186
135
108
137
164
98
176
131
108
70
124
175
80
162
151
192
167
94
76
106
185
133
66
114
84
155
167
134
137
74
117
103
133
107
144
62
108
106
139
121
108
109
98
60
130
101
128
113
131
129
89
164
113
139
88
158
101
99
82
95
93
129
125
96
101
72
105
94
47
156
98
154
146
140
123
94
138
102
96
138
102
168
62
164
121
108
128
125
142
92
94
134
127
114
162
142
135
129
150
103
121
149
147
89
72
110
119
129
108
96
148
133
80
114
149
115
118
135
126
113
151
143
153
183
89
89
128
71
170
112
153
131
147
158
96
163
150
127
57
173
133
111
112
95
77
156
138
94
129
124
151
109
81
135
115
80
104
199
93
76
188
72
75
143
102
173
158
122
127
139
149
138
143
87
158
180
139
107
147
133
146
77
118
190
119
81
115
123
92
145
166
135
94
166
127
99
141
106
85
74
145
91
135
64
191
104
109
165
112
79
173
148
187
120
115
157
184
104
188
213
114
158
127
199
143
140
110
111
105
113
129
140
93
130
89
122
111
108
90
121
139
88
110
125
45
144
137
128
116
75
112
137
123
97
159
66
67
168
97
138
130
77
134
139
179
123
139
131
146
103
104
56
129
110
113
158
109
152
129
110
97
50
112
146
136
80
144
91
100
115
141
151
133
97
103
145
130
135
146
126
120
110
109
123
133
120
95
132
147
155
108
67
129
137
142
142
135
186
138
44
131
160
143
115
131
108
80
85
129
140
177
51
148
141
111
154
118
153
149
92
103
85
122
183
175
105
185
93
97
142
145
161
157
96
110
90
180
96
146
163
200
163
120
122
167
135
111
122
112
136
153
120
117
152
160
74
91
160
120
184
169
86
127
192
100
137
95
123
147
177
164
131
91
187
139
164
169
110
146
126
93
106
139
140
124
105
171
122
178
127
153
129
89
135
139
86
122
85
170
140
103
110
146
108
138
70
45
140
134
184
144
128
101
85
140
85
107
125
106
35
112
69
113
120
96
84
107
111
127
144
116
123
133
122
62
163
70
87
137
154
100
106
150
130
122
126
120
122
112
95
112
148
160
102
115
114
163
171
106
163
137
133
136
120
107
125
75
126
80
110
115
139
171
92
153
122
171
191
176
148
136
126
159
117
97
171
134
103
122
106
142
139
146
109
140
114
136
157
174
66
144
166
125
140
142
60
131
154
110
131
153
152
114
128
101
110
218
67
121
175
120
146
137
160
121
108
114
177
138
135
177
129
116
101
193
164
142
108
125
177
112
136
150
96
136
148
83
117
144
157
176
161
134
170
89
121
146
125
180
146
135
171
86
84
107
147
97
192
96
56
108
83
155
106
117
52
115
154
150
183
170
155
142
124
96
92
140
107
87
96
87
117
122
169
127
95
177
153
129
120
144
120
99
88
111
95
104
110
120
99
122
110
116
118
128
129
116
113
130
129
134
143
37
104
130
94
88
101
76
134
83
139
134
89
137
105
146
170
67
45
129
132
143
66
95
104
130
140
107
123
107
85
117
128
85
105
141
126
127
110
110
160
135
169
112
135
188
112
107
134
112
177
104
91
159
166
117
129
150
95
108
134
83
76
179
109
78
125
192
164
139
155
154
124
155
123
111
140
106
120
102
153
87
100
119
128
144
156
137
144
157
151
97
89
145
157
126
121
109
131
102
108
166
148
70
123
113
176
123
130
175
106
94
74
108
158
143
166
60
179
139
157
154
204
146
150
152
92
142
142
143
111
86
116
118
59
98
76
97
125
147
90
113
182
135
126
89
182
126
146
138
96
119
86
155
105
132
94
168
204
199
125
147
119
172
126
130
151
101
163
152
132
58
94
81
122
131
110
162
135
162
205
141
165
129
