219
149
155
233
174
171
138
156
211
191
152
107
216
163
175
204
192
166
195
178
204
176
212
159
154
222
210
188
185
171
183
195
232
196
182
233
209
177
144
122
206
195
157
181
204
208
148
197
158
210
235
109
177
153
151
226
183
261
173
232
218
187
273
179
237
187
231
190
191
193
144
194
167
143
165
202
156
207
180
205
228
198
170
197
149
136
191
138
138
230
233
215
168
212
141
229
85
164
138
236
148
167
166
153
198
148
204
176
134
218
164
181
148
229
144
167
176
185
196
131
227
223
192
206
174
201
215
139
178
80
188
223
187
150
250
215
231
199
139
205
245
153
199
150
108
263
196
207
203
186
187
190
93
173
146
190
211
170
111
194
175
157
108
155
190
155
200
217
175
136
146
152
162
133
122
170
142
142
103
107
193
208
149
222
110
144
189
129
227
144
97
201
218
146
162
196
182
193
177
169
215
168
215
183
170
169
156
146
70
179
203
187
140
175
170
194
145
198
166
198
158
147
203
199
99
158
180
238
168
159
225
125
173
182
221
223
190
174
150
197
177
153
151
230
160
155
137
193
177
135
246
207
194
93
214
176
249
191
224
151
193
193
239
206
140
142
189
201
120
118
167
185
192
217
178
129
136
190
200
185
94
164
177
158
170
186
225
148
205
218
248
222
233
156
223
153
201
177
201
187
241
154
185
170
188
179
167
167
148
215
236
208
213
78
145
132
184
161
178
138
219
208
247
210
172
151
125
186
160
213
189
260
182
191
219
162
153
157
191
213
147
227
198
240
136
216
115
139
116
237
193
241
191
108
253
141
184
129
218
130
160
221
186
199
176
162
197
203
237
136
172
126
180
185
174
126
213
137
224
215
113
124
151
144
226
220
189
130
205
190
180
184
194
180
272
195
127
217
194
212
180
121
95
239
231
217
201
191
168
187
166
142
138
155
113
224
189
149
223
131
250
142
194
203
187
209
155
151
193
159
185
212
142
210
204
154
224
160
134
195
177
221
190
180
179
156
164
191
181
211
163
160
126
212
220
201
295
138
157
217
222
247
147
197
121
161
172
214
206
218
196
248
93
197
231
175
236
177
201
231
265
139
87
236
210
183
219
148
190
235
217
223
212
240
222
180
209
169
202
180
204
199
146
197
163
158
154
185
243
206
160
186
167
199
197
218
250
127
216
176
250
222
171
156
207
181
241
185
231
195
247
224
180
107
140
248
211
229
236
216
222
251
176
172
228
95
145
172
142
204
171
186
269
130
223
189
238
168
130
135
110
150
168
141
229
170
123
191
188
206
128
221
227
179
121
229
95
197
208
222
208
115
98
158
197
235
139
203
141
203
185
146
229
178
166
50
185
213
133
170
160
141
211
78
203
236
168
202
170
142
212
232
178
196
153
220
84
160
180
178
174
208
155
150
238
157
111
187
124
164
161
152
190
228
190
137
208
199
140
217
156
183
174
181
245
118
237
144
122
174
219
243
200
217
176
171
180
224
156
203
150
225
208
201
214
167
213
150
187
206
232
115
231
150
180
150
246
142
177
223
121
184
218
198
206
196
169
163
167
234
203
146
250
251
122
210
245
108
208
142
154
237
217
180
164
243
141
195
248
199
96
167
152
246
209
180
229
219
235
180
243
117
209
196
170
158
181
175
265
217
130
246
203
154
242
165
226
183
222
147
234
225
230
120
226
135
103
192
233
176
199
138
177
242
188
204
219
242
120
185
191
184
200
115
173
163
134
117
167
201
185
166
132
165
245
229
106
189
154
101
183
236
203
147
218
193
213
107
186
110
210
224
227
182
199
108
120
146
111
164
91
164
145
162
156
229
215
170
200
151
110
171
234
174
163
237
133
239
140
193
116
124
188
154
192
200
138
193
191
194
164
177
149
175
186
163
80
174
201
148
194
162
183
186
145
196
131
148
209
175
190
208
189
209
180
188
202
203
149
205
187
207
169
192
161
212
205
205
154
169
227
192
200
188
209
167
187
134
185
186
135
128
192
232
167
205
157
162
142
161
156
190
218
147
212
247
264
199
216
200
217
144
186
148
163
244
195
277
202
172
222
171
173
238
240
177
181
140
128
149
184
200
161
200
151
163
179
272
224
179
243
229
178
255
208
176
239
144
216
206
173
145
234
192
220
193
204
162
127
163
116
194
215
186
204
205
265
194
178
209
144
171
228
176
225
228
221
148
227
211
160
210
224
190
194
160
253
146
142
66
167
170
207
190
156
180
208
126
179
240
178
154
151
95
143
133
154
130
226
213
181
157
187
167
227
164
195
200
160
169
190
162
204
168
171
186
143
127
176
178
183
194
168
187
222
159
156
126
173
181
156
111
146
155
53
192
140
199
167
169
185
162
138
132
149
168
201
111
184
103
238
228
168
233
218
106
169
177
221
188
103
179
150
217
207
144
169
162
199
174
110
179
136
80
218
143
172
227
193
218
215
210
121
156
242
225
182
180
150
197
224
172
205
147
185
206
82
147
120
223
216
159
174
137
162
226
178
177
155
201
228
180
224
112
168
174
144
194
192
182
227
214
158
227
243
101
208
176
231
236
219
203
189
196
254
114
181
154
157
140
185
169
191
189
168
140
176
182
135
182
216
140
168
132
164
172
109
172
255
188
212
133
229
189
195
193
110
223
230
102
145
213
162
155
184
176
224
170
194
136
173
196
246
177
192
74
235
192
232
175
187
229
198
232
180
171
149
210
228
230
180
268
162
175
197
186
142
223
167
181
161
219
211
175
148
215
196
173
184
123
217
214
200
174
187
177
213
85
138
139
187
191
184
185
196
227
149
117
165
177
156
141
106
200
196
151
224
164
119
195
268
186
207
166
133
203
194
186
185
163
201
173
128
198
239
203
127
205
223
200
176
154
195
208
193
199
103
230
162
151
160
212
227
126
202
202
162
150
145
131
113
133
120
201
211
123
210
211
194
228
184
185
209
163
99
147
162
192
193
206
226
223
216
224
223
149
172
189
190
159
189
189
203
175
201
197
126
162
176
230
156
148
189
105
204
143
165
228
201
225
190
223
192
216
260
217
185
181
193
205
181
191
188
204
173
202
89
244
163
174
187
216
143
180
146
227
126
165
190
188
110
170
106
187
250
140
182
212
192
208
278
213
232
113
118
226
177
137
192
164
209
212
257
201
185
156
218
179
188
95
172
131
194
218
172
181
188
176
238
117
127
233
160
177
127
156
225
189
167
173
197
207
179
160
134
136
162
171
181
208
187
214
176
148
170
163
208
181
115
177
165
107
179
120
193
184
144
212
99
118
215
140
159
224
211
164
151
177
183
135
188
227
199
175
198
232
258
149
216
213
236
203
175
198
202
173
203
247
174
148
270
200
182
162
195
233
178
196
165
196
232
180
165
224
198
208
178
205
144
188
225
183
180
250
173
186
148
96
207
211
191
179
193
216
222
182
171
79
188
236
184
234
284
237
227
187
135
228
144
197
193
222
231
215
224
151
207
137
204
226
197
156
220
204
172
182
202
194
215
179
224
169
229
172
136
216
190
190
167
195
188
139
251
178
117
215
176
134
183
150
203
120
232
200
182
167
172
208
205
223
218
164
241
170
214
206
197
176
180
173
161
181
139
205
228
224
169
208
203
233
209
163
138
148
194
190
138
170
150
233
145
148
192
110
184
223
190
172
201
119
158
194
176
131
180
196
222
118
125
163
106
234
182
173
204
200
143
132
227
179
196
194
138
150
163
139
194
129
197
205
171
204
166
147
162
168
143
197
137
207
154
180
175
153
127
106
177
206
236
201
187
144
237
216
216
201
207
244
208
211
104
136
129
152
247
207
153
150
190
206
200
79
226
156
202
206
62
208
179
176
192
187
169
150
226
192
227
130
178
167
184
148
173
260
239
208
151
126
194
201
230
215
104
227
158
204
180
147
167
187
199
194
151
129
149
161
109
155
147
218
192
164
257
163
118
146
182
144
227
188
185
133
186
216
137
218
62
134
142
172
116
144
150
180
183
101
142
225
99
157
235
142
146
144
169
183
181
213
173
173
231
153
82
226
204
210
179
195
178
186
171
160
87
225
211
169
193
231
174
87
174
172
206
202
169
155
173
193
234
159
163
142
238
216
221
245
177
147
187
177
103
187
219
134
237
174
140
145
184
178
69
201
161
144
185
183
148
178
240
167
104
188
176
184
229
182
180
193
159
169
250
155
178
228
115
155
133
224
213
179
216
206
176
209
125
114
221
201
186
187
155
208
191
164
262
154
197
180
208
202
193
201
201
187
212
217
171
153
207
125
247
177
194
194
190
189
93
214
250
254
218
185
168
158
113
210
166
197
193
154
173
251
194
253
134
136
168
229
179
217
97
204
153
156
198
164
164
216
205
158
132
172
154
171
190
162
188
159
244
216
148
68
175
124
173
218
209
153
150
178
166
147
95
218
181
220
90
192
197
143
156
178
209
125
83
197
135
227
100
166
191
199
150
172
168
229
135
150
172
123
215
108
200
95
136
180
125
224
148
154
118
218
189
237
135
225
190
185
170
218
201
162
187
139
184
224
148
123
240
146
167
185
144
151
186
207
101
191
209
160
205
162
138
184
119
140
160
184
122
210
159
193
116
188
186
166
184
163
166
155
204
189
178
189
120
168
157
128
220
168
175
128
243
138
179
182
180
154
180
205
208
204
167
228
177
208
210
190
195
156
186
159
195
232
114
240
198
183
142
142
185
65
88
199
190
200
184
217
188
218
177
243
206
149
167
215
175
129
149
234
131
262
123
170
246
227
154
230
200
220
174
194
159
214
237
177
192
228
106
202
210
158
155
222
175
251
241
173
196
232
178
203
128
186
192
229
117
208
193
179
270
134
223
231
131
178
145
209
193
206
175
146
192
193
213
141
211
223
228
242
150
154
139
139
241
199
191
139
156
98
236
133
150
98
222
182
247
167
146
172
124
195
180
176
203
118
151
148
144
142
203
186
185
100
211
190
177
201
146
213
197
141
224
199
159
122
213
174
231
190
228
172
144
106
195
155
113
217
215
171
144
180
235
118
233
189
215
176
163
143
241
150
128
178
225
122
143
150
197
210
164
185
190
160
173
74
192
149
138
143
125
177
200
215
173
197
203
179
212
183
129
269
200
182
79
168
193
214
182
187
167
170
213
227
207
199
213
179
168
211
163
193
199
124
178
165
136
172
185
198
188
201
176
209
187
187
156
134
95
229
196
168
122
195
116
241
224
144
189
158
225
211
243
199
113
209
158
200
151
167
141
201
191
163
181
190
126
225
196
159
190
184
207
204
200
219
198
193
133
209
139
214
222
228
157
160
137
198
171
213
194
278
253
239
199
169
119
149
156
201
251
205
198
212
151
144
195
193
268
220
202
176
174
151
176
256
198
149
173
193
153
237
215
135
97
161
251
101
203
214
267
222
124
110
170
248
167
113
165
129
197
224
184
195
123
168
146
189
164
207
102
147
147
192
156
168
147
144
105
182
160
176
157
163
164
129
225
167
188
115
242
166
157
126
143
146
187
196
138
138
105
171
145
73
197
155
203
208
181
167
149
189
163
150
192
166
210
95
228
161
145
186
187
209
137
160
191
184
169
232
196
194
171
213
171
170
205
215
135
124
157
162
171
155
151
210
194
134
174
220
170
173
186
167
159
208
210
220
251
136
136
174
116
228
165
212
172
197
219
141
222
190
175
98
237
204
163
169
162
120
228
197
143
187
184
227
155
135
198
179
121
158
253
175
122
238
118
119
188
164
226
218
202
177
209
213
203
200
141
214
225
191
138
223
192
212
120
165
253
183
123
156
172
147
213
228
210
135
221
171
155
196
166
131
102
183
116
191
110
258
155
150
217
160
124
240
170
242
178
147
231
239
154
250
273
170
221
194
255
188
193
164
152
145
164
182
182
143
191
153
177
161
160
137
170
178
137
151
168
83
205
182
150
155
134
171
182
173
142
207
115
108
226
142
197
179
127
191
177
238
181
189
183
190
141
168
103
187
170
184
214
157
220
196
159
138
88
173
216
184
129
200
131
149
158
210
209
204
143
165
190
184
188
215
199
182
148
157
174
193
164
135
181
203
207
156
117
192
187
202
187
197
236
181
100
177
210
193
165
181
170
130
134
184
191
218
107
198
190
168
225
158
210
194
154
163
146
176
237
235
147
246
145
146
174
205
217
196
144
159
145
233
150
195
230
267
217
184
175
235
182
158
165
172
190
199
160
174
225
232
108
137
215
179
239
208
131
166
262
118
177
158
182
186
218
226
190
139
250
187
213
233
148
218
170
134
158
201
202
174
151
217
184
230
184
220
172
110
188
205
120
177
132
225
179
154
152
217
149
188
123
70
208
193
241
192
178
148
124
194
140
151
197
149
59
167
115
165
184
145
123
149
156
183
203
161
165
169
174
81
211
112
123
189
208
153
151
223
185
178
178
171
195
162
153
159
211
221
150
171
175
212
242
156
203
193
178
187
187
171
197
123
185
124
161
171
213
237
127
217
165
241
270
234
201
188
200
228
168
161
218
171
152
173
147
193
205
185
143
194
171
191
214
242
114
208
221
174
210
199
120
188
202
156
207
189
193
160
172
141
162
280
119
167
227
176
191
196
225
182
166
164
231
211
205
251
191
158
144
251
225
191
177
184
242
161
185
211
143
209
222
136
182
184
216
230
214
197
223
139
198
216
178
243
196
190
229
156
119
142
203
152
244
142
85
174
131
220
151
172
79
180
226
202
242
220
209
209
170
163
141
186
146
131
142
116
173
167
221
173
137
237
202
189
186
215
188
151
134
159
142
158
165
167
139
162
159
164
156
167
168
174
170
188
189
193
192
78
160
176
140
129
140
114
169
143
189
197
136
186
149
195
225
113
83
179
188
187
99
138
138
177
196
157
192
149
135
166
168
128
151
195
170
170
149
154
209
191
246
155
197
263
161
168
191
164
234
145
145
207
222
170
189
210
146
138
205
127
136
241
164
125
186
261
209
192
206
232
192
205
163
159
182
177
179
157
220
147
158
182
187
183
200
195
195
231
208
157
148
195
213
175
173
144
201
153
163
216
215
125
170
158
222
191
192
240
155
120
132
166
236
188
238
114
244
199
213
204
278
229
217
206
147
201
216
186
162
124
171
177
110
159
125
130
184
190
150
172
238
206
201
136
247
183
209
185
154
187
140
197
144
165
134
212
275
254
187
178
189
240
192
172
216
145
217
211
179
97
143
121
176
187
143
212
171
215
276
209
211
169
