327
246
243
349
286
292
254
261
308
296
270
196
322
259
260
325
273
255
299
294
334
302
346
264
262
332
334
284
291
298
297
314
361
337
286
349
339
305
227
206
328
317
286
323
329
325
238
293
245
321
373
219
268
246
238
351
288
394
282
352
381
276
421
305
342
298
367
297
332
323
262
308
279
238
284
362
256
336
303
299
374
323
266
348
265
243
321
248
234
362
362
326
261
306
238
388
160
260
260
353
241
260
243
274
316
226
334
276
217
329
293
306
220
354
257
278
278
284
308
202
373
372
313
332
280
324
342
223
313
131
314
358
316
240
368
352
341
304
208
336
350
238
326
231
172
415
307
302
325
322
312
320
178
317
226
312
326
283
171
297
310
264
150
236
296
277
327
346
269
217
247
246
284
221
192
254
211
246
158
166
329
360
238
333
176
251
301
176
374
213
185
314
367
236
281
304
289
299
288
291
353
251
346
315
271
268
237
255
132
280
303
325
235
280
271
308
250
333
262
314
256
229
323
313
184
252
278
384
269
277
357
244
270
287
358
355
298
283
271
313
299
253
236
335
274
247
231
304
272
241
383
358
315
154
334
291
383
297
367
248
334
326
346
318
237
232
288
331
220
231
277
308
340
348
303
205
214
319
352
308
155
262
304
271
305
284
345
261
333
364
372
348
355
274
353
244
312
291
310
306
386
243
289
277
334
295
271
274
222
354
347
336
334
144
236
215
282
243
304
254
333
341
407
325
292
253
220
288
254
367
312
388
280
303
344
269
255
310
332
348
227
335
301
373
213
355
236
211
201
354
332
388
321
196
413
209
329
180
375
250
248
383
310
330
289
289
296
345
358
206
326
209
289
298
268
240
337
226
355
332
213
213
229
254
387
351
302
223
324
295
307
305
320
287
455
317
220
339
326
342
290
214
173
355
363
319
322
287
265
307
274
259
223
259
214
336
302
229
313
236
409
221
312
304
289
315
244
258
290
270
284
341
224
315
311
240
334
260
222
323
277
334
300
265
300
249
242
296
296
321
256
270
210
346
326
280
439
247
253
333
327
364
270
310
194
254
262
315
327
330
315
377
181
349
383
268
369
291
323
344
409
262
152
374
322
294
330
227
329
382
379
398
326
353
409
296
322
272
297
274
318
309
233
306
251
275
254
293
355
335
299
282
264
308
307
336
373
219
353
279
366
355
268
261
312
308
364
281
382
293
362
352
277
195
206
380
326
359
351
342
350
425
283
307
387
183
269
271
197
309
286
286
430
226
329
288
394
260
194
250
196
250
287
238
351
286
178
313
298
330
226
350
352
304
187
385
202
314
301
327
301
185
197
231
304
377
251
319
231
305
288
250
398
295
278
102
301
332
218
296
254
224
338
165
307
357
264
301
292
255
328
394
269
310
246
361
155
274
292
282
273
347
262
240
385
270
186
308
229
260
253
265
329
348
289
231
324
288
245
339
257
277
296
301
372
200
356
253
204
279
360
369
322
355
293
274
296
341
267
332
244
352
310
342
364
261
317
220
286
336
367
183
355
230
310
244
387
252
268
330
229
311
353
333
332
312
280
264
278
339
307
258
402
422
222
361
388
172
297
258
292
396
331
314
289
384
224
294
404
325
180
295
259
389
341
291
332
333
377
287
404
198
343
308
279
265
305
286
394
333
217
368
301
264
375
310
387
303
363
252
377
331
353
197
361
220
198
292
398
272
312
235
280
379
335
326
372
412
241
293
291
316
311
196
291
259
213
188
286
324
280
261
240
291
375
340
179
294
269
187
289
389
313
230
339
341
349
205
281
195
346
334
349
269
321
187
215
231
196
246
178
280
245
279
275
342
326
286
340
242
212
278
336
267
303
350
234
370
223
295
194
214
296
251
318
313
256
310
302
305
256
266
245
300
322
259
157
294
323
255
295
252
292
285
262
324
222
226
298
304
339
317
291
335
287
309
315
327
252
326
314
304
283
280
249
341
326
313
273
245
375
309
300
294
341
300
319
212
307
281
234
217
315
363
290
324
251
249
218
267
252
308
347
272
321
399
408
305
333
317
366
222
304
301
279
377
295
404
320
259
363
286
300
355
376
276
279
240
218
223
290
317
271
302
287
259
309
421
361
310
356
330
275
432
325
282
362
250
358
283
276
248
372
305
312
328
322
268
225
255
183
309
336
309
347
309
399
302
276
324
242
288
329
293
332
363
353
257
379
307
264
322
344
306
316
276
367
235
229
136
293
280
342
286
290
292
337
224
295
376
285
252
223
176
220
194
280
224
388
333
282
268
286
263
367
265
281
331
265
293
300
263
324
259
266
300
229
238
279
314
271
308
255
297
338
244
253
208
262
293
267
199
263
269
136
292
251
317
277
271
274
259
252
225
240
277
314
212
284
219
369
368
272
375
338
173
289
303
345
318
186
293
270
353
317
262
281
252
313
272
209
285
218
152
330
227
289
368
312
360
321
328
210
267
352
358
307
298
251
307
352
274
352
268
335
319
158
240
223
344
313
268
288
229
282
349
262
283
238
312
347
290
341
184
270
264
243
296
300
270
369
350
262
357
359
215
337
267
372
338
321
323
324
323
390
201
319
252
267
242
286
272
289
291
242
234
281
295
230
272
341
227
324
198
252
300
158
290
394
288
361
227
351
310
313
325
163
368
387
206
251
373
302
262
311
284
371
295
332
245
252
300
410
262
316
147
343
283
370
315
303
341
324
348
265
262
238
341
373
373
290
391
295
285
292
294
234
373
248
285
252
326
320
266
236
335
313
270
298
211
343
334
278
288
271
309
334
175
244
222
294
295
290
294
304
332
258
213
285
282
238
258
197
320
306
245
337
277
224
296
386
304
315
253
237
306
322
319
299
252
334
290
209
306
355
310
231
345
341
296
308
260
328
319
321
296
203
342
269
251
261
370
340
206
308
325
254
244
240
242
220
241
224
331
344
208
341
315
312
357
306
312
322
273
181
244
286
284
311
288
342
354
336
354
344
244
272
303
316
255
296
310
345
291
331
322
224
271
304
363
289
233
293
212
321
265
269
370
317
359
312
358
319
357
414
344
313
314
310
305
279
291
261
305
265
325
139
355
245
308
277
327
218
305
243
404
191
295
311
316
188
257
180
302
390
254
298
332
345
339
420
335
385
209
187
376
303
254
323
244
348
339
400
313
307
256
317
281
317
163
284
226
311
328
281
278
311
284
343
185
219
359
258
289
224
266
352
283
245
294
305
328
318
263
231
219
266
303
293
309
291
331
288
260
260
260
328
279
208
307
281
177
278
200
290
296
220
329
179
194
323
237
275
345
334
272
256
288
290
220
290
357
312
273
307
347
388
276
325
336
361
314
286
310
307
295
324
396
284
254
420
311
286
240
299
376
286
334
263
333
354
281
256
338
316
323
283
298
255
300
352
289
286
409
303
315
250
155
323
340
292
274
306
342
361
291
261
154
304
384
294
346
435
349
350
305
239
361
267
312
324
370
343
312
368
240
337
216
321
367
325
253
352
329
279
318
313
311
308
283
395
273
373
313
225
331
310
319
281
308
328
260
389
288
209
368
309
222
289
269
312
213
366
318
315
283
289
354
310
339
312
318
391
272
325
312
313
300
260
317
236
299
227
309
372
339
260
327
312
373
305
289
252
252
332
309
234
270
243
359
243
225
295
206
298
351
286
270
296
203
265
306
293
227
281
301
364
228
226
258
186
374
296
287
331
334
233
213
361
271
315
311
264
245
245
227
296
219
305
366
282
315
280
211
256
292
206
321
220
314
255
282
313
259
209
160
273
355
349
320
317
247
373
363
339
305
366
350
348
344
174
252
232
250
407
329
277
259
320
300
330
155
350
279
291
328
126
312
275
287
328
286
270
226
325
289
360
199
302
279
291
248
284
421
395
313
255
193
310
316
355
347
168
379
292
320
297
252
250
298
344
302
256
235
201
279
171
259
223
369
279
260
414
254
211
265
292
234
348
302
304
223
302
333
229
349
101
195
221
264
168
223
244
303
317
201
223
345
141
257
376
247
266
272
277
293
308
324
276
270
379
230
159
351
332
321
263
333
304
274
265
245
128
350
346
262
285
367
293
165
278
292
336
343
280
220
274
323
353
248
258
233
386
332
352
342
289
266
296
280
180
298
325
199
357
294
200
235
296
301
162
316
255
235
283
283
259
288
354
277
213
293
270
305
353
301
299
307
261
287
404
253
284
340
213
228
226
358
305
276
310
309
285
321
212
184
377
287
292
293
258
330
291
282
389
240
318
298
386
290
316
322
326
296
335
350
290
279
318
209
376
300
314
301
288
311
175
333
422
383
324
281
253
256
176
311
278
284
313
266
289
378
312
383
198
238
261
345
269
356
143
342
260
244
301
260
248
332
309
265
236
280
255
267
339
246
311
268
371
332
248
140
275
202
281
395
345
292
311
278
274
229
150
346
278
341
156
306
299
208
245
273
317
257
118
319
234
374
159
262
300
330
288
263
282
368
218
275
269
194
328
184
307
173
240
292
219
371
210
231
176
327
329
392
224
363
291
298
255
328
316
286
298
215
320
345
255
239
383
219
262
274
229
248
288
323
195
297
315
268
342
247
213
290
188
243
266
307
200
313
281
325
208
290
300
273
319
273
271
258
325
277
314
319
213
281
250
217
351
258
295
233
369
238
285
304
298
257
290
312
324
321
292
354
293
315
328
318
317
255
294
262
294
350
216
373
326
300
280
241
308
143
178
312
314
326
303
356
302
325
328
375
316
243
251
331
301
238
256
370
203
400
198
283
380
338
253
387
316
371
290
309
252
358
366
291
315
357
166
325
307
258
268
363
289
401
381
282
311
343
260
323
217
293
325
370
215
327
289
268
411
219
361
380
213
284
309
333
350
296
290
224
304
313
314
212
363
311
384
376
261
254
243
216
370
302
301
204
232
151
375
245
283
175
374
294
369
275
244
311
212
286
264
279
314
165
261
247
221
252
308
298
290
184
325
313
312
357
224
363
330
265
339
315
259
214
334
267
347
285
358
280
228
199
310
247
184
349
331
287
255
286
355
234
361
294
352
289
266
236
357
252
221
299
341
198
240
255
323
324
264
291
298
262
278
177
315
257
219
236
237
279
332
326
285
330
330
277
337
286
219
394
308
269
156
268
301
314
287
319
269
304
327
381
334
312
340
296
276
323
280
304
341
234
278
239
244
298
305
324
309
306
277
320
289
271
290
207
168
341
301
289
212
327
172
376
362
224
297
281
339
349
389
344
199
349
265
317
254
280
238
332
318
262
298
308
201
349
310
238
304
282
310
299
317
343
314
299
239
322
202
336
379
345
257
254
238
326
289
321
286
417
398
367
302
252
196
232
246
361
400
355
319
331
203
214
289
328
388
352
348
305
272
251
280
381
317
216
266
328
257
382
310
251
148
269
391
166
318
359
453
346
228
169
270
440
288
203
290
217
326
350
298
287
212
289
240
311
294
315
189
241
257
296
252
275
243
241
200
300
274
281
255
261
257
247
340
242
323
191
345
286
277
203
223
227
286
288
230
227
185
284
236
135
308
247
324
320
287
287
206
285
257
227
311
274
347
180
354
277
232
314
326
319
247
257
284
299
272
359
305
326
283
339
274
269
337
340
203
201
243
268
271
252
238
364
318
252
273
328
288
276
312
265
247
326
339
342
378
233
207
264
220
373
299
330
296
311
367
251
352
306
285
179
382
341
249
266
271
198
372
288
245
295
273
393
259
216
294
281
191
268
406
305
250
351
236
218
283
247
362
331
307
294
307
337
320
346
232
320
376
316
223
352
322
337
216
290
401
298
182
258
297
232
319
362
314
239
353
292
265
301
255
220
148
276
155
315
199
388
255
259
350
280
231
404
237
404
275
224
352
407
250
350
427
308
370
294
393
306
315
264
251
234
275
297
289
237
281
247
274
239
254
215
259
281
229
282
282
142
296
318
245
228
233
267
300
292
238
328
175
181
349
232
314
277
197
286
283
358
282
291
280
307
227
253
165
267
267
308
357
253
338
314
249
241
197
257
326
308
220
307
203
256
266
305
325
320
261
253
319
317
283
311
334
305
256
249
294
292
302
223
315
297
318
245
207
321
298
324
288
296
372
302
172
280
310
309
275
282
271
231
192
279
284
362
198
320
318
324
332
281
356
323
253
280
240
258
380
330
248
383
211
236
281
347
346
269
241
267
226
361
260
308
377
406
390
276
318
353
286
238
263
290
313
302
277
257
351
356
164
231
354
286
402
312
234
259
441
188
284
259
297
296
378
356
314
239
394
320
338
338
232
333
274
202
220
348
314
292
246
354
269
342
308
357
261
165
312
309
215
266
228
351
258
250
256
335
259
305
211
132
304
318
356
297
289
252
226
310
231
239
309
255
132
266
210
250
280
243
214
251
254
288
309
282
261
271
271
144
327
185
207
302
299
225
241
327
289
294
282
273
297
282
256
268
329
352
254
279
294
347
395
254
306
266
283
315
288
269
301
226
306
230
228
277
325
354
189
313
264
371
379
376
321
293
315
354
289
247
353
283
275
293
248
330
316
289
224
321
314
298
331
347
195
303
355
302
334
326
213
300
325
257
312
296
335
282
287
235
265
416
212
287
351
307
303
309
336
290
260
270
373
348
338
362
294
275
248
395
333
313
282
310
365
251
295
350
226
322
332
231
275
299
386
343
335
323
345
236
299
329
251
401
310
298
353
261
171
247
338
253
423
249
146
282
188
344
249
275
139
287
367
327
392
343
311
304
295
263
220
314
257
233
239
197
296
251
329
277
227
417
305
298
322
333
311
251
218
237
243
259
281
248
232
274
259
259
242
266
276
251
268
282
310
295
317
168
268
274
226
224
238
205
270
210
301
291
233
269
233
321
337
229
156
268
301
299
149
238
218
293
290
262
299
246
239
252
263
217
279
290
262
321
260
234
374
283
374
270
299
412
285
298
301
283
355
223
242
345
365
304
293
349
250
218
322
214
223
360
249
216
303
392
339
331
314
358
304
323
233
278
316
273
290
245
334
241
303
276
287
302
314
270
307
360
321
236
254
333
354
275
300
240
333
240
266
345
306
228
256
240
334
300
305
357
235
178
220
247
355
271
352
179
373
305
332
341
421
331
337
314
201
329
310
314
270
188
292
296
186
254
215
202
292
313
261
268
399
352
326
207
395
273
346
299
251
289
241
305
245
253
194
366
472
424
324
276
303
380
311
309
349
236
343
310
284
151
235
189
291
288
211
334
291
362
414
347
325
310
