7
15
6
11
17
9
5
16
12
16
10
11
15
7
9
14
15
2
13
11
18
11
11
8
6
10
14
6
12
6
8
8
10
6
7
12
11
8
10
18
12
9
8
7
14
13
13
17
7
11
9
14
10
5
9
9
11
12
12
12
6
8
6
14
6
8
12
4
7
7
9
6
8
10
10
9
6
12
9
10
11
14
7
12
6
13
8
6
8
8
8
11
12
13
10
5
4
11
11
9
10
8
9
10
9
11
8
10
14
12
9
7
6
7
7
9
9
12
9
7
8
11
8
12
10
10
8
6
11
8
18
9
13
9
10
8
4
10
14
12
11
10
8
10
9
6
8
10
6
6
