12
20
17
19
21
15
12
19
17
24
20
18
22
10
18
26
23
14
22
19
23
23
18
10
12
16
25
12
16
13
12
13
20
11
14
20
16
17
14
24
14
17
12
17
21
20
18
21
11
23
22
22
15
9
15
17
15
21
20
14
16
13
13
22
12
11
23
9
12
18
17
15
15
14
17
14
16
17
12
13
19
17
14
21
9
21
9
12
12
12
14
16
22
18
18
15
8
21
16
16
20
14
13
15
16
16
13
18
23
20
17
13
13
16
14
15
19
18
16
16
15
18
14
20
17
15
16
9
19
16
30
13
17
17
16
15
10
14
21
19
13
18
15
15
15
10
23
16
14
17
