31
41
34
43
37
33
36
42
35
41
44
39
45
26
32
44
40
33
45
38
49
36
33
31
32
39
43
28
36
28
30
28
38
32
39
33
30
37
36
45
28
37
28
36
38
36
34
42
32
44
41
42
33
20
35
38
30
42
42
30
35
29
27
41
35
27
44
37
32
34
41
28
32
31
35
33
33
38
27
30
40
30
28
40
29
39
27
36
27
31
29
27
43
32
41
33
28
36
31
33
39
25
23
45
32
32
40
31
46
43
41
28
30
36
38
36
32
32
31
37
31
41
41
42
31
35
37
29
45
34
55
33
37
39
28
33
30
33
40
31
34
31
30
35
29
28
35
43
31
32
