1                   	314.078269908
2                   	289.085576268
3                   	277.293790776
4                   	272.08327670399996
5                   	267.10700892
6                   	263.09609855400004
7                   	260.26037169
8                   	258.672789942
9                   	255.761237592
10                  	254.658686874
11                  	253.09839869400002
12                  	252.18879186
13                  	251.44322238
14                  	250.134263376
15                  	248.05537435200003
16                  	246.20775790800002
17                  	244.34015198999998
18                  	243.630540918
19                  	242.15958534
20                  	239.64233473800002
21                  	236.94527039999997
22                  	236.45507300999998
23                  	235.59624363
24                  	233.496949518
25                  	233.36330826000003
26                  	231.82889730600004
27                  	231.02312007
28                  	230.67511962
29                  	229.61829254400004
30                  	229.16131647600002
31                  	227.62108285800002
32                  	227.62108285800002
33                  	227.289188976
34                  	226.44347415000001
35                  	225.75781274999997
36                  	225.55920824399996
37                  	225.30631627800003
38                  	224.62607413199999
39                  	223.94963895599997
40                  	223.28688039600002
41                  	222.38707879800003
42                  	222.17248366200002
43                  	222.143897148
44                  	222.08652004200002
45                  	221.98593467400002
46                  	221.85643192799998
47                  	221.408048832
48                  	221.293700742
49                  	221.293700742
50                  	221.280698736
51                  	221.280698736
52                  	221.280698736
53                  	221.156822034
54                  	220.51315391999998
55                  	220.45577952599996
56                  	220.087307544
57                  	219.98496141000004
58                  	219.958297026
59                  	219.70406872200002
60                  	219.20363285400003
61                  	219.10382515199998
62                  	219.10382515199998
63                  	219.10382515199998
64                  	218.970627306
65                  	218.970627306
66                  	218.970627306
67                  	218.970627306
68                  	218.71514266799997
69                  	218.71514266799997
70                  	218.71514266799997
71                  	218.49381024599998
72                  	218.49381024599998
73                  	218.49381024599998
74                  	218.49381024599998
75                  	218.49381024599998
76                  	218.49381024599998
77                  	218.49381024599998
78                  	217.98037237200003
79                  	217.974791076
80                  	217.39744153200002
81                  	216.98773020000002
82                  	216.98773020000002
83                  	216.98773020000002
84                  	216.86785641000003
85                  	216.819066174
86                  	216.71505215999997
87                  	216.71505215999997
88                  	216.493416672
89                  	216.493416672
90                  	216.346395084
91                  	216.346395084
92                  	216.30780264599997
93                  	216.30780264599997
94                  	216.27325786799997
95                  	216.26767792799998
96                  	216.26767792799998
97                  	216.26767792799998
98                  	215.95139906399996
99                  	215.95139906399996
100                 	215.95139906399996
101                 	215.924247198
102                 	215.38149396
103                 	215.38146277200002
104                 	215.34082413
105                 	215.30389618200002
106                 	215.224665102
107                 	215.224665102
108                 	215.224665102
109                 	215.224665102
110                 	215.224665102
111                 	215.224665102
112                 	215.224665102
113                 	215.22453967200002
114                 	215.22453967200002
115                 	214.95773718
116                 	214.95773718
117                 	214.95773718
118                 	214.95773718
119                 	214.95773718
120                 	214.91758398600004
121                 	214.866378714
122                 	214.82622552
123                 	214.823060616
124                 	214.823060616
125                 	214.823060616
126                 	214.811589534
127                 	214.811589534
128                 	214.811589534
129                 	214.811589534
130                 	214.811589534
131                 	214.811589534
132                 	214.811548176
133                 	214.735090794
134                 	214.735090794
135                 	214.735090794
136                 	214.735090794
137                 	214.735090794
138                 	214.735090794
139                 	214.735090794
140                 	214.735090794
141                 	214.735090794
142                 	214.68051586200002
143                 	214.68051586200002
144                 	214.52487960600004
145                 	214.52487960600004
146                 	214.52487960600004
147                 	214.52487960600004
148                 	214.52487960600004
149                 	214.524838248
150                 	214.524838248
151                 	214.05298821600002
152                 	214.05298821600002
153                 	214.05298821600002
154                 	214.05298821600002
155                 	214.05298821600002
156                 	213.901517592
157                 	213.901517592
158                 	213.901517592
159                 	213.901517592
160                 	213.901517592
161                 	213.901517592
162                 	213.898291668
163                 	213.898291668
164                 	213.898291668
165                 	213.898291668
166                 	213.89826048000003
167                 	213.68057841
168                 	213.52911321
169                 	213.42497783400003
170                 	213.231011526
171                 	213.231011526
172                 	213.231011526
173                 	213.231011526
174                 	213.231011526
175                 	213.231011526
176                 	213.231011526
177                 	213.231011526
178                 	213.231011526
179                 	213.231011526
180                 	213.082659024
181                 	212.93122569
182                 	212.93122569
183                 	212.93122569
184                 	212.93122569
185                 	212.93122569
186                 	212.93122569
187                 	212.93122569
188                 	212.863423656
189                 	212.863423656
190                 	212.863423656
191                 	212.863423656
192                 	212.863423656
193                 	212.39013965400002
194                 	212.39013965400002
195                 	212.39013965400002
196                 	212.39013965400002
197                 	212.39013965400002
198                 	212.39013965400002
199                 	212.39013965400002
200                 	212.39013965400002
201                 	212.35321170600002
202                 	212.35321170600002
203                 	212.35321170600002
204                 	212.35321170600002
205                 	212.35321170600002
206                 	212.35321170600002
207                 	212.35321170600002
208                 	212.35321170600002
209                 	212.35321170600002
210                 	212.35321170600002
211                 	212.35321170600002
212                 	212.31739432200004
213                 	212.31739432200004
214                 	212.31739432200004
215                 	212.31739432200004
216                 	212.31739432200004
217                 	212.31739432200004
218                 	212.31739432200004
219                 	212.31739432200004
220                 	212.31739432200004
221                 	212.16032409600004
222                 	212.16032409600004
223                 	212.16032409600004
224                 	212.16032409600004
225                 	212.16032409600004
226                 	212.16032409600004
227                 	212.16032409600004
228                 	212.16032409600004
229                 	212.16032409600004
230                 	212.16032409600004
231                 	212.16032409600004
232                 	212.16032409600004
233                 	212.16032409600004
234                 	212.05631008200007
235                 	212.05631008200007
236                 	211.53393616800008
237                 	211.53393616800008
238                 	211.53393616800008
239                 	211.53393616800008
240                 	211.53393616800008
241                 	211.53393616800008
242                 	211.53393616800008
243                 	211.53393616800008
244                 	211.49378161800007
245                 	211.49378161800007
246                 	211.49378161800007
247                 	211.49378161800007
248                 	211.49378161800007
249                 	211.49378161800007
250                 	211.49378161800007
251                 	211.49378161800007
252                 	211.49378161800007
253                 	211.12462892400006
254                 	211.12462892400006
255                 	210.65267583600004
256                 	210.65267583600004
257                 	210.65267583600004
258                 	210.65267583600004
259                 	210.65267583600004
260                 	210.65263041000006
261                 	210.65263041000006
262                 	210.65263041000006
263                 	210.65263041000006
264                 	210.65263041000006
265                 	210.65263041000006
266                 	210.65263041000006
267                 	210.65263041000006
268                 	210.65263041000006
269                 	210.65263041000006
270                 	210.33077025000006
271                 	210.33077025000006
272                 	210.33077025000006
273                 	210.33077025000006
274                 	210.00895687200006
275                 	210.00895687200006
276                 	210.00895687200006
277                 	210.00895687200006
278                 	210.00895687200006
279                 	210.00895687200006
280                 	210.00895687200006
281                 	210.00895687200006
282                 	210.00895687200006
283                 	210.00895687200006
284                 	210.00895687200006
285                 	210.00895687200006
286                 	210.00895687200006
287                 	209.85190630800003
288                 	209.85190630800003
289                 	209.85190630800003
290                 	209.85190630800003
291                 	209.53564710600003
292                 	209.53564710600003
293                 	209.53564710600003
294                 	209.53564710600003
295                 	209.53564710600003
296                 	209.21936824200006
297                 	209.21936824200006
298                 	209.21936824200006
299                 	209.21936824200006
300                 	209.21936824200006
301                 	209.21936824200006
302                 	209.21936824200006
303                 	209.00729730000006
304                 	209.00729730000006
305                 	209.00729730000006
306                 	209.00729730000006
307                 	208.99863585000006
308                 	208.99863585000006
309                 	208.99863585000006
310                 	208.99863585000006
311                 	208.99863585000006
312                 	208.95799110600004
313                 	208.95799110600004
314                 	208.95799110600004
315                 	208.74592016400004
316                 	208.74592016400004
317                 	208.74592016400004
318                 	208.157258868
319                 	208.157258868
320                 	208.157258868
321                 	208.157258868
322                 	208.157258868
323                 	208.157258868
324                 	208.157258868
325                 	208.157258868
326                 	208.157258868
327                 	208.157258868
328                 	208.157258868
329                 	208.157258868
330                 	208.157258868
331                 	208.157258868
332                 	208.01445511800003
333                 	208.01445511800003
334                 	208.01445511800003
335                 	208.01445511800003
336                 	208.01445511800003
337                 	208.01445511800003
338                 	208.01445511800003
339                 	208.01445511800003
340                 	208.01445511800003
341                 	208.01445511800003
342                 	208.01445511800003
343                 	208.01445511800003
344                 	208.01445511800003
345                 	208.01445511800003
346                 	208.01445511800003
347                 	208.014424608
348                 	208.014424608
349                 	208.014424608
350                 	208.014424608
351                 	208.014424608
352                 	208.014424608
353                 	208.014424608
354                 	208.014424608
355                 	208.014424608
356                 	208.014424608
357                 	208.014424608
358                 	208.014424608
359                 	208.014424608
360                 	208.014424608
361                 	208.014424608
362                 	208.014424608
363                 	208.014424608
364                 	208.014424608
365                 	208.014424608
366                 	208.014424608
367                 	208.014424608
368                 	208.014424608
369                 	208.014424608
370                 	208.014424608
371                 	208.014424608
372                 	208.014424608
373                 	208.014424608
374                 	208.014424608
375                 	208.014424608
376                 	208.00884466800002
377                 	208.00884466800002
378                 	208.00884466800002
379                 	208.00884466800002
380                 	207.866069394
381                 	207.866069394
382                 	207.866069394
383                 	207.866069394
384                 	207.866069394
385                 	207.54979053000002
386                 	207.54979053000002
387                 	207.54979053000002
388                 	207.54979053000002
389                 	207.54979053000002
390                 	207.54979053000002
391                 	207.54979053000002
392                 	207.54979053000002
393                 	207.54979053000002
394                 	207.54979053000002
395                 	207.54966510000006
396                 	207.54966510000006
397                 	207.54966510000006
398                 	207.54966510000006
399                 	207.54966510000006
400                 	207.54966510000006
401                 	207.54966510000006
402                 	207.54966510000006
403                 	207.54966510000006
404                 	207.54966510000006
405                 	207.18047104800004
406                 	207.18047104800004
407                 	207.18047104800004
408                 	207.18047104800004
409                 	207.18047104800004
410                 	207.18047104800004
411                 	207.18047104800004
412                 	207.18047104800004
413                 	207.18047104800004
414                 	206.81271096600003
415                 	206.81271096600003
416                 	206.81271096600003
417                 	206.81271096600003
418                 	206.81271096600003
419                 	206.661270174
420                 	206.661270174
421                 	206.661270174
422                 	206.661270174
423                 	206.661270174
424                 	206.55879454200004
425                 	206.55879454200004
426                 	206.55879454200004
427                 	206.55879454200004
428                 	206.55879454200004
429                 	206.55879454200004
430                 	206.55879454200004
431                 	206.55879454200004
432                 	206.55879454200004
433                 	206.55879454200004
434                 	206.55879454200004
435                 	206.55879454200004
436                 	206.55879454200004
437                 	206.55879454200004
438                 	206.55879454200004
439                 	206.55879454200004
440                 	206.55879454200004
441                 	206.55879454200004
442                 	206.55879454200004
443                 	206.55879454200004
444                 	206.55879454200004
445                 	206.55879454200004
446                 	206.55879454200004
447                 	206.55879454200004
448                 	206.55879454200004
449                 	206.55879454200004
450                 	206.187940746
451                 	206.187940746
452                 	206.18789532000002
453                 	206.18789532000002
454                 	206.18789532000002
455                 	205.97021189400002
456                 	205.97021189400002
457                 	205.97021189400002
458                 	205.97021189400002
459                 	205.97021189400002
460                 	205.97021189400002
461                 	205.96460212200003
462                 	205.96460212200003
463                 	205.96460212200003
464                 	205.96460212200003
465                 	205.96460212200003
466                 	205.96460212200003
467                 	205.96460212200003
468                 	205.96460212200003
469                 	205.96460212200003
470                 	205.96460212200003
471                 	205.96460212200003
472                 	205.96460212200003
473                 	205.96460212200003
474                 	205.96460212200003
475                 	205.96460212200003
476                 	205.96460212200003
477                 	205.96460212200003
478                 	205.96460212200003
479                 	205.96460212200003
480                 	205.96460212200003
481                 	205.96460212200003
482                 	205.86046674600001
483                 	205.86046674600001
484                 	205.86046674600001
485                 	205.86046674600001
486                 	205.86046674600001
487                 	205.86046674600001
488                 	205.86046674600001
489                 	205.86046674600001
490                 	205.86046674600001
491                 	205.86046674600001
492                 	205.86046674600001
493                 	205.64839580400002
494                 	205.64839580400002
495                 	205.64839580400002
496                 	205.64839580400002
497                 	205.64839580400002
498                 	205.64839580400002
499                 	205.64839580400002
500                 	205.64839580400002
501                 	205.64839580400002
502                 	205.64839580400002
503                 	205.64839580400002
504                 	205.64839580400002
505                 	205.64839580400002
506                 	205.64839580400002
507                 	205.64839580400002
508                 	205.64839580400002
509                 	205.64835037800003
510                 	205.491299814
511                 	205.491299814
512                 	205.491299814
513                 	205.491299814
514                 	205.491299814
515                 	205.491299814
516                 	205.491299814
517                 	205.491299814
518                 	205.491299814
519                 	205.491299814
520                 	205.491299814
521                 	205.491299814
522                 	205.491299814
523                 	205.491299814
524                 	205.491299814
525                 	205.38151263000003
526                 	205.38151263000003
527                 	205.38151263000003
528                 	205.38151263000003
529                 	205.38151263000003
530                 	205.38151263000003
531                 	205.38151263000003
532                 	205.38151263000003
533                 	205.38151263000003
534                 	205.27733589600004
535                 	205.27733589600004
536                 	205.27729047000005
537                 	205.27729047000005
538                 	205.27729047000005
539                 	205.27729047000005
540                 	205.27729047000005
541                 	204.90631124400002
542                 	204.90631124400002
543                 	204.90631124400002
544                 	204.90631124400002
545                 	204.90631124400002
546                 	204.90631124400002
547                 	204.90631124400002
548                 	204.90631124400002
549                 	204.90631124400002
550                 	204.90631124400002
551                 	204.90631124400002
552                 	204.90631124400002
553                 	204.90631124400002
554                 	204.90631124400002
555                 	204.90631124400002
556                 	204.90631124400002
557                 	204.90631124400002
558                 	204.90631124400002
559                 	204.90631124400002
560                 	204.90631124400002
561                 	204.90631124400002
562                 	204.90631124400002
563                 	204.90631124400002
564                 	204.90631124400002
565                 	204.53719584
566                 	204.53719584
567                 	204.53719584
568                 	204.53719584
569                 	204.53719584
570                 	204.53719584
571                 	204.53719584
572                 	204.53719584
573                 	204.53719584
574                 	204.53719584
575                 	204.53719584
576                 	204.53719584
577                 	204.53719584
578                 	204.53719584
579                 	204.16804314600006
580                 	204.16804314600006
581                 	204.16804314600006
582                 	204.16804314600006
583                 	204.16804314600006
584                 	204.16804314600006
585                 	204.16804314600006
586                 	204.16804314600006
587                 	204.06386641200004
588                 	204.06386641200004
589                 	204.06386641200004
590                 	204.06386641200004
591                 	204.06386641200004
592                 	204.06386641200004
593                 	204.06386641200004
594                 	204.06386641200004
595                 	204.06386641200004
596                 	204.06386641200004
597                 	204.06386641200004
598                 	204.06386641200004
599                 	204.06386641200004
600                 	204.06386641200004
601                 	204.06386641200004
602                 	204.06386641200004
603                 	204.06386641200004
604                 	204.06386641200004
605                 	204.06386641200004
606                 	204.06386641200004
607                 	204.06386641200004
608                 	203.95973510400003
609                 	203.95973510400003
610                 	203.95973510400003
611                 	203.95973510400003
612                 	203.95973510400003
613                 	203.95973510400003
614                 	203.95973510400003
615                 	203.95973510400003
616                 	203.95973510400003
617                 	203.95973510400003
618                 	203.95973510400003
619                 	203.95973510400003
620                 	203.95973510400003
621                 	203.80829499000004
622                 	203.80829499000004
623                 	203.80829499000004
624                 	203.80829499000004
625                 	203.80829499000004
626                 	203.80829499000004
627                 	203.80829499000004
628                 	203.80829499000004
629                 	203.80829499000004
630                 	203.80829499000004
631                 	203.80829092200005
632                 	203.80829092200005
633                 	203.80829092200005
634                 	203.80829092200005
635                 	203.80829092200005
636                 	203.80829092200005
637                 	203.80829092200005
638                 	203.80829092200005
639                 	203.80829092200005
640                 	203.80824549600004
641                 	203.70406876200005
642                 	203.70406876200005
643                 	203.23943739600006
644                 	203.23943739600006
645                 	203.23943739600006
646                 	203.23943739600006
647                 	203.23943739600006
648                 	203.23943739600006
649                 	203.23943739600006
650                 	203.23943739600006
651                 	203.23943739600006
652                 	203.23943739600006
653                 	203.23943739600006
654                 	203.23943739600006
655                 	203.23943739600006
656                 	203.23943739600006
657                 	203.23943739600006
658                 	203.23943739600006
659                 	203.23943739600006
660                 	203.23943739600006
661                 	203.23943739600006
662                 	203.23943739600006
663                 	203.23943739600006
664                 	203.23943739600006
665                 	203.23943739600006
666                 	203.23943739600006
667                 	203.23943739600006
668                 	203.23943739600006
669                 	203.23943739600006
670                 	203.23943739600006
671                 	203.23943739600006
672                 	203.23943739600006
673                 	203.23943739600006
674                 	203.23943739600006
675                 	203.23943739600006
676                 	203.23943739600006
677                 	203.23943739600006
678                 	203.23943739600006
679                 	203.23943739600006
680                 	203.23943739600006
681                 	203.23943739600006
682                 	203.23943739600006
683                 	203.23943739600006
684                 	203.23943739600006
685                 	203.23943739600006
686                 	203.23943739600006
687                 	203.23943739600006
688                 	203.23943739600006
689                 	203.23943739600006
690                 	203.23943739600006
691                 	203.23943739600006
692                 	203.23943739600006
693                 	203.23943739600006
694                 	203.23943739600006
695                 	203.23382694600005
696                 	203.23382694600005
697                 	203.23382694600005
698                 	203.23382694600005
699                 	202.91759350800007
700                 	202.91759350800007
701                 	202.91759350800007
702                 	202.91759350800007
703                 	202.91759350800007
704                 	202.91759350800007
705                 	202.91759350800007
706                 	202.91759350800007
707                 	202.91759350800007
708                 	202.91759350800007
709                 	202.91759350800007
710                 	202.91759350800007
711                 	202.91759350800007
712                 	202.91759350800007
713                 	202.81346220000006
714                 	202.81341677400007
715                 	202.81341677400007
716                 	202.81341677400007
717                 	202.81341677400007
718                 	202.81341677400007
719                 	202.81341677400007
720                 	202.81341677400007
721                 	202.81341677400007
722                 	202.81341677400007
723                 	202.81341677400007
724                 	202.81341677400007
725                 	202.81341677400007
726                 	202.81341677400007
727                 	202.81341677400007
728                 	202.81341677400007
729                 	202.81341677400007
730                 	202.81341677400007
731                 	202.81341677400007
732                 	202.81341677400007
733                 	202.81341677400007
734                 	202.497183336
735                 	202.497183336
736                 	202.497183336
737                 	202.497183336
738                 	202.497183336
739                 	202.497183336
740                 	202.497183336
741                 	202.497183336
742                 	202.497183336
743                 	202.497183336
744                 	202.497183336
745                 	202.497183336
746                 	202.497183336
747                 	202.497183336
748                 	202.497183336
749                 	202.497183336
750                 	202.497183336
751                 	202.497183336
752                 	202.497183336
753                 	202.497183336
754                 	202.497183336
755                 	202.497183336
756                 	202.497183336
757                 	202.497183336
758                 	202.497183336
759                 	202.497183336
760                 	202.497183336
761                 	202.497183336
762                 	202.497183336
763                 	202.497183336
764                 	202.497183336
765                 	202.497183336
766                 	202.497183336
767                 	202.497183336
768                 	202.39309338600003
769                 	202.39309338600003
770                 	202.39309338600003
771                 	202.39309338600003
772                 	202.39309338600003
773                 	202.39309338600003
774                 	202.39309338600003
775                 	202.39309338600003
776                 	202.39309338600003
777                 	202.39309338600003
778                 	202.02394476
779                 	202.02394476
780                 	202.02394476
781                 	202.02394476
782                 	202.02394476
783                 	202.02394476
784                 	202.02394476
785                 	202.02394476
786                 	202.02394476
787                 	202.02394476
788                 	202.02394476
789                 	202.02394476
790                 	202.02394476
791                 	202.02394476
792                 	202.02394476
793                 	202.02394476
794                 	202.02394476
795                 	202.02394476
796                 	202.02394476
797                 	202.02394476
798                 	202.02394476
799                 	202.02394476
800                 	202.02394476
801                 	202.02394476
802                 	202.02394476
803                 	202.02394476
804                 	202.02394476
805                 	202.02394476
806                 	202.02394476
807                 	202.02394476
808                 	202.02394476
809                 	202.02394476
810                 	202.02394476
811                 	202.02394476
812                 	202.02394476
813                 	202.02394476
814                 	202.02394476
815                 	202.02394476
816                 	201.91981345200003
817                 	201.91981345200003
818                 	201.91981345200003
819                 	201.91981345200003
820                 	201.91981345200003
821                 	201.91981345200003
822                 	201.81572350200003
823                 	201.81572350200003
824                 	201.81572350200003
825                 	201.81572350200003
826                 	201.81572350200003
827                 	201.81572350200003
828                 	201.81572350200003
829                 	201.81572350200003
830                 	201.60362137200005
831                 	201.60362137200005
832                 	201.60362137200005
833                 	201.28736217000005
834                 	201.28736217000005
835                 	201.28736217000005
836                 	201.28736217000005
837                 	201.28736217000005
838                 	201.28736217000005
839                 	201.28736217000005
840                 	201.28736217000005
841                 	201.28736217000005
842                 	201.28736217000005
843                 	201.28736217000005
844                 	201.28736217000005
845                 	201.28736217000005
846                 	201.28736217000005
847                 	201.28736217000005
848                 	201.28736217000005
849                 	201.28736217000005
850                 	201.28736217000005
851                 	201.07520647800004
852                 	201.07520647800004
853                 	201.07520647800004
854                 	201.07520647800004
855                 	201.07520647800004
856                 	201.07520647800004
857                 	201.07520647800004
858                 	201.07520647800004
859                 	201.07520647800004
860                 	201.07520647800004
861                 	201.07520647800004
862                 	201.07520647800004
863                 	201.07520647800004
864                 	201.07520647800004
865                 	201.07520647800004
866                 	201.07520647800004
867                 	201.07520647800004
868                 	201.07520647800004
869                 	201.07520647800004
870                 	201.07520647800004
871                 	201.07520647800004
872                 	201.07520647800004
873                 	201.07520647800004
874                 	201.07520647800004
875                 	201.07520647800004
876                 	201.07520647800004
877                 	201.07520647800004
878                 	201.07520647800004
879                 	201.07520647800004
880                 	201.07520647800004
881                 	201.07520647800004
882                 	200.97107517000003
883                 	200.97107517000003
884                 	200.97107517000003
885                 	200.97107517000003
886                 	200.97107517000003
887                 	200.97107517000003
888                 	200.97107517000003
889                 	200.97107517000003
890                 	200.97107517000003
891                 	200.97107517000003
892                 	200.97107517000003
893                 	200.97107517000003
894                 	200.97107517000003
895                 	200.97107517000003
896                 	200.97107517000003
897                 	200.97107517000003
898                 	200.97107517000003
899                 	200.97107517000003
900                 	200.97107517000003
901                 	200.97107517000003
902                 	200.65479630600004
903                 	200.65479630600004
904                 	200.65479630600004
905                 	200.65479630600004
906                 	200.65479630600004
907                 	200.65479630600004
908                 	200.60023357800003
909                 	200.60023357800003
910                 	200.60023357800003
911                 	200.60023357800003
912                 	200.60019222000003
913                 	200.60019222000003
914                 	200.60019222000003
915                 	200.60019222000003
916                 	200.60019222000003
917                 	200.60019222000003
918                 	200.60019222000003
919                 	200.60019222000003
920                 	200.60019222000003
921                 	200.60019222000003
922                 	200.60019222000003
923                 	200.60014679400004
924                 	200.60014679400004
925                 	200.60014679400004
926                 	200.60014679400004
927                 	200.60014679400004
928                 	200.60014679400004
929                 	200.60014679400004
930                 	200.60014679400004
931                 	200.60014679400004
932                 	200.60014679400004
933                 	200.60014679400004
934                 	200.60014679400004
935                 	200.60014679400004
936                 	200.60014679400004
937                 	200.60014679400004
938                 	200.60014679400004
939                 	200.60014679400004
940                 	200.60014679400004
941                 	200.60014679400004
942                 	200.60014679400004
943                 	200.60014679400004
944                 	200.60014679400004
945                 	200.60014679400004
946                 	200.60014679400004
947                 	200.60014679400004
948                 	200.60014679400004
949                 	200.60014679400004
950                 	200.60014679400004
951                 	200.60014679400004
952                 	200.60014679400004
953                 	200.60014679400004
954                 	200.60014679400004
955                 	200.60014679400004
956                 	200.60014679400004
957                 	200.60014679400004
958                 	200.60014679400004
959                 	200.60014679400004
960                 	200.60014679400004
961                 	200.60014679400004
962                 	200.60014679400004
963                 	200.60014679400004
964                 	200.60014679400004
965                 	200.60014679400004
966                 	200.60014679400004
967                 	200.60014679400004
968                 	200.60014679400004
969                 	200.60014679400004
970                 	200.60014679400004
971                 	200.60014679400004
972                 	200.60014679400004
973                 	200.60014679400004
974                 	200.60014679400004
975                 	200.60014679400004
976                 	200.60014679400004
977                 	200.60014679400004
978                 	200.60014679400004
979                 	200.60014679400004
980                 	200.60014679400004
981                 	200.60014679400004
982                 	200.60014679400004
983                 	200.60014679400004
984                 	200.60014679400004
985                 	200.60014679400004
986                 	200.60014679400004
987                 	200.60014679400004
988                 	200.60014679400004
989                 	200.60014679400004
990                 	200.60014679400004
991                 	200.60014679400004
992                 	200.60014679400004
993                 	200.60014679400004
994                 	200.60014679400004
995                 	200.60014679400004
996                 	200.60014679400004
997                 	200.60014679400004
998                 	200.60014679400004
999                 	200.60014679400004
1000                	200.60014679400004
