66
92
83
75
97
77
122
109
65
59
90
84
85
91
99
112
51
93
105
62
86
113
100
72
96
112
75
106
58
72
78
107
107
94
102
94
62
97
81
80
83
77
92
69
97
98
89
104
110
74
75
47
61
80
62
62
99
118
48
63
64
88
95
48
55
38
50
75
56
48
41
57
89
73
74
66
93
73
54
97
109
84
79
84
61
60
73
52
42
91
52
52
99
87
65
64
80
107
87
79
53
64
43
56
42
41
48
73
69
71
45
64
42
73
44
47
68
8
68
38
82
21
66
79
88
47
44
69
35
47
74
49
36
28
71
52
53
49
52
34
50
61
74
57
47
42
74
75
36
65
98
96
55
59
95
79
84
84
90
70
56
71
86
82
90
77
101
97
69
78
92
76
79
106
102
110
75
97
74
99
60
107
105
64
108
69
93
88
78
100
89
94
90
77
109
95
72
91
103
43
60
68
93
90
99
74
97
81
57
90
86
67
81
86
81
77
78
80
64
60
55
46
46
91
98
43
55
59
63
106
60
89
61
80
102
77
91
57
50
68
59
62
84
98
98
69
94
72
58
36
72
55
57
36
47
75
50
65
72
30
94
70
52
50
67
40
74
42
87
73
25
55
38
44
66
77
34
63
61
49
57
71
33
33
56
43
54
57
45
73
32
77
39
51
44
68
42
66
67
42
79
71
81
63
93
78
70
85
78
81
99
106
103
74
99
110
104
68
70
79
103
53
108
75
75
93
73
81
68
90
95
69
97
95
102
77
89
93
67
119
92
95
64
102
101
67
79
73
105
95
69
62
113
75
65
107
102
60
87
77
85
80
107
79
92
62
79
85
54
96
74
72
91
83
98
66
85
53
54
82
94
91
71
81
57
101
65
48
89
56
78
42
50
82
63
75
97
77
61
84
94
30
57
72
50
38
46
71
88
70
40
45
49
71
29
72
36
46
42
77
41
53
47
57
59
40
51
32
52
42
52
16
73
68
46
50
40
80
48
45
44
43
25
46
46
59
93
78
86
53
77
76
99
92
86
71
84
104
67
85
95
51
72
73
90
98
54
84
75
89
62
110
59
58
74
83
89
90
75
62
85
85
99
65
101
83
97
101
102
73
84
92
95
96
78
80
59
103
76
90
58
62
81
88
61
55
42
118
98
90
71
115
53
53
93
101
64
79
84
62
88
89
100
93
76
83
123
88
65
91
83
60
97
64
59
54
79
49
120
104
44
55
82
92
93
58
45
58
90
42
73
58
83
51
49
71
48
70
73
61
79
93
75
77
49
71
66
73
90
56
48
81
51
51
52
33
76
64
33
73
88
72
81
55
65
56
51
77
48
53
43
98
82
88
69
43
79
72
56
51
51
95
90
62
70
64
70
108
40
73
107
83
83
46
94
82
46
82
79
87
117
87
67
77
77
59
102
81
72
75
69
102
81
86
68
79
80
76
87
66
91
95
93
75
77
86
70
94
68
60
99
101
91
108
71
100
106
90
83
56
91
82
89
67
71
97
83
94
96
46
100
102
89
103
55
51
82
58
68
84
79
66
87
86
83
100
108
101
84
107
88
62
80
59
74
59
50
76
107
81
36
42
39
65
70
54
57
53
64
92
65
50
41
40
73
86
57
97
36
52
42
65
90
59
45
41
76
57
57
70
75
61
41
54
55
66
50
46
48
52
61
46
38
69
57
64
43
54
92
75
82
73
102
52
100
62
93
50
70
85
102
105
100
91
87
100
77
75
85
49
92
65
84
69
47
106
63
55
91
57
83
73
87
75
51
78
76
82
92
50
98
103
57
68
82
67
57
85
47
52
103
63
70
80
112
72
86
39
107
90
90
101
77
52
95
68
59
74
100
88
105
110
92
86
68
106
58
81
79
58
117
123
87
63
66
92
90
107
105
82
91
70
111
92
64
106
70
90
112
63
55
99
64
56
48
67
72
58
75
48
78
44
61
61
83
58
74
58
50
91
76
94
98
53
86
63
82
54
58
74
82
96
46
52
105
55
60
76
88
83
94
79
58
82
81
84
79
76
39
86
85
71
74
90
112
79
89
103
70
103
57
72
75
70
83
93
89
107
67
95
68
87
80
93
71
88
92
66
99
87
91
94
107
79
106
62
52
86
64
90
75
73
64
70
82
108
74
80
63
60
124
65
89
68
87
99
118
116
65
126
106
130
52
48
89
62
87
91
70
83
67
89
99
99
43
75
121
88
102
90
56
51
74
102
45
90
123
93
48
57
124
113
103
98
50
92
73
101
119
94
61
82
56
59
82
90
67
79
58
51
62
66
49
46
35
50
97
85
53
61
75
101
61
97
96
51
112
43
76
56
60
64
38
60
41
83
53
47
88
62
51
33
20
65
85
81
80
66
68
54
63
62
85
85
49
59
60
77
99
65
79
104
70
62
71
64
68
90
67
95
87
79
79
64
97
53
67
86
94
66
79
82
55
98
53
80
41
63
67
82
90
82
65
48
69
76
70
74
76
65
86
106
88
67
68
58
51
99
89
73
114
65
87
69
110
75
87
74
66
66
61
94
67
77
76
115
94
100
90
51
42
96
54
93
88
92
70
111
99
71
52
102
83
92
98
113
77
89
65
88
70
74
64
88
46
89
78
37
29
45
90
51
68
42
78
72
61
105
74
62
87
80
88
58
74
82
51
82
93
62
73
53
45
47
85
35
57
92
60
67
59
73
45
35
77
68
57
82
95
90
112
58
88
88
89
83
80
84
67
67
65
68
77
64
84
48
68
77
94
64
65
56
102
88
68
79
72
86
62
92
90
84
45
87
53
69
105
69
96
67
92
82
65
71
82
54
87
82
69
52
94
82
106
120
75
92
113
100
64
109
105
88
75
103
85
103
89
73
83
71
98
78
89
87
56
110
95
85
91
63
90
103
75
83
91
101
98
52
79
82
105
85
67
96
62
94
111
68
97
72
100
108
51
96
97
58
99
61
63
83
105
50
68
63
103
89
83
79
68
80
81
83
51
54
56
92
85
70
59
75
58
121
66
77
81
91
74
93
82
85
62
81
62
78
81
73
99
92
74
101
72
102
49
77
84
89
60
66
77
91
59
100
64
58
63
82
54
97
53
76
83
73
89
80
67
64
58
80
47
69
90
92
81
66
60
50
69
72
80
100
75
61
56
66
56
76
78
91
61
56
95
92
80
84
101
85
82
80
50
113
83
61
78
101
97
47
112
114
99
91
91
99
90
106
83
94
85
90
92
73
73
112
91
78
94
76
110
97
98
70
84
110
63
65
73
81
68
102
78
116
88
97
65
83
97
65
46
88
83
90
79
49
100
119
64
97
77
61
85
99
53
90
106
47
89
97
57
107
118
89
88
75
53
107
80
77
88
70
112
50
110
61
78
58
80
75
89
108
53
92
96
71
43
81
53
73
53
85
70
67
52
76
78
77
46
77
88
75
101
103
55
53
49
101
12
37
72
77
72
39
75
45
81
53
70
102
114
88
96
58
52
77
68
85
81
36
68
49
65
62
67
23
44
46
50
61
35
37
37
43
42
72
61
81
66
52
57
34
51
29
45
60
43
46
28
59
44
39
46
65
40
45
60
46
68
59
30
63
42
59
58
67
33
34
49
50
59
59
75
48
37
28
13
30
34
31
23
33
34
53
31
37
26
29
60
37
29
46
30
34
19
28
30
26
31
31
46
34
16
50
18
26
47
51
19
30
6
23
33
53
41
53
35
26
25
29
26
36
29
32
59
72
54
78
30
48
57
44
55
104
82
61
101
77
97
43
84
94
96
60
82
97
50
57
38
76
80
69
37
85
57
74
53
67
39
84
74
72
62
60
25
48
55
96
39
100
45
103
77
71
44
40
29
54
29
45
81
31
35
46
64
39
42
37
56
25
39
40
46
35
35
60
31
44
37
42
36
49
33
19
42
45
34
40
36
41
45
75
70
65
40
42
61
71
34
45
60
34
28
68
23
34
34
47
54
27
33
49
36
28
34
26
25
33
30
29
24
28
9
34
32
16
43
35
48
21
27
39
27
33
33
28
47
33
33
22
58
30
49
28
20
33
58
17
16
17
58
36
23
25
85
66
95
82
82
88
87
60
94
60
36
110
39
96
88
72
96
65
96
45
60
55
92
61
51
36
46
85
46
77
82
82
91
89
80
82
55
92
87
47
53
77
44
62
64
47
34
63
65
91
54
35
59
48
50
46
37
58
63
37
70
42
69
30
61
61
66
35
49
65
45
46
50
33
35
62
50
44
52
69
32
42
36
56
61
40
77
23
55
41
37
38
34
40
47
49
40
75
69
65
57
38
54
43
33
35
40
33
41
39
44
49
17
27
31
30
40
54
30
30
28
55
64
29
41
43
31
35
23
29
35
29
35
54
24
42
53
49
45
43
41
35
32
55
63
32
50
36
17
23
93
96
83
64
117
102
37
73
109
69
90
86
86
66
54
82
45
77
90
66
40
94
74
66
87
105
45
53
90
59
82
82
53
37
55
31
85
79
74
104
93
105
74
62
69
81
43
39
42
68
82
59
64
83
66
64
43
52
43
27
32
41
62
43
51
38
73
37
63
67
40
56
69
84
76
76
45
61
82
37
48
69
46
38
74
54
69
62
34
46
67
58
66
65
49
45
71
46
36
47
27
33
26
37
30
27
36
41
25
31
32
58
13
38
36
36
35
34
55
39
45
33
56
32
53
47
40
29
47
33
37
45
53
67
35
54
15
57
25
48
32
16
40
35
32
24
40
30
33
34
67
93
52
60
91
104
83
54
95
64
77
82
81
65
55
100
78
55
68
90
75
75
80
59
48
40
80
83
63
44
69
101
93
81
93
56
68
62
70
64
83
39
81
71
61
100
63
80
111
42
44
74
47
46
43
49
30
49
51
67
49
53
52
40
39
79
54
39
81
49
46
46
38
84
45
68
65
88
61
46
72
30
46
70
52
53
55
68
67
53
46
58
70
25
81
80
59
41
32
36
40
57
27
55
37
53
64
27
53
55
57
59
48
19
60
36
35
33
47
37
38
39
48
62
25
44
66
53
36
42
43
19
29
38
55
27
26
40
37
32
61
44
33
43
58
19
34
60
60
50
87
82
74
42
89
56
42
41
67
66
49
71
91
82
124
60
44
79
76
60
77
87
42
84
111
77
76
71
94
81
68
101
84
48
95
90
57
34
79
76
75
58
68
105
54
56
114
58
74
62
44
61
65
56
79
52
74
41
55
68
52
37
40
77
79
49
47
37
58
64
78
34
51
39
74
74
55
35
69
61
58
52
73
68
50
64
39
56
47
45
46
49
65
71
49
92
47
38
63
72
35
28
41
56
44
38
44
32
30
30
41
42
21
35
70
61
33
29
29
24
23
55
39
61
34
56
55
34
48
54
54
33
42
28
53
44
43
37
45
59
32
60
41
50
30
43
68
60
31
33
117
101
59
88
89
72
111
82
85
87
126
95
76
61
79
99
92
89
90
73
90
65
90
83
80
73
68
87
55
38
101
80
58
65
87
101
59
71
58
76
114
57
56
81
82
107
92
64
93
41
55
69
70
37
68
61
71
69
80
60
49
48
36
58
52
62
55
54
57
58
76
75
50
30
93
54
70
65
57
44
71
73
71
76
71
72
36
39
56
40
73
71
83
42
93
84
39
89
62
72
36
55
70
20
44
42
42
27
39
53
37
46
56
36
61
60
42
39
27
42
35
38
40
36
43
9
31
62
40
29
39
62
33
27
34
29
60
44
29
34
64
65
59
45
51
44
11
32
37
25
67
57
94
89
100
79
75
52
65
55
96
83
70
98
114
56
90
54
118
93
80
92
95
58
70
106
86
86
84
74
75
82
77
49
108
68
92
117
80
85
96
108
75
93
78
43
48
64
51
53
73
75
61
46
54
73
46
33
77
62
61
58
54
55
65
76
79
53
50
71
52
74
52
90
74
81
84
102
80
65
55
53
46
72
52
82
75
48
87
70
70
79
59
74
51
55
44
72
51
56
46
16
67
19
36
40
27
58
50
36
44
33
36
48
80
25
40
52
45
59
64
41
46
55
44
33
53
40
38
48
36
61
37
53
56
68
75
40
39
45
75
62
42
60
33
62
40
40
61
53
55
69
85
96
75
81
75
65
96
100
84
93
51
71
90
112
56
51
99
56
64
68
86
88
74
65
84
62
89
113
81
121
104
84
84
84
52
104
84
76
98
101
107
125
113
105
101
88
109
109
49
74
45
89
44
55
82
41
87
63
59
42
84
67
95
74
30
40
46
75
92
81
39
64
50
76
85
109
50
46
53
74
87
88
63
42
79
81
85
51
54
65
57
88
47
75
99
45
46
46
49
67
48
81
79
18
49
45
84
30
80
67
47
45
73
66
71
53
61
54
36
36
42
47
69
54
82
68
42
40
50
25
40
22
66
70
61
33
48
71
33
50
47
49
34
47
55
35
45
34
88
81
63
84
59
59
108
74
87
89
39
96
80
85
68
45
126
89
65
76
105
87
75
116
94
75
65
112
114
124
70
103
53
94
63
84
110
110
68
116
84
66
93
67
87
56
59
82
48
100
75
81
75
94
59
78
44
61
84
88
43
40
53
76
74
64
74
73
57
48
48
92
67
43
45
68
99
91
67
62
80
54
56
64
57
66
34
76
71
53
89
57
56
22
59
77
61
37
80
65
40
77
44
31
48
40
35
39
51
96
60
41
47
46
83
70
54
35
70
68
58
63
42
78
65
40
76
58
26
54
49
66
40
43
41
36
29
50
41
56
48
72
78
50
41
38
67
69
36
75
