117
131
135
118
134
120
159
154
102
103
122
137
107
125
127
160
92
136
135
91
126
154
125
107
125
158
104
150
109
114
134
140
147
124
137
126
93
152
115
128
117
135
139
103
133
144
130
146
167
112
106
81
92
103
85
88
131
146
84
103
110
120
127
82
86
61
75
112
84
82
68
92
119
108
105
91
117
122
88
127
137
108
103
104
94
97
91
79
71
123
92
74
126
104
99
97
104
137
134
103
73
82
58
89
63
61
69
91
90
85
66
77
65
88
67
77
90
26
85
57
100
45
83
105
102
73
57
83
52
74
102
84
53
54
97
88
75
75
78
61
65
73
92
80
65
56
93
93
49
85
140
133
98
98
129
114
120
122
133
110
110
116
114
124
122
118
144
136
100
112
121
129
115
157
142
143
123
124
127
134
82
158
141
103
144
112
148
134
115
137
128
122
137
132
146
131
105
146
146
72
94
98
116
127
135
94
123
106
94
124
116
100
98
115
109
100
112
128
89
96
80
78
70
119
137
56
92
74
98
137
97
116
85
106
132
104
117
95
90
104
88
89
110
135
130
99
119
106
82
58
90
82
82
59
73
91
84
89
92
45
122
90
80
69
84
66
101
61
112
91
42
69
57
70
87
98
58
86
75
72
69
92
52
53
85
67
68
92
68
91
54
103
64
82
74
88
80
81
92
58
125
105
129
95
124
126
121
117
112
127
130
138
145
106
138
147
147
114
116
116
162
95
137
105
121
125
100
124
101
123
121
113
142
129
137
106
118
140
125
159
130
144
97
138
136
102
120
132
134
132
95
83
163
102
102
133
141
97
129
121
111
105
156
114
118
85
100
112
98
130
111
121
115
117
119
92
117
88
81
112
127
122
104
113
94
124
94
67
115
82
103
75
89
108
106
103
139
107
89
128
119
43
75
90
84
63
64
87
105
93
62
70
77
91
42
95
59
72
61
99
68
87
68
81
84
59
81
60
77
71
72
31
101
82
77
80
57
96
68
69
63
68
42
60
68
75
116
101
108
82
98
108
127
129
117
120
123
139
103
133
138
80
128
121
147
129
94
131
124
121
107
141
98
100
120
105
128
122
114
92
114
136
137
104
137
120
148
137
135
118
134
127
137
127
108
117
92
141
106
121
98
105
111
121
77
85
71
154
133
128
105
154
90
88
121
134
102
106
111
88
120
125
137
116
107
130
179
116
103
132
113
81
120
86
94
97
113
90
145
135
83
86
113
122
123
92
82
93
111
71
95
89
113
67
73
99
67
92
99
71
97
131
95
97
78
92
93
94
111
80
78
102
77
71
85
57
93
90
50
93
119
93
107
69
92
106
87
101
78
68
78
137
102
118
97
63
100
97
74
87
93
139
131
85
114
98
100
155
71
109
147
130
126
80
126
113
86
124
130
126
170
121
97
116
123
91
137
120
107
114
113
136
129
126
105
112
121
97
125
116
131
120
129
125
124
118
101
121
106
88
135
131
117
143
111
125
151
121
120
86
121
124
117
92
114
147
114
132
129
76
134
155
122
142
97
90
118
110
97
112
116
93
114
125
116
133
150
135
111
141
119
110
103
101
117
81
84
112
153
113
70
77
62
102
90
78
92
82
94
122
97
73
68
64
113
111
77
116
51
85
59
100
121
93
61
68
99
86
84
86
94
90
67
93
81
76
76
76
80
83
78
59
60
99
91
95
67
77
131
96
110
107
142
93
127
90
131
81
115
121
143
143
128
129
115
140
108
128
122
78
134
106
129
106
88
136
100
96
121
93
152
115
121
118
83
134
109
113
117
88
132
144
86
110
119
110
85
114
80
79
143
106
96
109
154
117
112
77
152
114
142
138
111
89
126
105
90
121
135
137
136
140
126
121
115
152
98
122
110
101
160
184
122
103
116
130
123
153
150
129
121
115
141
132
113
141
102
117
171
103
69
140
109
80
77
94
105
93
99
63
103
64
89
104
108
87
98
80
82
120
98
125
131
87
118
81
110
84
98
98
101
114
79
71
134
82
82
94
111
116
129
106
90
105
105
106
114
97
78
114
116
102
120
118
155
122
123
149
114
130
94
94
109
110
116
124
137
161
99
124
102
125
114
131
101
123
130
104
129
125
143
130
156
111
146
90
79
126
105
115
113
106
105
124
111
135
103
118
92
118
153
101
139
102
124
136
153
155
100
163
146
171
75
71
120
96
122
123
101
121
111
119
134
132
74
124
169
143
138
125
94
80
121
138
78
120
154
130
84
82
163
165
151
138
83
120
125
131
178
129
88
107
86
90
103
130
102
100
85
78
90
91
77
71
65
83
124
103
89
94
98
145
91
128
121
85
146
70
112
93
83
95
67
94
63
105
77
80
120
90
78
56
47
78
121
106
100
84
86
97
96
105
112
134
90
106
102
114
139
100
117
136
114
107
117
109
100
120
96
126
129
102
119
96
135
94
105
127
127
104
115
118
89
134
94
113
69
107
114
117
127
113
103
81
115
115
114
104
117
93
122
142
145
100
100
99
86
140
145
119
166
112
114
96
160
117
122
132
101
106
110
133
93
124
122
159
134
128
121
91
73
141
77
126
118
124
113
158
140
117
97
143
127
122
144
150
130
124
109
132
116
122
103
112
81
115
116
65
53
86
119
70
86
68
111
96
103
148
110
98
114
117
116
104
104
116
91
108
120
97
104
83
63
80
113
53
77
123
100
101
74
125
64
59
97
91
96
110
118
117
142
93
124
135
123
117
112
124
114
99
103
122
121
100
116
97
121
118
131
110
95
95
146
135
95
110
96
133
100
130
125
120
77
139
95
112
137
95
127
99
123
121
101
102
122
94
128
119
121
74
130
125
152
164
109
126
146
131
112
145
140
136
114
158
126
150
125
112
117
129
133
123
123
131
85
154
126
117
132
109
123
141
106
115
126
132
131
86
122
138
159
120
96
144
120
130
150
104
128
114
142
156
79
128
125
93
127
97
95
120
143
72
88
83
148
114
105
119
109
109
108
112
84
80
74
124
110
110
105
124
95
161
84
97
115
123
100
119
124
103
105
128
104
110
104
102
130
122
134
132
107
123
86
114
114
112
97
98
111
126
113
129
88
87
97
113
82
128
87
108
119
118
120
111
98
101
84
125
74
98
126
138
117
96
100
76
114
108
115
134
104
107
99
98
79
102
116
128
94
96
131
125
123
104
142
116
112
132
77
167
121
112
126
148
125
68
149
152
134
130
126
121
123
140
121
131
121
130
126
111
123
139
125
123
138
120
139
144
132
125
138
142
110
86
126
126
111
134
123
154
125
129
99
114
133
105
80
117
110
120
102
80
131
146
103
130
110
95
116
123
92
122
136
80
124
136
91
157
153
112
114
97
83
140
116
113
116
85
158
80
162
106
113
88
108
91
112
136
88
131
123
92
87
112
69
97
90
118
118
99
87
104
103
94
69
98
112
97
143
137
91
81
84
135
37
59
93
108
105
69
99
74
105
70
93
147
176
116
123
87
82
100
103
120
99
67
104
72
92
93
86
38
64
69
68
72
46
50
45
64
68
89
75
108
79
79
68
48
66
42
66
82
65
60
45
82
66
56
67
90
62
71
77
72
84
72
49
75
64
74
75
88
45
44
72
73
73
72
90
61
51
40
21
43
39
43
39
44
44
67
40
51
40
44
70
44
36
58
35
50
30
35
40
33
33
39
55
50
30
64
24
33
56
65
26
39
20
39
45
63
51
68
41
42
32
42
34
57
48
51
88
101
96
106
51
68
73
72
73
139
104
96
140
113
137
75
118
118
129
89
108
122
69
96
57
115
102
85
64
106
91
96
93
102
67
108
92
90
84
100
50
61
75
121
65
131
64
136
98
103
73
53
45
88
47
70
113
44
50
62
82
52
69
52
88
46
54
53
69
50
53
79
52
71
50
50
49
73
51
37
57
55
54
62
52
53
69
85
88
81
48
65
75
94
50
62
76
46
39
84
31
44
46
56
70
43
51
60
50
39
51
40
37
43
50
48
39
41
24
50
40
30
55
49
57
46
48
55
41
43
48
47
60
44
43
37
68
41
59
42
38
43
74
27
30
32
68
50
34
33
109
85
129
107
109
120
122
77
124
94
63
131
62
134
115
95
120
100
129
86
81
87
123
88
87
51
80
117
81
105
112
98
112
128
98
114
75
113
114
74
79
107
74
97
89
74
58
85
83
119
78
53
76
60
71
77
50
74
82
56
89
66
84
48
79
90
82
50
70
81
63
68
61
45
54
77
74
53
62
85
54
60
54
80
83
53
100
38
81
56
64
65
58
65
65
72
64
104
82
79
70
47
69
56
42
48
51
37
52
51
52
64
31
37
35
37
53
64
45
43
34
70
75
44
56
54
38
42
30
41
56
39
54
72
43
61
65
62
54
54
56
44
43
65
67
45
61
50
27
25
131
126
105
109
154
133
59
119
134
92
125
116
111
112
77
126
71
116
127
93
72
131
107
99
112
152
70
66
124
90
107
111
69
66
67
53
106
106
100
135
120
142
112
89
106
114
61
59
72
96
95
92
86
112
84
77
71
75
70
45
61
72
80
66
80
52
88
47
79
82
51
72
83
103
100
98
71
87
101
50
74
88
67
50
90
72
94
84
56
56
88
74
81
82
73
58
86
70
70
76
47
48
30
44
41
42
55
55
35
46
50
69
23
55
55
57
45
55
65
55
63
51
68
51
71
65
56
42
52
47
53
58
64
85
51
61
27
70
45
59
56
28
58
60
48
31
57
40
41
44
87
119
70
96
133
138
113
74
133
106
106
104
104
95
87
126
107
86
117
115
110
100
104
95
71
80
109
109
100
76
122
141
127
123
130
74
89
94
99
112
108
66
109
122
103
132
93
101
154
64
69
89
77
69
65
69
51
80
80
85
75
75
67
64
56
102
64
70
109
84
77
68
56
106
69
91
83
117
93
70
92
56
78
95
86
78
88
91
85
81
55
74
90
55
105
98
90
60
54
68
61
73
37
72
50
67
74
39
65
64
72
71
67
37
74
52
45
43
53
50
56
61
68
75
37
68
76
69
46
67
50
31
49
47
70
50
38
49
59
41
75
67
57
53
69
42
58
74
76
59
123
110
104
68
127
84
67
67
111
107
90
90
114
115
166
96
83
127
103
96
108
116
69
119
139
107
93
116
127
99
101
125
105
65
121
114
88
66
109
97
94
92
85
149
87
87
158
91
121
93
69
107
87
87
103
74
89
84
84
84
88
64
67
98
94
78
81
63
84
80
105
56
68
58
99
90
87
60
99
78
86
67
93
90
79
89
56
70
67
69
60
68
92
92
75
110
77
54
89
98
43
45
61
71
66
58
63
45
48
46
56
59
45
54
82
80
52
43
47
33
38
73
60
78
62
70
68
46
58
79
72
51
67
42
64
55
53
69
66
74
39
79
57
69
39
65
86
75
56
40
166
126
107
125
117
113
162
107
107
123
171
130
101
99
132
135
118
115
120
121
133
81
124
114
103
121
112
118
89
71
133
106
95
103
117
136
99
100
83
106
162
79
75
108
104
136
123
104
128
63
85
87
84
54
88
100
94
89
102
75
84
83
63
76
69
79
99
72
92
74
91
98
81
52
119
89
91
81
77
64
90
91
95
97
86
98
57
62
77
64
106
93
103
76
114
103
60
118
88
91
56
69
87
39
56
68
64
52
53
65
50
56
78
56
74
80
54
49
46
53
59
50
62
56
66
31
41
81
64
45
65
77
45
44
54
45
77
63
48
50
83
80
75
69
78
64
23
48
59
57
92
78
117
115
132
105
126
93
96
92
129
110
102
143
156
92
120
93
170
117
111
125
122
83
87
135
138
111
112
130
119
100
102
75
151
102
113
151
107
115
122
158
105
127
113
73
69
106
91
70
98
114
74
88
80
95
77
54
101
96
95
73
76
81
95
94
105
83
76
91
83
90
87
122
94
108
114
138
103
78
87
76
73
93
79
105
88
65
118
92
90
104
92
94
83
83
74
98
73
73
73
39
81
40
53
53
38
86
62
47
61
50
51
70
97
47
61
78
65
78
80
72
70
71
69
51
78
69
47
74
53
76
65
72
78
88
92
55
55
64
90
78
65
76
45
83
63
55
79
67
89
112
109
122
115
118
127
83
124
142
109
117
77
104
119
150
94
91
141
77
106
105
119
118
99
105
107
103
121
159
106
164
146
122
112
114
77
126
114
117
132
133
154
165
168
149
136
118
158
162
71
100
63
110
73
90
108
67
114
86
77
79
110
109
130
97
55
62
68
93
113
103
73
94
82
102
106
145
83
80
73
111
114
106
107
71
100
103
105
78
72
101
95
113
73
113
142
75
78
79
74
85
75
109
100
35
60
74
107
57
108
82
81
67
90
87
92
69
79
78
55
66
66
77
86
69
106
86
52
67
60
50
66
41
85
91
80
52
73
88
49
81
75
63
53
73
77
54
66
42
130
109
93
114
98
93
137
121
115
120
70
128
114
119
113
74
175
122
100
120
137
144
116
169
117
106
110
147
161
172
93
138
99
124
106
121
157
144
117
175
113
98
126
104
139
98
106
121
92
137
97
106
96
123
89
97
76
95
106
125
61
64
79
117
93
89
102
94
76
76
77
122
88
74
76
84
128
124
93
98
106
83
78
93
83
93
60
94
92
86
121
85
95
51
97
100
98
64
110
98
60
100
60
52
63
63
59
59
64
122
77
66
70
77
105
92
78
55
91
84
74
87
71
93
83
55
94
82
45
92
67
82
66
65
58
56
52
59
65
76
78
87
95
67
57
63
93
82
49
94
