197
214
215
212
236
212
271
257
189
179
222
232
203
220
216
275
171
235
241
161
229
255
220
189
206
245
189
234
210
193
232
246
248
241
244
219
173
236
202
216
199
219
234
168
237
249
226
244
279
195
166
145
164
178
152
141
216
221
144
155
183
190
207
135
142
125
128
190
136
147
118
131
203
165
176
157
190
201
163
195
203
182
171
160
143
161
158
150
130
200
143
132
199
173
153
158
162
222
222
170
106
127
109
133
105
100
113
135
132
128
105
120
115
134
112
119
134
41
124
101
141
89
122
141
146
109
88
125
93
114
157
125
89
89
139
129
113
129
123
91
107
115
135
116
109
103
138
136
88
126
260
234
176
193
216
216
199
217
233
191
186
204
207
219
213
199
257
224
178
199
220
206
211
248
251
252
225
233
223
237
156
248
245
182
255
192
233
231
207
229
235
208
240
214
237
237
184
226
251
140
149
171
184
212
219
168
203
177
147
196
191
170
170
196
185
167
172
217
165
148
154
142
136
197
218
115
163
140
153
222
153
195
157
168
216
186
200
161
154
168
149
170
189
212
206
173
193
163
151
126
132
118
138
92
115
136
123
130
136
81
165
132
123
118
117
102
152
98
157
137
86
124
113
117
136
142
88
132
133
117
113
128
95
92
131
119
114
151
117
129
98
140
107
121
108
135
124
122
136
116
205
176
214
182
222
219
205
206
198
222
226
239
249
191
250
267
232
206
207
213
258
180
231
196
204
228
195
218
184
213
214
186
245
218
227
200
206
249
210
271
229
227
184
237
239
195
212
226
230
231
168
155
248
169
159
203
231
165
219
190
184
164
232
199
204
151
163
197
162
202
186
200
213
197
203
161
190
156
139
185
200
205
177
198
164
189
155
134
201
160
177
139
150
179
173
178
217
184
162
189
174
97
129
131
120
109
114
128
152
137
101
114
122
144
78
149
110
119
105
145
114
127
110
116
116
113
125
102
116
132
121
64
147
127
123
119
107
157
122
119
112
114
95
105
104
118
154
156
153
128
188
185
224
220
225
194
192
246
197
236
235
151
210
195
257
221
175
227
217
219
200
249
174
185
204
197
223
213
195
152
209
223
232
186
234
207
246
247
228
205
210
211
243
221
191
208
158
249
195
211
185
167
185
205
137
163
122
245
225
200
182
247
168
165
212
231
194
203
182
151
204
211
233
187
169
222
266
194
172
217
196
145
227
144
160
173
184
158
250
219
135
157
200
210
213
167
148
156
187
131
154
143
167
117
114
156
120
138
142
129
151
178
143
152
125
137
165
163
168
125
133
145
121
124
148
100
150
150
86
141
177
142
173
116
166
163
145
160
135
121
128
207
160
180
157
113
157
148
130
128
164
234
220
169
196
187
180
253
144
181
227
218
230
160
222
199
164
218
201
222
281
210
185
201
228
159
239
213
175
199
195
248
217
218
199
192
204
185
202
204
224
218
232
208
214
213
183
211
187
155
228
226
208
232
179
208
255
214
213
143
216
199
208
170
182
236
183
202
212
133
219
256
214
224
183
152
182
223
167
187
193
167
169
212
192
227
247
230
191
234
208
186
181
181
197
155
158
182
267
202
111
122
109
147
162
133
141
128
155
174
141
136
108
110
174
177
133
164
100
144
104
156
191
141
109
108
149
157
154
141
157
160
118
153
157
129
127
123
122
133
132
113
113
157
137
145
117
147
193
156
200
190
241
193
220
164
224
159
193
220
233
244
221
233
212
240
198
220
230
150
222
187
212
184
163
237
198
170
212
165
255
185
215
212
153
204
194
204
211
167
239
235
155
206
202
196
159
226
158
160
236
191
173
191
253
191
198
158
254
196
222
238
197
169
217
168
146
194
230
229
233
235
212
206
174
246
157
212
185
182
259
285
217
181
202
229
219
261
242
209
208
188
226
231
183
235
169
208
262
175
125
204
175
139
119
143
165
143
158
115
154
115
145
163
171
141
148
127
150
192
154
195
199
150
186
135
175
141
165
164
156
172
133
126
218
131
147
153
177
189
187
161
141
159
162
173
182
153
115
184
211
190
198
199
247
211
234
242
201
225
184
193
186
183
204
210
221
257
186
217
176
221
214
225
190
220
228
192
219
217
234
233
239
202
252
158
152
225
169
201
190
188
179
208
201
234
197
208
173
205
250
179
226
173
224
224
251
259
162
274
261
273
151
139
227
171
201
208
182
197
184
212
223
225
133
195
262
227
238
219
179
145
186
263
145
213
256
218
152
148
276
250
247
224
148
204
189
218
274
237
141
181
140
148
156
200
176
168
142
132
153
152
139
135
102
135
199
166
150
154
157
209
142
210
180
144
220
120
184
152
144
157
115
161
115
170
138
138
187
152
131
103
80
137
195
177
183
153
150
169
176
164
219
214
175
191
177
191
243
187
203
228
203
178
204
181
195
206
154
221
201
183
204
180
224
165
184
221
213
182
195
206
162
243
162
193
150
184
198
225
211
192
177
161
182
197
213
187
213
187
209
234
237
176
169
178
167
242
238
214
271
197
197
165
253
192
202
220
176
201
186
236
182
206
210
248
226
217
215
166
141
253
155
224
200
208
203
260
232
192
161
250
214
224
241
251
217
219
167
235
183
190
183
170
141
189
198
125
112
137
195
125
155
121
184
169
190
225
183
160
176
206
187
181
173
178
143
177
185
150
180
141
130
131
170
113
136
189
180
170
148
192
112
114
156
151
154
171
192
183
244
159
215
231
225
205
203
193
192
192
176
208
196
184
214
174
208
218
226
189
184
174
233
210
176
196
175
221
180
226
226
198
158
206
169
197
229
170
212
176
214
220
174
188
207
160
228
223
197
150
231
203
278
263
186
218
264
210
197
229
246
227
190
255
209
263
221
187
203
223
243
204
220
220
157
274
221
195
235
200
199
251
189
207
224
246
217
161
204
222
255
220
170
243
214
224
233
176
236
199
219
230
137
208
201
154
222
170
162
205
217
130
145
146
220
192
181
197
176
182
169
188
149
142
133
202
178
181
171
199
152
235
157
167
194
206
166
180
193
175
174
206
165
187
169
158
205
197
209
206
197
228
161
207
205
222
178
171
204
217
195
222
172
152
174
196
151
222
172
183
202
205
212
193
172
181
147
214
141
174
220
250
203
172
176
146
198
188
197
228
200
183
169
171
149
173
200
200
169
178
224
209
199
199
247
207
195
221
142
262
218
189
208
264
233
119
266
256
218
216
210
205
210
247
208
233
229
241
215
189
199
214
217
201
243
199
238
232
229
204
232
237
171
184
207
208
206
243
212
260
193
189
167
180
208
172
165
188
173
196
180
139
208
220
169
230
192
173
183
200
151
218
228
139
196
230
152
240
231
194
191
174
153
231
181
204
199
155
243
152
254
182
203
156
178
174
197
222
147
213
206
149
131
170
127
155
152
203
175
160
142
157
150
145
119
157
158
169
202
216
136
128
151
200
67
108
148
171
166
118
159
144
162
131
152
207
265
186
201
137
123
154
164
196
153
116
165
129
165
143
127
79
89
100
105
122
83
83
75
99
102
125
102
149
108
113
103
89
102
78
93
114
102
112
81
107
95
90
104
131
90
119
115
100
115
110
77
114
104
98
109
134
77
75
95
104
103
115
125
104
70
66
50
58
70
68
64
67
69
82
64
77
68
72
87
67
60
90
64
72
47
61
65
64
60
62
68
71
45
83
64
58
72
89
50
58
36
61
61
75
72
79
73
75
48
67
60
79
81
74
138
169
144
177
99
121
126
123
132
214
159
151
211
183
220
126
196
188
182
150
160
188
130
164
92
186
166
145
113
181
137
155
160
161
126
168
150
142
135
151
96
114
137
183
118
216
122
214
158
178
107
88
80
123
87
105
147
90
92
106
125
97
126
87
134
84
92
99
108
80
95
114
75
112
92
89
82
113
80
74
95
96
96
86
84
86
99
127
114
120
92
99
116
130
80
94
110
81
63
119
60
87
71
81
97
70
78
81
75
72
78
64
66
70
80
83
77
64
37
73
68
53
75
72
80
66
72
89
64
59
68
74
79
66
74
59
93
63
83
68
62
62
100
49
43
61
88
74
68
67
171
154
191
170
170
196
187
137
174
150
108
225
104
215
185
164
197
159
196
162
146
140
203
148
133
108
132
183
136
173
185
160
178
207
145
185
134
171
183
131
128
182
127
158
158
133
112
135
153
195
133
79
120
103
109
110
76
115
121
104
119
102
126
85
121
127
119
86
105
120
107
109
107
81
96
119
124
98
92
118
85
93
93
112
130
99
145
76
126
93
115
96
92
111
93
107
92
145
124
110
92
89
91
87
71
83
70
72
79
79
81
97
63
70
72
55
82
86
73
71
63
87
96
71
79
90
79
65
45
64
81
77
72
96
67
85
91
84
75
76
79
77
68
86
88
71
82
77
58
52
219
200
168
178
250
202
107
199
217
166
197
187
176
178
137
202
118
196
218
157
138
206
165
159
175
218
127
121
196
140
164
190
127
109
141
103
178
165
168
214
175
224
182
142
172
198
115
118
120
161
135
143
126
144
123
110
113
112
114
90
98
120
135
102
123
82
128
87
120
119
74
129
119
149
142
141
108
121
153
91
111
138
109
89
127
125
141
128
91
106
135
123
129
139
107
99
134
107
122
122
85
75
48
70
75
70
86
86
54
77
76
92
54
85
83
87
70
88
93
86
100
70
97
80
101
91
76
64
92
77
80
88
89
105
76
87
59
95
68
92
79
69
82
88
77
54
80
75
77
72
154
209
130
157
189
218
181
123
216
171
181
175
191
152
155
211
193
139
189
186
184
166
171
157
119
149
177
175
160
134
196
216
197
200
198
132
153
150
162
185
188
126
197
186
177
208
173
170
231
120
108
133
122
113
111
118
87
117
122
123
120
133
115
116
103
148
121
105
160
123
116
115
96
161
107
133
128
162
138
125
133
97
125
151
127
114
128
139
126
118
97
123
140
103
154
147
135
93
96
116
86
101
77
103
79
96
101
62
96
107
97
104
97
70
102
86
81
80
96
87
86
85
98
99
66
103
114
99
80
94
89
60
77
83
98
70
77
73
100
75
107
99
92
92
92
72
86
104
102
87
198
192
163
134
201
160
121
117
169
177
151
165
210
172
266
165
150
213
179
169
188
191
129
198
227
183
158
211
212
169
161
189
176
133
197
182
158
108
183
172
178
151
145
237
158
158
240
167
194
151
109
177
146
136
150
124
130
139
145
137
128
106
103
150
138
117
123
98
130
124
172
98
114
105
150
130
122
103
159
134
137
113
148
127
122
142
98
131
96
125
99
121
150
136
115
163
138
103
125
141
75
79
97
101
105
79
97
73
74
80
90
93
67
89
111
105
87
71
73
58
76
96
97
103
86
105
97
81
97
118
107
86
98
81
115
106
89
105
94
105
75
110
83
108
83
88
120
114
87
59
255
202
191
199
195
175
249
182
169
202
273
221
173
163
212
229
211
206
209
189
232
145
196
183
181
222
175
211
152
127
224
186
151
160
200
217
161
179
138
193
232
147
137
193
193
228
200
171
227
124
125
135
127
101
137
163
149
131
149
132
138
143
104
115
117
146
149
126
146
131
149
153
120
90
179
159
135
133
139
118
146
146
141
143
135
149
94
97
118
114
155
155
158
134
168
154
100
175
149
141
89
105
117
75
92
105
98
87
92
100
85
95
111
84
99
110
89
83
74
94
106
88
90
86
105
53
73
116
94
74
112
101
84
80
89
77
112
105
78
85
122
107
106
102
117
89
54
86
92
112
162
141
190
205
209
167
209
168
164
171
205
182
168
228
247
161
185
144
271
195
209
207
198
155
155
236
219
202
181
206
191
178
177
125
246
168
201
250
191
188
197
265
175
206
193
128
137
175
161
130
153
173
148
137
128
142
114
97
151
148
147
130
126
126
146
149
160
133
110
149
128
140
139
204
154
166
168
188
154
126
144
123
119
161
119
164
158
119
186
135
143
167
150
149
136
126
117
158
142
135
104
77
128
53
94
92
70
135
103
96
105
83
88
116
139
67
94
112
100
115
109
109
104
116
109
87
112
100
83
112
90
116
98
117
120
120
126
94
91
94
136
108
99
110
88
127
92
94
112
101
152
173
193
203
193
196
222
135
206
223
191
200
159
171
207
233
145
172
231
145
173
183
199
200
184
177
184
176
200
248
187
273
249
205
182
198
135
216
206
200
218
220
246
271
265
234
238
194
257
255
129
156
109
168
130
138
173
122
169
144
135
136
176
176
183
163
108
122
121
138
177
162
130
141
126
158
173
223
133
128
130
162
176
163
178
129
164
170
157
132
133
153
152
166
116
166
204
139
128
148
109
115
102
135
143
69
101
122
141
100
144
122
134
96
130
122
118
111
113
109
95
105
102
113
120
124
160
137
91
105
99
93
110
82
114
128
120
80
104
122
84
111
114
113
99
114
110
100
107
78
217
206
177
201
165
164
242
196
207
215
134
217
187
194
195
147
268
193
179
197
244
241
191
255
202
183
168
239
264
267
161
241
171
215
171
205
259
258
184
276
223
167
234
179
226
179
186
218
166
240
148
167
167
198
146
148
131
168
170
197
110
119
152
195
146
152
166
163
152
133
134
189
156
117
125
138
204
198
166
149
198
142
148
142
139
152
104
147
163
149
189
137
155
108
170
170
166
117
177
154
96
147
104
96
115
106
98
106
106
161
126
111
108
119
147
148
113
99
142
122
147
140
114
136
130
103
153
145
92
130
105
117
105
107
91
95
93
101
103
120
120
125
137
106
101
106
150
116
85
135
