442
422
390
377
417
421
451
421
483
350
423
385
398
301
432
366
420
478
473
416
353
222
359
362
423
431
360
373
419
399
402
387
372
356
413
397
464
420
366
382
351
342
365
331
398
477
397
460
371
426
462
385
405
433
475
431
450
377
419
357
390
430
359
458
357
426
390
434
338
480
354
468
433
426
361
347
436
449
485
347
484
403
402
442
350
359
426
452
404
340
398
388
419
323
352
421
444
424
343
427
398
399
395
445
416
471
347
335
369
404
364
393
350
445
462
404
415
399
421
489
264
472
352
390
417
397
362
327
500
383
414
422
449
401
456
419
428
391
469
472
406
415
441
436
442
373
397
345
336
329
379
450
429
373
428
438
378
350
439
399
315
396
310
415
438
417
402
426
463
447
468
453
474
385
460
404
397
411
347
369
458
346
465
428
417
442
470
459
466
388
448
390
430
367
410
444
468
364
352
488
489
354
426
436
412
459
402
435
460
446
411
450
369
448
431
401
358
447
427
422
349
367
374
429
374
417
397
431
393
403
395
439
439
408
395
423
416
349
394
302
467
435
457
405
469
406
405
453
423
444
430
446
344
385
255
470
466
407
342
423
423
389
353
374
486
415
354
455
436
423
430
391
364
458
416
440
349
337
406
418
369
440
333
427
428
430
409
341
467
382
440
481
427
434
480
378
469
438
464
407
464
393
365
436
357
416
396
409
353
456
405
348
400
480
437
391
433
459
474
439
408
428
447
395
445
394
464
369
411
400
365
394
473
477
393
389
430
390
414
489
336
510
414
418
351
464
409
356
455
332
383
476
454
316
439
491
457
466
426
360
402
424
373
471
460
391
342
468
475
401
446
464
414
394
442
407
439
402
447
426
437
454
387
360
475
454
414
344
457
407
477
431
394
383
372
484
418
406
462
383
400
393
401
341
435
409
332
372
407
330
458
435
406
466
455
396
420
402
381
444
427
469
453
431
386
447
358
360
358
406
450
324
430
394
448
439
365
488
429
382
393
437
457
397
451
385
489
439
478
406
451
463
422
418
322
430
433
459
434
457
417
451
416
433
406
398
438
383
464
349
455
383
399
389
325
434
414
453
480
449
446
515
432
439
435
422
290
361
412
443
410
422
469
484
396
414
468
435
338
447
405
458
417
373
476
381
409
361
469
328
450
344
444
451
426
417
457
372
484
416
391
425
401
461
474
394
450
452
432
404
409
403
258
452
423
374
488
447
431
434
412
350
346
343
451
462
379
452
419
479
429
438
427
438
464
449
413
435
469
464
448
366
454
466
352
485
427
420
363
367
425
352
402
459
448
427
400
362
392
416
432
459
418
393
443
381
350
446
462
478
374
372
429
380
414
427
416
460
426
458
367
473
442
463
453
459
433
451
482
467
376
399
441
317
450
446
496
352
477
447
449
411
452
464
386
443
453
476
396
423
425
454
477
450
424
449
500
468
393
468
470
414
458
454
395
458
483
441
422
343
375
417
481
370
417
397
440
383
471
401
448
422
454
439
425
461
472
420
384
464
461
432
419
469
412
414
398
408
390
337
418
411
464
449
431
452
379
478
437
429
416
482
454
458
371
412
433
427
415
451
456
448
463
438
349
441
474
410
408
394
437
493
403
475
422
399
425
399
355
434
393
470
412
426
480
393
436
334
425
342
445
457
464
456
472
471
425
491
455
452
411
437
418
424
448
428
473
438
475
454
471
432
417
427
436
461
465
437
442
435
386
483
463
372
444
412
424
401
397
480
425
409
460
400
332
409
432
471
462
435
433
461
410
445
423
442
426
337
463
434
340
459
360
428
506
366
408
423
442
498
423
371
379
450
355
431
404
433
402
372
449
429
482
307
460
406
424
405
366
465
492
422
413
395
419
458
422
413
451
431
469
469
383
417
436
433
438
470
354
419
428
403
424
440
405
456
453
421
444
449
466
405
412
446
471
341
435
465
441
446
431
444
431
417
429
426
489
402
411
332
449
396
393
404
434
427
451
357
423
438
328
431
432
434
400
453
409
471
450
433
410
414
433
497
442
423
457
446
408
412
429
461
465
415
420
425
439
363
436
352
458
445
441
450
441
411
426
406
405
438
431
458
432
458
432
456
462
453
483
436
459
445
475
445
379
414
389
388
448
417
486
405
410
403
437
435
419
461
471
405
459
397
450
423
426
420
394
436
458
441
436
440
408
476
468
430
461
378
433
391
397
406
350
450
471
458
424
423
399
468
471
439
466
435
393
491
394
417
457
432
383
418
431
429
433
452
432
437
436
412
395
457
411
461
412
434
413
473
445
363
413
339
426
464
461
462
394
462
474
493
436
466
432
419
419
425
481
474
419
414
439
475
436
451
438
440
369
433
451
453
434
413
436
432
370
356
481
393
431
419
453
406
367
405
322
468
369
406
395
371
414
382
465
408
401
381
390
414
422
403
493
468
437
341
422
337
397
247
269
405
458
393
401
469
410
365
452
388
412
364
467
410
414
475
317
379
451
427
331
431
382
400
427
406
407
404
429
449
475
453
370
406
361
346
311
299
482
361
442
287
416
395
427
407
437
471
383
405
405
345
410
408
250
340
397
423
432
427
409
418
299
339
430
337
338
481
376
462
355
438
383
431
440
304
385
404
246
405
447
470
436
471
343
342
290
363
410
468
451
431
425
465
412
353
454
422
431
434
424
419
413
349
373
349
327
350
378
471
271
381
413
398
422
344
334
471
408
350
448
339
370
437
504
333
435
400
345
452
439
479
439
409
416
477
407
413
430
408
403
490
406
461
454
428
475
424
443
408
359
402
401
403
445
415
470
464
407
462
481
414
233
502
435
439
386
457
350
422
369
350
434
334
459
423
420
410
468
308
446
428
463
460
435
429
403
397
418
411
456
452
461
476
453
408
416
400
363
379
452
390
424
446
459
373
455
446
390
241
392
428
464
443
407
342
322
443
410
335
362
411
342
431
323
400
373
452
377
427
444
448
425
342
464
394
354
421
457
456
465
394
489
430
378
457
477
446
391
416
239
412
412
393
433
359
431
417
438
422
409
511
490
370
418
419
364
453
410
363
404
455
463
376
404
420
369
385
430
453
463
427
455
463
496
399
474
418
386
402
478
469
438
428
457
438
460
457
449
454
397
419
381
382
341
416
425
445
457
429
423
449
399
330
444
352
432
344
397
389
450
419
443
373
404
444
393
476
378
383
452
424
424
338
435
488
404
434
354
394
439
393
434
460
452
357
357
514
366
477
367
434
458
463
422
335
378
433
375
341
426
452
400
427
413
427
475
401
412
459
454
466
420
381
497
395
307
449
331
457
425
412
363
430
417
426
366
484
405
424
358
416
438
457
425
432
372
397
346
433
421
427
395
434
432
465
441
427
409
422
417
411
426
427
410
367
487
386
453
387
454
454
455
452
351
434
410
392
469
409
427
450
439
421
455
475
484
425
474
475
457
414
286
495
437
474
252
347
423
363
349
369
428
451
327
459
394
424
422
496
480
408
445
436
415
381
476
342
345
374
395
448
339
475
443
401
438
331
448
388
427
447
389
471
470
438
402
399
466
456
440
386
452
426
448
425
448
378
418
444
339
397
435
423
442
468
399
442
412
445
346
423
448
359
455
478
450
442
484
444
382
459
428
420
363
461
479
452
487
461
465
421
435
446
465
482
430
418
444
401
454
405
408
426
476
424
452
442
320
391
465
475
456
401
411
453
419
476
473
383
436
417
440
446
368
455
444
439
443
421
400
451
459
458
407
415
439
420
472
446
475
414
415
409
471
350
436
403
353
369
454
489
371
425
427
397
436
364
372
464
435
429
411
439
455
450
430
503
453
462
470
390
461
427
456
426
451
435
421
432
388
424
419
455
413
443
436
406
361
475
437
407
463
384
359
451
361
429
379
415
349
358
459
422
472
457
423
449
446
469
441
429
440
400
441
428
451
350
337
455
428
408
441
384
451
408
355
444
358
455
451
445
442
409
346
395
452
344
360
440
465
440
469
426
473
427
444
478
382
437
349
438
476
431
386
466
435
444
393
427
439
473
379
424
433
396
467
432
494
421
399
420
445
450
402
401
460
400
422
374
375
454
474
442
452
441
418
455
425
404
425
457
461
464
436
444
438
478
348
430
424
497
456
446
455
417
464
461
414
418
444
340
432
445
437
403
459
432
470
414
461
469
446
443
412
441
436
440
404
422
433
464
414
438
419
464
439
441
326
414
442
445
475
454
457
381
405
454
458
449
380
392
466
421
434
370
460
429
461
461
420
430
418
449
460
425
508
462
338
437
421
444
440
421
451
448
424
368
402
449
460
436
409
470
441
463
423
447
481
430
469
426
385
403
484
305
472
440
405
443
430
372
461
430
445
433
429
440
385
350
426
414
432
441
425
471
462
471
390
438
427
368
399
432
500
455
385
447
403
426
438
375
404
501
437
425
456
423
438
463
461
416
447
371
413
430
459
415
478
408
471
432
431
452
422
400
450
369
402
452
401
356
478
415
435
426
353
377
439
465
430
402
449
420
384
457
463
442
447
395
392
455
419
421
430
445
466
442
461
427
447
395
431
476
463
406
409
439
402
378
432
428
387
423
454
465
446
464
386
396
440
432
423
447
420
447
454
444
440
382
430
445
355
416
432
430
432
457
466
390
434
442
395
394
447
423
414
387
416
406
437
432
387
397
437
459
448
416
406
449
460
456
480
403
433
418
348
419
447
429
431
439
427
383
472
434
394
470
463
482
436
421
404
400
474
474
385
427
426
436
482
426
290
392
402
384
435
410
343
420
471
426
449
388
385
382
384
354
352
396
415
369
434
398
242
447
375
339
321
409
447
397
453
356
418
430
410
454
395
370
460
386
474
348
447
431
398
347
349
413
400
394
398
346
409
355
421
429
493
347
259
346
439
254
438
401
446
448
389
443
397
432
434
416
366
422
358
424
383
470
459
373
424
442
392
405
355
332
434
466
383
441
396
288
361
480
376
353
416
433
409
413
371
454
495
441
438
350
298
414
473
388
488
437
389
400
432
361
395
392
417
410
442
338
405
368
455
414
409
318
379
400
453
381
438
417
401
477
475
393
489
426
355
403
420
379
378
373
440
445
404
396
269
406
379
402
428
418
423
410
382
464
469
349
388
410
356
425
442
394
349
461
429
464
433
432
489
359
412
407
346
451
398
443
387
388
482
452
424
444
398
366
416
448
347
448
436
398
422
474
438
364
420
451
440
443
350
496
328
430
407
341
424
356
418
435
472
400
264
429
368
363
417
365
442
407
398
394
356
363
460
427
469
408
404
439
444
437
453
414
454
423
424
420
451
435
462
448
410
457
419
487
448
423
350
475
361
367
415
435
368
450
345
416
454
382
437
389
462
456
407
414
393
403
378
474
419
383
429
468
405
396
399
420
445
429
390
364
422
413
370
454
295
385
396
420
379
454
449
339
440
421
448
434
365
292
444
410
361
437
468
421
413
471
439
487
456
367
464
461
468
423
426
480
258
441
458
386
474
435
450
456
436
460
407
389
351
408
442
349
443
336
486
446
441
440
474
455
469
459
448
396
433
396
426
411
429
409
416
353
462
449
446
362
365
364
405
350
419
434
389
330
417
434
376
452
434
479
389
436
409
426
433
346
394
465
456
421
441
500
341
317
413
426
429
432
428
434
482
363
361
414
459
493
334
423
463
433
460
426
435
378
434
459
399
450
428
444
476
363
460
428
396
414
449
490
434
464
407
359
457
422
367
404
425
444
444
398
414
462
415
487
455
441
334
468
481
436
441
467
457
475
410
343
386
439
468
430
357
426
387
424
448
368
424
380
437
409
317
428
434
359
441
445
412
418
375
346
401
415
425
302
455
360
418
333
362
439
408
359
466
432
417
417
433
431
457
422
337
380
470
469
478
381
500
328
463
424
470
378
452
446
481
426
435
467
353
479
361
356
388
461
451
471
435
439
434
434
450
404
378
408
431
411
460
429
450
467
455
335
403
425
459
427
442
472
408
358
451
423
449
457
459
486
438
423
412
460
487
474
445
355
484
425
449
391
442
402
434
414
424
460
475
473
458
487
466
358
486
411
430
404
364
416
376
387
477
467
446
414
410
489
433
455
443
392
459
431
443
451
439
449
415
431
436
393
342
353
426
430
404
436
450
442
409
493
423
421
439
458
442
420
410
313
459
442
443
404
415
465
440
452
404
360
474
410
452
389
350
488
343
330
433
506
448
417
431
458
438
337
366
473
431
366
469
378
432
452
439
484
395
380
434
401
459
441
406
459
381
458
411
427
439
412
364
423
449
467
414
461
450
435
423
446
452
336
440
471
372
334
405
420
388
461
448
327
447
418
457
441
334
357
334
479
463
507
465
469
406
361
439
439
437
409
434
439
434
449
479
345
446
430
368
423
435
454
445
428
472
432
433
471
454
412
466
449
413
364
444
423
435
438
405
426
479
373
444
472
342
420
424
406
429
503
444
414
321
393
426
407
413
362
407
451
411
437
452
483
429
412
472
356
465
412
432
443
365
372
394
441
447
444
441
434
410
424
423
381
454
391
438
380
416
436
443
440
423
379
395
411
436
419
473
428
365
407
449
442
417
423
435
379
416
453
436
368
408
431
444
421
359
475
432
407
445
378
404
453
452
471
385
430
433
454
420
447
414
467
440
404
414
436
429
431
457
452
461
413
456
404
451
420
423
406
465
450
447
441
445
416
469
400
464
435
417
432
401
456
460
427
434
446
434
458
403
440
364
315
426
437
354
448
346
429
428
475
461
427
444
450
386
399
364
434
450
416
427
421
384
389
459
391
476
411
409
379
441
454
436
359
426
427
347
410
407
421
423
406
422
444
428
419
411
502
423
447
446
421
405
466
421
450
368
375
405
417
484
407
451
388
451
413
448
440
436
428
482
439
446
395
382
443
405
357
474
380
379
451
426
416
478
427
415
455
430
385
412
398
432
441
439
425
399
446
409
418
343
438
436
428
371
449
437
448
421
442
481
432
381
420
441
297
437
427
455
440
452
413
387
449
399
387
445
449
402
370
323
397
420
430
460
434
455
441
429
441
456
444
407
460
446
439
460
408
451
440
461
372
363
433
446
394
466
429
482
432
426
449
465
419
460
403
491
488
368
455
433
458
460
382
455
437
404
417
398
438
365
474
303
330
338
407
388
395
374
452
485
328
460
470
366
340
382
429
413
400
380
440
403
431
378
342
389
422
331
416
474
339
385
373
450
467
379
366
400
363
337
419
426
410
344
365
341
449
381
408
425
383
376
411
407
412
416
370
481
480
399
458
423
420
404
389
419
407
381
376
434
467
447
444
350
364
344
349
421
423
422
344
449
367
415
416
423
478
458
405
347
460
399
440
473
335
418
384
451
389
387
350
375
440
431
284
435
424
429
386
483
492
337
436
472
386
461
454
479
464
195
351
468
448
455
449
441
420
441
505
324
399
434
386
446
312
455
402
426
362
412
390
361
396
422
423
385
387
380
366
401
432
350
419
412
413
333
428
471
390
452
465
404
437
488
435
365
351
365
478
456
313
405
430
355
378
386
397
389
415
369
415
468
432
389
518
420
441
332
418
361
341
419
357
381
337
452
373
387
448
408
437
406
419
399
444
516
426
462
464
432
370
409
211
422
430
419
458
417
438
434
452
342
426
487
467
394
425
426
460
416
411
408
437
365
395
483
424
420
405
333
405
391
387
404
471
460
375
432
449
490
390
455
494
440
442
374
415
418
339
424
373
406
231
376
442
390
456
415
428
347
486
396
398
452
421
446
381
376
465
385
430
354
415
363
452
415
380
432
420
459
520
438
421
387
440
439
340
411
373
420
400
424
432
424
433
446
355
451
478
455
439
381
417
382
404
428
423
417
497
437
429
480
475
401
374
426
436
395
466
450
405
456
345
374
351
501
366
473
452
450
434
469
401
380
394
444
432
394
433
421
418
416
406
462
385
466
447
441
412
403
476
464
420
425
471
414
457
480
372
390
385
373
419
353
433
353
441
455
443
403
457
429
459
439
341
468
419
450
350
450
422
459
446
405
387
412
427
446
464
412
464
435
390
461
407
383
454
396
455
452
454
471
425
376
413
450
469
476
475
465
437
440
318
411
442
412
431
415
387
404
432
394
337
322
427
427
360
379
428
333
412
420
404
428
429
323
390
471
347
338
418
447
372
401
418
475
352
368
357
408
434
445
425
407
421
444
441
427
416
449
438
413
409
370
443
356
369
441
437
503
433
464
389
352
369
380
377
434
456
378
375
434
447
414
437
469
438
473
421
426
320
439
360
421
468
462
447
371
463
450
442
442
378
471
436
446
413
417
481
407
383
371
356
461
324
476
404
466
405
434
459
472
452
447
363
486
461
447
468
423
434
450
475
439
473
342
458
430
448
281
460
360
430
418
366
367
473
449
342
451
479
436
458
445
473
457
420
407
378
401
448
382
431
338
426
414
331
408
447
458
452
411
367
470
440
431
360
408
412
428
434
415
422
432
439
443
444
424
388
440
400
433
362
413
441
409
366
469
401
373
459
469
410
455
400
477
445
357
427
435
445
306
444
422
405
454
451
482
448
366
460
386
396
482
475
354
427
443
383
489
361
424
412
446
474
481
468
435
409
444
446
355
431
453
419
315
447
411
429
454
457
461
476
445
438
448
339
453
415
428
434
302
426
463
452
426
357
385
455
408
444
372
446
476
409
424
459
406
442
470
449
463
440
429
434
376
410
408
450
340
468
439
427
421
428
456
351
469
451
432
441
470
437
449
427
433
463
421
418
422
400
421
456
445
435
427
442
459
440
429
439
438
394
437
373
451
444
472
447
414
429
409
435
468
406
463
442
479
403
427
399
428
441
446
477
418
450
436
368
468
439
469
421
398
414
452
457
410
430
478
441
444
356
432
402
362
458
471
408
430
372
450
475
475
447
386
454
447
431
417
449
478
416
453
423
337
405
373
348
428
476
442
443
417
409
458
437
420
428
456
400
359
435
472
427
464
427
414
453
430
419
446
428
400
427
411
432
456
370
408
396
431
493
447
459
357
401
453
391
443
451
488
437
446
441
447
474
452
427
428
412
452
423
448
384
451
429
433
408
437
386
445
442
431
479
480
451
426
416
460
401
369
432
449
425
419
427
467
368
450
401
488
425
412
427
449
483
391
423
413
430
430
427
436
472
446
470
426
346
436
439
444
423
446
424
421
422
473
445
436
433
408
401
366
464
383
451
446
432
448
394
331
449
434
468
430
380
436
420
428
447
388
389
472
420
428
454
468
473
459
505
459
392
425
379
440
452
372
419
448
272
427
451
413
451
436
363
447
437
403
423
405
441
413
441
459
467
458
382
328
353
367
398
362
384
429
420
422
443
418
450
310
454
408
429
449
420
448
445
433
417
438
416
471
447
379
467
457
410
463
379
449
415
430
490
442
414
429
364
354
387
442
478
394
414
451
416
455
438
416
428
479
449
455
441
445
456
411
453
427
394
468
407
430
471
429
419
429
458
426
429
471
399
430
399
342
430
429
440
399
412
382
412
350
438
460
392
369
441
346
372
270
378
425
405
352
455
414
391
374
484
437
339
357
427
399
387
454
412
444
471
419
405
411
362
441
402
456
401
415
452
466
440
475
423
449
407
456
456
402
403
370
488
377
423
401
357
384
350
420
407
367
484
312
367
399
416
453
408
208
446
382
450
436
428
481
409
404
440
402
345
453
378
336
369
352
422
402
396
402
455
422
377
386
429
364
454
404
431
385
347
348
448
417
427
403
405
353
392
386
370
488
394
334
407
347
430
380
418
375
395
326
401
371
352
467
432
479
423
398
403
428
420
423
456
434
290
366
465
377
453
424
398
352
410
464
417
396
404
398
399
443
403
408
463
452
389
384
446
440
414
358
417
362
332
462
359
424
448
398
347
435
442
342
266
444
304
404
364
435
452
394
330
445
418
412
378
420
346
397
438
385
336
426
311
418
432
397
398
362
423
385
379
427
390
382
388
434
436
470
432
414
482
467
412
401
375
378
410
410
395
484
461
435
416
385
426
444
427
475
427
350
342
445
380
409
349
408
454
446
413
478
430
346
372
464
451
367
397
457
412
483
486
456
433
435
383
429
461
246
450
469
309
394
380
427
402
374
443
411
451
430
278
392
411
412
467
410
406
383
480
381
349
375
511
478
441
359
417
460
411
387
352
447
454
438
460
395
429
440
406
327
460
450
444
417
400
370
458
373
418
406
447
423
400
462
430
428
426
394
426
443
395
370
414
336
432
459
352
375
387
487
418
414
453
378
351
404
455
347
430
427
398
463
486
349
388
436
402
401
418
456
410
410
455
380
495
405
406
435
400
419
454
429
457
438
441
441
455
413
349
474
414
415
341
445
355
487
481
460
401
338
338
419
418
415
482
389
441
384
476
400
424
300
347
429
423
397
387
369
405
423
402
411
339
464
444
441
396
434
402
453
423
387
417
495
475
464
411
348
446
389
459
454
434
480
482
367
339
410
463
425
449
410
426
427
448
432
427
372
331
349
345
434
393
422
356
463
488
415
478
488
413
417
451
422
451
388
380
440
450
347
443
446
461
415
450
428
449
435
465
448
362
402
398
427
397
376
433
438
472
382
402
372
468
447
432
446
370
453
488
387
462
431
460
406
414
378
432
427
499
418
444
380
404
446
450
394
388
470
337
468
398
405
330
409
346
437
430
431
432
451
472
424
431
422
421
437
453
465
375
446
412
434
444
468
425
388
440
454
476
366
406
426
409
431
410
470
441
437
437
445
406
371
425
440
433
426
437
425
443
450
405
375
473
465
464
360
453
420
415
415
432
283
399
411
449
458
430
424
450
397
466
418
368
429
455
428
425
492
401
407
407
417
375
404
403
421
356
350
458
445
450
448
485
449
477
454
425
442
417
473
402
414
378
410
462
456
458
401
392
444
463
429
462
428
441
356
458
425
452
393
452
383
450
470
457
453
471
387
448
453
418
340
395
389
454
413
445
430
425
404
314
460
405
426
468
449
450
506
424
413
456
449
444
480
433
407
425
411
395
443
391
359
451
408
491
449
377
404
429
440
431
412
445
421
422
487
415
484
327
392
464
501
398
464
420
342
408
424
348
425
386
413
423
435
402
434
427
406
434
474
449
433
392
407
460
395
468
412
473
414
396
362
404
462
478
446
464
435
482
452
397
458
421
422
394
425
344
430
474
448
441
428
454
372
478
386
448
465
404
461
362
417
430
422
444
381
436
425
382
431
474
367
431
344
369
402
437
427
424
346
381
405
433
440
404
444
452
403
460
416
495
429
419
453
428
387
446
442
356
399
431
412
370
458
437
428
421
482
397
430
475
474
447
422
475
422
460
450
435
380
406
481
402
491
439
398
380
412
401
439
477
414
442
376
426
442
364
402
433
359
392
428
410
432
471
438
423
456
353
442
440
382
378
411
387
454
423
444
332
465
428
446
469
424
477
449
425
452
412
383
348
392
406
442
431
448
361
441
447
422
470
421
472
470
462
454
426
388
455
394
409
384
417
407
456
408
460
429
414
456
416
386
410
412
431
453
450
445
422
417
407
451
449
438
477
434
379
392
443
423
467
471
374
405
414
415
328
409
448
411
423
455
444
472
443
420
412
426
404
452
433
448
374
405
431
429
426
336
407
422
430
434
469
361
435
412
425
413
381
423
432
441
439
413
451
361
429
439
427
436
418
432
336
430
437
357
391
388
479
451
475
349
456
416
456
390
455
409
390
421
425
349
499
351
430
419
462
433
417
428
354
472
456
432
420
437
468
419
442
392
417
422
441
481
453
438
463
372
447
422
383
423
432
457
432
406
430
431
434
420
373
390
440
428
434
451
402
410
473
459
485
424
445
464
411
367
426
442
423
455
437
394
447
456
371
423
395
474
437
471
411
397
431
396
326
451
411
464
380
388
471
468
449
380
411
375
443
460
412
335
450
381
400
381
349
296
414
394
477
431
394
406
405
347
418
301
450
404
465
425
349
420
448
442
402
478
360
400
461
405
369
404
235
427
336
353
375
471
407
386
444
442
416
421
485
439
337
415
413
312
339
372
377
463
460
352
499
434
436
394
359
422
358
378
378
381
449
456
481
420
423
361
432
401
390
450
460
352
420
428
437
479
459
376
401
344
404
454
429
451
378
421
350
350
366
454
453
346
447
398
450
414
457
330
381
323
449
422
412
370
407
447
425
349
475
339
424
435
390
488
347
432
345
354
465
407
450
355
456
469
427
510
413
432
405
384
396
348
424
416
395
380
441
401
439
404
360
464
383
483
405
389
414
475
384
392
428
447
421
414
372
382
361
403
372
430
407
408
448
387
473
432
353
428
423
339
418
474
454
335
433
371
387
487
367
400
466
457
489
387
396
439
352
434
425
437
403
440
402
450
417
429
490
443
367
448
444
411
448
453
411
457
472
387
431
477
380
440
383
377
365
403
369
449
432
417
444
453
411
445
331
390
377
458
422
425
362
425
433
422
461
444
469
363
424
480
368
477
418
366
406
424
445
453
403
482
460
434
438
431
436
395
475
477
435
371
387
363
440
463
443
419
400
422
378
410
424
416
398
468
505
394
421
353
393
389
354
428
360
453
457
459
380
382
448
375
412
358
424
441
381
366
367
351
376
438
414
400
400
417
351
435
367
448
421
450
397
453
405
429
443
425
353
409
427
357
453
431
440
460
373
445
453
467
451
362
390
280
353
415
426
446
443
387
495
440
408
472
412
446
391
424
387
457
441
414
421
458
440
359
378
348
441
475
439
449
447
384
432
426
448
442
419
443
428
412
440
341
470
406
446
439
439
460
474
362
411
425
482
432
404
460
417
476
405
429
467
415
380
489
390
411
452
464
491
366
414
439
494
449
383
427
419
410
426
418
424
445
416
426
432
420
398
456
425
470
388
447
452
453
350
411
471
468
433
435
369
444
455
457
404
423
489
436
438
451
467
482
515
404
420
486
468
448
442
454
431
391
431
465
451
390
394
432
313
389
340
356
394
446
382
401
434
364
379
479
456
457
388
434
361
377
468
432
394
466
392
427
411
421
347
402
374
437
419
457
389
439
458
423
352
380
434
379
466
385
463
434
419
407
424
476
398
474
411
452
411
457
488
330
371
432
386
484
436
395
427
411
427
442
370
455
435
335
439
407
474
401
491
452
386
399
394
423
484
462
418
440
435
420
435
453
465
415
465
454
436
400
414
445
459
426
333
487
460
420
407
449
437
372
400
442
420
461
383
503
402
482
437
436
408
488
453
451
407
350
484
452
399
440
450
394
423
447
420
397
395
462
452
438
363
463
439
433
464
383
423
470
445
450
357
421
457
409
424
484
465
458
453
350
445
428
450
415
444
492
465
432
432
468
402
443
372
411
411
418
422
401
453
432
426
426
458
409
384
410
437
377
473
404
492
371
435
406
437
477
453
451
438
418
432
462
449
454
427
450
425
441
438
403
431
443
409
403
411
417
470
468
434
414
435
466
430
427
489
443
423
472
434
390
455
473
451
445
452
427
445
432
468
416
409
444
411
340
439
435
440
370
419
431
402
485
417
433
449
412
376
426
440
424
416
457
429
479
450
478
468
437
345
476
367
420
444
411
476
379
433
476
451
449
439
397
419
448
464
406
460
413
454
432
377
445
361
440
403
442
424
419
445
243
439
487
403
477
453
419
367
449
408
373
461
456
455
454
383
454
371
419
367
460
421
469
453
448
417
454
490
467
425
434
426
416
409
448
429
473
373
444
399
447
352
447
402
430
417
454
449
426
400
395
392
390
437
453
474
424
376
393
454
400
444
469
416
369
444
455
469
467
421
400
453
417
448
367
437
465
438
441
440
391
421
433
460
476
430
479
464
428
448
369
387
439
425
380
406
437
454
403
387
359
426
461
446
439
395
460
396
447
417
454
424
448
369
455
463
423
407
463
400
408
456
427
336
447
437
438
420
447
409
476
463
463
471
465
404
362
409
426
432
467
449
408
428
417
453
423
385
411
446
448
461
435
473
399
428
461
462
419
413
436
452
419
432
408
437
394
461
365
339
427
460
382
457
438
435
378
366
502
410
413
370
462
471
443
412
471
446
434
396
441
407
430
454
408
467
486
418
330
443
431
443
464
418
420
461
438
472
423
427
428
447
392
382
426
461
445
429
450
447
435
378
427
417
329
431
491
434
461
389
441
469
418
410
414
450
410
298
473
408
438
398
396
462
350
435
462
359
438
434
419
407
444
411
477
450
447
433
422
421
390
386
420
455
436
402
390
459
361
389
461
464
332
376
381
411
383
463
436
419
436
321
439
435
453
412
408
459
455
400
368
415
445
353
450
454
444
455
338
432
439
386
408
247
435
244
466
398
370
410
411
377
453
396
403
469
406
372
402
455
406
435
387
367
430
349
430
412
425
397
341
412
428
425
370
372
437
464
400
447
294
415
383
444
327
386
412
387
397
368
417
357
422
367
357
400
324
278
371
374
421
395
392
363
477
447
406
379
446
349
368
472
472
445
421
409
409
409
400
389
446
426
386
412
431
416
466
378
479
381
473
455
434
352
442
432
390
354
447
463
407
436
439
436
425
399
416
385
253
487
407
457
414
379
430
359
433
367
388
431
415
409
442
425
424
376
353
481
397
481
453
447
470
440
390
422
395
474
423
366
446
429
422
399
424
366
440
476
462
465
428
449
417
413
477
426
386
459
468
440
462
438
337
441
434
404
424
410
360
335
399
468
466
395
448
407
384
441
431
486
356
410
470
390
381
357
467
427
493
410
436
419
445
344
441
422
398
454
324
467
446
355
417
405
407
369
482
458
421
324
335
461
453
295
443
456
446
468
319
395
397
426
416
418
472
366
448
355
438
461
443
469
396
276
418
421
418
488
396
458
481
449
431
454
419
449
399
491
271
454
382
444
347
394
486
417
371
425
417
391
435
387
438
471
344
443
387
445
438
433
462
466
440
387
345
452
422
416
422
412
427
468
443
445
378
425
423
453
403
437
455
430
446
424
455
475
339
430
477
388
469
455
431
437
378
392
453
445
476
326
390
400
437
385
412
351
424
329
456
372
341
424
304
456
428
448
431
433
385
423
421
463
491
335
404
481
447
472
497
474
399
384
449
471
460
443
429
430
346
349
460
469
433
367
460
427
347
390
430
465
454
407
394
387
455
470
439
372
402
454
382
440
486
416
352
451
463
332
457
439
452
354
429
450
388
422
325
438
411
418
365
439
354
370
438
370
347
438
420
460
464
374
382
453
428
412
435
421
438
462
453
473
349
435
467
401
460
441
417
478
393
418
459
450
482
416
480
427
370
424
303
451
433
317
431
429
462
350
495
409
381
423
445
407
425
372
415
436
385
422
456
450
458
353
452
433
428
422
398
441
452
467
424
413
424
428
429
457
450
409
381
434
371
460
448
470
383
349
418
427
496
417
457
468
410
450
431
416
436
430
352
445
417
440
389
366
383
442
438
395
388
359
428
390
428
415
428
453
473
412
371
446
474
431
449
435
355
411
433
381
317
441
480
386
418
425
451
473
356
369
378
453
475
434
409
440
368
484
445
427
422
455
392
421
428
419
435
410
385
459
456
466
449
431
318
332
403
456
433
374
469
420
448
359
307
386
317
419
386
441
432
435
429
375
440
438
394
459
454
368
471
444
428
482
433
459
402
409
433
461
434
473
425
433
439
448
400
438
411
411
441
409
477
424
231
458
434
342
427
363
396
442
461
415
369
481
457
400
429
475
423
430
410
447
397
458
439
463
393
450
455
338
428
456
445
391
439
417
368
428
427
445
373
463
455
341
464
401
441
420
404
442
465
484
419
387
463
431
415
500
442
330
384
341
425
372
437
463
395
444
361
492
400
419
443
417
368
449
407
434
440
464
436
376
435
476
431
382
418
424
456
424
451
450
429
434
416
438
440
436
407
333
478
459
449
460
374
353
476
448
428
450
444
420
437
477
468
479
471
417
484
496
485
382
467
395
473
405
483
342
460
432
436
481
486
420
429
487
439
380
385
420
379
406
394
458
422
359
466
423
277
409
441
329
439
458
414
369
433
471
461
440
416
457
420
417
372
436
441
445
453
462
448
453
430
414
454
393
426
394
430
438
496
434
395
410
439
444
421
433
465
433
448
447
422
365
437
467
452
485
429
348
436
439
412
420
421
428
490
470
429
413
394
384
405
472
441
370
439
403
436
436
466
469
382
412
433
430
444
420
417
442
489
451
408
431
374
462
360
412
367
425
456
438
387
418
310
391
443
395
413
422
415
465
409
397
388
380
448
422
455
436
385
448
448
463
433
462
457
458
426
448
471
391
410
429
369
420
436
479
434
392
456
377
435
433
347
329
445
393
456
443
459
453
455
464
407
416
434
376
438
462
457
430
443
466
447
446
448
426
452
476
409
464
363
459
422
442
454
407
436
445
432
450
420
449
420
413
397
387
477
450
426
449
458
418
436
427
422
382
399
417
451
307
459
458
441
388
444
438
437
414
441
423
436
467
431
416
455
435
479
454
412
423
462
431
428
410
396
422
415
410
427
418
433
433
434
448
426
338
380
433
423
374
425
442
440
425
405
442
428
438
445
404
382
448
432
432
472
407
439
434
431
412
410
401
419
434
417
390
455
423
451
456
368
364
407
387
405
413
462
423
472
422
394
458
421
385
429
439
424
348
362
476
396
484
429
392
426
414
421
433
403
421
374
409
371
387
397
417
419
384
483
412
357
420
392
347
356
416
377
445
460
438
397
392
458
492
457
309
414
324
235
474
411
406
402
423
282
442
457
427
459
402
384
408
443
425
440
390
368
389
407
432
476
389
317
384
424
446
487
340
426
452
467
429
424
356
267
447
427
419
490
394
347
371
367
359
438
383
390
391
359
441
361
503
466
410
406
371
343
398
431
417
429
438
442
338
393
397
238
461
448
483
427
414
300
424
403
439
374
444
460
405
443
400
462
438
456
401
355
414
400
465
327
403
491
407
459
469
402
437
368
465
359
405
426
414
389
405
433
351
333
330
416
432
465
357
410
436
452
393
346
417
365
371
314
430
344
347
360
398
293
438
410
386
421
423
349
429
410
380
376
404
398
351
470
409
432
458
427
433
500
370
390
439
433
331
345
376
385
391
406
431
382
346
442
434
413
405
428
425
426
411
414
411
330
449
287
441
460
432
399
424
483
429
424
351
435
411
329
419
376
442
365
333
386
413
421
440
454
394
465
349
375
359
355
365
417
450
442
492
479
478
377
476
469
389
483
421
472
380
268
447
416
375
459
358
361
449
471
457
420
432
436
465
358
425
355
433
423
398
437
500
329
454
450
467
430
441
441
386
402
502
359
368
432
365
422
465
408
438
425
472
445
431
407
348
409
511
417
420
441
371
395
483
421
449
372
474
433
479
369
393
422
404
434
434
465
411
414
425
363
447
460
413
407
411
435
436
366
409
408
430
379
436
464
410
419
409
402
449
415
433
417
346
436
370
462
367
435
417
453
401
445
287
517
443
419
386
425
392
426
443
433
440
386
475
430
433
439
468
432
427
421
453
372
438
447
424
442
505
448
443
379
384
405
430
402
436
455
422
456
452
379
411
450
430
468
450
447
476
415
377
453
405
452
495
454
342
483
463
429
426
404
446
459
426
419
450
453
388
427
441
348
498
368
461
439
464
477
428
328
358
438
471
403
465
400
348
390
445
430
439
365
391
366
416
420
431
411
361
362
414
480
468
443
381
450
388
430
442
459
357
470
370
438
426
462
405
485
362
411
483
391
414
457
402
478
475
451
359
448
453
427
337
357
414
429
462
444
424
417
381
392
446
487
394
409
465
472
425
426
470
454
400
438
482
467
390
344
456
445
415
444
454
380
469
444
497
455
398
443
494
445
459
473
348
439
431
459
460
473
395
373
347
392
379
481
353
397
369
416
473
349
471
393
440
430
466
387
414
411
433
381
380
472
409
427
461
450
430
442
394
446
400
433
436
322
408
429
450
396
445
466
418
395
469
364
412
456
423
360
362
463
441
451
419
435
413
438
460
412
371
440
485
423
429
404
475
445
445
439
484
452
457
410
428
447
424
439
464
405
476
425
460
445
360
414
422
460
446
430
433
480
451
424
441
433
444
398
434
472
419
407
447
442
432
424
372
453
462
428
458
359
409
426
381
452
420
398
438
438
448
423
469
388
373
389
362
436
459
369
447
451
448
447
497
416
484
434
463
485
407
456
421
431
432
469
385
400
436
423
438
439
436
496
435
466
432
361
378
433
413
405
419
408
460
443
438
386
450
461
411
453
442
471
383
386
484
435
365
459
416
453
448
461
397
368
425
402
397
437
417
419
451
435
459
420
481
505
446
463
426
443
392
458
432
473
435
395
491
408
440
436
445
356
353
462
436
391
422
435
364
441
409
397
485
460
408
463
404
450
432
431
464
461
471
425
432
443
351
411
393
421
427
408
489
448
442
384
331
443
386
436
486
418
437
448
463
457
403
461
488
401
440
474
475
388
398
379
409
417
454
473
453
465
417
485
429
396
446
416
432
421
424
402
446
383
363
436
477
462
405
448
448
436
444
449
379
457
470
434
413
447
460
387
450
375
449
430
336
417
357
412
467
380
420
457
430
430
408
454
428
453
409
386
426
401
430
452
437
406
375
418
340
458
474
414
481
443
386
463
448
391
459
425
431
439
437
373
467
401
384
429
443
479
392
432
369
444
337
434
407
444
454
411
394
445
448
450
429
444
415
449
411
478
427
337
429
417
466
472
384
434
412
412
437
384
422
412
430
452
364
342
428
386
441
415
388
394
403
421
442
421
472
440
393
377
419
382
435
460
432
408
459
425
415
432
437
412
447
428
426
441
429
437
422
466
417
350
459
423
383
393
434
362
408
390
415
361
438
434
426
401
413
446
362
444
452
463
450
461
431
418
413
460
475
466
382
375
422
434
432
434
474
452
404
460
463
400
395
421
452
428
438
426
421
398
405
477
395
427
376
457
463
453
437
450
428
400
427
456
389
408
447
469
382
388
469
378
451
387
326
472
418
399
450
404
436
435
405
398
271
380
373
420
400
401
397
414
458
353
337
394
457
341
446
421
466
443
372
360
425
409
477
432
364
452
349
394
358
361
301
402
454
399
357
429
450
413
410
450
385
380
358
339
414
339
392
439
455
416
393
426
417
365
451
404
407
387
406
399
408
383
418
403
361
403
456
430
465
423
427
346
460
407
416
462
423
424
427
432
405
435
446
481
416
427
422
441
430
421
417
434
386
434
426
436
382
397
422
344
404
448
423
422
390
410
449
439
370
394
453
402
367
434
451
457
457
334
424
368
439
441
326
389
379
370
471
425
436
454
414
411
461
432
431
393
465
351
427
382
323
339
436
439
352
434
382
457
415
343
429
417
443
441
385
445
439
366
387
397
266
436
371
393
417
456
372
428
378
432
397
337
426
431
415
464
392
430
416
401
462
434
389
343
454
420
373
471
372
416
468
421
399
438
396
403
368
469
413
332
370
408
436
468
451
401
399
400
402
329
349
440
383
396
448
497
369
393
336
451
429
427
360
431
430
341
388
420
415
316
286
368
476
447
425
388
429
435
465
444
435
427
399
442
376
458
469
348
363
492
456
412
446
373
444
476
435
376
464
376
466
484
348
376
418
451
453
428
380
439
444
439
429
453
471
455
396
361
483
465
414
473
484
384
475
465
387
342
496
415
452
399
475
440
425
338
467
472
509
432
455
453
445
383
457
427
397
456
476
456
463
439
390
431
438
439
424
419
430
440
457
392
429
453
460
354
420
454
439
405
405
482
433
464
444
442
432
356
368
413
385
457
376
480
448
410
421
358
436
404
489
372
428
439
421
433
455
462
479
382
454
430
456
466
457
426
419
394
486
463
459
454
400
485
402
405
363
430
340
344
427
330
430
457
428
347
436
443
346
472
375
344
478
445
380
489
396
475
297
481
405
318
446
434
410
459
362
344
410
472
416
413
477
402
451
475
466
405
346
423
436
401
390
443
386
364
429
490
428
440
381
480
416
413
396
445
345
432
449
422
413
426
418
394
470
459
286
418
385
440
401
475
361
506
443
462
463
465
401
409
473
413
423
380
443
387
434
430
423
390
409
374
449
410
454
429
460
469
455
419
373
348
408
360
391
409
437
423
434
460
349
409
337
456
447
451
481
394
463
432
374
362
417
351
424
404
413
367
463
422
398
429
452
454
406
436
386
402
456
434
335
462
410
428
403
393
418
478
450
435
476
442
363
455
431
422
482
439
415
426
345
491
362
417
456
398
445
450
443
442
356
407
447
423
431
477
421
466
459
432
425
458
447
422
421
447
426
435
390
452
367
443
434
474
436
479
455
404
440
452
508
462
443
455
414
413
415
424
437
411
427
407
429
503
381
407
420
367
406
475
319
465
429
430
442
449
439
444
408
408
465
423
461
410
480
462
427
429
416
423
425
364
346
408
423
407
400
456
439
380
442
408
432
457
456
403
395
489
447
439
463
490
412
401
465
463
425
446
424
430
440
472
426
441
431
465
447
449
465
366
444
394
451
395
391
455
439
476
403
424
430
446
434
427
385
457
426
440
430
384
476
391
417
449
395
459
378
364
336
348
423
402
402
410
469
405
428
462
398
396
438
391
422
415
470
397
453
450
466
445
459
461
459
427
453
439
400
424
451
347
441
420
455
452
453
409
434
433
443
374
448
406
442
460
485
430
445
457
460
377
427
471
467
444
401
476
393
454
381
443
353
388
419
451
457
434
373
461
433
434
442
350
475
446
432
438
408
403
432
427
452
461
355
439
438
433
468
360
420
407
361
395
436
459
430
465
347
448
439
484
445
446
438
446
414
406
486
446
443
415
458
480
427
412
420
445
447
449
415
444
431
415
430
421
368
469
470
460
454
457
457
446
447
371
417
405
455
434
366
479
431
428
394
415
466
388
481
458
413
433
415
452
434
426
421
427
466
407
437
433
445
433
450
425
423
455
469
408
418
424
444
437
473
451
433
466
369
433
474
407
457
447
366
423
440
411
338
439
439
449
474
439
456
457
446
387
436
430
426
449
389
383
397
458
405
411
401
444
431
449
441
422
436
446
430
411
440
441
442
465
419
389
476
458
345
463
442
419
427
464
408
442
444
454
471
468
431
479
417
415
395
386
446
290
451
441
417
375
417
417
472
424
435
442
429
437
442
418
440
447
477
443
403
430
470
386
456
370
435
361
429
447
444
428
385
436
438
425
465
463
379
419
433
436
445
361
428
402
421
392
446
394
426
439
393
386
401
439
362
441
374
423
415
436
442
470
336
464
423
443
418
464
407
409
446
387
435
276
436
434
359
385
406
436
439
481
366
461
394
471
410
429
402
357
366
363
384
404
398
421
407
469
453
426
385
461
435
452
436
406
440
363
354
343
431
480
332
425
409
379
446
408
436
469
373
411
416
350
486
419
404
420
413
422
303
342
460
411
445
362
400
293
424
483
388
410
448
442
437
391
432
442
452
345
393
366
393
347
458
441
426
376
374
401
492
339
363
362
358
416
357
437
445
393
451
449
347
357
415
435
448
457
407
468
452
399
417
460
424
335
461
420
429
359
410
408
387
438
350
495
382
420
364
410
408
466
342
429
446
460
426
416
427
411
349
490
334
465
346
443
421
445
431
428
383
456
493
458
401
451
332
447
341
441
484
383
332
362
397
380
407
414
348
422
371
407
405
440
446
400
421
361
365
403
454
489
391
361
392
392
446
480
413
423
423
443
420
418
369
424
451
388
442
359
456
469
484
385
366
454
359
402
406
395
395
350
434
423
414
423
444
452
472
470
426
378
378
405
349
416
456
432
340
442
385
394
406
454
289
391
334
406
340
437
424
437
459
452
470
446
459
483
385
401
415
336
429
402
427
415
429
338
491
367
415
444
385
440
429
426
464
346
368
454
483
349
459
416
417
420
381
463
435
478
478
460
381
381
416
416
362
398
338
392
401
442
423
423
454
431
408
462
421
484
357
460
364
442
419
412
361
416
445
434
477
396
338
362
431
443
464
335
462
457
462
375
348
381
366
446
449
458
417
402
440
382
420
361
456
448
382
484
415
490
339
432
450
427
469
446
414
407
480
413
417
466
490
437
423
491
410
404
399
446
458
437
457
342
333
460
458
466
350
391
442
353
367
436
397
466
359
474
438
455
408
340
421
432
433
383
425
427
487
453
436
455
438
425
444
350
454
478
420
280
471
453
450
470
452
418
382
406
439
478
413
437
464
447
360
375
360
475
467
406
362
412
437
449
442
477
351
354
398
466
414
433
456
473
483
449
442
454
435
390
504
430
478
387
357
419
456
480
450
370
431
441
448
343
426
404
416
451
393
411
343
485
437
478
381
405
366
424
458
412
404
360
362
464
435
365
443
423
444
437
477
420
489
442
453
456
368
456
400
453
447
465
457
496
455
434
410
472
411
444
441
474
405
442
422
445
415
473
468
469
472
476
517
441
401
414
350
483
439
420
398
388
393
411
398
460
458
397
472
351
429
459
423
471
428
474
461
452
474
428
417
470
436
469
372
428
431
437
436
440
455
466
419
357
466
426
348
486
370
446
437
471
449
445
358
465
434
433
481
464
427
397
429
411
453
450
470
470
502
491
472
440
429
387
463
424
431
461
473
427
446
358
458
437
450
454
454
427
436
446
445
408
433
446
413
300
421
425
476
330
503
455
490
415
385
333
354
421
407
358
433
452
468
313
391
451
383
443
476
427
343
438
439
428
465
455
433
460
403
445
393
366
388
381
293
393
426
485
456
467
395
427
461
484
436
391
339
445
399
402
411
431
425
439
431
429
400
472
424
356
440
504
387
381
374
451
429
423
398
473
445
478
436
434
447
406
458
385
413
326
454
470
473
446
341
447
429
357
429
480
471
438
475
444
458
459
426
467
474
430
445
475
379
438
405
426
429
494
441
450
375
425
404
429
430
419
410
477
435
393
398
384
460
342
435
440
438
419
454
430
426
473
478
430
465
480
466
439
457
447
445
409
460
448
451
458
442
467
418
453
432
436
473
467
430
455
445
408
451
443
443
464
450
460
385
422
350
367
468
403
438
457
415
408
417
446
399
357
413
438
472
388
431
431
396
441
475
350
461
366
478
472
339
412
411
445
375
445
457
426
450
393
454
493
454
456
420
419
444
459
421
405
463
438
449
475
450
413
454
411
419
436
452
490
453
491
432
441
390
432
448
432
431
477
425
388
439
385
406
371
450
469
470
412
476
451
413
365
406
424
422
417
434
463
446
445
467
466
452
376
419
396
404
451
443
407
393
460
366
403
418
461
364
365
452
413
437
427
429
387
453
441
403
444
440
359
454
408
346
406
387
342
394
420
386
452
430
480
431
424
443
446
449
361
452
464
402
433
410
438
424
460
447
478
468
428
344
467
431
460
394
409
408
396
427
419
421
440
379
443
409
427
417
451
412
433
409
421
449
444
435
447
445
344
433
441
442
421
405
453
468
404
449
446
439
407
458
442
466
445
432
450
403
350
461
432
426
468
476
472
390
443
433
436
442
409
433
462
458
358
400
381
408
461
428
437
412
463
394
406
449
466
452
348
429
408
456
387
443
339
436
407
428
455
429
423
446
379
467
398
399
471
412
404
463
433
373
432
467
426
501
429
426
430
431
453
371
423
454
394
414
377
445
453
415
412
452
426
412
416
457
351
438
425
460
383
420
461
435
421
446
432
471
425
419
462
428
473
383
402
449
431
423
434
419
484
340
441
381
420
343
404
408
436
337
439
307
424
458
340
418
439
438
492
384
425
359
383
403
325
341
423
482
437
408
428
430
325
388
404
468
424
404
409
390
401
404
394
432
383
397
400
386
409
482
478
383
418
415
354
416
440
435
402
347
427
410
438
332
408
479
438
443
424
451
427
395
384
468
423
402
458
427
325
442
388
347
350
436
394
462
326
370
463
410
351
394
399
440
424
421
420
384
304
405
411
444
409
461
461
451
395
492
388
459
440
459
421
440
305
449
379
487
466
414
225
384
460
436
360
431
345
441
454
280
460
466
424
392
413
470
440
448
441
393
383
421
373
456
248
408
432
379
483
395
411
432
409
493
388
371
425
432
392
423
439
423
348
411
425
438
437
487
444
425
436
424
440
493
423
313
365
466
367
458
450
459
420
406
405
440
450
432
379
442
456
446
380
449
421
410
374
443
407
386
416
397
411
363
474
410
439
436
465
442
477
417
461
420
415
424
412
482
429
402
471
432
424
434
345
419
445
429
446
381
360
446
355
460
352
389
369
438
374
382
444
318
478
386
323
348
482
441
494
403
362
371
350
356
464
406
361
377
416
398
475
358
432
444
402
369
409
365
430
428
404
418
367
420
429
428
439
393
406
414
376
415
344
382
438
418
477
422
402
464
405
397
346
427
444
409
475
499
450
367
413
455
351
431
399
462
409
427
392
431
428
434
433
379
366
418
416
465
468
405
432
437
387
397
417
420
377
397
437
431
408
431
455
354
442
429
268
404
433
371
420
345
462
395
419
464
306
306
432
410
406
404
478
408
360
507
382
424
471
410
332
409
395
442
449
411
434
359
415
391
444
372
413
425
415
352
466
471
448
456
403
431
449
397
437
366
451
444
493
467
458
385
425
463
380
480
432
425
462
458
465
486
438
411
449
428
432
458
507
420
384
346
435
432
447
406
438
456
357
462
443
492
404
445
421
413
429
445
464
477
393
457
440
488
455
363
478
464
372
482
434
401
473
384
460
469
410
353
405
436
442
396
410
440
414
456
469
429
478
413
250
405
412
394
483
408
454
449
422
468
441
396
429
468
427
368
425
355
426
335
454
486
450
447
450
407
450
480
421
458
454
432
373
437
335
457
340
389
383
476
360
438
425
430
410
449
432
395
477
381
307
356
469
432
414
408
433
319
411
434
453
479
338
429
379
408
447
413
462
412
465
410
447
416
438
405
455
458
427
421
417
422
406
379
467
432
458
445
441
332
483
447
410
466
466
401
397
420
458
436
410
405
437
450
415
460
384
458
437
452
417
460
470
466
439
411
440
395
372
439
445
385
402
384
422
459
466
476
404
463
428
463
483
410
454
487
455
423
405
438
369
438
420
366
444
440
421
415
374
465
426
460
386
460
438
415
408
473
418
409
491
455
464
483
427
449
466
475
456
359
406
453
462
456
428
431
403
450
421
415
409
349
405
430
447
436
457
403
447
359
466
376
470
385
381
471
448
432
387
425
469
418
427
416
426
445
419
402
449
359
421
425
482
442
445
434
389
394
468
447
454
440
425
446
422
445
365
431
476
445
444
409
425
498
385
427
446
431
450
476
395
421
441
442
382
389
363
473
344
424
435
429
429
428
470
396
431
463
399
444
421
366
440
410
419
452
428
456
430
386
444
492
426
420
438
372
447
447
421
411
424
471
461
444
464
435
420
474
442
465
386
444
417
473
356
430
442
396
415
407
453
450
446
431
404
470
457
358
374
409
328
439
449
420
426
448
435
468
450
474
422
451
450
433
481
386
429
425
396
437
427
457
412
449
404
450
426
462
327
319
466
355
448
409
436
428
462
334
456
433
462
466
434
413
430
454
414
433
453
457
410
443
442
447
486
437
443
431
434
484
399
443
443
404
406
457
417
428
457
463
444
456
434
421
381
413
416
334
415
387
388
344
434
307
417
452
441
385
441
433
379
409
476
424
347
461
406
441
415
471
434
446
435
394
377
448
434
373
426
330
446
443
441
455
407
450
410
474
426
461
429
443
440
477
424
478
433
441
415
480
401
434
362
440
471
421
431
441
451
436
415
389
439
356
438
441
452
412
411
436
454
440
446
448
424
361
457
439
400
418
471
428
444
367
405
432
461
434
422
441
449
418
477
381
444
446
449
453
439
446
393
459
459
416
441
475
415
351
375
443
409
428
417
421
438
447
435
359
471
399
418
445
410
336
380
441
414
397
434
434
469
435
457
464
398
459
469
418
436
423
457
448
408
444
419
410
464
401
437
382
430
396
381
385
410
337
454
447
420
450
400
421
451
426
442
458
386
470
437
428
401
375
455
412
433
441
373
432
440
476
424
371
456
428
437
435
443
412
402
443
473
405
452
447
431
481
409
456
428
463
391
455
