439
431
446
417
389
426
390
382
366
382
348
418
450
339
410
459
371
268
439
405
398
420
371
360
413
333
427
432
351
424
377
371
414
433
299
336
380
376
395
443
423
416
345
404
443
346
273
400
398
426
406
425
451
420
352
469
456
477
377
393
365
335
444
438
460
452
435
296
370
443
361
354
458
465
353
393
500
459
296
413
407
367
458
426
397
468
405
489
430
413
483
365
484
451
480
352
353
380
398
449
414
421
431
402
373
452
401
363
370
461
405
457
472
440
403
361
488
445
449
455
452
473
379
397
403
359
456
399
434
386
420
427
336
416
391
445
414
458
423
434
475
388
433
444
467
353
418
445
418
386
404
404
344
410
394
467
429
417
367
396
435
415
429
331
456
449
420
441
413
423
454
397
325
341
459
357
443
388
289
469
467
430
490
411
387
354
459
340
404
413
460
452
459
484
403
360
420
384
412
361
474
435
437
400
470
452
392
371
305
422
462
378
441
457
471
477
462
411
393
420
454
398
424
397
406
349
433
350
397
417
410
506
497
392
412
383
464
443
441
408
364
390
410
470
432
322
361
447
406
471
412
417
468
413
353
440
379
444
456
411
418
299
399
364
425
455
474
420
477
383
410
493
355
467
446
351
455
349
385
376
435
451
397
382
374
360
425
433
478
426
508
388
408
464
410
393
450
432
395
423
424
431
408
427
367
398
389
433
358
383
415
441
415
398
423
357
477
497
433
401
444
442
437
427
446
392
432
462
435
387
427
489
491
450
402
419
427
359
466
450
365
495
449
374
417
456
357
431
484
443
425
488
435
434
388
432
435
443
463
480
433
423
447
456
451
443
457
455
383
445
447
432
427
432
399
354
413
417
450
405
469
473
347
491
331
430
460
486
456
461
456
397
476
447
455
494
417
444
474
379
439
384
426
453
466
427
491
476
419
407
430
479
478
353
397
454
467
422
485
473
431
457
473
318
471
340
394
452
454
415
450
394
396
460
425
376
429
343
370
425
402
497
484
429
432
340
393
425
331
496
459
465
446
402
380
413
362
433
440
412
505
400
446
380
436
351
299
402
468
439
436
459
400
413
407
459
460
377
471
408
434
453
357
430
438
486
452
412
420
479
444
404
449
420
456
432
465
444
422
447
421
436
445
447
332
478
476
463
470
429
427
435
457
420
417
363
412
455
511
442
419
441
443
461
469
415
436
387
449
423
453
409
359
349
364
360
408
478
448
459
434
336
425
434
397
481
443
451
482
440
447
452
476
446
487
427
463
435
374
383
437
271
437
435
461
371
482
438
418
480
387
418
358
449
424
399
360
406
454
417
445
461
435
487
412
414
440
441
421
462
394
464
458
458
433
354
404
442
449
474
439
358
386
450
476
451
423
386
413
420
407
487
422
364
419
490
444
410
449
452
431
428
391
395
426
363
439
389
438
435
420
461
424
465
507
422
464
476
469
427
376
431
468
450
410
355
354
351
458
360
457
439
483
432
341
448
504
433
410
451
414
497
370
456
458
370
428
465
463
450
428
440
476
413
420
340
436
462
392
425
455
388
448
463
390
454
477
442
406
474
417
410
424
467
327
455
326
477
463
499
423
467
449
491
497
477
397
467
440
423
415
447
380
369
479
399
414
426
457
453
396
437
446
463
390
382
450
478
457
509
484
427
457
294
404
466
424
421
447
453
354
400
438
479
470
474
471
483
420
459
422
411
427
390
367
445
503
419
475
459
405
431
497
454
426
438
429
504
370
459
410
370
433
443
437
394
375
484
413
426
420
471
459
448
407
439
467
413
484
491
480
452
422
497
430
380
422
451
394
475
326
455
420
415
402
448
454
478
336
421
400
460
479
456
408
360
434
433
384
488
498
470
486
369
426
446
420
363
393
460
485
427
498
460
479
357
484
474
476
439
457
482
432
414
350
401
326
462
423
453
446
472
427
435
457
454
427
411
407
393
477
446
454
367
456
496
422
477
494
463
436
451
440
384
432
421
423
370
445
405
451
412
462
465
429
437
442
320
410
517
300
374
459
437
489
451
341
401
463
430
476
453
424
384
355
371
430
476
451
468
429
464
432
458
471
433
458
536
360
413
476
418
440
447
392
384
451
502
436
434
477
395
431
429
472
442
432
468
457
448
381
438
421
478
470
455
434
474
408
343
458
470
467
480
434
479
460
385
435
384
467
479
438
480
419
419
481
436
469
415
408
489
474
418
421
426
372
488
461
448
413
438
397
487
451
428
434
426
436
475
499
361
465
448
431
367
366
436
373
348
502
431
470
357
446
451
422
466
388
336
414
436
432
475
448
457
412
465
444
438
446
443
333
432
470
409
456
353
445
462
429
476
462
440
440
423
469
479
414
458
403
455
441
465
443
421
391
430
447
456
467
398
305
391
419
415
449
410
362
397
433
356
455
497
464
327
427
493
398
406
408
448
363
429
431
367
419
354
453
391
439
412
446
413
396
420
461
364
397
482
401
452
386
408
454
462
362
475
415
335
441
440
372
447
333
448
378
412
363
389
388
466
398
470
426
430
391
287
423
457
364
424
326
349
439
444
418
440
370
383
406
444
457
422
431
487
392
343
508
438
388
481
421
406
439
414
398
437
427
435
442
400
423
438
359
481
473
366
328
443
438
433
336
391
443
343
372
414
467
399
379
340
363
497
438
432
421
350
474
360
440
418
369
418
390
434
388
363
464
455
472
347
417
432
368
320
345
464
377
499
409
467
442
447
342
365
407
400
490
393
412
364
412
345
394
399
419
446
448
419
412
330
336
384
430
357
484
347
369
400
456
418
357
455
433
384
464
335
413
466
447
363
353
449
412
419
379
459
419
461
426
354
454
432
350
461
426
369
505
433
425
454
416
420
460
476
443
463
360
456
398
452
401
371
371
358
391
429
476
440
420
484
424
456
305
362
407
443
431
456
370
403
415
444
371
444
476
414
443
449
405
423
426
420
448
417
394
480
334
430
424
466
476
345
483
379
417
450
469
388
369
485
465
388
469
379
381
355
345
410
424
415
350
396
389
404
456
365
420
404
446
443
444
409
452
459
419
447
487
498
457
431
487
404
470
449
405
504
392
407
390
375
382
352
388
470
422
408
416
397
422
433
490
444
417
386
443
469
437
385
470
436
369
405
444
473
375
474
474
372
339
449
437
399
424
341
462
463
442
374
404
446
447
391
474
461
464
415
420
423
434
428
502
502
498
371
427
353
459
459
486
355
394
442
446
368
440
432
500
402
427
388
355
408
452
408
411
465
438
439
365
460
457
449
438
344
383
446
436
362
434
455
404
440
432
400
404
448
471
389
452
406
370
364
482
398
438
445
362
430
425
359
333
464
434
333
446
356
402
373
499
454
468
464
453
350
436
446
431
479
472
413
403
355
463
341
477
493
437
338
439
341
409
433
336
484
440
426
420
467
488
406
447
471
448
445
436
418
475
445
465
400
429
418
429
372
470
381
419
391
461
418
346
455
479
401
498
406
436
483
354
395
412
400
351
368
414
451
471
462
444
415
444
433
426
460
423
398
466
469
450
460
470
416
472
400
478
350
487
452
424
342
461
472
402
384
452
476
498
445
473
453
440
472
445
394
453
405
414
477
469
408
452
465
437
413
438
445
429
440
458
430
425
470
468
418
446
438
471
457
470
428
425
418
456
392
410
471
469
429
415
356
473
440
419
414
459
413
378
420
466
432
414
428
405
404
441
417
440
432
387
437
434
473
474
454
523
421
431
479
472
484
460
419
432
444
421
447
384
418
446
426
514
431
444
440
452
444
420
452
445
417
451
359
463
416
420
441
432
444
483
453
455
440
467
445
412
364
457
433
444
354
477
491
428
370
405
447
423
473
443
384
419
388
421
445
425
464
342
431
441
419
443
438
422
458
404
427
458
479
435
381
457
391
409
370
458
359
471
432
444
448
453
474
497
404
469
487
485
427
466
427
432
484
435
471
434
452
319
455
453
432
476
392
339
389
430
436
366
480
472
413
468
486
425
383
444
428
434
459
480
449
494
374
427
384
426
464
499
488
468
476
468
444
462
486
459
374
464
448
468
454
437
423
437
454
415
441
434
457
468
435
440
372
464
379
445
481
348
467
374
436
394
416
463
393
461
445
395
438
478
442
458
400
404
446
466
406
477
461
495
441
393
405
461
464
467
437
453
462
394
425
466
454
448
388
357
346
423
450
399
440
467
439
351
450
482
449
467
464
477
349
432
468
427
424
481
396
428
479
444
468
351
417
455
467
449
488
463
426
472
385
381
495
462
457
447
489
421
457
484
412
414
420
433
500
420
441
439
462
448
441
416
418
447
451
426
504
431
449
464
431
431
461
422
473
450
467
427
442
436
422
451
471
437
419
471
429
440
431
447
437
421
449
433
454
443
418
428
437
439
475
475
438
455
467
418
451
430
344
465
450
427
418
440
429
425
498
446
456
464
445
441
411
423
436
432
442
439
455
469
480
462
465
466
479
411
468
431
454
400
429
416
460
491
477
466
432
440
477
384
374
417
453
367
469
453
422
426
460
429
451
451
463
436
478
458
449
474
444
466
400
465
439
463
456
431
438
462
438
374
431
469
461
433
341
461
422
479
433
401
448
461
418
461
429
391
427
412
455
419
462
416
445
465
408
418
414
420
431
443
409
416
410
426
445
442
420
448
405
439
408
426
460
419
394
443
467
430
443
460
433
432
453
408
383
461
462
448
334
443
409
452
462
452
399
457
414
478
452
431
475
438
465
400
341
459
480
478
426
427
387
411
411
346
445
375
451
402
450
475
434
422
350
401
346
435
408
359
461
482
416
378
372
458
513
442
333
356
429
372
404
330
255
452
461
376
482
437
451
395
381
379
453
409
395
359
419
393
411
399
402
465
393
325
332
396
433
461
442
395
408
459
377
414
486
437
320
442
409
441
385
339
414
443
350
393
384
388
444
424
423
360
485
438
456
402
399
498
452
305
401
419
418
436
403
481
438
416
350
405
441
356
434
478
380
425
341
373
376
448
407
410
339
431
343
470
452
416
393
355
352
361
418
451
341
435
442
469
403
425
373
375
412
419
352
403
507
443
462
401
409
439
366
422
386
338
419
393
347
479
442
476
385
374
424
442
418
300
416
416
426
496
345
406
340
426
401
418
411
469
466
428
291
424
352
354
466
466
406
435
430
308
438
440
485
433
418
482
423
463
448
369
455
422
372
355
409
369
424
435
436
463
471
379
420
444
421
450
380
440
359
456
436
439
358
475
388
432
441
372
325
377
451
421
374
455
353
479
412
406
429
343
418
490
446
448
439
466
466
407
361
443
410
373
441
400
389
399
459
401
402
442
462
438
401
421
487
364
387
450
442
389
480
409
384
447
422
383
500
446
354
306
410
477
362
383
433
393
425
453
439
396
417
465
434
348
359
438
418
358
408
429
437
433
438
389
500
482
418
448
416
435
454
357
441
424
454
411
424
457
355
482
426
429
395
469
488
463
426
471
372
360
363
400
451
427
453
511
410
394
409
354
455
401
371
434
424
485
449
385
374
439
451
449
408
389
450
505
379
369
430
452
419
472
403
466
426
358
503
421
434
419
384
471
464
441
433
488
408
443
481
378
350
451
350
426
375
430
484
452
440
489
483
424
478
367
438
460
509
453
398
416
461
435
469
286
442
434
410
455
397
434
392
458
493
431
421
441
442
412
488
425
379
452
439
429
393
457
448
432
485
438
424
427
365
435
389
364
433
448
474
321
423
409
452
396
464
419
464
444
474
457
465
453
391
350
384
467
455
432
441
390
470
445
430
412
443
403
368
471
445
448
354
446
436
475
447
372
427
307
422
440
456
415
405
448
384
444
457
450
424
441
404
399
377
492
395
413
472
315
430
423
455
485
414
507
367
354
456
432
444
433
461
372
458
432
470
346
498
456
431
393
431
383
464
440
429
379
460
423
413
465
469
411
488
442
459
463
460
430
478
490
464
441
453
357
465
442
438
437
476
423
392
452
392
412
447
434
381
456
450
426
481
391
495
401
430
383
463
468
477
452
397
425
434
431
472
465
453
483
457
420
442
401
397
422
423
467
402
455
386
467
430
465
471
432
402
459
449
420
464
373
449
476
467
477
439
477
460
483
422
434
456
470
478
427
498
456
431
450
472
432
398
462
474
429
454
377
450
446
471
413
434
404
280
476
468
455
471
457
426
408
469
444
453
463
498
483
448
438
494
443
483
457
409
476
429
449
459
431
421
462
423
453
485
412
411
404
459
429
428
423
395
401
467
490
496
476
471
457
353
337
379
429
461
441
393
437
436
476
433
354
400
464
467
464
422
476
452
367
454
437
424
439
374
434
426
481
436
403
350
448
387
394
448
417
490
444
365
433
444
487
390
496
453
499
408
455
447
373
407
467
465
422
354
425
382
469
422
448
479
476
456
478
404
491
348
374
467
477
436
420
467
371
395
403
470
431
459
466
439
447
408
365
356
460
439
378
449
415
458
434
457
450
404
467
467
434
451
507
368
464
467
421
437
458
466
367
417
448
437
381
475
414
468
447
438
451
429
466
461
430
433
429
394
457
412
442
456
464
424
438
476
458
471
442
439
470
487
427
458
457
430
492
391
415
430
416
475
452
406
464
435
382
362
508
484
479
427
445
434
445
447
444
393
386
474
419
464
420
406
501
443
433
473
385
450
446
441
418
436
422
422
449
458
396
428
457
408
445
437
459
455
417
484
450
467
503
461
448
482
409
451
422
454
487
381
466
410
456
488
447
367
493
470
468
383
419
425
462
461
459
459
444
475
449
474
425
460
465
435
397
431
482
418
424
429
478
479
454
398
454
425
470
411
442
483
355
459
429
449
484
445
440
474
420
488
491
440
462
425
441
395
483
471
444
447
415
468
424
420
367
419
421
469
374
467
427
497
421
441
447
434
425
410
458
398
438
343
431
432
465
446
467
346
383
422
468
425
418
463
488
466
435
458
460
452
396
437
389
422
472
482
429
450
445
452
453
462
353
467
427
474
430
390
435
386
418
431
360
465
439
439
381
443
429
420
454
446
444
423
408
493
447
456
446
401
454
440
466
444
466
430
451
364
454
438
432
454
459
450
455
428
483
421
463
418
450
463
386
371
430
438
465
261
432
406
450
443
436
427
421
371
379
469
382
490
334
245
375
447
391
481
443
339
448
418
368
377
333
419
437
471
370
426
431
456
386
372
410
404
358
430
296
431
350
384
421
452
329
445
403
416
448
449
450
479
433
343
403
423
394
427
357
467
353
427
476
436
444
339
453
390
410
356
373
459
470
411
462
356
382
398
403
411
414
352
427
379
439
460
352
470
447
432
404
340
415
448
343
376
351
438
492
346
390
415
438
396
414
447
369
389
460
405
391
437
402
389
461
437
392
354
476
362
493
428
469
398
421
413
358
429
420
374
421
377
379
436
468
459
457
442
390
443
432
429
398
476
367
463
422
404
431
432
359
455
432
414
431
429
391
411
432
445
431
395
363
413
429
410
469
454
410
429
406
412
455
416
425
440
364
393
423
454
433
383
407
444
435
432
447
403
466
474
466
472
460
383
420
429
443
457
467
431
491
367
428
336
467
467
454
425
497
510
414
430
361
416
353
351
421
389
448
420
460
419
342
422
380
429
428
403
442
464
466
362
491
459
508
302
463
452
400
413
360
426
433
401
340
423
439
425
471
411
484
419
467
375
435
458
446
440
394
506
454
439
292
435
403
488
438
503
485
412
425
418
470
437
335
446
444
426
423
360
428
374
460
468
443
441
434
467
461
389
456
463
437
439
342
376
442
481
421
387
485
452
437
452
442
445
464
428
341
438
462
438
370
432
458
369
413
349
469
475
429
395
423
417
394
341
452
459
444
284
427
383
400
488
494
409
337
417
508
372
403
400
444
422
433
456
452
431
472
351
417
435
329
398
465
491
459
453
475
388
407
505
459
405
471
426
458
352
402
352
421
466
460
418
422
394
416
320
410
350
358
349
364
396
438
479
385
456
415
455
437
468
442
460
497
468
456
425
358
419
453
375
390
395
368
341
498
431
464
435
433
520
483
447
443
438
473
478
421
495
458
490
409
456
447
385
421
398
454
416
483
476
408
430
409
429
390
452
424
366
413
456
438
451
410
488
426
451
411
419
487
430
415
416
435
445
451
451
409
444
442
429
360
372
417
346
437
415
433
416
456
459
509
450
433
369
475
474
396
438
416
470
477
399
406
415
478
448
460
432
421
348
447
461
388
472
493
484
496
413
460
453
458
435
464
429
448
453
360
449
469
470
477
359
472
388
474
457
410
469
436
460
441
439
439
360
463
416
452
344
481
397
490
462
432
455
406
381
413
389
471
448
461
508
383
481
452
430
404
440
481
446
479
417
487
474
459
439
450
456
447
465
402
402
434
443
469
300
472
481
399
437
399
462
450
384
452
405
455
370
446
480
455
437
422
455
416
442
453
355
421
361
446
479
341
423
464
402
408
386
450
463
421
441
491
435
479
480
391
443
468
461
425
497
457
442
443
473
438
419
431
481
378
425
430
416
450
399
415
361
491
403
448
489
414
418
450
424
433
442
413
432
458
439
410
439
433
454
397
363
465
450
451
474
457
425
464
411
490
435
422
473
468
453
430
449
433
445
451
483
458
457
471
436
474
442
432
371
452
482
409
414
443
435
435
443
478
476
451
436
430
469
465
461
447
380
369
440
493
447
451
435
429
469
438
466
404
492
457
370
415
479
416
454
446
288
383
422
439
393
436
403
403
476
474
371
449
417
454
378
451
410
415
466
465
423
389
464
494
445
363
330
382
432
472
368
439
443
413
490
433
484
466
364
448
463
459
467
440
514
452
477
417
463
464
430
480
460
399
402
437
463
419
485
445
364
457
426
451
332
478
356
507
475
408
432
432
431
459
438
450
349
449
526
431
439
449
478
467
345
422
469
480
476
453
443
484
425
480
428
449
438
401
416
412
412
413
489
490
454
423
490
375
464
490
453
366
483
396
392
437
464
446
422
453
442
458
482
439
472
474
439
439
451
354
363
441
458
433
446
409
459
480
408
412
429
498
451
403
473
448
486
440
469
404
461
443
426
467
379
441
462
408
418
455
477
436
376
453
486
464
448
435
440
425
455
445
497
444
481
447
420
423
436
335
472
444
346
424
444
366
453
433
448
425
447
445
467
443
458
430
453
369
425
428
463
485
488
445
407
473
440
464
435
379
437
376
372
461
499
423
454
442
497
451
429
401
389
445
472
355
428
420
460
472
483
393
431
379
437
484
449
413
443
472
391
457
463
406
462
416
467
408
425
450
427
477
439
395
435
443
403
426
452
458
412
440
444
437
459
461
355
488
441
446
439
463
493
454
390
458
478
427
477
348
485
437
448
366
438
430
478
450
449
450
446
453
401
459
455
434
447
330
487
422
446
471
363
408
436
398
429
431
407
406
379
468
456
453
352
412
436
420
414
464
444
387
445
428
450
407
457
437
429
460
405
450
439
432
357
445
419
445
468
399
413
377
389
351
382
406
423
423
435
367
437
425
367
440
385
354
434
372
418
406
416
336
419
402
379
422
467
437
330
425
445
371
418
449
415
396
408
395
441
409
414
429
442
410
406
371
474
348
443
401
485
418
379
300
481
419
430
337
403
383
394
430
395
418
372
405
440
432
438
321
500
465
391
367
404
459
405
440
411
395
364
405
443
284
365
493
346
427
436
397
451
445
434
430
355
397
413
354
402
417
332
470
402
477
447
446
438
402
438
438
439
396
340
388
381
408
422
402
458
425
450
445
419
466
311
434
494
282
472
404
456
388
411
498
405
476
334
515
432
383
351
395
392
504
359
350
449
428
434
430
441
396
475
371
441
399
419
374
456
431
343
457
341
422
391
389
397
380
401
473
332
362
414
468
379
414
365
458
406
439
408
451
402
427
360
388
458
440
454
349
474
497
416
470
357
430
405
434
457
437
435
401
383
406
500
464
463
479
417
429
344
409
413
395
488
422
452
367
381
457
341
485
380
433
479
457
480
397
453
400
400
364
378
485
383
464
409
404
485
455
471
443
430
395
349
341
450
418
357
425
494
433
423
338
443
459
401
373
409
447
439
423
414
437
422
364
435
494
417
410
434
368
445
420
355
471
443
409
463
426
405
465
376
417
478
437
395
469
401
467
367
374
433
379
456
286
398
418
396
455
443
435
405
353
396
427
434
410
421
482
399
424
452
479
353
476
451
475
456
406
480
351
420
431
392
462
474
434
418
432
503
436
375
415
408
407
357
462
485
390
404
443
431
394
438
390
388
413
425
414
425
363
438
428
449
423
369
385
384
450
489
457
393
405
357
463
412
377
437
410
494
431
400
387
354
455
352
445
370
423
409
382
494
426
384
462
428
461
457
477
397
448
428
468
465
402
423
488
465
412
488
399
442
355
443
422
452
402
437
505
455
500
387
443
493
459
432
431
427
454
483
362
452
458
329
446
461
501
369
454
430
453
433
369
441
447
425
475
440
376
361
416
405
421
462
438
446
452
418
446
467
459
387
378
428
463
456
406
435
411
472
418
433
475
377
427
457
381
463
392
461
466
470
374
468
445
365
437
442
446
464
477
426
428
462
478
398
411
444
412
370
475
406
400
463
338
439
424
457
422
487
497
444
458
453
455
456
466
480
469
469
439
420
395
469
407
356
498
432
400
490
452
327
335
454
471
355
457
484
458
477
421
447
462
441
424
365
480
460
436
467
493
490
461
403
390
475
487
424
495
437
449
450
460
449
399
453
453
480
418
477
455
472
439
350
458
497
480
465
416
403
474
406
425
417
503
368
476
457
446
438
410
444
451
410
480
464
422
484
440
462
439
489
479
350
364
387
439
463
476
444
466
446
355
479
484
410
346
441
444
472
401
398
473
490
452
449
409
401
450
365
397
479
452
419
482
476
452
440
426
500
455
458
385
475
387
438
408
483
433
424
437
464
447
423
394
468
439
463
407
475
426
461
356
468
440
469
390
469
436
464
426
385
418
470
471
431
400
456
382
428
494
473
442
378
445
426
445
416
439
444
350
405
370
485
396
459
458
422
413
458
435
416
416
478
416
451
434
448
416
460
451
492
451
445
402
424
402
395
478
387
431
363
482
473
409
433
468
418
433
439
452
302
424
410
456
481
440
461
441
442
470
484
477
454
473
468
431
389
416
414
467
496
406
445
349
473
436
391
425
359
494
415
361
348
468
468
380
452
471
467
471
464
408
360
478
444
444
376
420
440
431
455
474
441
437
387
455
428
439
426
401
440
379
398
453
428
443
457
393
376
436
448
421
404
347
429
418
456
482
421
439
437
448
378
493
471
452
493
437
446
498
449
431
405
454
370
459
440
471
405
467
419
439
386
503
351
419
466
463
470
401
444
496
453
406
400
349
440
465
456
460
435
459
474
466
447
424
461
451
410
420
451
378
469
429
448
460
463
449
447
414
458
428
392
438
456
437
429
462
493
444
443
440
428
426
496
457
435
507
468
450
458
457
424
483
456
450
434
408
439
393
435
358
422
458
488
404
467
432
429
481
473
340
479
487
454
410
473
445
442
476
458
467
426
443
387
410
488
432
403
452
440
445
456
435
416
462
392
352
423
477
438
442
412
409
471
450
481
488
451
448
444
419
444
425
478
444
432
459
425
432
444
453
430
419
493
469
436
405
459
436
425
498
480
477
465
462
433
429
429
448
459
482
435
427
417
451
397
460
396
473
477
351
471
425
454
438
442
408
476
454
437
480
364
394
443
440
456
428
460
449
468
476
466
438
436
402
465
408
395
459
451
413
484
435
452
426
352
447
481
433
445
407
412
426
460
437
431
471
444
477
459
451
438
424
386
411
473
474
469
419
433
364
401
459
455
419
432
452
412
382
459
366
437
428
440
286
415
385
374
415
492
463
397
439
401
439
461
440
468
364
414
404
440
444
456
373
460
360
392
363
376
439
422
351
430
387
410
431
367
444
413
403
329
322
429
458
475
425
437
446
429
328
492
440
431
413
415
445
437
404
380
446
439
454
420
398
413
393
400
438
470
388
309
474
336
440
433
427
411
434
393
430
432
405
347
428
431
425
471
420
478
417
372
398
460
429
439
455
344
299
412
298
452
478
403
348
455
411
392
381
387
438
430
435
437
392
404
404
356
355
406
435
391
457
381
418
438
422
445
372
465
391
408
463
476
418
464
388
418
469
427
442
340
333
430
415
442
409
411
392
433
474
456
454
437
357
418
401
403
396
378
436
355
360
429
386
369
425
397
483
481
427
389
364
392
379
455
472
431
427
333
468
436
427
441
411
437
370
406
412
398
362
370
337
437
454
378
448
396
462
394
467
468
419
367
359
364
416
477
415
470
395
457
462
475
435
434
375
375
355
341
413
363
371
475
408
474
421
404
482
389
387
349
412
428
467
472
485
381
371
336
453
443
411
434
426
489
456
397
409
410
441
452
430
427
418
451
446
363
468
481
458
396
419
389
428
435
355
435
386
404
492
438
405
381
395
416
431
478
349
479
506
441
497
450
471
421
302
350
404
443
466
373
448
412
430
424
396
406
431
432
424
413
403
398
408
467
479
450
431
363
497
461
453
411
371
415
443
410
474
451
432
466
421
494
471
476
444
448
499
449
421
435
433
421
402
447
361
348
413
432
409
376
472
431
448
433
440
385
320
450
444
486
430
407
428
485
421
424
473
372
447
466
371
479
502
466
389
380
460
378
397
294
450
497
410
478
436
403
372
491
495
335
452
340
406
481
379
447
429
433
470
408
411
429
474
449
454
410
487
407
411
393
406
451
430
403
429
364
428
461
428
325
429
417
416
477
460
434
369
452
397
289
459
381
408
494
486
424
398
428
428
465
443
332
479
462
438
448
449
448
404
443
487
475
447
468
466
430
441
438
422
349
428
384
493
462
425
468
495
380
439
402
446
441
493
442
450
391
343
407
473
378
500
470
454
388
439
447
461
414
498
419
455
483
421
468
409
452
333
431
422
350
354
480
475
464
437
439
498
438
394
468
415
491
409
479
482
500
410
361
422
493
474
443
415
412
429
376
461
451
417
447
474
510
415
462
489
416
348
438
416
436
419
421
417
493
499
455
426
426
440
366
397
377
457
452
420
475
441
394
446
437
436
450
367
480
435
376
435
384
479
350
424
470
381
420
459
347
453
419
459
469
465
417
379
461
429
421
478
440
475
427
401
481
489
469
392
441
418
470
406
427
359
448
431
402
418
422
454
420
358
455
440
442
384
456
420
345
468
364
456
471
407
442
507
404
448
436
493
397
451
446
454
487
401
502
426
447
494
352
416
466
446
477
465
489
449
477
410
417
415
400
359
477
447
438
365
413
455
467
469
465
424
434
461
456
460
378
452
397
451
362
431
448
469
403
461
454
469
343
442
432
456
470
480
490
452
429
372
466
435
415
473
416
471
417
434
415
480
419
463
397
449
471
464
391
446
457
478
480
472
445
453
461
441
396
480
504
475
461
455
364
420
458
435
473
444
459
348
460
418
349
479
488
449
461
475
478
422
478
435
407
452
440
435
445
389
472
449
447
434
461
427
430
461
367
462
475
445
431
386
436
426
415
479
449
466
452
476
342
442
465
476
450
451
420
447
395
481
428
459
410
450
483
425
464
470
471
439
366
439
421
443
426
456
477
420
464
427
489
434
352
428
445
462
467
412
435
472
416
386
469
450
457
453
455
436
460
458
445
488
425
456
438
476
414
502
348
478
405
454
386
420
432
487
444
467
426
389
475
512
481
453
385
438
469
474
438
462
435
441
403
403
439
413
387
451
443
450
446
441
472
437
439
479
459
374
463
461
431
405
448
403
454
392
438
422
364
459
397
440
411
482
443
436
426
452
487
441
455
476
465
460
432
351
462
487
448
463
446
443
474
418
469
434
407
358
435
475
451
447
476
464
443
479
419
462
453
436
382
471
442
439
464
450
449
405
468
368
442
416
486
472
413
468
462
429
416
443
423
465
453
470
400
410
482
296
457
450
460
385
455
465
414
409
477
358
417
481
430
440
430
463
429
488
406
418
376
471
386
485
378
440
467
450
428
453
454
420
381
472
471
383
455
457
394
462
463
400
457
389
456
417
467
483
456
458
424
362
421
427
474
455
429
437
434
457
461
429
460
443
409
432
375
365
460
458
472
440
384
430
365
443
478
460
434
452
473
363
382
458
302
452
480
422
446
467
466
408
453
437
477
432
409
474
496
439
478
471
462
419
414
438
430
450
463
482
366
425
431
463
483
397
430
474
419
426
386
406
354
405
357
386
418
441
415
443
439
370
378
434
353
434
346
462
417
396
475
455
269
508
428
407
362
393
428
373
477
485
418
422
342
340
415
243
410
441
435
375
420
350
413
434
437
338
419
416
422
415
311
412
410
374
391
470
459
447
365
334
432
411
328
391
447
412
400
434
472
409
400
450
370
455
394
432
437
523
455
398
392
456
381
363
456
417
437
445
425
425
389
373
418
403
475
460
424
425
424
442
413
412
470
413
265
481
467
423
485
447
506
390
347
359
410
489
485
438
403
446
389
475
411
353
362
426
440
349
460
490
427
431
444
454
460
421
375
453
417
501
425
411
493
402
473
430
436
453
351
364
457
443
432
454
443
412
435
401
351
487
472
452
414
489
482
466
439
471
414
370
452
404
353
413
363
424
481
323
421
467
404
444
362
436
351
420
411
441
446
425
501
372
412
407
439
479
467
467
500
453
355
454
432
438
413
495
416
459
420
389
375
421
348
444
495
455
411
420
411
427
423
369
389
419
462
404
424
392
417
410
427
482
321
447
432
449
477
426
442
489
429
404
423
398
433
299
411
430
404
459
411
452
350
406
373
474
490
426
379
482
496
428
394
345
404
392
404
456
439
452
385
458
449
446
493
441
446
446
382
430
451
434
377
461
446
409
482
441
424
423
298
347
425
496
431
395
322
412
448
446
436
408
392
352
469
352
428
444
467
372
378
445
406
441
426
399
434
409
410
375
442
461
414
478
461
493
433
502
459
434
412
462
359
353
460
444
478
436
423
434
439
373
454
378
485
403
447
477
439
486
392
380
412
432
453
372
471
473
391
422
406
420
366
452
357
421
395
448
445
486
435
443
494
435
377
452
495
336
374
421
454
440
362
420
470
423
484
446
443
449
451
464
453
461
455
449
427
401
345
438
372
448
478
407
485
461
455
478
480
416
422
396
382
435
440
398
398
451
441
436
429
392
425
451
393
463
462
427
403
356
447
411
372
420
500
416
375
461
468
457
464
448
457
440
460
383
406
435
381
457
466
399
438
460
448
418
456
510
360
494
414
443
457
431
463
479
405
426
477
468
437
420
430
475
385
493
427
473
379
465
424
439
389
404
445
439
465
454
500
457
423
444
448
357
457
356
402
446
476
458
480
423
405
453
443
486
460
485
380
383
415
413
426
450
408
480
421
429
443
447
452
465
332
429
380
489
486
429
479
435
469
471
418
424
445
388
468
422
491
420
479
410
469
420
419
492
460
389
373
429
471
463
397
434
487
483
405
501
377
505
471
378
459
430
448
422
442
485
506
473
477
430
404
446
431
460
463
392
432
471
438
471
377
431
411
471
378
377
459
489
443
362
463
382
408
417
468
455
402
399
375
414
334
364
465
463
467
447
463
382
342
428
437
457
351
433
466
449
450
469
442
507
358
468
453
462
478
465
453
434
452
419
449
446
457
446
453
453
391
428
444
353
475
444
506
407
439
432
471
459
357
483
385
415
459
482
500
392
348
357
462
447
482
481
371
444
449
394
418
477
478
509
397
471
439
481
418
410
401
427
475
504
431
442
468
466
390
479
432
463
418
422
491
450
452
375
459
464
444
500
379
412
502
465
489
377
453
421
456
480
472
473
446
469
470
457
456
454
435
484
430
470
421
418
481
408
469
334
428
357
484
434
418
483
440
498
447
475
458
433
491
459
444
441
449
359
417
468
469
460
466
432
401
420
466
473
426
476
351
465
443
425
481
437
428
436
425
429
483
442
402
494
424
417
410
430
429
356
471
450
389
479
361
341
445
455
446
485
436
470
450
344
414
447
454
321
447
436
461
416
344
424
434
429
452
354
491
431
409
465
449
446
427
400
421
423
437
415
428
462
415
476
441
464
369
369
449
443
398
375
472
477
320
369
433
426
473
450
460
430
479
458
444
444
451
366
464
457
438
457
435
435
350
424
429
439
454
416
387
422
435
442
396
470
385
477
426
452
459
447
446
480
472
385
411
398
446
386
470
400
477
449
471
401
432
433
474
440
427
391
432
396
451
416
456
423
420
446
318
450
410
389
394
450
464
458
473
429
471
479
438
447
356
473
396
477
429
492
447
444
448
482
397
450
411
451
444
438
468
442
451
451
434
460
445
475
466
421
374
446
465
437
458
436
449
456
410
457
464
471
380
452
430
467
487
464
396
405
449
350
467
397
421
466
358
421
425
498
460
500
458
413
451
443
463
427
418
456
384
459
386
448
451
425
457
434
407
465
419
414
402
412
435
419
417
456
442
411
456
461
437
394
467
458
445
427
424
471
359
462
428
412
441
457
453
411
463
434
461
463
393
437
456
447
433
471
464
445
409
453
448
433
429
460
471
488
461
365
477
447
426
421
472
417
457
396
372
405
320
425
361
467
354
439
403
399
426
457
342
475
449
420
236
500
342
451
421
415
430
450
389
437
364
368
405
392
375
367
454
386
399
436
474
381
511
398
448
427
448
303
428
487
446
434
431
368
397
407
424
468
333
400
456
426
455
392
443
458
344
439
410
461
317
486
354
402
422
407
401
365
412
426
395
450
431
366
325
322
448
372
428
468
408
470
450
411
397
421
427
332
397
416
434
434
421
472
493
445
453
406
499
437
360
448
499
407
473
403
390
378
367
426
373
414
378
410
437
389
388
353
396
413
328
422
416
410
481
423
464
424
414
477
339
429
484
457
327
409
435
438
472
358
473
386
430
398
424
424
471
404
352
425
338
405
438
442
438
387
452
353
461
433
398
483
365
347
444
424
412
476
413
465
446
403
380
405
477
380
444
405
465
408
476
378
350
418
370
442
487
476
468
459
422
384
475
465
401
436
382
437
456
464
466
417
467
491
436
426
323
352
348
422
484
456
411
407
464
428
487
454
436
399
370
453
471
432
402
419
486
421
408
434
455
425
419
453
421
396
401
406
412
436
462
422
466
489
416
432
417
418
442
475
398
486
437
382
429
413
388
435
436
439
357
476
453
444
422
444
400
465
457
431
490
464
394
404
486
359
395
482
475
482
464
431
434
403
354
422
471
471
439
445
426
480
434
473
467
451
409
414
382
442
474
438
449
379
401
445
419
488
375
427
427
487
479
430
447
461
424
421
418
466
461
497
464
449
455
352
426
448
422
428
471
354
477
432
444
404
482
473
439
493
459
453
426
404
467
439
424
449
364
467
477
423
426
428
486
486
383
393
479
437
387
454
376
473
470
437
420
366
409
499
450
476
438
450
427
410
447
439
438
465
368
460
437
444
519
448
423
442
402
353
498
470
500
441
439
483
459
414
350
451
452
391
421
451
451
438
361
443
451
385
391
464
488
398
382
341
415
498
397
414
452
463
379
478
421
392
373
384
448
399
443
477
405
422
469
467
485
469
436
458
459
485
482
327
510
499
385
466
453
476
473
462
403
467
460
495
395
424
418
438
364
422
502
448
508
429
479
443
482
468
463
451
383
440
445
355
473
438
467
431
476
383
419
450
453
451
447
447
394
344
453
420
407
399
436
419
481
412
447
434
400
509
470
416
427
451
438
359
424
453
381
410
351
453
459
493
431
457
457
435
505
425
481
447
406
402
387
438
487
472
471
469
449
460
449
460
471
476
424
426
441
414
451
349
474
504
456
461
487
427
448
428
453
459
427
452
346
424
342
400
392
471
444
465
396
476
490
415
391
437
431
484
422
451
396
459
368
475
460
463
391
461
513
434
452
450
446
458
403
385
473
428
483
397
443
468
500
435
464
448
358
451
466
425
478
419
459
477
407
446
329
448
458
441
496
428
463
489
447
457
455
414
488
420
485
415
407
484
412
476
373
432
410
422
438
483
422
461
447
455
467
449
446
475
378
456
438
482
463
477
431
446
418
456
462
358
427
468
378
408
497
465
466
454
478
451
426
442
407
447
453
460
490
457
486
439
459
392
493
448
485
394
458
434
406
463
431
425
476
361
495
454
437
426
473
466
377
501
450
495
442
472
436
427
461
376
446
402
427
440
388
445
368
425
438
450
449
352
372
442
474
414
441
443
477
375
443
394
460
475
352
491
463
437
444
413
478
450
430
375
427
420
443
386
480
479
434
469
474
404
330
329
473
408
483
499
377
471
438
443
446
444
387
489
433
460
444
441
410
418
342
462
464
453
490
407
454
433
418
476
386
459
476
430
353
390
448
399
419
412
438
432
440
397
477
435
470
484
378
449
458
430
439
410
463
493
426
436
407
418
412
453
466
473
427
451
468
457
469
453
404
447
381
434
488
465
459
479
471
453
437
418
427
385
451
437
451
457
454
499
473
445
413
414
445
441
348
409
368
450
470
438
462
377
394
433
354
346
384
469
408
466
498
446
468
444
487
450
370
467
432
461
463
456
473
376
444
413
444
472
446
383
444
458
411
491
458
473
498
418
454
453
449
433
440
429
468
491
326
419
466
463
452
423
452
467
449
440
423
427
265
361
469
482
436
434
466
488
397
434
454
486
438
456
465
441
465
450
444
423
444
466
424
464
486
358
433
451
478
458
459
436
423
450
470
476
435
426
435
460
470
387
386
445
477
464
491
412
459
434
395
376
476
467
452
448
425
391
365
469
414
440
413
453
440
447
440
390
473
412
427
422
379
407
434
418
433
436
437
461
439
438
464
421
467
375
419
455
432
442
484
486
465
378
462
457
424
462
460
414
347
456
451
445
417
449
451
440
344
435
449
453
436
467
449
351
458
453
458
365
324
379
442
398
419
388
386
393
390
377
482
417
408
420
392
450
445
483
416
379
333
391
404
422
421
484
367
353
428
423
355
458
397
362
419
434
407
412
360
443
342
443
371
356
395
360
474
429
398
347
343
389
461
451
395
434
423
438
379
387
423
406
454
369
425
441
344
426
381
423
386
486
491
474
376
421
474
446
469
387
399
412
433
442
360
429
418
434
443
417
342
411
367
455
474
369
440
362
484
431
458
430
403
447
415
479
408
443
441
435
395
419
448
350
436
425
485
465
376
471
362
399
438
364
419
423
356
446
313
403
319
346
389
403
414
483
384
418
400
459
427
453
414
418
375
375
416
473
490
453
352
397
420
407
448
423
426
257
406
352
443
438
458
402
448
424
427
433
383
426
346
477
390
475
435
460
474
397
441
442
348
483
374
418
406
441
418
445
451
434
382
427
425
392
413
427
367
463
442
445
351
408
417
450
446
491
429
387
430
416
438
471
477
445
468
436
443
473
450
434
329
405
382
358
420
445
479
422
370
441
462
468
361
441
361
426
446
373
409
441
473
416
352
511
483
331
376
349
424
442
337
433
395
414
402
483
406
325
474
410
470
410
460
373
495
401
363
424
412
441
364
443
407
443
438
405
409
464
351
464
472
457
430
432
431
489
445
368
416
471
350
439
366
489
444
430
360
481
416
463
334
455
449
428
413
444
436
442
420
449
451
423
479
404
426
432
498
428
393
405
425
445
446
468
433
445
390
416
355
427
412
489
386
486
417
449
421
496
478
457
468
440
408
436
418
351
380
373
436
460
469
420
446
404
461
464
450
415
485
405
437
443
470
376
481
388
463
434
357
452
459
449
411
503
432
393
364
444
375
422
417
433
423
446
459
445
449
453
461
395
476
436
425
452
473
378
464
438
500
333
467
465
369
475
462
398
448
410
485
479
455
413
433
464
441
462
421
449
486
495
464
397
428
494
442
447
429
455
392
467
378
469
401
458
529
507
421
485
461
470
350
441
449
409
434
427
456
461
353
461
425
378
455
480
460
472
471
437
432
394
491
440
486
470
424
439
460
428
503
448
381
408
419
382
484
477
345
436
420
440
433
411
511
426
376
500
473
369
372
483
393
416
427
423
478
399
482
472
386
506
485
475
459
468
453
458
434
457
444
357
447
402
426
428
454
465
445
459
389
406
430
433
451
430
462
482
430
477
371
459
353
462
483
478
424
466
441
452
434
424
351
460
430
422
415
367
427
427
466
490
359
465
380
439
479
473
473
395
406
434
480
425
476
369
426
472
439
435
457
421
462
404
451
418
412
426
496
455
447
451
347
411
351
491
461
466
443
416
441
470
462
375
410
497
435
435
467
416
434
462
398
454
453
462
470
450
449
439
471
464
457
458
480
409
412
440
382
470
486
457
432
467
461
465
470
445
470
453
447
465
278
468
445
440
472
443
386
478
423
406
380
478
441
442
483
405
417
419
439
463
467
471
432
433
438
445
467
424
431
395
469
431
439
452
464
440
360
423
474
457
465
369
454
422
428
420
480
395
409
417
454
480
440
470
435
468
449
493
462
499
359
467
464
438
445
361
408
384
461
468
468
414
372
428
444
478
435
479
410
428
468
425
443
427
467
421
463
477
393
423
440
435
430
508
458
450
370
385
415
411
430
447
483
461
411
439
435
441
432
460
459
461
448
437
470
449
418
453
455
419
473
478
429
452
451
431
441
498
445
464
497
475
467
472
437
430
417
489
427
464
438
421
456
423
498
429
409
449
405
435
423
455
421
426
457
463
471
433
445
424
421
389
382
428
468
489
422
373
454
453
457
421
469
467
434
463
469
469
440
470
447
428
458
358
483
443
407
448
404
429
463
426
436
444
495
415
394
378
449
468
432
455
454
449
454
455
451
396
451
436
430
410
475
464
423
417
451
466
430
429
425
378
422
431
443
447
484
465
459
336
447
468
447
457
483
453
467
407
434
420
455
440
424
447
413
478
410
476
414
447
452
464
391
448
438
442
433
467
450
467
421
442
439
378
477
434
481
414
460
461
454
358
450
409
470
457
493
419
452
439
481
424
445
458
440
442
452
487
466
445
407
470
455
435
421
447
474
445
389
445
377
434
459
478
455
430
463
436
469
365
439
456
354
461
480
402
439
439
462
450
469
469
443
467
465
448
442
448
429
430
474
457
485
399
446
443
401
455
415
454
427
408
435
362
426
441
456
442
469
448
366
467
455
472
456
424
470
405
410
424
451
450
359
460
463
388
452
425
466
387
340
451
430
428
365
432
425
433
441
470
466
465
417
440
416
411
407
429
360
433
409
427
430
442
430
468
415
483
392
464
430
435
467
467
468
436
463
467
381
458
476
426
411
448
454
424
447
451
469
475
400
435
439
432
372
445
422
437
403
369
385
464
397
414
479
407
486
374
379
494
441
373
263
403
423
412
457
454
400
435
414
438
342
432
460
404
451
420
390
446
436
385
355
453
448
352
425
462
404
448
368
345
459
426
381
428
441
413
353
397
380
470
446
493
374
440
447
434
465
461
392
420
342
380
388
424
352
399
402
427
411
435
488
441
405
419
474
360
396
458
456
459
443
391
454
399
394
441
427
348
338
472
449
453
395
425
452
457
439
339
439
429
421
398
390
434
463
413
349
430
433
398
424
444
436
480
337
371
452
395
370
396
425
409
429
472
424
402
495
514
503
434
465
405
432
345
431
403
511
465
418
383
423
411
442
423
484
395
407
413
382
462
363
355
407
415
408
405
389
401
376
417
462
439
479
425
389
353
465
420
370
392
458
462
457
470
394
427
320
420
352
407
389
439
493
408
371
450
431
427
374
469
493
440
453
447
410
461
360
416
427
412
404
269
436
393
376
385
377
437
429
433
482
417
493
430
504
404
480
441
411
447
500
437
432
432
439
467
488
430
398
434
353
464
474
373
411
453
460
455
362
457
414
487
468
472
427
432
376
467
433
401
414
393
383
452
485
409
358
443
430
432
422
345
455
402
453
475
443
427
316
437
370
480
447
415
451
437
389
442
339
498
345
448
459
362
466
438
469
354
434
465
461
473
473
503
454
431
453
352
385
427
423
334
438
436
483
421
369
485
426
435
444
439
452
463
455
405
471
365
406
442
447
459
414
412
397
453
473
408
380
456
355
430
497
366
416
443
443
427
379
446
425
417
426
441
407
463
461
424
431
454
460
415
434
413
451
496
470
460
487
444
430
391
421
452
345
459
405
469
428
434
493
401
468
463
340
411
396
475
427
427
480
453
433
457
454
392
430
453
373
481
414
447
487
472
440
445
431
500
493
461
457
423
379
471
372
449
355
460
459
426
480
402
441
458
461
389
423
426
374
471
361
391
434
431
403
466
468
408
448
491
466
404
446
452
425
500
422
426
387
467
478
421
439
446
440
432
471
360
432
465
475
486
349
439
400
487
487
404
457
425
456
440
440
438
457
387
348
476
395
392
466
437
470
443
426
465
469
410
438
451
410
484
440
429
356
491
416
422
441
377
438
437
381
422
465
483
437
499
462
495
464
464
373
438
364
458
421
431
422
411
429
376
450
422
400
365
415
440
433
482
450
463
481
436
425
460
458
464
459
428
496
415
445
363
477
441
443
434
491
470
472
483
383
466
445
468
400
461
410
453
442
477
470
468
468
440
470
458
394
471
427
471
432
387
348
410
412
423
398
469
430
414
423
470
459
452
450
479
476
445
460
473
471
413
382
356
454
462
492
437
453
451
435
453
484
425
445
416
461
460
444
463
410
412
410
457
474
442
472
443
424
452
477
440
375
456
444
468
367
423
482
413
458
496
461
434
444
422
407
458
483
479
464
376
350
485
433
430
472
472
425
424
470
400
456
418
452
485
467
402
465
465
407
445
459
454
482
438
399
436
476
431
482
441
454
460
467
455
407
338
456
445
429
493
433
465
392
409
472
381
410
455
430
470
379
452
444
486
483
447
497
433
396
428
460
471
452
462
466
451
457
404
435
442
448
456
374
452
394
439
456
409
485
402
384
457
425
438
417
459
467
432
404
465
485
437
454
434
479
415
516
502
493
468
437
440
443
457
442
412
477
403
475
428
457
441
441
402
451
415
452
401
351
484
418
444
451
458
416
469
352
457
466
428
460
419
459
456
437
496
439
442
392
461
443
494
426
503
504
430
362
433
458
442
386
456
442
441
463
379
463
460
422
452
421
487
398
459
472
442
436
428
468
435
335
483
390
432
372
378
466
458
464
437
474
496
430
468
425
451
487
461
431
459
436
453
445
446
483
457
465
435
454
367
473
458
460
452
418
461
446
435
459
463
474
451
417
366
481
455
432
267
458
448
471
447
478
419
487
455
430
439
448
426
379
436
423
424
495
433
467
426
442
448
431
460
434
433
435
468
483
437
494
358
449
419
458
436
468
399
475
448
442
395
428
419
483
407
435
416
412
448
488
426
463
394
384
458
440
465
430
489
420
427
352
444
463
412
378
462
464
429
462
471
481
460
431
447
469
448
377
405
441
436
452
497
459
440
357
436
489
445
477
450
485
492
449
342
438
404
436
447
447
432
429
422
435
434
446
453
482
445
455
433
433
436
448
375
468
467
461
474
477
464
464
414
423
428
430
423
379
476
476
469
471
463
360
432
433
482
456
465
456
401
453
464
460
425
459
454
440
360
440
453
385
458
460
420
395
443
430
462
484
474
338
449
439
450
412
437
450
426
436
476
469
457
465
468
441
429
356
428
444
341
462
441
413
408
419
458
474
446
459
435
459
462
437
428
456
476
445
452
482
419
395
422
477
404
376
463
430
386
457
426
363
408
397
404
357
449
350
437
355
428
458
348
377
392
432
477
359
434
470
392
361
476
430
454
345
346
356
301
361
414
420
389
427
462
431
440
434
442
422
462
328
418
408
512
442
388
391
441
442
367
356
502
334
470
314
391
416
456
370
440
424
422
423
489
361
488
391
460
434
350
365
465
460
465
382
333
409
407
376
459
451
488
501
340
434
412
436
399
438
449
440
411
377
481
333
427
402
393
473
470
353
384
365
409
484
425
365
425
433
356
448
344
404
417
504
347
449
379
454
374
357
439
442
464
446
419
409
498
361
481
427
439
404
487
407
420
432
456
444
413
466
448
398
432
494
389
487
387
447
470
349
393
441
341
355
459
355
469
430
448
482
450
413
451
399
466
388
440
444
427
340
463
466
480
311
405
444
431
451
473
451
457
403
501
433
446
481
354
381
425
469
367
453
424
376
429
459
463
431
481
440
499
452
380
348
454
447
355
432
430
470
395
431
438
477
403
341
460
463
375
473
430
464
478
399
350
475
358
352
449
433
472
465
461
444
433
416
452
471
439
416
418
367
396
468
362
434
459
477
411
341
376
362
399
344
467
397
370
466
430
435
477
422
420
499
449
374
464
461
397
368
504
452
436
345
439
477
436
436
427
436
386
467
347
436
374
479
353
439
455
471
444
359
420
498
442
470
449
457
375
369
432
403
415
382
424
354
443
412
458
465
495
405
416
440
455
458
472
476
406
441
447
420
406
345
479
426
486
475
442
439
413
458
482
394
399
434
345
422
411
436
426
420
436
431
439
464
375
488
444
385
374
373
391
336
477
397
446
418
402
438
386
454
459
476
468
385
402
446
493
376
406
438
419
396
393
456
461
456
449
476
434
430
469
402
453
439
492
416
453
467
433
387
451
388
439
410
372
455
488
487
418
464
431
349
474
456
429
439
463
393
474
385
424
427
455
436
462
448
382
465
378
457
514
454
463
378
453
462
429
493
414
421
455
467
444
401
358
425
392
470
413
470
495
392
495
446
431
466
472
473
446
460
442
505
365
481
387
460
417
495
438
448
455
434
445
481
432
517
365
416
450
495
442
455
379
447
417
363
414
416
452
427
372
417
428
451
438
424
402
468
471
390
444
476
365
444
485
437
425
452
381
363
440
313
442
471
409
452
463
435
487
436
506
429
445
424
431
452
378
475
449
474
469
407
439
440
469
415
412
397
450
422
426
460
451
507
378
405
460
441
466
449
423
468
461
473
493
461
461
460
433
369
442
472
413
394
431
401
390
424
446
410
511
332
442
352
468
491
414
476
448
461
471
466
423
448
407
330
465
477
409
485
447
491
449
443
347
421
476
376
458
474
435
364
449
479
395
466
470
448
472
467
431
426
404
456
425
413
497
505
441
439
453
383
443
469
477
445
406
467
486
464
458
368
361
434
464
431
443
409
502
396
473
522
432
443
480
381
495
469
482
408
430
502
412
458
395
440
480
401
440
405
474
375
447
480
439
448
431
461
391
439
453
453
478
431
413
409
399
390
459
463
483
400
493
461
427
459
397
482
449
457
422
456
480
386
417
425
413
402
424
378
412
426
434
418
400
453
441
366
370
443
463
380
474
445
406
440
449
459
409
477
354
340
382
421
427
459
371
475
456
435
362
439
384
465
459
339
428
442
435
472
463
461
437
468
391
403
390
462
465
378
488
446
381
389
417
473
443
455
400
468
428
467
404
500
390
422
437
425
448
491
416
461
444
468
432
475
430
482
427
444
412
437
374
403
427
440
459
485
435
466
469
447
431
439
339
443
425
399
449
365
491
466
423
490
380
481
469
428
474
453
413
453
435
387
400
467
473
412
447
460
451
419
483
400
445
484
409
468
456
470
463
376
453
456
424
396
457
432
456
457
383
494
440
483
370
462
438
432
413
406
434
450
417
482
480
484
435
431
467
412
428
420
441
359
428
436
469
427
444
434
433
449
455
477
477
449
443
353
394
439
453
396
422
491
443
458
471
493
443
423
382
427
432
452
469
431
446
452
433
492
446
461
442
456
459
472
467
400
409
452
457
424
440
424
464
447
470
431
388
447
433
367
432
405
451
445
394
467
442
477
477
427
441
426
412
495
429
464
479
423
462
441
431
364
500
391
387
460
452
454
468
452
432
452
491
436
438
427
441
465
467
407
448
428
434
461
438
475
466
453
478
444
475
463
442
433
436
395
443
455
456
435
468
447
465
434
454
460
467
432
449
459
429
436
439
317
465
473
469
468
437
477
410
488
491
427
425
378
453
311
432
379
462
468
451
442
475
478
474
514
471
407
446
461
491
470
435
439
452
426
452
456
468
451
430
464
