45
63
67
72
54
70
51
52
67
54
36
47
72
41
43
60
68
40
67
57
72
56
66
49
58
64
76
71
47
44
62
63
67
64
53
66
59
59
45
59
54
62
73
50
64
9
58
61
70
56
59
72
71
68
55
70
65
53
64
63
58
67
70
59
52
57
40
66
49
61
73
61
65
70
52
74
69
52
49
64
64
69
62
62
65
64
61
54
62
51
59
71
47
78
62
67
75
62
65
63
31
48
45
37
44
57
27
10
31
41
39
45
38
31
51
31
32
41
48
25
43
49
45
32
58
11
48
45
47
38
46
39
31
42
44
30
51
49
20
28
32
7
43
50
25
13
32
43
38
38
57
52
67
60
55
59
52
54
70
38
52
58
57
56
51
60
48
72
55
42
58
41
63
57
55
63
70
51
65
17
60
74
40
58
53
49
67
59
54
53
56
44
22
45
53
42
70
69
60
63
74
57
62
66
72
73
66
74
52
69
60
66
71
64
73
68
63
71
69
72
66
73
67
66
59
65
60
57
67
60
70
72
65
68
61
73
66
69
58
54
63
56
50
63
75
58
57
66
59
76
34
41
50
41
52
46
55
32
38
44
44
42
47
33
41
48
21
60
49
54
36
36
39
48
48
49
57
37
44
39
44
53
19
43
54
46
55
52
44
48
51
40
38
56
51
62
25
28
47
36
51
39
46
60
52
42
56
58
69
45
48
34
46
58
60
51
51
49
55
60
57
33
61
43
42
50
49
45
56
53
61
55
53
58
55
67
49
49
56
66
58
61
59
51
40
58
56
66
43
61
19
65
60
74
58
73
59
70
77
79
69
60
64
62
70
59
58
70
75
55
59
62
63
60
61
73
64
80
57
76
55
70
57
60
76
78
73
73
63
65
60
75
72
70
47
72
71
77
58
77
29
52
35
45
48
48
54
51
37
42
53
46
53
56
55
34
41
40
35
32
51
41
53
57
33
45
28
49
38
50
54
49
36
27
35
16
54
50
42
39
33
50
37
37
42
47
60
20
37
57
59
64
61
38
55
44
46
51
36
49
64
62
52
25
50
48
41
63
21
48
59
59
54
62
29
39
49
55
45
60
45
49
41
52
45
53
55
57
48
65
50
50
9
59
53
41
46
50
40
25
65
76
64
68
69
60
74
60
61
57
61
61
68
66
55
73
75
68
69
63
63
72
59
65
55
73
70
67
62
62
73
67
64
70
68
73
57
64
65
77
75
63
58
65
73
64
64
74
71
61
50
59
55
67
41
50
56
48
48
60
41
46
40
43
59
43
42
56
34
55
50
42
54
41
33
43
31
52
55
58
57
57
54
55
37
59
58
44
47
48
53
55
65
32
45
50
43
31
37
55
58
43
52
41
45
45
53
53
41
56
35
50
62
48
53
62
31
56
33
47
46
46
55
52
49
47
48
58
48
42
54
51
50
26
22
61
62
41
57
45
47
54
56
52
46
46
50
56
47
16
69
71
75
64
52
82
78
76
71
62
67
79
62
67
64
72
76
64
55
67
67
62
71
62
73
66
65
75
70
62
61
60
57
75
78
82
67
73
56
72
67
81
67
76
57
73
73
56
72
70
53
33
50
47
54
41
49
64
53
51
44
53
31
50
49
46
56
46
55
55
54
62
50
65
47
66
68
61
53
30
60
51
50
34
52
47
55
59
66
45
52
59
43
42
49
49
40
48
65
63
58
16
47
53
51
12
39
38
44
43
35
47
60
38
27
40
45
59
57
30
44
57
53
33
29
13
52
30
44
45
55
58
52
50
37
50
46
54
59
22
46
52
56
50
47
49
49
62
48
53
74
71
76
69
76
65
55
59
63
45
73
63
42
70
71
71
71
62
63
80
61
71
69
72
78
51
76
69
73
78
82
76
70
82
71
76
63
75
71
76
81
67
62
72
70
71
66
57
65
76
60
38
41
61
49
51
58
70
41
66
50
50
70
43
63
50
49
42
63
55
50
53
55
56
55
56
52
15
63
59
61
58
71
58
64
49
47
59
56
52
53
61
52
40
58
50
45
68
39
54
44
43
36
47
48
53
31
42
32
53
44
41
50
50
51
52
39
63
41
47
48
68
48
40
10
38
50
54
56
38
52
31
40
54
29
46
48
57
33
40
42
37
45
46
50
50
36
39
41
49
52
69
65
38
69
63
51
63
71
55
69
78
43
72
68
68
62
56
72
68
77
75
63
60
75
49
70
74
68
74
70
65
68
60
62
72
67
64
63
52
69
68
77
79
75
67
68
53
62
71
69
55
48
55
43
62
58
69
63
71
59
69
50
50
54
59
54
50
50
63
58
65
69
54
49
55
58
59
57
58
58
44
53
58
58
50
59
56
50
60
58
61
67
52
62
53
56
48
56
49
46
58
41
54
47
51
57
46
43
41
49
51
50
41
48
42
32
50
42
14
50
44
34
50
47
54
59
51
54
45
48
45
46
54
50
34
37
46
33
40
30
48
33
47
43
51
50
60
48
52
45
67
71
66
60
62
72
66
56
71
59
63
71
66
68
67
65
64
55
67
65
70
61
49
72
57
47
63
69
75
69
67
63
73
75
70
61
63
53
62
58
39
61
70
54
58
63
65
47
67
66
61
44
55
65
51
69
66
47
65
63
60
58
48
56
63
56
76
63
29
53
67
67
49
40
64
71
56
50
60
69
53
67
72
67
64
62
61
61
61
51
65
61
56
53
61
57
54
49
55
38
36
25
42
36
38
41
27
52
47
38
27
36
32
48
39
32
44
43
53
48
28
59
29
33
44
47
17
17
44
32
54
44
38
44
33
32
52
31
47
40
37
25
42
48
46
22
43
44
39
68
69
60
62
51
56
57
58
55
46
48
45
50
31
58
64
64
55
55
73
54
59
48
50
34
67
75
58
57
50
63
57
57
59
56
42
55
67
76
51
63
47
35
65
47
45
56
45
60
67
61
67
47
62
63
66
64
72
69
57
76
54
66
53
55
76
70
50
73
54
44
65
70
69
67
56
64
65
55
53
57
67
72
59
56
55
62
60
50
64
74
49
74
59
55
65
64
73
63
65
31
38
42
47
47
34
37
30
39
40
12
52
22
41
35
11
40
38
50
39
56
43
55
42
35
39
42
11
34
40
39
30
36
36
17
12
56
41
42
37
53
38
43
51
40
52
30
44
45
32
50
54
39
50
48
59
63
68
34
45
39
65
55
55
63
69
71
57
55
66
54
61
68
55
47
68
47
60
63
55
59
62
60
40
66
55
62
24
61
45
66
63
46
42
29
52
51
63
60
54
64
69
50
69
71
72
75
58
64
49
68
75
51
64
68
70
73
68
47
77
74
68
63
72
53
47
61
61
67
44
69
56
63
81
74
73
52
71
57
67
70
67
64
68
71
62
65
55
55
64
68
51
57
68
61
65
68
65
58
70
65
54
57
67
61
61
63
73
71
62
66
59
60
67
52
56
50
58
68
62
52
56
50
66
55
69
65
73
63
73
62
65
62
49
68
67
62
59
70
43
38
39
19
37
32
20
28
48
37
36
18
35
53
39
36
40
45
25
33
36
34
28
38
40
29
45
28
15
47
40
37
34
44
49
16
44
28
19
38
38
41
17
41
43
44
45
40
35
37
48
17
12
29
22
13
32
13
25
5
1
8
20
13
4
13
11
11
5
18
1
27
12
12
21
21
27
30
20
12
24
12
25
21
24
5
23
26
31
29
17
17
20
27
24
20
11
29
21
19
16
70
73
41
66
65
63
64
51
66
66
68
54
59
63
69
65
60
73
65
69
52
69
58
52
66
73
55
44
67
60
59
55
71
57
63
57
60
67
63
72
65
62
61
58
76
54
70
69
69
67
31
11
51
44
37
27
37
47
45
38
45
39
40
40
46
34
43
47
53
36
50
16
51
37
25
38
41
32
32
27
44
24
22
36
48
48
31
37
43
38
35
28
45
26
37
35
37
37
34
23
27
38
30
38
14
29
26
27
15
27
11
13
17
25
30
18
5
29
29
10
17
20
27
33
18
25
29
36
15
26
9
20
25
23
20
15
34
20
30
19
21
9
17
18
15
17
16
21
16
26
73
69
69
73
44
48
54
60
66
74
72
71
67
67
68
67
78
67
64
51
63
62
58
56
73
68
74
70
64
72
70
39
70
66
75
63
50
78
74
68
65
56
72
62
52
60
67
73
59
70
34
51
45
51
41
60
39
29
53
32
54
25
46
52
59
31
49
42
56
45
43
46
38
34
50
42
42
35
42
50
28
42
31
44
40
49
48
36
46
36
32
47
41
51
45
53
6
25
38
33
12
12
46
18
25
34
18
19
24
37
35
21
17
7
11
13
32
24
32
5
21
18
9
26
10
29
9
22
31
41
32
10
30
20
20
25
15
12
25
6
24
20
0
10
39
28
17
25
18
25
75
73
62
56
75
63
60
72
76
66
66
70
65
77
75
70
68
73
61
62
59
60
73
60
38
66
70
59
69
69
42
64
56
58
73
55
53
67
70
60
74
78
70
64
70
66
59
68
68
63
46
47
35
50
21
51
36
28
47
53
54
38
51
45
17
46
52
41
49
47
49
58
52
45
47
58
53
45
23
46
30
62
57
50
31
40
48
52
34
40
53
56
52
46
50
50
47
43
36
45
8
18
16
15
26
22
16
15
24
15
35
30
31
17
18
26
6
28
28
33
38
4
31
34
23
40
4
26
31
27
40
5
22
20
23
24
29
30
16
19
20
28
19
13
42
12
31
27
16
22
68
69
70
65
65
68
72
55
64
62
60
68
62
73
72
65
67
75
73
58
66
63
74
59
67
48
65
77
77
74
77
72
75
65
65
51
71
56
69
63
69
77
68
69
68
66
67
73
70
61
52
55
52
46
41
44
21
46
46
52
35
42
50
64
57
41
39
58
36
33
37
56
32
43
49
30
52
48
36
36
39
52
36
58
47
54
58
56
37
56
28
42
54
43
45
46
56
57
59
27
35
14
13
44
29
31
25
41
33
22
31
23
45
13
28
29
30
32
34
37
31
42
19
18
13
45
36
28
36
15
31
25
31
31
29
29
14
34
36
22
34
18
33
30
22
7
14
22
29
37
63
64
61
71
68
76
75
66
76
60
68
64
62
74
75
74
72
75
75
74
66
81
69
54
79
64
71
69
53
69
52
61
67
76
58
71
69
69
65
49
71
72
59
73
63
79
57
69
72
65
54
58
59
50
57
44
49
58
54
41
60
58
54
55
65
50
46
45
58
47
32
55
39
52
53
57
41
47
31
69
47
30
35
62
56
34
50
57
50
61
55
48
53
47
49
44
42
26
40
30
21
40
35
37
30
31
36
43
31
15
30
34
40
37
31
9
26
29
38
48
28
21
28
38
36
23
30
30
11
16
31
18
27
24
43
33
23
39
17
30
34
31
37
36
39
26
12
29
29
8
74
74
77
72
72
77
73
62
70
71
80
79
74
66
75
60
76
79
64
76
68
67
62
59
76
58
63
78
80
78
84
67
58
71
65
65
68
73
75
64
71
70
58
65
75
69
69
72
77
65
64
59
37
55
61
62
46
64
61
54
43
44
53
55
56
61
53
43
41
55
65
64
54
53
49
47
56
56
46
62
60
61
55
48
59
50
65
47
52
53
58
49
54
55
50
37
51
61
58
43
26
30
33
43
5
12
26
27
36
30
36
20
40
32
49
21
41
38
24
32
29
32
45
45
20
18
53
21
36
34
18
19
34
37
25
2
25
22
49
48
32
49
47
37
41
41
31
45
34
39
75
66
70
82
67
74
77
72
63
69
68
71
75
77
70
70
54
74
71
60
75
62
69
79
68
62
77
62
72
72
63
62
72
54
62
74
70
63
79
76
72
73
67
72
80
67
73
72
65
59
53
61
67
61
55
55
66
51
52
53
56
49
58
60
57
55
46
55
55
51
51
37
61
64
40
71
60
60
52
50
49
47
67
49
66
63
50
58
53
48
45
59
64
57
39
49
70
39
53
52
39
43
24
37
39
49
44
41
32
40
37
30
19
26
42
47
38
38
38
34
37
42
34
12
49
48
57
35
42
24
33
29
54
35
10
32
24
26
36
37
19
36
45
24
5
35
29
51
45
40
68
61
66
58
65
70
69
70
69
65
64
75
65
73
66
73
84
74
73
75
61
70
66
66
69
72
63
65
73
64
71
70
71
70
66
58
64
76
80
71
69
66
69
64
66
69
77
73
73
70
49
66
51
53
51
74
54
56
64
70
64
50
45
54
65
62
63
42
53
46
51
67
62
68
60
64
66
63
58
51
49
50
61
57
60
43
62
50
71
59
51
57
64
53
60
53
47
50
53
56
52
44
34
32
46
45
24
36
41
36
36
46
28
50
46
26
40
54
43
33
50
28
45
39
38
37
27
41
27
50
30
36
39
46
24
23
3
51
46
47
37
33
31
49
33
43
46
35
40
42
74
55
65
74
73
71
80
60
80
67
70
66
60
52
62
63
73
77
78
73
69
59
63
71
63
66
73
68
59
68
62
65
69
67
82
52
67
66
68
66
75
65
69
71
68
75
62
72
79
61
69
68
60
45
67
55
58
64
69
51
64
61
64
63
51
39
49
52
63
64
49
38
60
61
53
55
67
65
68
64
55
58
61
64
60
65
59
51
71
55
59
72
69
39
52
60
64
54
71
59
43
35
34
24
47
54
43
58
34
45
38
38
41
49
48
49
45
21
52
44
43
48
38
44
51
32
25
41
36
42
58
20
44
46
31
52
26
45
57
45
51
43
42
23
42
32
45
32
56
48
