107
129
133
145
113
144
119
123
130
110
95
99
135
87
121
117
145
97
139
127
137
120
123
103
114
133
156
142
96
109
139
133
140
126
104
133
123
126
98
108
117
122
154
110
133
30
124
120
138
117
125
129
129
127
110
133
118
106
123
118
107
128
121
107
99
109
80
123
100
111
135
135
119
132
107
139
133
105
105
123
115
134
121
112
124
132
119
111
112
104
120
122
97
136
122
124
126
132
123
121
68
85
79
68
80
92
70
35
63
81
73
78
77
69
85
71
68
77
86
51
78
90
79
65
101
29
87
80
93
71
85
80
69
84
78
66
95
94
39
56
70
27
75
88
59
32
63
81
70
80
116
107
130
120
111
117
120
119
130
84
114
121
115
121
115
118
107
139
119
103
114
93
125
116
116
127
148
109
124
55
129
146
104
118
113
109
141
119
107
110
122
91
66
96
118
89
137
134
123
120
137
115
124
125
132
133
120
145
101
120
110
132
132
131
145
128
123
133
139
127
132
135
128
124
124
129
116
106
132
122
128
141
130
129
110
129
113
131
115
109
126
113
102
113
131
129
112
128
115
144
74
75
97
85
96
94
93
63
77
85
86
77
87
77
76
83
42
104
95
96
75
83
75
91
89
90
103
74
92
74
90
89
43
86
113
92
95
93
82
92
97
74
67
104
97
102
57
64
83
84
97
86
89
109
124
107
111
120
123
111
113
80
107
132
132
106
110
101
113
122
112
85
126
94
92
118
96
101
119
114
124
120
118
130
121
125
95
110
115
135
123
122
124
107
94
118
121
126
107
129
46
133
115
127
112
150
122
134
142
138
126
112
122
123
136
111
101
135
149
123
118
129
122
124
127
129
116
143
112
151
109
137
107
119
141
145
129
137
125
115
129
143
131
132
93
141
145
141
111
143
58
97
76
78
99
94
104
90
74
86
96
89
96
112
106
72
89
83
73
66
85
75
97
97
66
94
59
85
78
96
89
91
79
63
75
45
104
93
81
76
65
87
76
76
78
84
108
51
78
101
108
130
116
86
111
105
101
105
88
107
120
123
120
69
109
106
99
133
61
100
125
120
106
129
72
88
97
127
96
139
95
111
90
108
103
115
119
110
109
125
94
97
38
119
115
102
100
102
93
65
125
140
124
125
129
132
148
119
119
125
114
121
129
136
109
136
154
139
140
125
135
141
110
135
113
140
126
127
124
134
136
128
132
137
136
132
108
134
117
145
133
136
122
126
149
126
129
145
137
119
93
102
99
118
87
100
107
90
93
114
86
83
87
89
108
73
78
104
71
107
91
83
106
89
78
84
58
98
99
104
97
105
98
104
83
107
106
89
83
83
94
110
122
71
88
94
91
75
66
105
115
106
106
94
91
98
120
109
105
112
75
109
120
102
110
119
81
118
92
114
105
105
122
115
103
90
107
113
109
95
116
107
112
83
62
130
125
110
126
114
96
110
116
102
106
106
102
111
105
45
127
146
143
122
115
154
147
137
133
119
126
146
116
137
135
145
149
116
118
128
133
130
140
120
142
127
137
143
132
125
123
117
110
140
145
157
131
141
105
134
127
149
128
149
118
139
149
114
141
132
103
81
100
95
104
84
95
120
105
86
91
111
78
113
87
98
105
90
101
98
100
119
103
118
86
126
122
108
103
64
111
95
97
67
108
90
95
111
125
95
94
102
83
85
92
101
85
109
113
118
125
50
87
112
127
38
80
96
99
94
85
97
117
91
80
98
103
112
113
67
87
120
108
76
83
44
111
69
91
107
114
125
102
98
89
94
87
115
120
56
105
97
117
109
96
104
97
145
102
110
145
142
149
139
155
125
119
128
129
88
137
134
94
138
134
151
140
131
129
146
125
140
139
132
149
104
140
132
138
152
164
153
144
168
142
140
118
152
139
146
160
141
112
135
143
142
132
124
133
151
120
85
81
112
93
96
110
125
83
123
101
97
124
87
112
91
92
79
116
108
103
102
109
102
105
110
111
39
113
115
106
111
132
108
115
101
96
106
113
113
91
122
98
85
107
103
88
123
84
99
93
86
84
95
111
114
88
111
93
117
103
96
105
111
100
100
82
124
89
103
104
123
107
94
40
87
99
108
119
90
112
78
99
102
75
108
105
121
84
91
97
75
104
93
103
105
88
101
92
107
114
143
136
92
132
135
103
126
148
129
128
149
108
144
147
135
122
129
136
129
160
148
123
131
151
106
130
141
131
157
136
130
136
114
127
138
121
130
126
122
125
139
157
158
144
130
137
116
127
154
134
116
102
110
90
128
108
131
116
127
115
131
106
104
106
121
95
95
103
120
111
114
125
102
99
112
118
107
105
117
107
95
103
106
116
104
120
112
90
120
112
106
113
99
111
111
105
102
112
96
98
124
89
113
103
110
120
104
94
102
115
113
106
84
96
95
80
94
105
50
108
108
77
107
105
106
119
102
109
96
98
92
98
110
119
84
80
97
82
96
69
100
73
107
97
112
105
117
102
112
100
139
150
133
133
132
141
137
112
141
123
147
150
132
135
125
132
133
116
142
123
137
117
109
139
118
109
128
139
152
137
121
127
144
151
129
126
136
117
123
116
93
129
140
109
126
137
133
86
134
128
122
94
112
115
97
128
122
98
118
120
115
107
115
99
116
100
135
127
65
105
116
131
103
83
127
134
106
106
106
121
109
126
137
142
124
130
116
105
118
93
141
123
118
105
126
110
111
88
101
86
85
60
96
82
96
83
77
118
100
99
75
82
76
96
91
69
88
97
105
106
74
125
67
71
95
111
45
47
92
79
107
96
88
99
82
88
98
72
103
92
97
72
94
94
99
50
98
90
96
141
129
128
131
101
120
110
131
118
104
105
116
118
74
107
122
135
122
107
135
110
122
101
116
74
130
145
133
130
106
119
126
108
120
118
88
124
132
136
114
127
100
78
131
94
99
116
106
137
132
122
138
91
120
115
125
125
136
141
108
139
110
127
114
114
142
141
111
140
106
99
117
131
136
125
113
120
118
113
104
103
127
132
117
103
113
126
120
112
129
133
99
126
116
105
118
113
133
113
118
73
76
90
97
92
72
95
79
91
103
43
105
62
102
88
42
92
90
111
94
104
87
121
87
87
93
111
42
83
84
78
65
85
76
48
44
103
81
91
86
101
96
88
99
98
107
74
98
86
76
112
118
86
97
103
110
136
137
80
95
92
116
108
120
122
132
141
113
117
134
112
135
147
109
121
132
108
115
135
119
132
133
123
82
135
119
126
67
125
103
129
130
108
84
67
107
102
126
119
110
123
139
89
144
140
137
138
113
121
114
135
136
107
121
127
120
138
135
105
142
147
144
126
145
124
102
114
130
132
93
129
121
130
147
139
137
106
149
124
133
144
131
129
130
132
130
123
115
110
125
124
105
106
117
110
114
125
124
109
128
122
106
113
127
111
114
120
130
134
109
115
114
107
119
102
99
101
113
130
109
115
129
103
113
107
120
124
132
119
134
126
118
115
104
114
116
126
101
129
85
72
79
38
69
61
48
56
83
73
69
42
65
100
74
70
76
75
54
64
70
66
56
72
74
50
86
53
37
77
72
70
71
79
81
40
75
60
40
66
71
74
38
76
71
86
71
72
65
69
85
42
38
48
45
25
57
28
49
15
6
28
44
27
19
29
27
25
16
40
8
46
25
21
41
35
45
56
44
22
38
27
44
41
49
15
44
50
53
56
36
34
39
45
44
42
25
47
38
45
39
127
131
92
123
133
125
117
109
116
117
128
115
108
122
129
116
121
134
119
121
106
121
107
107
125
138
106
84
124
106
107
105
135
114
114
101
114
119
115
132
122
114
109
124
144
110
133
121
125
120
59
24
86
81
66
59
72
88
81
67
82
73
87
63
86
70
69
77
93
72
84
42
90
77
55
73
74
65
59
58
82
53
53
77
93
88
64
67
81
80
73
60
85
57
66
72
82
62
65
43
53
59
54
67
42
58
59
54
41
48
23
34
33
40
55
30
19
46
55
25
34
44
47
61
35
45
51
64
33
54
23
39
44
43
39
39
59
36
58
38
42
19
40
39
38
32
32
45
33
45
153
139
131
124
95
97
105
109
123
135
133
126
128
130
120
133
144
120
136
106
121
126
117
114
139
142
129
131
120
133
135
77
132
118
130
124
105
143
137
137
115
108
127
103
110
122
128
140
117
138
64
93
87
93
76
105
82
57
98
65
94
64
76
86
97
58
86
86
100
83
77
81
68
71
89
81
83
65
88
91
51
95
61
72
76
89
82
68
81
64
66
82
80
85
82
91
17
55
73
64
26
28
78
44
51
59
42
38
39
59
62
46
32
17
26
33
55
53
61
13
39
43
32
49
28
50
28
51
72
70
60
20
47
39
39
60
42
28
53
20
41
37
14
21
66
52
40
48
35
45
134
133
123
113
146
126
117
128
155
124
117
125
123
145
137
122
128
128
123
119
118
114
130
115
85
125
123
112
130
128
95
123
115
114
135
118
103
126
131
117
130
144
128
112
127
132
115
125
116
119
82
92
66
96
51
103
67
60
92
97
92
72
92
83
44
92
95
79
95
84
90
94
81
79
88
101
95
88
51
89
67
105
99
94
59
82
87
94
70
73
89
100
97
85
83
92
78
82
72
89
24
37
36
37
48
42
35
34
38
28
70
60
59
42
39
51
20
56
57
61
66
19
57
63
48
62
16
49
61
56
64
13
45
43
41
46
59
54
40
42
40
51
47
31
69
31
55
54
37
43
130
126
130
123
132
122
133
109
119
116
123
132
127
146
134
121
139
132
127
111
122
117
127
115
127
100
116
135
141
147
149
135
142
117
127
105
143
105
127
127
129
146
128
123
129
127
121
145
122
126
90
96
92
84
68
92
57
91
97
92
70
81
92
110
103
76
80
101
72
65
74
108
72
85
92
60
97
91
75
74
91
89
70
110
95
92
104
96
71
94
61
82
95
82
89
79
96
94
105
56
58
29
33
71
51
63
51
71
65
42
58
43
76
28
63
55
55
58
62
62
62
78
37
41
29
74
67
52
62
32
71
49
62
62
58
49
33
55
58
48
60
39
63
57
48
21
35
48
57
70
129
124
126
136
124
137
142
122
149
126
142
132
129
139
151
143
134
147
132
143
125
148
132
108
149
123
140
135
114
127
113
121
121
145
109
126
123
133
136
97
138
139
123
129
136
148
117
141
144
140
104
101
109
92
102
78
103
106
99
84
107
101
99
99
109
92
86
82
99
91
69
94
74
89
93
101
85
85
67
113
84
68
73
98
92
77
92
114
90
103
104
99
96
95
100
96
82
57
76
62
51
69
69
75
55
56
68
75
62
30
62
60
73
69
53
26
47
61
66
78
57
51
59
66
72
50
56
57
27
36
52
39
57
52
71
57
54
68
35
65
68
59
67
59
66
48
36
59
55
25
142
147
158
137
138
156
129
128
134
154
141
146
131
124
140
116
139
144
134
144
144
126
111
113
143
117
128
152
141
150
162
126
122
133
126
123
128
142
144
125
143
131
111
133
150
133
138
137
137
138
105
100
75
102
118
100
87
124
115
103
79
95
97
103
107
120
106
93
79
96
120
119
98
113
98
100
103
101
95
108
108
112
93
85
103
90
122
83
96
102
109
95
107
100
85
72
96
106
101
77
50
63
70
82
19
33
59
63
72
67
66
43
80
70
84
46
79
70
55
70
65
66
80
75
43
41
83
46
70
67
38
49
64
64
50
10
58
53
92
80
60
88
82
67
74
67
66
73
62
71
131
147
122
152
139
154
146
137
135
130
141
134
143
150
136
138
118
144
130
129
147
111
137
152
131
130
150
127
141
147
121
124
125
114
125
154
132
127
155
147
136
153
127
134
152
126
146
139
124
117
95
117
125
105
97
112
117
100
93
104
106
95
104
102
103
101
90
113
115
114
94
76
116
112
75
128
112
105
104
97
96
93
117
88
128
101
99
117
103
89
96
110
118
115
89
100
127
76
95
104
71
83
53
66
81
91
72
78
63
70
73
64
40
58
74
80
66
75
79
69
70
76
63
31
86
94
92
69
84
48
62
67
92
69
29
71
56
46
62
76
47
62
86
48
19
67
60
88
78
79
131
120
142
120
119
147
131
133
130
135
118
146
126
145
125
138
150
161
140
141
131
143
142
146
126
147
129
138
146
132
143
134
138
137
129
113
130
143
145
140
138
138
130
129
122
125
138
136
144
141
97
120
100
93
102
129
103
101
120
127
118
94
81
108
119
113
109
87
96
95
94
127
124
121
109
117
124
117
113
103
90
90
106
117
107
88
119
96
122
110
103
101
121
105
111
98
86
93
99
105
91
80
63
60
79
84
60
71
73
78
72
83
59
100
79
56
66
95
84
70
88
55
80
75
77
64
55
71
58
92
73
76
72
75
52
57
18
87
91
88
72
60
61
85
68
77
87
73
71
80
158
125
130
152
140
162
165
121
150
136
130
141
129
107
116
128
155
168
143
137
142
119
131
138
137
121
144
131
127
116
118
122
141
132
152
132
133
131
132
141
142
133
132
135
140
153
133
144
156
117
135
119
113
91
117
113
108
126
124
106
109
118
116
114
103
84
96
96
115
121
99
83
113
119
100
106
132
117
126
123
106
103
116
124
111
119
113
99
140
102
115
132
121
80
101
119
122
108
120
107
84
76
76
58
94
92
78
100
65
77
79
79
74
95
87
84
85
60
95
79
88
101
74
85
99
67
55
78
76
80
103
51
82
91
60
85
58
87
108
82
90
84
78
52
76
59
89
64
96
91
