161
189
187
205
160
193
179
179
189
167
134
146
187
134
168
168
207
141
200
201
199
194
179
155
171
187
231
210
140
160
205
197
203
185
166
197
180
194
147
165
172
180
218
173
199
51
190
179
201
169
181
179
182
183
152
195
157
154
170
171
157
175
174
154
148
158
116
170
144
165
180
187
179
181
151
203
181
152
142
169
157
188
166
166
176
189
174
156
160
144
168
176
138
189
171
171
185
189
178
169
100
121
111
92
117
130
101
52
97
105
104
112
103
92
129
90
100
103
115
75
107
126
106
96
136
42
121
111
120
100
112
110
96
118
114
94
133
122
59
72
99
36
108
121
81
48
88
110
100
114
161
160
197
182
155
181
171
185
203
126
172
176
162
183
177
176
151
200
171
150
168
130
184
174
172
176
207
162
187
88
187
217
148
188
169
158
194
170
157
153
167
141
83
157
168
138
199
194
174
177
192
157
168
181
190
190
172
203
145
178
161
184
182
186
197
170
180
187
200
174
188
183
182
172
181
183
169
152
183
177
185
196
186
189
153
186
155
189
168
159
181
166
146
157
189
183
165
178
160
206
101
109
132
115
133
130
131
89
112
124
121
108
116
107
109
110
62
141
127
134
103
111
102
128
129
127
142
106
117
106
131
120
68
115
151
130
133
127
117
122
130
105
99
134
136
135
86
93
120
112
153
125
142
159
181
147
173
179
170
183
158
120
152
185
184
154
161
165
158
180
159
126
186
145
139
166
146
147
176
172
183
180
170
182
167
180
151
178
171
186
174
176
182
156
144
179
167
192
168
195
69
186
172
174
174
217
170
194
203
201
182
156
170
170
195
168
145
186
215
184
168
172
173
166
188
183
161
201
160
218
159
184
150
172
200
199
179
202
169
165
188
193
185
191
128
191
198
203
163
211
91
127
102
108
138
130
146
123
106
120
133
122
147
148
149
100
124
120
112
100
120
111
122
134
98
122
87
124
107
142
122
121
112
95
107
61
140
133
114
102
98
128
109
113
111
119
149
76
113
147
154
192
178
132
165
154
153
149
136
169
173
172
173
99
173
157
156
192
93
137
185
181
169
194
113
140
146
182
147
206
147
165
151
164
155
176
179
173
154
184
142
152
63
174
178
156
146
154
148
93
182
199
179
180
184
186
206
174
181
185
162
176
185
201
161
189
223
202
204
179
187
197
159
200
159
196
182
184
180
188
195
185
196
205
201
189
148
185
179
203
197
189
178
185
208
190
192
217
203
158
130
143
141
159
123
141
140
132
128
151
123
124
129
128
152
112
108
140
103
145
123
112
145
134
106
121
83
141
145
142
133
152
136
143
115
148
144
123
125
123
139
147
166
98
121
124
133
107
90
143
159
156
161
146
143
143
184
157
148
167
114
164
166
150
158
175
118
179
124
158
160
142
180
178
161
138
154
170
158
140
177
157
174
130
97
187
184
162
176
164
159
170
170
151
153
161
161
153
158
83
174
209
205
188
169
229
215
202
191
173
182
209
157
189
195
209
216
162
169
177
180
181
206
176
200
192
199
204
191
183
180
166
163
194
210
226
192
205
162
198
179
210
179
207
169
196
220
163
202
190
144
121
140
133
142
120
134
161
139
122
121
156
107
152
125
145
151
134
143
142
138
154
145
169
122
169
166
155
149
98
147
136
133
101
149
130
139
155
172
127
131
144
121
124
118
136
122
148
156
155
175
86
134
156
191
61
121
155
139
146
128
140
172
142
123
150
142
167
170
99
140
174
166
124
139
81
171
110
138
163
169
170
149
152
134
147
145
162
175
84
158
138
171
165
145
155
154
201
157
159
201
205
223
208
221
177
173
177
184
135
190
189
150
200
187
217
206
185
182
211
185
206
197
189
213
148
211
192
192
218
230
224
203
243
210
193
175
226
192
215
226
211
167
199
198
205
194
179
193
210
160
116
114
154
134
126
156
172
110
171
146
143
178
125
148
137
133
113
158
148
139
136
142
150
151
157
158
62
153
152
143
151
182
159
163
148
142
147
156
160
127
175
135
126
147
145
128
171
122
143
138
127
126
145
155
175
133
164
134
165
153
142
158
156
149
152
125
176
141
155
155
186
174
136
67
132
152
153
183
140
174
129
157
142
120
164
172
174
121
133
149
126
158
134
152
158
124
155
145
159
166
202
196
128
197
191
167
187
206
180
196
219
172
202
203
204
180
190
203
181
221
209
187
190
209
161
186
208
185
224
193
191
192
167
195
188
180
200
187
177
194
198
229
227
203
185
186
172
180
212
176
165
149
158
130
183
157
177
151
181
163
184
151
140
144
171
144
138
151
172
160
151
181
141
140
150
165
144
151
164
146
144
144
159
172
143
170
160
116
173
159
160
163
138
153
156
157
150
161
135
145
187
132
165
158
156
176
164
142
151
182
165
162
132
158
137
126
144
157
78
161
167
116
161
148
158
163
144
158
153
153
141
147
171
183
133
127
148
131
134
104
143
114
147
141
160
155
174
154
163
151
198
214
195
197
184
211
194
183
197
181
211
216
192
203
189
187
184
176
200
180
190
174
153
200
171
153
185
201
211
192
187
179
202
218
190
187
196
167
176
166
126
181
203
162
192
199
188
137
188
181
174
138
161
169
142
179
168
137
172
173
157
163
171
148
173
148
186
180
90
147
164
186
145
132
174
188
144
148
155
166
156
178
186
200
174
188
166
154
167
128
200
177
168
152
171
155
165
134
137
126
111
101
145
125
137
127
124
168
158
152
104
121
116
137
143
108
143
151
144
155
114
172
99
113
136
163
64
76
145
115
153
136
125
159
120
129
154
120
161
136
135
111
141
149
147
85
151
128
146
206
192
188
183
155
171
153
188
169
146
141
171
176
108
170
170
192
174
159
202
166
170
155
165
122
178
205
188
195
159
174
186
172
179
169
128
176
182
203
182
187
157
114
187
135
141
173
165
195
189
177
194
139
169
166
175
176
184
193
155
198
164
183
166
167
204
200
166
191
156
136
168
187
185
170
156
162
171
164
144
149
191
197
158
151
163
177
171
161
179
186
140
185
161
157
170
168
183
156
172
112
112
139
142
150
107
148
101
137
144
70
166
95
146
132
73
132
137
166
146
151
137
178
139
140
143
155
69
127
130
111
104
118
118
75
75
144
135
141
142
159
142
126
147
147
171
121
147
129
114
164
175
136
140
147
164
197
184
117
141
139
174
163
178
185
201
199
168
178
187
169
190
201
154
173
194
163
175
199
177
187
195
180
124
188
173
190
104
188
158
189
184
158
136
116
154
158
187
170
169
182
198
137
212
202
183
196
166
183
166
191
189
144
173
183
172
198
199
151
198
210
200
184
198
176
153
162
181
178
137
187
172
191
198
195
191
154
214
180
191
201
183
182
196
189
188
171
164
149
179
173
154
147
154
148
156
164
176
152
178
166
145
161
181
155
165
172
180
180
147
158
151
157
166
143
141
147
153
183
155
163
181
142
152
151
164
173
184
169
180
175
169
166
146
158
165
174
151
180
119
93
103
57
94
80
71
78
119
97
93
62
85
133
99
105
101
99
75
98
95
92
79
110
107
72
111
78
50
96
104
92
102
98
107
55
95
81
55
88
96
106
49
99
95
109
99
98
86
94
115
58
53
71
66
35
77
39
64
27
15
39
58
41
33
43
37
38
23
52
14
58
33
27
62
45
61
74
59
32
53
35
61
56
56
24
60
63
67
76
50
53
52
61
66
56
38
67
56
62
53
172
179
141
170
178
173
157
158
166
165
181
154
161
168
185
158
168
177
176
167
154
172
151
152
175
191
153
126
175
152
154
147
186
161
158
143
156
175
160
176
173
157
148
170
200
152
181
172
175
179
84
32
110
107
88
87
99
120
111
87
114
104
124
88
116
97
94
105
117
106
122
55
112
100
85
97
98
87
90
77
111
79
72
103
126
115
86
95
105
109
99
86
122
83
88
104
121
92
90
68
69
76
79
87
53
75
73
79
52
69
31
47
43
55
71
44
26
64
72
38
50
57
64
71
43
63
62
79
47
69
34
53
60
60
53
50
75
51
79
51
55
29
56
49
56
48
41
52
47
61
209
204
180
162
132
137
158
155
176
186
176
175
175
186
164
194
193
169
191
153
164
180
161
168
190
199
189
179
168
193
189
105
188
165
182
175
157
199
199
189
158
151
186
149
160
169
184
197
171
195
89
131
123
121
97
135
113
81
124
100
129
83
101
118
130
86
120
109
138
114
100
104
93
102
123
117
115
96
119
121
78
118
79
98
107
121
113
90
112
90
87
112
103
117
123
128
26
73
104
96
40
39
102
54
67
79
51
54
59
81
86
60
48
32
39
49
77
75
82
22
55
59
46
62
43
73
41
74
94
97
83
29
58
54
54
77
57
36
67
38
58
52
29
32
84
63
55
70
54
63
182
189
181
167
200
177
170
180
209
165
163
182
176
207
198
166
180
179
174
175
166
157
182
163
116
176
176
164
176
183
124
172
160
160
194
174
147
175
188
164
184
213
173
158
186
189
159
171
161
171
107
119
93
129
67
136
92
89
124
132
121
96
126
118
68
129
128
122
128
117
131
131
115
110
124
140
127
123
73
120
97
141
133
122
88
113
121
120
105
105
129
130
137
115
115
131
111
117
102
116
37
52
53
49
67
54
49
49
54
40
95
75
74
57
62
76
31
80
75
85
91
26
84
88
70
84
29
65
78
78
85
19
61
61
63
67
80
75
54
61
59
74
58
41
91
41
76
75
51
60
184
179
181
175
181
167
184
154
178
170
167
174
192
222
188
170
199
186
180
157
180
156
176
165
174
137
160
189
200
195
206
191
193
165
187
143
200
159
179
185
180
211
176
179
191
188
171
197
171
183
128
127
122
120
104
120
77
125
125
129
100
118
126
147
141
113
118
144
102
99
110
142
104
122
131
89
133
129
108
108
129
116
101
158
123
125
139
131
101
121
87
113
133
114
125
117
125
125
137
79
79
42
51
95
75
89
69
89
85
58
83
62
102
44
86
85
80
81
86
81
82
97
60
65
39
101
95
65
88
45
94
65
87
87
80
69
41
78
87
77
78
60
88
75
65
34
47
69
79
96
179
182
177
188
171
193
210
176
215
184
200
189
179
202
217
199
184
198
178
210
170
214
187
161
205
170
205
197
167
173
161
179
174
212
155
182
178
195
185
133
194
203
180
191
204
220
163
206
217
193
151
147
145
130
146
110
139
146
125
110
141
138
138
135
150
127
122
110
138
127
96
129
110
126
124
146
118
122
100
156
119
95
106
139
119
114
132
157
133
145
143
136
137
135
140
130
112
73
109
88
71
93
91
105
83
76
91
109
86
46
85
84
97
94
79
39
66
85
86
103
77
67
75
94
94
69
75
74
42
52
72
51
82
80
95
72
82
88
51
92
96
80
94
82
93
65
50
84
82
33
209
211
224
191
202
230
185
193
195
222
203
196
182
174
194
163
201
198
194
197
206
173
164
175
201
166
183
214
195
206
230
176
170
201
184
174
190
219
209
181
205
188
169
178
213
191
188
187
195
195
136
138
112
140
164
141
124
166
161
144
123
130
142
146
150
168
150
128
106
134
163
158
144
150
133
136
147
141
129
151
151
158
131
133
142
133
157
116
125
148
150
135
147
137
123
105
135
140
144
109
68
86
101
110
37
54
87
82
85
92
96
61
106
90
114
66
113
95
78
93
89
86
110
104
58
50
112
71
95
91
51
70
86
90
74
21
80
70
119
99
96
117
109
94
99
94
92
99
90
94
183
219
170
226
208
216
210
185
198
186
209
193
194
209
190
202
173
208
187
184
217
160
200
217
188
186
204
187
197
215
180
174
183
158
179
223
189
177
220
209
190
227
185
189
221
178
206
201
175
175
144
159
168
149
135
147
160
139
122
142
152
132
142
157
137
137
130
153
152
163
141
102
161
152
120
171
152
144
148
142
134
131
158
122
178
139
138
169
146
124
131
150
173
162
125
137
174
105
140
151
95
108
71
97
107
123
99
115
82
93
100
90
54
84
107
104
100
93
107
99
94
103
87
41
121
128
128
83
114
70
92
91
123
96
37
99
76
68
85
107
64
88
115
68
31
98
82
119
109
103
192
177
206
180
175
214
196
193
183
197
171
209
178
209
183
187
216
226
187
199
192
206
215
214
179
199
194
199
211
182
203
199
199
200
183
167
199
212
209
209
193
199
179
186
173
189
199
193
207
205
139
177
141
124
150
182
145
143
173
173
165
143
128
158
167
154
147
120
134
141
146
167
168
163
145
158
168
159
162
150
136
127
151
166
149
136
167
145
174
154
145
136
166
143
164
146
127
134
138
141
133
115
94
89
107
119
85
99
103
106
99
114
90
143
115
76
90
132
120
93
119
77
112
92
109
96
81
100
80
119
99
105
103
114
68
82
32
111
114
121
98
86
83
113
92
113
120
98
100
110
226
188
196
205
196
229
237
180
221
212
189
203
197
163
164
179
221
240
201
196
206
186
187
205
202
172
204
184
177
172
189
179
202
202
225
197
198
201
196
214
197
189
196
190
198
219
191
212
220
187
181
156
162
130
169
165
152
174
171
149
153
163
160
167
147
119
135
135
158
168
143
128
162
163
130
148
184
161
175
166
152
142
158
166
151
164
157
151
182
145
160
178
171
115
136
170
181
155
159
155
114
97
104
78
129
125
113
135
85
108
105
112
107
131
119
114
113
80
126
112
125
135
102
113
133
103
80
104
113
110
145
64
113
125
88
120
77
122
139
117
124
116
112
70
118
80
120
92
135
119
