275
302
320
339
263
324
295
318
310
299
250
253
307
241
294
309
353
248
347
339
334
316
312
266
278
314
380
344
246
264
332
351
331
340
299
333
322
328
250
264
295
319
359
296
337
130
322
316
314
328
298
280
276
307
259
320
273
241
291
267
264
279
274
250
234
255
206
278
240
256
298
297
293
284
249
324
295
261
231
275
251
293
272
273
275
304
285
253
261
240
271
266
237
292
259
279
305
302
289
264
163
196
164
151
173
195
156
86
151
168
165
185
161
151
185
143
162
164
178
124
170
196
167
145
197
75
195
164
186
166
174
165
170
185
194
146
196
196
103
127
159
77
161
195
127
84
153
163
159
171
290
265
339
316
275
307
295
313
321
227
306
303
282
312
305
290
280
339
318
265
286
232
305
301
293
296
341
282
316
170
307
336
264
331
276
272
330
297
296
270
287
247
160
279
290
262
334
328
301
304
317
249
274
292
311
282
278
308
242
276
245
297
307
291
302
276
288
314
305
282
292
306
297
284
281
300
272
245
303
283
294
307
294
310
255
291
253
312
291
256
284
274
236
256
302
286
273
307
269
313
154
173
212
177
203
203
206
132
189
190
177
176
187
169
183
169
102
217
184
205
170
188
162
200
194
196
208
163
192
170
212
189
111
182
237
199
203
207
183
204
195
174
151
200
207
208
146
148
183
180
273
245
242
296
303
268
313
303
287
307
274
221
275
303
326
260
286
282
287
297
276
229
318
285
246
302
270
251
318
299
343
303
307
315
298
304
266
289
293
306
305
290
309
273
250
301
298
321
301
319
145
294
273
292
273
340
289
324
338
324
283
260
291
292
315
297
252
299
335
300
260
276
290
279
291
295
257
309
267
347
266
300
242
292
344
323
305
323
274
282
295
296
314
294
222
308
299
328
268
342
146
202
176
176
205
220
216
202
186
186
209
201
235
220
222
165
193
192
184
160
190
171
191
204
157
200
139
202
180
223
185
191
181
152
181
120
217
205
183
167
154
198
195
184
187
188
242
133
173
234
289
334
306
227
292
274
265
262
255
283
300
310
294
186
288
273
264
321
164
268
314
300
290
330
222
275
249
314
265
328
258
262
249
306
255
302
317
314
281
319
269
264
136
301
302
271
262
276
250
185
287
324
301
304
293
298
327
277
302
296
263
290
296
331
268
301
352
324
346
298
309
312
272
330
265
321
303
315
308
315
315
298
310
331
340
318
248
303
288
341
307
317
294
304
339
320
324
326
311
268
214
216
228
239
206
212
227
202
198
239
186
192
205
187
239
188
190
241
170
238
205
176
218
206
180
198
151
215
223
232
199
233
214
233
193
235
222
187
220
204
211
236
252
158
195
194
205
177
166
240
293
274
286
264
255
257
308
279
266
274
214
282
271
269
281
302
227
308
221
268
288
238
287
298
279
269
268
264
261
248
300
283
303
218
166
326
307
275
299
299
279
294
296
274
264
275
284
275
298
146
279
317
339
300
270
357
341
329
308
288
301
354
262
300
315
355
357
272
281
294
308
299
328
291
338
316
329
346
318
311
291
300
280
313
334
364
296
342
276
328
291
340
296
330
297
318
357
278
337
304
223
205
236
229
231
195
226
244
226
213
190
240
187
241
195
231
237
207
223
223
218
248
222
260
191
259
250
227
245
173
229
217
204
167
238
205
228
242
257
194
215
234
200
199
205
226
193
227
261
242
287
161
246
278
317
111
231
268
255
267
250
249
298
252
223
278
256
282
300
196
265
290
291
225
233
148
290
204
261
281
303
295
266
276
251
271
253
283
289
150
270
254
280
275
261
251
268
325
283
271
330
332
367
330
353
287
291
297
314
250
329
313
238
323
319
347
334
323
308
336
319
343
327
308
342
251
341
319
328
357
380
359
330
393
339
320
282
370
325
347
364
353
273
331
335
326
318
296
323
355
259
203
195
244
214
219
248
260
191
254
252
221
271
213
252
221
210
192
252
236
229
230
230
235
252
268
247
122
239
239
235
226
283
247
263
240
226
235
234
256
220
270
217
203
240
243
218
274
201
235
248
247
252
270
272
281
243
281
252
288
268
252
274
281
250
268
254
316
232
269
256
316
278
248
129
216
269
278
313
235
300
229
284
261
226
269
291
287
204
252
264
216
265
235
279
279
245
259
263
283
268
347
333
217
333
329
307
336
342
302
333
356
296
333
333
331
299
314
336
315
366
343
301
312
345
263
320
361
304
369
317
333
315
282
320
319
310
342
309
315
337
335
373
364
329
319
308
297
291
364
283
271
247
251
218
278
249
282
242
281
269
277
251
246
237
269
235
225
257
280
255
240
294
244
227
256
264
222
249
261
240
248
245
257
280
234
285
254
207
270
251
255
248
201
249
252
254
237
255
211
280
319
228
289
268
278
298
283
251
265
303
281
278
246
272
248
225
256
259
145
281
301
204
273
258
280
275
262
284
267
258
266
282
296
276
221
248
274
232
225
204
253
195
267
252
262
277
292
273
282
261
319
357
314
332
307
345
315
296
333
310
344
365
303
347
333
317
315
290
332
312
338
282
268
331
284
266
310
333
352
327
333
312
344
357
328
319
333
290
295
283
230
316
313
275
322
347
322
248
338
288
286
228
268
287
236
284
261
217
276
279
240
268
271
246
285
241
282
287
157
240
271
286
259
216
278
285
253
246
259
262
258
297
314
315
279
285
264
250
265
224
308
281
275
238
291
249
249
222
234
226
208
188
257
228
237
239
220
273
272
260
194
233
193
243
242
210
248
268
266
255
210
282
191
200
263
275
135
172
277
230
274
252
240
295
231
233
270
208
292
243
227
208
258
264
261
154
270
247
245
342
332
328
303
267
278
268
300
291
257
256
279
302
201
288
288
319
302
268
323
303
294
269
295
223
292
347
352
343
274
301
334
291
303
319
239
299
298
334
313
317
274
194
316
235
232
306
296
321
316
276
312
241
286
280
275
284
287
291
262
313
265
293
286
288
336
307
259
312
248
228
261
302
308
282
268
288
285
273
234
242
305
313
262
261
265
286
294
269
295
308
231
303
282
275
280
280
299
261
277
218
212
256
224
254
197
253
189
237
262
153
287
192
257
239
147
222
266
285
245
283
244
293
257
252
247
277
130
248
260
210
178
210
229
148
136
264
241
255
238
277
255
230
256
255
292
218
258
250
198
296
298
257
244
261
285
330
310
205
252
247
294
291
300
320
348
327
303
310
322
293
317
331
263
289
323
277
291
323
302
316
318
300
223
330
298
344
193
310
258
300
298
272
217
217
291
298
312
297
298
290
324
239
356
324
290
305
270
296
269
303
310
236
304
303
282
318
313
261
315
312
306
308
325
281
256
283
305
284
238
296
276
307
317
333
318
259
348
294
311
311
290
305
306
306
320
286
266
254
294
273
226
228
250
243
244
262
278
246
277
261
234
238
283
252
258
274
278
271
226
245
249
247
262
230
226
236
241
289
238
267
297
222
244
242
260
285
285
260
275
273
270
244
238
257
256
281
227
278
202
146
149
95
152
141
107
136
169
149
136
113
139
198
143
157
158
143
117
154
152
143
130
160
156
134
161
116
86
155
162
147
163
165
158
90
152
126
93
144
141
157
86
151
142
174
157
156
124
125
169
87
89
102
103
57
109
63
96
44
39
66
81
67
56
78
61
73
56
80
31
91
55
49
96
74
93
106
90
54
83
65
97
96
99
40
91
97
106
106
75
84
82
100
99
77
63
93
84
91
83
283
286
233
271
271
261
234
253
265
267
272
247
272
259
284
251
253
272
274
261
235
273
232
246
275
292
252
207
271
260
244
234
290
251
256
217
258
277
256
276
283
258
241
284
309
244
281
274
279
273
141
62
177
157
125
140
156
184
164
142
168
166
187
145
177
158
150
162
167
152
184
88
176
167
138
162
145
145
147
127
164
125
117
160
198
179
140
152
162
164
155
133
184
130
152
159
182
141
152
109
106
113
113
130
79
111
116
124
84
111
59
75
87
80
101
70
53
101
108
71
77
94
96
114
74
94
93
120
79
97
59
87
100
92
82
78
117
79
122
81
80
48
93
87
88
89
76
95
76
99
321
317
309
266
219
232
249
243
279
291
278
267
285
284
268
306
307
259
302
250
263
283
265
271
287
323
299
278
271
312
300
194
296
256
300
277
264
314
321
303
246
256
296
240
259
267
295
303
275
320
143
194
189
177
163
205
173
129
193
148
193
135
143
173
194
136
183
167
186
180
151
170
143
156
179
172
185
144
182
202
128
186
132
145
158
184
160
138
172
148
135
176
164
176
190
203
61
120
159
156
66
68
151
87
106
119
78
84
100
115
124
99
79
53
64
82
112
119
132
38
96
96
78
103
74
124
68
114
139
150
123
49
88
95
91
120
94
65
100
71
88
89
64
52
125
109
84
97
81
97
283
301
289
271
330
280
289
300
333
287
255
293
267
335
318
263
283
281
286
267
275
265
279
267
198
295
285
270
278
279
200
284
256
265
301
290
246
277
299
268
287
341
276
252
302
332
261
289
261
270
165
196
152
197
119
219
148
143
199
210
192
158
187
187
111
199
199
177
198
183
192
196
176
166
187
208
191
199
120
184
159
209
204
184
152
169
191
198
172
162
202
199
222
165
180
208
180
179
149
178
65
85
90
81
110
94
75
82
84
72
132
122
120
96
96
123
59
124
114
127
129
51
116
134
104
122
48
106
132
120
129
39
95
104
95
107
123
125
84
101
88
111
76
72
137
63
113
116
80
99
292
298
290
285
282
286
291
268
282
267
258
272
305
348
305
264
326
305
299
259
283
264
293
275
274
222
276
317
307
307
315
310
307
266
300
238
318
267
291
281
299
357
297
289
305
313
271
305
278
277
197
220
174
173
166
184
132
187
186
200
163
186
187
231
228
176
182
225
167
161
176
227
164
188
194
138
201
190
184
174
200
191
168
227
192
196
208
201
163
191
141
173
200
180
193
190
185
186
215
139
128
70
83
137
122
124
98
141
129
105
128
97
141
68
134
141
112
134
137
123
124
148
101
100
66
154
154
101
132
85
143
105
137
135
123
116
61
120
135
125
124
104
135
116
113
66
86
114
116
131
289
313
288
311
272
318
336
284
338
310
329
302
275
316
320
314
301
341
293
344
284
348
299
246
348
272
341
297
263
296
264
292
297
357
253
280
279
321
312
225
305
343
281
312
319
355
264
330
342
290
229
228
230
210
224
179
213
219
197
179
207
215
214
217
229
199
194
186
222
194
152
199
166
196
179
215
182
199
162
240
199
155
168
214
191
180
213
228
205
223
221
202
209
219
211
194
169
138
179
150
109
153
144
153
119
120
156
160
140
88
126
130
152
154
131
70
106
130
132
154
124
108
120
148
142
112
132
120
69
78
106
94
122
120
147
118
138
132
93
148
144
124
149
126
138
112
82
125
128
73
353
351
363
306
333
355
307
309
323
363
342
319
291
277
318
279
316
345
302
320
339
296
275
288
342
281
294
343
339
339
371
283
293
321
299
273
310
350
322
286
348
310
274
304
357
307
299
314
320
301
226
226
173
225
251
206
190
264
248
211
209
210
220
236
231
261
221
209
178
218
254
236
219
241
202
225
232
212
203
236
226
237
217
209
216
212
246
189
203
229
260
201
235
223
198
165
222
209
240
186
108
135
159
161
76
88
130
127
130
140
135
99
152
139
174
114
168
141
125
143
142
123
167
154
105
91
170
122
156
132
90
109
136
136
110
48
123
106
179
165
152
162
176
135
154
142
144
149
145
146
324
346
278
363
329
348
351
310
335
309
316
347
301
341
318
346
300
348
318
299
347
262
318
345
310
313
331
304
325
359
305
295
305
264
282
358
312
302
354
341
319
373
309
321
350
304
345
325
294
298
236
248
259
247
223
233
255
224
193
229
224
213
233
235
221
224
227
243
243
253
222
174
254
233
206
260
238
240
228
223
220
218
234
203
273
233
210
255
244
203
205
244
270
235
182
219
260
176
230
239
145
166
105
155
162
177
152
176
133
145
162
151
83
135
171
169
148
144
172
144
152
152
146
86
185
193
180
139
160
110
158
132
192
147
77
156
130
112
136
165
117
136
173
119
60
148
129
178
166
160
319
294
343
294
284
356
332
312
312
320
279
345
279
350
291
330
342
374
318
336
301
351
335
331
293
337
317
336
350
317
325
335
334
335
298
267
330
344
345
345
328
345
312
316
302
299
320
328
333
322
224
269
212
201
248
277
238
216
266
269
270
222
202
244
256
255
238
196
219
215
231
260
260
242
236
263
266
239
249
248
234
206
228
258
231
212
256
228
287
237
226
219
246
229
259
234
213
212
221
221
199
179
150
145
172
178
130
167
159
175
152
174
136
215
172
141
148
205
183
148
187
122
186
144
165
149
137
153
131
172
160
163
167
184
117
130
56
177
177
187
157
146
146
177
160
173
195
172
161
169
377
305
316
357
321
367
380
294
369
345
314
341
337
266
285
310
374
378
333
337
351
300
314
335
328
288
353
313
306
291
335
311
340
334
366
332
326
309
326
365
325
297
305
312
334
356
314
346
350
290
281
254
249
220
277
255
235
280
272
244
251
242
271
278
242
199
219
226
263
274
245
210
254
257
225
239
276
252
273
270
251
235
260
257
237
259
250
257
293
239
255
279
280
188
218
257
276
245
259
248
174
157
174
130
191
191
169
200
149
179
175
178
174
200
186
161
163
137
203
188
173
208
167
175
192
165
126
157
183
177
208
99
177
195
148
197
131
184
205
182
186
178
169
119
182
135
205
158
204
187
