75
80
63
64
60
62
77
70
69
57
96
70
56
55
77
66
62
56
90
63
65
59
37
44
87
78
75
73
56
90
55
69
94
84
60
71
83
62
58
59
85
70
67
76
57
70
80
82
59
67
60
53
44
44
54
70
68
56
57
62
45
54
61
56
55
61
66
47
49
54
57
60
68
68
44
51
48
56
65
43
55
89
43
43
55
77
60
45
62
39
54
73
45
54
60
46
37
75
51
45
43
29
56
47
44
47
34
38
31
35
44
36
38
34
34
34
50
41
40
37
40
39
48
35
38
49
52
43
39
42
43
44
48
51
37
30
36
42
41
37
37
49
39
34
47
57
33
39
58
51
74
60
70
78
65
62
85
66
65
79
94
51
71
61
65
71
82
67
86
64
95
69
74
71
73
60
84
85
76
59
85
77
46
65
63
80
63
75
63
58
70
66
77
81
78
46
74
81
85
88
58
44
62
49
60
57
74
50
63
69
72
54
50
44
56
72
52
88
50
51
42
41
53
50
57
54
66
58
52
57
53
55
53
68
57
56
56
75
55
41
65
71
38
47
56
47
60
54
62
43
51
53
42
62
47
41
47
32
34
53
33
51
54
44
32
41
35
51
39
31
34
46
31
53
43
42
41
55
39
34
35
52
43
39
35
53
42
35
52
36
40
44
40
43
41
36
32
39
41
56
63
81
64
57
70
87
80
51
70
92
67
67
61
69
74
54
82
76
75
62
70
66
71
68
80
68
70
62
61
57
76
90
59
75
70
61
60
71
80
68
64
87
74
63
82
62
77
81
77
58
76
69
47
50
55
62
63
77
55
68
60
55
47
62
76
46
73
46
55
67
56
47
46
76
69
62
63
53
52
88
73
76
73
59
50
72
84
59
67
60
49
68
66
55
51
52
46
95
85
63
44
32
51
46
42
39
45
45
45
47
54
38
46
40
34
48
39
39
42
49
35
40
31
58
37
40
53
44
41
43
47
35
40
43
58
46
46
45
40
53
42
43
32
44
52
48
41
59
49
40
88
79
73
79
75
79
79
87
66
68
79
89
65
83
67
58
81
82
82
79
68
63
55
64
73
89
78
57
56
86
75
63
57
71
61
72
54
64
62
72
70
57
71
63
85
73
70
67
69
64
61
49
59
81
72
63
56
58
54
46
40
68
69
59
62
89
47
74
55
54
63
63
81
49
72
68
64
77
76
63
45
45
52
54
67
77
51
50
47
77
52
55
59
83
57
68
56
60
56
62
53
42
52
45
46
52
52
60
71
84
54
39
51
46
42
44
46
55
48
46
39
54
45
40
44
40
48
54
42
54
56
55
51
55
42
47
49
61
45
44
55
50
46
31
47
55
49
34
54
48
81
71
58
70
69
60
66
63
68
68
65
64
67
55
62
58
77
70
80
68
56
77
76
74
64
45
69
80
70
66
75
84
76
79
76
84
73
72
62
79
78
63
66
82
74
69
56
72
60
79
57
71
71
67
66
64
52
61
58
54
93
63
66
50
68
57
83
53
62
86
68
88
61
71
58
66
77
52
71
50
63
76
75
63
66
63
39
65
66
66
57
70
66
65
37
59
93
72
73
51
52
63
54
44
53
58
44
48
61
53
54
48
56
48
48
40
48
49
46
58
48
40
47
36
66
42
45
52
43
53
41
40
55
51
58
38
57
48
58
58
56
45
55
64
47
50
44
53
39
47
87
61
84
75
76
83
79
71
84
68
74
91
48
83
65
68
79
61
56
86
58
64
72
67
73
62
88
68
88
48
64
62
61
56
83
68
72
57
64
64
63
78
68
85
63
75
76
83
79
73
61
65
66
51
65
66
73
75
75
65
59
61
69
57
72
64
54
68
59
60
97
65
55
51
76
54
56
88
68
69
63
53
64
73
50
59
57
67
65
70
90
51
66
58
54
61
68
67
49
54
39
55
55
52
62
66
51
45
52
57
55
45
44
44
68
51
61
51
36
53
57
53
60
40
44
61
44
62
46
40
53
48
55
46
40
43
36
57
45
47
48
58
56
47
50
63
50
63
37
43
87
72
77
63
73
66
66
84
61
71
75
68
81
67
88
72
79
72
65
72
65
60
63
66
66
66
71
79
59
69
63
70
58
69
67
75
79
50
82
63
65
72
66
80
66
69
57
81
55
77
66
76
71
56
73
74
74
59
97
89
62
93
66
79
53
54
68
72
62
86
88
63
64
63
64
75
71
77
56
66
63
85
58
58
61
60
73
71
60
80
58
69
57
60
69
58
77
51
72
73
57
62
56
61
48
51
59
74
58
61
59
48
55
51
52
53
48
67
66
56
45
61
50
47
62
57
52
54
63
54
60
55
46
48
55
38
54
55
54
52
45
66
51
45
58
58
54
42
63
34
63
56
75
77
71
65
69
66
80
65
78
76
59
66
58
67
54
57
75
65
65
74
57
75
68
88
71
67
82
83
64
69
64
71
76
69
74
77
65
73
64
68
63
66
65
59
84
60
81
71
81
87
66
86
101
65
54
98
85
50
72
64
68
55
64
88
74
60
81
61
60
69
86
61
63
90
77
82
93
60
71
54
88
51
54
73
48
89
72
78
55
74
73
64
69
72
76
76
84
79
55
55
46
48
63
51
76
52
53
43
50
48
55
82
47
60
55
48
61
47
45
52
64
61
45
52
78
66
60
39
54
51
46
55
44
54
48
44
59
56
65
52
67
64
57
44
64
57
49
70
72
57
72
72
67
72
73
72
85
75
76
76
70
76
82
79
62
80
60
61
84
75
58
80
74
65
70
74
76
69
61
58
69
66
61
60
74
76
70
66
76
70
59
55
70
78
60
67
81
75
75
58
95
76
60
52
45
84
57
75
60
91
83
78
68
72
69
75
53
74
74
70
89
68
77
80
83
60
87
66
74
62
65
59
79
76
93
75
82
74
62
64
64
62
67
74
81
85
70
60
49
51
50
63
55
78
77
49
77
73
56
68
66
53
65
53
47
63
48
41
59
80
59
56
70
52
52
73
51
57
69
59
48
50
52
52
52
58
78
49
54
65
58
67
70
62
83
47
58
68
71
77
82
83
77
74
62
58
76
75
67
84
91
72
74
96
69
77
71
91
71
73
68
73
60
72
69
57
62
72
68
59
63
72
70
78
78
70
75
82
80
75
73
78
71
66
94
84
77
60
61
81
62
59
81
56
61
62
76
78
85
88
79
60
71
66
90
75
71
68
71
64
63
56
86
84
88
51
58
79
86
72
77
81
93
61
87
64
63
66
72
77
68
69
62
80
51
50
63
58
62
55
50
52
48
55
65
56
72
72
68
43
51
63
55
74
62
62
66
53
53
56
88
52
65
44
58
69
69
51
49
72
58
49
57
71
53
48
48
49
62
81
45
68
56
61
55
57
57
55
56
41
36
59
53
54
47
44
72
40
44
57
55
50
42
60
48
66
49
40
46
58
44
38
37
62
45
38
41
61
68
43
47
48
52
51
48
42
41
46
43
53
47
59
37
66
52
43
57
51
39
38
30
34
41
44
38
43
28
40
34
27
37
34
50
34
31
27
30
28
28
36
42
42
34
50
29
31
35
29
30
40
34
37
40
37
40
42
49
38
25
39
37
33
50
42
38
29
26
29
31
28
21
23
29
19
29
23
22
27
31
30
29
32
24
22
24
23
26
37
18
34
30
35
29
30
19
26
29
20
20
30
17
30
16
30
29
25
39
25
22
15
27
23
24
38
20
27
29
29
66
52
56
45
43
42
39
40
44
49
70
40
48
63
59
58
52
54
47
66
48
74
41
35
55
42
49
41
52
39
36
45
53
41
38
48
47
48
50
39
53
46
41
40
69
58
56
51
59
55
44
29
41
25
29
37
33
44
36
33
34
42
30
43
29
41
34
36
39
35
43
35
29
41
29
31
21
30
32
29
32
38
37
29
28
41
37
26
37
42
40
41
33
55
35
46
32
43
24
27
18
26
30
25
28
39
26
26
22
24
28
40
22
26
26
13
28
27
31
29
16
26
31
24
35
28
37
28
21
30
27
26
26
28
29
29
20
20
17
18
21
33
28
27
27
23
28
30
29
21
50
51
47
66
48
51
59
54
62
58
53
57
63
65
55
44
48
53
50
39
40
50
61
58
59
56
46
57
50
64
81
84
67
66
45
45
58
52
42
61
45
47
49
41
58
63
42
54
53
37
54
37
32
37
51
48
39
38
65
43
36
31
44
43
38
41
42
39
45
32
48
34
30
55
42
51
25
36
51
29
26
44
38
34
42
45
42
57
31
51
42
45
39
46
35
32
36
33
32
51
25
19
25
30
26
16
27
30
41
30
31
21
23
22
23
31
35
23
27
17
38
20
25
37
39
32
31
28
26
26
24
42
28
18
22
36
31
26
24
42
34
24
24
20
34
26
29
26
34
23
56
51
47
35
61
41
69
55
47
65
59
62
57
53
60
45
40
46
46
64
57
46
57
66
43
53
45
54
53
74
48
59
41
52
48
59
41
78
59
46
54
54
46
50
65
74
56
46
52
49
32
56
35
56
32
47
40
40
41
57
47
38
34
44
35
44
26
35
40
47
38
40
39
34
36
37
37
36
44
41
39
34
35
38
39
35
37
35
41
32
27
38
44
34
39
32
30
37
44
35
25
28
30
25
25
29
20
32
31
36
31
28
36
24
26
22
31
27
30
30
35
24
26
31
31
36
37
30
25
26
27
21
30
28
28
36
29
34
37
27
31
25
38
18
25
43
34
35
25
25
71
56
68
47
50
52
56
38
61
54
66
54
51
74
58
53
54
57
64
62
56
57
48
56
44
56
70
49
53
44
55
50
60
56
59
62
64
55
55
52
70
49
70
75
59
42
58
61
55
89
40
38
44
28
45
55
60
43
37
61
41
39
40
55
38
32
33
38
37
34
37
37
37
39
32
49
39
38
38
48
50
40
34
41
29
38
54
31
57
49
47
43
33
55
34
37
47
51
57
46
32
30
31
29
48
27
34
37
32
40
21
19
25
34
38
24
31
38
36
33
32
30
35
30
29
34
33
42
36
32
28
34
37
19
26
32
39
41
34
33
36
38
34
30
35
31
36
29
33
25
81
48
50
77
47
52
63
53
61
54
56
85
47
56
62
65
68
54
71
55
69
50
57
61
69
52
69
65
57
47
50
46
53
50
81
72
58
49
48
52
78
52
58
57
66
47
44
54
59
48
54
37
40
43
35
34
45
40
53
55
42
42
34
38
49
33
46
43
64
48
46
36
56
52
41
53
52
46
45
52
50
51
47
45
42
36
41
44
35
43
34
35
51
45
39
42
42
42
42
53
34
31
31
41
35
28
30
29
32
37
27
29
27
35
31
33
34
33
44
29
45
48
39
46
35
30
44
29
35
32
32
33
33
37
36
42
27
37
40
29
29
25
39
36
39
28
37
25
29
36
62
44
45
58
65
52
49
60
78
81
50
63
48
61
54
42
64
72
77
46
72
79
66
62
59
67
60
60
51
61
76
68
42
54
50
79
69
44
36
66
54
57
48
51
47
75
51
71
58
65
38
40
58
40
54
42
59
36
44
48
46
48
38
52
51
52
71
53
55
51
50
48
35
44
40
43
32
33
42
33
37
60
59
45
52
52
34
38
47
59
45
38
40
47
77
58
40
43
59
40
39
39
46
33
30
40
34
31
18
31
32
35
36
41
39
33
28
43
35
30
27
35
37
28
44
35
32
42
39
48
49
35
36
30
36
34
44
38
37
30
32
31
36
17
48
28
27
34
33
34
65
43
61
55
80
72
51
50
62
51
50
59
76
58
57
71
69
42
64
48
64
59
72
47
50
54
50
52
52
68
68
70
52
79
65
41
70
53
60
82
67
63
57
72
45
68
53
49
44
71
49
52
53
44
34
59
56
50
43
62
41
40
52
55
55
34
47
45
64
52
45
42
38
50
63
40
43
34
46
57
51
37
58
50
44
48
50
52
52
65
51
53
48
49
46
50
45
46
35
61
32
36
43
31
37
43
32
49
40
31
36
47
40
39
39
37
54
44
35
39
34
37
35
28
27
33
28
39
36
39
48
27
44
48
34
31
36
37
38
28
26
35
40
33
42
43
34
45
40
33
61
103
44
61
60
53
91
67
86
47
78
55
58
80
84
56
75
50
73
53
55
62
52
64
55
73
81
86
74
71
64
63
69
64
71
72
55
69
79
53
57
56
55
57
56
54
60
85
57
68
45
47
55
42
57
56
32
66
49
46
33
49
40
33
43
41
58
45
59
47
54
74
56
38
41
44
42
41
48
46
42
36
41
54
55
53
56
66
44
36
64
46
43
44
57
42
62
59
39
56
36
30
51
43
43
39
36
46
41
43
43
44
37
32
45
42
34
37
43
35
39
40
37
34
39
35
41
41
41
44
45
37
47
44
35
42
36
41
27
31
39
44
47
31
33
41
48
38
50
52
47
48
61
66
70
52
71
95
82
72
54
72
85
65
61
69
76
44
80
53
65
59
74
82
53
98
65
66
64
77
62
57
65
62
54
75
82
51
57
59
57
55
68
74
61
56
66
82
48
71
57
60
42
62
50
47
48
40
49
49
47
41
57
54
38
59
34
45
37
62
58
42
48
42
55
64
36
41
56
52
81
53
70
45
37
57
47
55
67
54
45
45
44
42
59
56
69
51
45
55
31
48
42
39
38
39
44
45
36
41
50
38
39
42
46
40
45
30
48
42
34
43
38
49
45
47
39
45
46
33
45
40
44
37
49
29
37
24
40
42
31
45
39
37
40
42
45
41
44
46
