153
140
117
114
109
112
142
133
136
102
160
138
119
103
142
111
132
116
153
128
119
110
92
98
161
147
128
144
105
159
110
132
153
147
107
122
152
121
113
117
150
128
131
134
109
131
158
141
118
133
117
95
90
77
91
120
136
85
104
104
82
95
101
95
102
117
121
91
88
105
98
107
110
123
85
105
83
92
101
79
87
143
92
89
117
146
112
81
111
83
96
140
94
113
92
76
64
152
94
77
71
54
91
78
73
78
72
69
60
60
87
75
76
56
57
63
93
78
64
67
70
75
87
69
61
88
74
73
69
73
74
74
86
82
68
60
67
76
68
66
62
81
63
60
82
88
68
71
95
93
140
120
137
145
123
118
148
142
127
141
159
106
134
113
129
136
139
127
170
132
159
129
141
119
138
122
142
148
149
103
149
129
84
130
123
138
117
150
111
103
129
114
158
162
135
96
149
124
150
153
102
87
105
96
117
93
138
89
114
136
126
108
97
85
112
128
92
142
96
97
84
94
97
88
102
98
112
113
93
92
91
104
87
112
96
106
97
135
91
83
119
111
75
90
108
86
107
119
119
83
86
94
71
94
93
69
77
74
66
90
75
89
114
66
59
75
64
84
68
53
67
76
60
81
70
65
78
87
75
61
62
101
77
69
69
84
84
62
89
60
76
84
77
70
73
63
62
73
62
94
132
158
129
114
112
148
161
86
133
164
130
133
125
132
133
106
143
137
130
132
143
121
142
132
142
135
145
128
135
114
136
159
111
130
128
126
103
147
148
130
116
161
134
128
137
111
144
152
148
112
129
126
97
89
101
113
105
145
106
137
98
96
98
115
140
85
143
88
105
124
105
90
81
148
123
121
110
96
89
155
144
169
137
108
94
131
139
116
108
111
90
106
135
102
114
98
86
141
157
112
83
59
90
71
73
68
84
78
87
95
89
62
93
77
59
87
82
75
79
84
57
64
72
89
70
78
85
76
70
79
81
71
77
73
104
79
88
75
72
92
79
73
65
79
89
96
76
85
86
77
148
148
126
154
142
146
149
174
118
132
148
156
130
160
125
104
149
138
148
140
129
112
126
121
147
149
157
128
119
160
141
131
100
147
115
132
112
120
101
134
144
102
139
124
166
142
145
128
131
127
101
92
97
148
138
101
110
106
108
92
86
129
129
116
107
157
111
124
107
110
114
118
138
84
133
133
130
135
146
116
82
83
104
119
121
142
108
101
89
146
92
97
119
148
111
111
100
119
99
120
91
74
92
75
79
84
93
102
123
147
99
77
82
84
73
80
74
99
75
81
67
88
83
75
81
74
83
102
73
98
104
98
98
87
76
83
90
104
81
75
93
86
83
68
91
84
84
79
83
86
157
137
115
133
145
108
119
113
137
129
126
122
122
106
114
125
133
129
146
137
101
144
142
145
111
108
138
146
119
138
152
150
139
157
140
139
141
131
122
146
143
125
128
157
143
130
113
122
121
151
112
134
107
110
114
117
105
118
126
92
166
107
117
95
119
99
145
109
103
150
117
167
114
119
101
112
125
98
128
95
121
125
123
105
133
124
81
120
140
120
105
141
112
132
77
112
168
131
129
104
100
107
96
90
85
92
74
94
104
91
101
81
96
79
92
71
85
88
79
108
82
73
92
69
111
84
79
94
77
91
76
85
96
95
101
69
100
89
104
106
93
84
89
116
82
78
78
85
83
70
151
123
147
130
117
143
149
150
151
139
133
144
104
165
124
129
130
119
112
157
108
134
142
146
139
121
165
119
144
110
124
121
116
108
153
135
128
117
137
123
119
149
116
157
111
139
150
143
148
145
126
127
114
97
124
108
120
141
137
110
123
104
131
116
142
127
101
129
104
124
184
126
101
120
129
110
105
166
128
116
145
103
119
128
92
111
103
112
115
127
150
105
121
103
113
112
122
125
101
115
68
95
87
85
113
120
81
80
102
99
89
78
87
82
117
93
97
96
62
78
105
95
119
70
75
102
79
108
84
78
94
87
90
92
82
74
62
106
72
83
86
85
107
82
87
108
91
108
77
68
152
136
123
113
124
128
132
143
125
133
149
134
142
127
163
140
155
138
119
132
138
117
124
127
134
126
144
146
118
119
132
122
120
127
146
156
150
98
139
140
127
151
135
137
122
139
93
147
90
149
116
136
121
108
128
136
137
109
153
150
110
155
130
135
95
119
119
145
113
152
164
126
118
115
115
145
135
155
109
129
124
162
102
117
103
109
143
127
116
151
107
119
115
110
121
113
133
92
126
125
100
93
104
112
95
98
109
134
105
109
102
73
94
88
102
107
94
118
127
98
89
117
90
99
118
96
100
92
112
107
106
90
95
83
112
86
99
97
96
106
94
115
82
82
95
108
95
76
107
74
137
120
148
135
142
140
135
134
153
116
145
129
105
136
127
128
117
111
136
131
132
132
111
141
140
179
135
136
152
138
121
141
118
128
138
131
138
153
127
137
142
127
138
137
129
123
152
110
160
133
143
169
126
153
179
118
93
167
164
98
135
120
140
106
120
175
137
116
153
109
121
121
165
111
122
165
126
159
160
129
132
111
138
91
108
136
96
154
128
136
126
148
133
123
138
132
136
149
149
161
107
89
83
91
119
98
128
91
91
85
90
95
91
169
99
107
102
103
109
92
90
97
108
123
82
93
124
111
107
82
92
95
99
113
86
103
79
84
105
95
118
97
116
125
104
87
121
100
101
127
135
114
130
141
133
127
138
121
157
144
133
141
141
141
154
158
115
140
116
105
146
134
113
150
136
143
133
125
139
132
124
111
127
142
121
118
143
138
130
123
158
134
113
116
139
149
124
124
154
139
142
105
166
133
116
100
84
156
113
152
120
160
158
140
125
130
125
151
104
144
132
124
158
127
138
134
147
115
159
112
132
121
118
119
137
139
136
148
148
137
120
136
129
116
118
154
139
162
130
116
96
91
97
121
100
138
130
85
129
111
98
119
117
97
129
107
91
103
84
90
128
129
103
103
118
97
94
135
97
114
129
113
104
101
102
97
87
119
143
90
93
116
107
128
122
117
141
95
103
121
142
145
141
143
146
123
127
104
146
149
133
149
171
153
143
169
122
143
151
174
129
136
121
139
120
140
130
106
123
131
121
132
127
121
147
132
143
133
134
153
143
140
140
146
144
132
168
149
140
114
118
149
124
117
156
118
116
129
143
149
136
178
161
112
127
115
153
127
130
139
130
135
118
108
153
159
158
118
112
150
152
124
137
161
166
124
156
117
119
117
132
138
122
126
134
145
100
111
126
105
112
99
81
104
90
114
113
110
122
117
121
91
95
122
105
147
121
105
106
99
94
105
158
100
123
93
112
117
128
101
94
139
104
90
125
118
95
101
90
85
114
150
83
127
103
120
118
105
104
107
112
93
59
100
99
102
83
77
124
77
80
90
87
84
74
97
91
106
88
76
75
104
78
72
77
122
79
74
85
107
113
78
80
101
87
89
83
76
80
92
78
92
92
96
81
107
85
79
95
92
69
81
57
58
74
65
66
73
48
68
64
53
61
51
84
59
57
51
61
46
53
60
70
68
54
82
58
55
56
46
44
67
60
54
71
58
66
75
84
63
48
72
70
63
92
72
68
47
42
49
49
52
34
43
53
41
44
39
41
41
49
51
49
61
37
44
45
40
52
53
31
59
46
54
55
49
36
42
53
37
31
53
33
41
34
48
51
42
62
46
40
46
50
32
39
58
44
43
44
46
101
110
98
80
64
71
76
77
77
96
128
75
88
95
108
85
81
91
88
107
83
138
79
70
91
77
88
72
101
73
80
76
89
72
66
86
79
86
88
81
86
79
73
70
127
102
103
86
111
100
70
52
74
43
55
64
60
78
58
55
59
73
64
71
55
60
56
67
74
69
66
58
59
66
60
57
36
52
52
50
61
63
59
52
49
64
62
54
63
70
71
79
56
86
51
76
54
92
45
47
34
42
43
36
50
64
45
47
33
42
52
68
48
47
45
41
43
41
50
44
39
45
54
41
62
34
60
54
48
47
46
51
46
48
41
46
39
42
40
37
49
48
42
53
48
40
49
42
53
44
84
105
81
109
86
92
109
84
108
102
85
97
108
115
100
77
96
87
99
79
72
91
114
100
105
109
91
83
78
110
136
152
118
123
96
91
103
95
79
110
77
75
84
81
91
113
77
98
85
80
88
65
66
54
99
78
62
65
108
79
58
49
72
79
53
73
66
68
77
68
85
56
52
104
78
84
46
59
83
50
48
88
69
63
75
76
74
103
51
89
66
71
65
80
59
52
63
57
65
83
44
38
37
48
49
34
49
47
64
48
50
43
44
38
42
49
67
40
42
34
71
44
47
63
60
54
61
46
46
50
47
60
45
33
43
54
48
48
37
73
67
42
43
44
56
42
47
41
53
45
99
98
81
74
114
86
131
87
78
103
109
117
104
91
113
86
74
85
92
127
107
92
106
116
78
95
94
86
91
134
85
107
82
83
83
108
91
159
107
80
86
100
81
91
107
135
92
88
91
96
66
105
68
94
62
71
76
66
75
94
103
76
62
73
62
73
51
59
76
89
72
75
74
69
59
69
63
60
72
76
63
65
64
60
65
61
59
68
69
61
52
66
75
63
67
66
59
63
78
58
46
50
52
41
43
49
44
49
58
56
55
51
54
50
50
33
50
46
53
58
57
40
44
49
51
57
62
52
41
43
48
40
61
47
55
63
46
51
60
45
58
48
57
44
53
68
55
53
43
45
132
80
114
90
86
94
108
75
106
88
108
90
94
133
102
98
98
97
106
111
104
99
86
87
67
111
115
96
103
79
110
88
96
98
117
120
107
104
111
85
120
100
117
134
117
70
112
99
96
148
69
83
78
50
67
85
98
67
68
100
75
65
63
88
66
61
60
67
55
60
65
73
68
65
57
83
64
71
69
82
79
67
58
69
54
68
94
50
99
86
90
65
64
107
67
77
95
80
97
76
53
46
56
49
76
49
54
66
50
75
41
31
55
52
66
44
53
73
59
58
59
46
59
58
53
58
51
63
58
54
67
60
59
44
54
51
65
65
67
71
61
67
57
62
61
55
61
60
52
50
132
84
83
140
77
96
104
91
113
117
90
161
92
97
111
111
123
93
110
116
118
97
105
114
114
106
124
101
94
84
93
82
93
88
141
118
109
92
92
90
144
90
99
103
119
86
80
103
102
78
88
71
69
61
65
68
79
68
97
95
72
77
63
74
76
60
72
73
122
82
82
72
101
86
71
105
86
83
84
107
87
88
76
85
88
67
69
71
61
71
67
61
88
83
66
76
70
76
70
83
57
61
47
72
56
43
67
50
60
65
46
48
55
69
52
54
71
67
78
54
83
80
63
73
57
51
65
48
73
44
55
55
51
59
59
84
63
58
65
52
66
43
64
59
65
52
58
52
53
59
99
77
78
107
115
93
92
109
141
152
99
116
104
111
106
83
122
143
139
88
128
151
116
121
106
118
110
108
99
113
135
125
79
102
92
146
127
81
73
119
106
93
89
109
90
130
94
135
117
111
74
79
99
63
95
71
108
63
101
93
66
81
69
95
86
97
132
85
96
81
90
101
73
75
74
86
66
54
71
64
66
107
96
73
99
84
60
69
85
106
78
75
66
88
130
110
80
73
103
70
74
67
87
55
52
68
61
51
43
51
61
60
52
75
73
53
47
63
55
45
48
68
72
48
75
61
46
62
68
90
73
72
58
46
73
63
67
68
67
50
55
61
65
40
81
59
66
52
63
57
121
80
125
96
127
113
93
97
104
90
110
118
146
103
105
120
130
87
105
94
103
96
127
95
99
107
101
94
103
140
123
127
111
139
130
76
127
93
106
139
124
101
103
124
82
123
103
82
84
124
88
85
88
86
68
99
100
103
73
103
77
78
90
103
100
63
74
79
106
92
71
80
78
87
108
74
73
71
79
112
83
82
97
95
81
85
92
103
91
119
86
86
86
105
84
90
86
79
69
102
49
54
75
68
64
73
62
88
54
50
58
80
66
61
64
76
87
79
58
67
64
71
69
63
57
52
45
67
62
75
82
53
78
75
61
62
56
69
64
45
54
69
60
63
73
72
62
77
73
60
107
203
93
104
109
98
149
105
165
94
126
102
99
139
140
114
124
83
116
112
94
117
95
111
100
134
149
153
137
138
110
105
114
105
136
132
104
122
142
101
112
131
114
108
97
105
100
143
107
119
85
87
112
62
105
98
64
113
90
88
69
90
72
79
74
66
93
80
101
89
98
134
103
73
81
86
81
73
81
76
78
69
74
89
98
108
84
122
77
67
109
79
79
71
92
81
111
109
68
93
59
61
91
75
79
72
68
71
69
83
71
79
65
63
68
75
68
78
73
61
70
69
60
69
70
59
70
78
72
70
70
67
81
77
60
65
62
76
56
49
69
69
81
55
64
64
81
61
84
90
93
87
112
107
135
102
125
183
164
144
103
133
152
130
123
109
134
94
144
98
117
113
127
144
94
166
118
108
111
132
120
117
118
109
113
147
150
94
121
100
101
109
113
131
112
108
111
154
102
130
96
107
81
111
109
93
81
67
97
95
82
65
89
105
68
116
60
91
72
112
101
84
85
77
96
100
62
78
106
90
147
95
124
81
80
97
81
95
122
85
84
86
92
100
108
97
122
99
82
103
58
85
66
74
57
79
69
74
68
73
90
67
68
70
80
67
68
62
78
66
56
71
62
81
69
93
75
82
73
59
68
64
72
65
82
67
66
48
69
66
60
78
63
75
78
73
86
57
67
75
