358
355
436
381
355
382
388
423
325
412
446
415
413
415
437
333
439
377
363
467
411
406
328
315
404
365
394
374
360
417
403
380
421
396
410
445
398
332
405
460
453
453
419
428
440
430
426
436
381
409
351
433
426
468
274
431
390
396
402
359
382
321
402
456
450
434
408
432
380
386
400
414
349
444
463
269
443
350
397
419
394
439
397
369
382
410
393
345
404
485
419
416
405
385
407
378
424
376
397
413
332
357
412
423
220
435
395
376
373
404
400
410
500
369
462
360
401
415
458
368
483
412
357
422
404
350
439
366
396
447
429
396
414
254
382
388
399
403
454
451
411
404
460
346
390
431
457
397
398
369
235
423
477
500
379
439
437
416
320
380
354
356
435
409
424
453
382
439
352
388
421
396
410
426
435
428
386
373
325
458
412
397
424
388
453
428
440
355
398
407
431
401
409
375
416
378
414
390
407
447
255
446
423
471
287
431
366
410
352
473
396
236
417
461
429
482
447
403
383
409
438
401
362
409
424
455
443
338
299
407
427
430
432
405
437
430
455
396
368
422
415
456
444
433
399
416
424
418
426
456
425
372
413
469
448
463
440
437
435
417
410
327
479
489
424
344
403
455
374
442
439
351
379
429
479
395
426
377
496
409
419
422
448
449
448
373
413
401
408
394
383
393
402
448
434
411
429
400
422
422
425
496
443
417
352
466
385
392
334
428
366
356
457
428
475
490
403
457
389
349
477
455
387
447
436
428
481
345
374
396
480
454
465
388
489
403
330
347
441
444
400
477
401
424
434
465
409
410
419
437
372
478
428
434
345
478
460
422
310
418
413
385
402
388
423
371
397
410
479
414
417
432
442
414
446
397
468
441
382
408
449
420
382
446
489
364
464
464
414
445
365
422
481
389
414
379
425
439
417
457
403
420
396
476
487
418
393
446
382
446
416
339
403
403
428
483
414
421
402
371
432
396
440
435
422
366
469
461
468
482
434
406
473
382
469
450
474
446
436
462
358
418
420
479
423
422
450
394
468
373
386
372
436
425
301
453
431
442
394
374
404
406
449
486
451
407
400
410
448
442
420
484
401
430
478
357
453
390
476
419
455
453
455
508
418
342
470
454
451
450
447
443
471
457
460
401
441
439
438
309
415
353
382
450
341
438
418
424
401
466
463
431
422
451
444
423
412
482
406
485
460
473
417
427
436
424
441
464
480
411
458
480
406
469
353
439
387
465
418
449
473
415
410
401
417
415
447
405
484
426
397
449
440
415
390
461
448
413
457
420
457
472
429
408
453
362
422
423
428
366
429
470
490
408
427
430
433
409
485
408
415
488
455
390
456
419
398
416
428
459
348
425
485
465
461
451
429
411
418
371
380
374
472
422
488
493
370
436
410
455
480
441
459
441
469
419
491
458
452
472
473
455
391
416
441
436
473
410
366
408
422
426
434
454
446
411
433
415
420
465
389
449
405
418
447
480
408
457
478
422
356
428
411
470
422
439
417
390
380
448
431
430
422
410
439
418
412
419
463
435
456
447
390
474
407
416
466
460
403
468
429
473
479
362
407
436
433
404
426
431
486
414
459
454
417
414
424
441
443
438
375
453
431
448
475
439
474
462
359
487
381
385
443
469
450
446
432
455
486
356
442
482
404
443
462
405
417
365
427
463
422
467
443
456
453
465
404
429
427
490
460
419
414
476
429
441
414
425
463
475
390
490
466
399
477
474
428
443
399
458
427
441
447
372
411
381
472
421
388
468
440
377
358
444
406
480
471
367
467
444
462
461
465
407
443
465
426
377
433
436
402
454
454
444
447
444
446
447
433
433
405
382
473
453
369
399
424
362
490
452
381
460
435
428
447
470
473
419
368
441
429
440
355
430
421
377
458
456
462
436
440
436
427
444
477
435
453
410
477
432
464
424
465
418
419
476
476
434
420
427
405
415
414
445
354
470
431
482
376
438
433
371
421
455
450
477
450
395
479
467
416
429
432
430
479
418
437
489
412
413
452
438
467
437
396
390
433
432
467
391
430
432
456
423
415
448
434
483
454
396
450
450
407
434
450
471
409
428
372
461
439
363
449
473
453
410
411
445
480
378
425
434
471
434
429
422
423
405
424
447
476
405
464
407
412
463
431
440
419
451
448
478
435
433
438
421
427
451
433
427
476
367
487
462
344
423
375
433
469
381
438
416
465
445
439
409
437
473
462
381
430
447
481
434
435
411
403
362
437
434
452
406
444
421
457
415
410
368
428
437
462
417
446
447
420
435
402
424
443
368
421
452
426
430
384
429
379
439
446
438
391
384
446
420
487
411
437
448
398
463
431
418
341
440
424
403
441
445
448
438
402
416
465
356
460
471
442
463
425
472
402
422
437
433
438
457
447
396
414
432
326
326
416
409
425
458
380
385
409
385
342
360
430
427
427
337
408
395
375
367
443
436
350
443
407
358
432
340
366
444
398
441
389
442
400
422
400
399
418
444
405
430
394
454
412
415
427
414
378
420
398
416
433
392
376
502
450
426
399
383
462
381
373
462
478
432
417
488
494
465
461
437
372
429
412
416
491
339
306
406
411
402
416
457
382
460
390
341
406
423
417
401
346
350
404
409
426
349
456
441
348
388
415
453
227
440
450
464
261
438
437
404
406
418
410
358
415
320
413
362
433
453
457
416
402
406
409
351
380
382
436
452
382
430
462
406
434
459
400
374
451
433
395
456
413
356
384
415
415
397
341
439
418
468
370
406
416
442
439
408
433
352
420
470
468
386
401
393
487
401
406
402
366
483
423
363
445
489
327
403
420
367
412
434
435
396
396
442
403
405
355
420
428
426
406
392
477
424
362
407
429
359
431
424
486
458
458
422
437
362
409
241
457
353
452
387
437
442
369
426
410
426
419
377
440
428
418
465
358
372
394
397
404
386
383
452
331
459
402
425
387
441
457
430
402
390
468
417
439
417
351
350
434
468
369
418
442
416
406
381
345
420
407
381
419
344
440
420
347
375
409
428
482
419
441
325
431
405
360
407
416
404
429
447
436
403
422
436
460
483
358
485
475
380
470
415
419
451
410
411
399
463
344
436
457
421
413
397
403
394
438
335
417
413
395
423
434
438
418
384
448
458
345
446
464
372
432
487
353
421
429
413
430
438
408
422
417
411
459
402
445
486
406
434
434
420
482
435
429
392
487
349
403
439
355
398
403
373
409
360
428
471
424
433
444
410
405
450
365
359
427
508
403
392
458
446
449
453
378
436
378
382
444
470
410
444
341
421
401
396
521
416
431
472
432
395
480
362
459
426
414
363
386
449
382
414
492
454
352
435
430
467
423
440
448
414
416
434
455
407
462
420
413
414
388
414
455
352
486
476
433
413
420
508
416
446
468
414
423
429
437
407
410
436
377
426
367
390
446
367
439
288
432
462
389
457
463
444
473
429
359
429
435
431
487
421
435
385
482
369
411
438
486
364
455
467
439
397
466
405
405
412
485
462
465
466
479
473
446
501
388
480
411
394
394
416
401
443
440
446
394
479
408
360
325
481
386
397
418
421
353
465
402
409
497
421
445
446
483
496
483
420
439
413
396
361
437
425
387
457
409
449
482
432
429
470
450
362
489
443
398
470
448
493
460
395
400
434
421
399
343
420
404
433
344
429
430
417
377
421
490
432
396
468
416
435
422
418
389
446
429
472
472
483
455
407
424
393
450
459
417
444
450
474
452
390
460
450
427
478
421
408
430
377
447
409
419
416
472
417
452
421
378
424
368
434
428
431
391
437
426
469
481
465
453
447
386
421
497
411
413
435
382
411
435
475
444
476
374
443
386
416
448
404
451
402
424
433
378
461
452
421
428
405
427
419
408
440
454
465
356
480
454
451
434
441
466
457
407
432
441
431
447
473
483
363
457
426
503
417
432
431
477
416
421
430
426
419
361
432
452
393
440
446
447
483
433
354
462
487
494
451
433
410
471
400
479
441
425
442
426
455
447
435
343
435
444
465
400
403
408
447
425
391
443
360
428
395
446
430
459
478
450
451
411
295
433
412
364
431
507
426
403
426
440
414
486
480
396
462
459
427
413
391
479
466
435
425
402
421
408
454
412
433
362
408
469
435
379
398
438
354
449
411
436
499
433
432
469
487
449
476
484
449
485
355
467
402
395
457
477
382
458
458
430
413
472
443
411
441
447
444
406
412
491
436
443
477
446
426
407
439
471
418
319
444
376
439
461
446
426
343
467
459
437
415
452
483
471
441
446
387
467
412
436
373
461
344
421
441
434
436
410
424
399
411
453
433
446
429
408
453
444
465
415
391
476
434
458
456
379
371
443
472
313
445
382
395
452
479
416
380
433
441
366
355
425
416
458
408
416
407
414
428
452
443
438
394
354
476
440
435
498
423
453
458
460
443
456
432
469
457
425
441
397
453
396
433
413
436
443
442
447
399
372
425
447
403
320
446
371
376
441
404
447
437
447
439
443
467
420
333
379
384
478
324
433
371
445
495
453
403
432
442
462
418
432
353
435
417
406
456
470
430
451
418
439
423
414
418
429
476
415
453
449
434
443
437
432
459
437
422
448
429
438
487
453
443
420
477
451
458
433
403
424
317
413
387
476
412
466
446
438
473
449
436
400
363
495
460
417
439
412
472
459
451
360
433
478
405
395
482
437
409
411
438
426
448
470
461
455
392
436
487
452
449
410
402
457
473
464
446
413
459
396
415
479
369
486
456
408
464
447
451
445
446
415
429
453
507
433
461
424
424
452
419
313
440
463
426
429
346
380
400
281
414
401
413
332
447
447
362
462
396
413
344
378
436
481
424
393
461
400
391
383
329
446
333
360
418
410
404
447
397
413
428
391
421
456
420
419
406
437
451
449
454
381
456
428
413
359
473
386
414
345
447
364
397
359
389
419
331
427
409
456
362
418
428
473
388
400
441
466
393
395
368
396
343
433
470
479
417
403
396
425
386
365
465
502
381
365
481
363
396
425
390
475
402
383
397
325
383
388
387
261
485
413
417
456
468
432
333
482
396
398
335
423
402
402
399
467
452
343
473
405
425
404
354
436
412
365
399
421
401
402
462
399
421
437
411
364
420
323
427
395
380
440
410
399
413
378
335
399
432
473
494
397
360
429
418
459
446
424
442
433
443
409
458
464
358
478
465
387
428
400
359
432
337
366
448
423
420
406
443
460
314
450
328
399
435
403
388
389
432
438
451
229
444
481
416
460
388
403
456
366
467
423
368
377
398
440
433
420
384
477
371
437
457
417
377
461
419
368
445
398
355
472
433
372
400
470
455
407
411
430
391
429
441
423
425
395
384
431
425
418
438
410
443
468
414
402
427
382
384
428
399
383
439
449
369
459
483
450
439
374
380
412
447
396
467
445
403
481
411
404
506
457
429
475
389
383
396
420
375
421
464
427
488
422
391
417
413
359
438
423
398
379
370
443
415
366
390
435
353
252
428
443
416
489
462
410
391
460
469
457
402
446
462
398
412
472
454
444
463
403
407
458
423
386
450
470
408
422
436
419
390
448
425
426
468
436
429
345
428
393
401
395
459
419
355
454
363
422
391
326
383
410
448
441
425
432
363
485
435
425
340
401
477
505
440
473
433
460
400
447
430
430
501
388
463
445
439
444
454
437
414
411
435
416
465
422
410
411
417
451
394
433
424
473
393
435
348
457
444
285
449
416
419
478
474
423
409
422
457
418
481
438
401
494
361
444
431
446
407
457
394
440
453
389
394
465
477
460
430
429
446
408
477
353
449
417
435
429
427
379
394
324
376
462
427
339
407
447
438
429
400
462
392
468
465
455
377
472
402
428
376
433
415
372
454
468
433
446
458
479
445
396
452
487
419
410
450
429
386
462
479
507
420
483
433
443
454
460
437
460
433
437
481
439
438
332
413
454
417
391
472
448
426
349
448
453
352
429
428
430
450
403
435
492
372
458
421
358
386
436
386
410
473
356
401
471
493
407
416
412
471
440
354
442
434
446
457
447
426
473
465
490
452
457
461
410
440
375
451
447
453
420
403
462
427
381
416
442
433
438
376
445
415
371
418
449
443
458
427
453
379
427
362
428
462
452
419
466
360
432
368
343
488
460
459
469
443
472
452
357
390
460
428
422
401
434
427
421
431
440
405
445
455
470
411
440
389
427
403
389
437
486
422
428
354
405
412
357
399
445
442
408
442
477
465
451
441
450
448
416
426
454
453
450
415
427
422
457
442
444
465
372
441
437
383
414
422
436
424
380
468
461
441
372
419
438
388
415
431
369
361
457
439
380
403
477
428
461
424
454
471
420
373
405
484
444
432
427
405
431
454
439
377
409
461
433
396
456
410
462
495
440
444
459
383
419
463
416
447
371
437
433
403
458
449
429
455
455
410
463
448
431
498
478
445
447
433
444
427
468
402
464
426
354
435
454
429
444
487
490
449
435
366
439
436
444
407
441
443
395
428
464
460
475
393
491
318
390
426
342
440
399
417
421
378
422
448
468
441
465
449
439
417
477
470
502
402
467
368
448
400
429
488
441
448
440
408
463
475
437
378
449
462
420
448
444
410
461
431
454
448
465
363
431
443
419
437
409
435
418
464
411
452
356
413
410
449
500
429
423
444
467
472
477
481
439
435
411
421
440
422
432
463
458
426
452
401
411
430
438
427
439
432
468
425
425
455
422
398
444
408
444
446
458
460
441
399
421
449
453
441
441
410
426
435
449
432
418
462
414
422
443
464
470
403
458
441
440
398
451
431
441
443
430
429
495
470
468
387
450
438
432
442
438
447
466
449
440
383
456
433
451
432
412
353
447
452
456
447
476
464
400
401
433
426
420
388
430
445
429
426
425
420
436
391
471
435
447
453
406
359
487
415
457
425
491
365
429
413
412
439
449
392
422
465
326
428
436
439
441
454
404
432
423
379
460
423
459
410
444
464
440
451
467
474
376
431
451
366
462
389
409
426
435
372
464
459
409
453
405
362
451
476
448
426
428
416
435
408
453
473
450
445
436
435
439
454
431
427
411
461
425
454
459
397
463
469
438
436
454
442
444
436
433
397
488
418
437
460
445
440
485
443
475
438
434
454
469
444
418
374
437
484
393
436
446
434
468
378
431
475
384
456
390
434
383
481
427
386
435
455
428
454
380
409
260
323
395
404
346
389
441
383
401
420
363
344
426
424
443
352
428
415
376
402
441
381
363
455
366
397
379
353
482
391
376
408
390
405
364
372
394
372
428
438
347
455
300
442
460
411
460
412
412
442
374
465
369
375
431
384
405
449
347
428
421
373
425
429
386
405
399
475
487
445
466
415
466
424
439
451
454
463
340
394
419
409
417
354
461
363
449
397
445
430
394
435
450
428
494
450
421
402
433
416
375
370
414
426
311
439
392
390
334
418
433
380
419
441
438
380
403
428
484
359
419
444
381
401
428
422
407
380
399
412
454
428
420
357
405
434
434
367
450
473
462
410
386
469
442
380
399
404
383
254
405
323
415
398
354
427
445
460
376
412
443
344
389
445
378
369
409
387
470
451
390
495
358
340
473
418
417
348
365
450
419
371
435
506
475
464
433
355
406
477
434
430
341
417
408
424
407
462
458
393
400
337
407
440
432
420
389
432
442
394
422
352
418
464
413
408
401
423
372
361
409
422
396
438
430
359
430
380
486
422
404
462
426
366
427
449
441
391
409
426
421
409
412
409
432
415
414
379
419
489
400
439
452
394
412
405
382
395
365
427
442
455
394
388
438
420
487
473
477
404
411
406
476
457
420
439
415
405
368
397
431
416
414
423
415
395
442
429
396
423
414
400
385
411
442
411
502
426
431
390
429
383
428
413
313
449
433
409
426
458
424
468
412
496
478
419
427
395
372
429
436
452
485
406
391
470
424
430
414
390
477
420
421
462
474
425
422
374
422
445
366
438
473
405
400
410
379
488
430
426
335
377
403
487
204
478
429
440
386
470
420
365
410
402
433
421
406
431
373
412
474
444
457
447
433
418
446
367
365
466
400
425
477
372
391
416
433
372
447
457
412
450
458
467
477
407
467
467
393
481
405
376
456
470
339
386
456
446
455
483
385
338
428
399
479
306
433
394
453
372
428
485
402
430
475
460
448
469
385
435
458
467
500
412
467
432
433
472
460
463
436
427
457
401
406
419
429
419
463
380
350
386
446
437
338
438
418
420
375
404
465
392
378
405
402
489
457
435
458
466
417
427
441
448
432
470
425
410
443
441
448
438
404
444
444
392
439
353
467
380
446
457
476
437
456
385
477
454
398
452
472
392
377
438
368
478
399
400
436
493
425
387
390
455
448
364
431
449
406
382
469
451
421
409
425
441
452
370
382
432
450
404
445
366
389
444
451
429
443
482
418
422
441
431
461
489
414
481
443
467
439
414
472
434
349
425
394
461
463
458
399
438
420
363
449
446
435
450
373
497
457
373
455
469
452
403
481
471
471
482
418
414
433
371
462
400
379
415
435
456
410
439
442
493
461
403
429
466
476
409
377
407
417
399
424
415
469
409
495
455
441
466
434
374
439
412
413
434
439
342
443
471
363
460
425
356
451
393
485
459
493
474
435
339
413
437
420
484
450
428
450
457
459
435
366
388
442
462
477
415
437
404
418
402
441
465
439
459
465
318
439
403
465
401
433
488
495
469
441
479
484
384
417
407
455
429
489
420
437
455
454
388
427
473
416
455
411
435
427
381
467
438
376
404
439
430
482
481
457
404
419
443
451
437
423
464
422
379
293
442
492
375
438
423
434
461
437
438
464
400
494
420
385
430
470
368
453
397
473
459
389
457
399
425
381
417
473
431
414
444
457
456
359
418
466
466
392
456
403
424
395
363
453
426
348
459
414
425
425
453
448
438
436
478
414
431
449
465
442
405
463
436
405
431
398
373
447
470
393
417
444
457
420
446
468
436
424
464
512
446
385
454
443
396
424
427
425
456
424
435
419
444
424
412
477
454
397
409
409
443
412
463
412
462
404
414
470
474
368
406
444
469
415
458
402
392
480
486
366
410
458
413
432
375
427
400
431
472
399
430
490
438
434
426
410
415
458
478
453
418
444
381
437
471
382
435
436
413
432
479
442
368
425
452
483
476
457
474
439
482
441
447
485
445
455
450
430
450
447
457
441
471
428
438
408
406
441
481
449
444
451
422
433
430
427
405
382
440
442
447
420
437
428
435
338
431
442
438
389
424
463
445
416
460
468
395
465
417
405
484
429
455
457
396
436
412
446
428
400
424
419
462
448
402
517
466
431
417
447
455
454
458
343
413
456
408
418
468
487
398
417
423
457
437
412
466
412
428
478
428
415
452
433
449
433
351
421
423
451
432
438
455
454
461
436
333
426
385
416
461
448
412
425
480
411
438
378
388
418
469
481
446
437
393
445
423
400
450
422
425
441
407
441
460
415
408
446
455
437
388
429
397
453
423
469
461
456
453
453
471
416
412
476
450
396
438
439
417
465
469
420
475
462
453
407
460
389
455
442
454
406
392
432
473
478
434
436
430
443
416
329
325
403
372
350
427
423
427
367
408
408
366
390
409
376
388
439
413
385
408
419
345
357
425
424
334
411
384
407
396
441
385
410
412
431
407
442
452
420
393
418
394
455
412
404
379
404
427
392
463
252
369
398
391
453
454
382
446
367
387
431
345
466
398
381
347
434
391
354
349
409
402
459
420
392
390
451
344
456
419
386
385
415
396
430
413
326
442
425
418
458
427
352
424
444
381
401
420
387
408
357
367
410
388
369
435
411
414
360
402
416
411
411
418
475
366
457
420
363
403
432
436
396
405
461
490
422
343
483
462
444
456
416
458
426
386
460
351
478
459
411
418
374
409
392
448
412
420
449
411
341
477
443
471
401
456
456
408
425
427
378
349
416
437
456
345
433
415
435
447
420
405
348
438
421
473
423
458
430
396
454
407
427
405
388
348
427
363
399
389
457
475
464
414
445
415
401
418
407
420
327
355
442
426
456
439
421
413
386
433
387
428
397
440
430
462
446
404
473
403
467
439
334
462
402
366
468
398
356
431
438
410
386
370
429
460
327
420
462
390
481
428
331
430
440
412
488
402
404
363
377
373
437
430
392
457
410
447
368
413
471
380
435
460
466
353
421
444
367
434
436
434
461
428
444
487
454
436
438
440
439
429
479
430
394
416
448
396
421
401
415
441
459
422
375
392
398
363
383
384
311
436
419
402
287
493
424
421
426
429
435
383
402
445
457
388
401
460
464
389
448
411
487
421
449
449
432
487
466
409
392
419
495
427
417
504
419
374
476
374
475
389
446
417
484
466
430
403
423
454
242
359
420
449
343
414
431
477
425
392
439
433
475
422
465
349
424
383
377
411
429
368
462
393
409
427
449
334
363
453
403
439
408
355
430
453
444
374
454
405
472
399
443
427
429
387
471
424
432
468
444
467
447
399
410
470
370
459
390
455
449
360
412
445
410
425
423
462
359
369
450
404
380
349
420
361
426
496
467
449
405
362
392
400
365
359
466
449
419
412
373
455
417
469
460
441
446
440
446
409
459
488
398
427
436
476
457
438
424
398
445
439
442
474
473
426
461
459
434
404
433
382
479
442
467
442
477
476
355
473
491
461
433
470
437
420
390
423
405
446
472
457
416
436
447
436
478
462
450
497
413
407
313
416
354
424
414
420
440
417
388
357
431
465
460
456
453
441
495
404
444
431
456
429
417
359
453
377
377
462
476
429
447
375
405
400
418
415
438
406
336
479
475
422
488
416
435
365
406
423
412
438
435
438
313
438
440
356
413
462
479
446
422
415
443
426
436
471
472
469
448
460
494
439
427
432
454
477
481
448
445
406
426
465
407
393
412
421
399
443
473
492
374
427
470
436
377
471
451
473
459
402
411
458
414
462
408
449
440
440
424
430
417
409
469
478
435
484
494
458
456
441
477
426
433
386
449
460
366
404
396
420
377
426
408
427
428
427
423
453
474
415
402
462
415
414
413
448
429
393
360
388
409
434
401
480
460
366
404
410
388
424
441
445
474
459
447
413
454
366
422
481
362
479
416
361
456
385
427
453
408
426
445
457
477
390
461
467
372
434
459
438
413
452
383
416
452
437
423
459
348
481
471
459
385
490
445
439
391
476
465
348
478
446
451
474
489
456
496
436
474
412
383
433
467
361
471
378
441
423
387
424
440
379
435
472
413
419
420
437
454
441
381
436
443
426
498
495
447
420
382
484
460
371
420
452
421
414
430
366
451
462
453
424
469
388
447
441
489
441
494
414
477
392
429
454
448
392
439
451
436
441
461
445
440
427
450
389
439
458
403
459
451
455
466
422
394
433
446
453
417
407
438
471
446
394
433
441
404
371
422
444
456
424
414
369
425
452
385
456
482
467
359
453
449
432
418
470
445
429
451
425
408
486
489
391
495
455
435
475
479
454
398
463
435
476
393
452
479
427
428
400
474
457
443
419
450
448
338
420
444
439
428
446
461
415
453
412
445
471
454
422
467
407
448
410
451
375
396
463
470
490
398
424
464
454
432
435
435
455
458
434
444
432
429
437
458
473
425
426
418
440
459
406
385
409
463
441
435
384
439
445
467
457
409
393
432
407
367
386
451
424
374
460
475
419
418
438
462
467
418
420
442
449
429
458
458
460
448
469
371
446
442
427
461
437
383
422
393
474
425
356
452
444
392
457
398
450
450
452
352
440
435
436
430
419
442
455
469
426
420
436
481
403
474
404
375
469
361
402
423
468
404
439
430
415
439
381
411
410
405
388
451
439
431
432
482
439
433
444
380
465
475
443
450
452
396
446
465
430
402
420
488
456
458
472
435
455
463
476
447
430
472
435
399
434
480
379
424
463
485
461
392
459
470
400
457
382
453
443
418
446
344
433
459
443
421
445
423
431
368
354
376
376
448
461
372
404
352
421
438
399
462
366
453
374
389
410
380
363
418
364
391
453
400
347
396
348
388
427
412
408
463
373
410
369
349
455
454
399
416
270
396
390
358
373
445
359
389
381
385
382
396
401
328
397
401
383
374
386
412
349
398
460
436
347
397
420
397
350
407
400
446
388
437
392
413
345
361
423
401
434
406
479
414
447
385
402
415
436
438
464
232
444
440
438
390
375
444
452
402
367
424
462
313
431
467
389
309
353
404
367
470
445
422
384
430
468
444
355
453
409
471
405
448
367
438
340
379
400
459
417
380
395
411
483
380
353
403
436
433
409
355
426
394
368
435
369
453
392
364
419
373
428
459
396
401
422
459
394
417
435
459
419
483
361
416
414
404
437
453
405
376
397
447
371
421
368
459
414
423
413
410
372
432
400
420
387
401
395
458
488
332
488
453
447
410
451
427
413
374
369
397
391
339
426
411
448
449
292
358
391
410
377
395
336
278
457
481
406
441
415
365
393
423
342
417
499
364
375
370
411
468
436
460
457
399
391
425
481
432
422
436
405
412
484
302
461
407
387
396
471
375
417
327
429
432
444
356
386
425
349
464
394
434
444
418
434
459
466
430
421
434
402
454
448
437
438
486
401
416
431
404
427
440
460
406
421
454
413
378
476
452
405
381
382
495
449
447
389
453
373
418
438
421
489
439
393
459
455
495
446
425
419
414
473
451
424
495
430
434
396
475
451
453
368
453
397
356
466
468
453
470
405
467
446
409
411
442
463
484
404
405
412
402
404
398
480
462
422
439
441
409
408
458
461
415
419
368
339
416
426
450
424
452
420
412
449
409
443
498
436
486
387
411
427
372
481
371
441
423
428
479
467
411
427
434
435
444
430
478
427
408
439
482
433
451
410
438
410
424
358
463
401
324
408
416
461
459
484
446
348
401
438
459
374
426
440
397
457
462
436
386
475
413
376
430
403
436
459
388
418
436
423
483
325
431
348
454
459
442
473
458
424
463
420
392
455
438
481
468
348
456
463
383
441
391
397
415
441
349
353
470
401
437
403
450
410
435
445
450
407
370
473
426
385
425
412
457
446
448
414
464
501
430
424
406
359
446
472
423
360
471
456
381
495
413
437
420
409
405
374
513
440
408
468
450
410
402
465
434
395
499
440
468
487
475
429
387
456
407
402
404
396
467
444
428
444
445
475
419
431
444
449
491
472
399
401
456
424
381
443
477
439
425
407
457
446
448
467
421
468
493
456
470
443
480
474
447
453
354
385
452
426
432
380
391
432
501
389
431
420
466
433
481
358
449
439
445
461
420
456
482
477
399
397
441
447
419
496
403
427
439
473
372
397
481
472
431
435
409
455
449
397
449
473
447
297
363
430
417
369
489
435
504
354
410
477
411
429
416
434
428
453
413
349
457
455
363
452
426
422
421
412
420
440
450
370
417
457
360
446
435
431
475
421
416
434
443
456
386
473
429
412
374
445
437
407
369
453
432
442
479
440
429
378
428
449
403
492
410
460
386
491
458
445
415
375
460
458
429
443
463
469
449
470
425
464
437
453
464
479
364
483
445
397
459
441
408
437
434
319
437
436
379
455
425
444
383
494
465
447
475
511
440
367
424
426
387
492
431
432
411
443
439
408
423
430
386
452
443
376
450
454
449
456
422
400
416
417
409
436
451
455
459
413
396
450
447
401
423
392
443
458
334
411
425
446
323
471
414
443
403
461
452
345
432
451
491
409
452
449
418
488
411
408
493
389
342
447
419
380
408
348
409
479
406
455
451
475
460
466
351
489
384
457
393
443
473
456
494
443
446
427
424
428
413
439
441
466
427
441
441
407
471
369
422
482
473
411
434
469
353
466
447
377
453
471
383
438
460
467
419
431
442
453
454
440
449
445
429
433
409
455
473
391
438
445
432
432
409
420
462
440
267
460
450
415
427
412
428
437
479
437
505
379
465
397
488
427
446
460
471
448
459
477
449
463
406
451
430
450
435
438
442
434
430
431
442
443
488
424
465
489
433
447
454
453
452
413
436
396
455
436
355
397
435
448
422
445
413
466
443
445
452
452
422
441
485
366
437
485
455
415
454
405
429
446
436
416
432
455
425
409
461
439
460
437
450
436
363
426
451
473
452
451
447
475
434
437
384
465
437
414
452
393
405
426
298
396
436
471
472
467
461
446
436
465
374
464
488
422
477
431
422
452
450
467
464
451
451
423
489
451
403
413
416
403
444
439
458
417
436
416
425
439
473
450
415
419
428
438
433
422
435
423
391
418
393
413
418
446
470
441
423
469
393
437
428
440
455
471
377
436
431
389
461
456
428
425
438
420
427
422
396
423
440
393
464
430
408
477
435
414
395
445
443
477
422
455
396
350
419
348
394
423
406
474
314
432
384
466
428
413
452
464
445
357
372
356
390
391
478
411
429
385
383
379
428
450
460
372
413
434
435
349
404
371
376
379
356
409
437
420
406
366
457
406
411
387
455
387
403
445
404
412
377
402
406
401
412
393
393
426
464
373
417
431
363
443
415
421
358
410
426
377
446
432
493
427
388
422
483
450
389
394
447
351
415
432
457
454
410
432
449
369
438
375
412
413
376
410
465
372
419
395
418
436
496
442
446
396
398
441
424
349
421
327
457
421
430
388
373
420
472
364
446
341
429
394
386
377
409
399
390
446
427
405
392
439
371
439
365
391
423
416
452
389
456
428
405
401
423
465
334
435
398
407
467
398
415
418
435
405
460
378
382
472
438
378
391
405
367
465
417
470
444
438
451
413
420
376
412
404
468
435
379
367
477
433
417
506
435
402
433
388
434
450
395
414
403
364
388
421
404
443
437
415
450
422
382
347
449
431
443
386
409
458
474
402
495
387
348
497
417
405
432
348
380
458
427
491
430
480
453
390
346
441
390
411
362
440
418
434
413
461
375
486
434
387
281
419
468
461
354
463
388
401
434
462
420
433
428
438
453
367
413
435
464
417
410
449
354
345
408
374
466
360
433
451
472
395
471
436
512
369
457
356
450
403
402
413
419
417
425
406
404
357
420
419
370
289
416
461
446
450
450
417
467
470
487
460
412
416
444
346
456
425
377
418
407
439
481
471
414
376
489
411
457
415
424
426
482
417
432
420
456
386
446
447
497
431
490
413
459
428
481
477
468
436
456
423
437
458
322
379
443
471
444
355
421
417
459
427
464
364
413
502
382
418
446
418
371
408
470
475
429
398
407
415
411
438
424
434
402
431
416
427
471
417
416
417
409
363
415
393
396
430
436
412
441
490
431
403
408
450
415
448
437
414
462
478
433
429
443
371
430
424
486
433
410
465
392
454
455
418
474
459
478
407
433
432
399
485
407
448
486
405
419
415
421
454
369
426
401
348
455
490
489
419
435
465
382
395
367
467
496
474
380
485
462
408
425
429
418
432
456
405
366
357
483
465
502
430
427
354
429
470
390
444
489
425
381
367
459
407
403
369
460
414
521
465
425
429
447
468
454
367
414
408
431
406
442
445
378
406
408
419
350
413
430
470
438
449
441
457
442
453
406
397
444
433
412
466
415
434
444
458
472
464
444
405
424
488
445
469
417
416
455
465
462
463
403
395
447
432
458
441
443
452
457
417
398
405
472
432
411
378
377
443
365
362
487
364
447
401
428
417
406
404
441
374
383
461
440
440
471
380
465
451
476
458
407
433
424
419
455
448
456
444
451
482
423
412
413
365
396
484
476
386
363
449
429
380
384
450
434
412
387
444
432
478
480
460
470
470
430
453
464
363
413
465
389
436
466
323
448
412
487
442
450
442
426
459
441
405
425
404
481
497
425
413
408
430
483
438
456
457
456
446
431
463
408
396
411
436
456
444
425
421
457
389
419
457
471
468
443
470
465
393
449
473
393
422
446
442
427
432
469
405
406
482
415
433
426
374
442
451
429
425
441
455
444
476
449
410
463
478
471
435
359
340
448
439
366
475
421
407
397
444
436
451
390
445
445
428
426
440
430
450
465
456
445
419
440
403
432
484
429
457
442
381
386
456
461
383
405
385
462
439
438
431
393
428
459
457
419
417
425
440
461
354
440
413
340
448
438
430
456
438
395
453
399
465
477
455
384
430
475
464
450
432
476
422
411
470
449
401
421
455
436
456
421
457
466
428
443
416
461
441
454
459
438
394
453
419
409
444
449
432
436
457
438
411
407
435
411
405
397
438
458
446
454
458
436
366
435
445
422
435
440
475
408
458
489
449
448
478
461
456
431
393
377
414
414
413
483
461
476
445
495
445
450
444
386
392
395
422
420
417
355
379
449
418
345
466
404
437
453
429
445
326
417
483
465
394
446
424
470
456
461
473
412
441
480
355
433
415
467
427
451
423
419
412
441
423
438
450
437
457
415
423
414
401
427
456
380
459
411
470
445
450
443
426
464
444
420
478
457
399
455
389
465
443
446
428
405
432
468
402
478
430
462
464
413
442
426
463
446
410
437
427
434
465
427
397
443
449
436
485
460
421
371
433
434
443
397
442
448
465
458
450
425
457
449
453
467
347
474
471
481
377
445
438
448
385
425
480
464
453
441
459
380
435
439
395
439
339
462
487
440
429
465
473
395
393
420
424
452
465
449
430
349
463
465
409
417
408
435
432
426
379
429
443
442
483
436
424
459
406
433
444
432
451
464
457
425
448
378
474
440
376
386
418
418
416
475
446
361
417
420
470
448
429
438
419
432
406
460
474
482
405
451
474
418
400
462
443
451
429
300
348
392
430
408
407
401
393
342
446
397
310
407
424
432
448
416
417
387
371
413
429
457
351
420
461
417
372
419
406
479
446
400
422
394
474
419
361
401
437
406
400
341
433
405
413
278
429
397
338
337
355
408
451
410
428
363
450
251
341
437
338
464
410
404
365
408
399
376
455
473
411
355
373
416
362
408
486
339
432
393
383
440
437
413
454
337
463
430
481
377
395
381
437
460
434
425
361
407
429
399
384
426
396
438
442
454
429
362
422
447
508
486
393
465
505
401
384
384
366
392
444
431
411
395
359
427
361
394
449
407
395
432
393
425
354
396
469
350
449
409
408
343
451
346
408
389
436
385
413
346
353
412
432
455
405
380
408
409
372
433
343
408
444
455
452
419
487
456
387
434
408
337
412
464
402
438
489
418
452
383
484
426
361
413
425
351
384
501
479
458
478
412
409
422
445
456
451
459
396
471
376
407
412
352
400
433
366
446
477
445
377
473
515
447
377
477
435
428
450
464
439
377
443
412
461
502
378
479
457
405
401
432
414
497
446
466
411
408
474
435
482
435
430
376
401
397
481
406
494
404
443
432
421
386
416
453
399
399
417
385
458
403
439
402
339
448
439
288
404
450
430
382
402
400
324
457
450
351
447
453
426
450
469
420
425
416
377
461
466
431
434
419
411
471
400
340
465
425
438
436
494
472
400
355
489
450
459
294
431
463
391
451
420
482
370
415
448
444
362
419
439
432
451
433
371
429
449
493
448
421
394
432
414
463
447
408
486
417
462
471
420
389
420
394
406
499
404
397
406
439
389
430
408
377
417
451
428
443
373
466
439
467
426
448
463
432
433
385
453
463
427
441
459
417
447
491
386
394
392
455
499
447
365
444
440
425
466
470
410
377
413
471
429
427
461
430
439
416
413
414
404
413
421
468
453
425
428
381
367
443
496
461
487
461
361
398
475
421
377
438
405
366
473
438
441
461
390
436
440
401
452
438
442
451
446
383
422
444
402
367
413
474
427
422
392
441
428
408
419
450
355
449
464
444
446
446
422
383
431
398
415
423
430
462
377
436
453
402
392
435
415
478
444
395
408
423
396
467
453
448
450
437
463
403
424
441
417
444
483
445
460
466
379
499
396
470
466
422
427
432
295
417
454
398
423
432
345
482
449
420
391
432
415
463
470
434
442
402
452
460
473
352
417
431
385
466
465
506
491
451
437
439
461
502
452
405
385
402
431
389
417
438
434
427
468
429
402
460
402
413
358
455
404
446
436
359
431
388
374
452
402
445
429
474
477
470
450
453
367
416
421
433
413
456
461
461
471
450
434
477
424
456
460
417
404
445
320
463
490
367
417
433
463
427
430
447
459
458
417
453
386
452
466
375
417
346
493
383
433
423
394
443
440
427
455
500
459
473
372
443
454
494
376
475
365
419
452
439
432
409
445
484
439
491
464
419
415
470
470
403
452
435
429
440
481
434
408
463
415
363
471
388
408
408
463
402
478
486
478
368
465
462
410
451
489
481
442
444
421
497
471
485
462
428
471
442
422
384
423
424
469
443
447
432
481
373
432
433
434
451
443
436
410
395
425
433
410
384
459
342
358
392
471
428
400
419
406
367
459
391
378
429
402
433
395
454
474
419
478
495
471
433
439
448
386
451
458
440
416
429
459
444
360
410
390
414
410
476
423
413
443
440
441
455
439
421
439
423
442
336
484
488
412
477
420
406
435
393
440
447
401
440
408
457
412
420
394
391
441
468
465
383
459
425
461
457
402
468
434
470
442
405
447
455
404
487
411
449
436
431
424
417
458
462
443
484
445
445
413
395
398
413
456
385
483
424
409
433
454
438
392
442
457
427
384
448
420
482
438
442
449
354
467
420
413
474
370
441
455
437
456
489
467
445
418
409
336
425
469
497
439
419
377
448
458
405
448
454
457
354
437
424
367
448
442
436
463
321
457
483
395
411
433
435
352
428
401
382
461
436
470
465
437
478
431
427
374
408
443
438
443
460
423
407
428
424
411
473
477
447
436
398
433
434
448
433
426
444
416
465
426
467
434
394
428
418
441
455
456
354
362
439
417
449
461
461
481
417
474
444
394
476
467
451
466
477
389
410
448
467
421
452
476
425
447
437
407
446
437
455
460
367
410
371
427
402
409
458
462
424
420
420
435
408
400
431
460
423
465
440
376
454
485
466
390
465
469
485
373
454
464
443
443
449
386
438
480
407
448
453
412
442
426
431
445
452
458
462
477
446
408
443
445
426
446
440
418
394
398
421
425
451
408
352
495
369
441
464
467
421
443
404
442
447
379
423
406
446
439
446
462
448
409
417
432
456
432
395
419
422
446
474
433
425
420
420
401
451
436
411
430
369
407
420
443
483
450
422
447
307
358
391
394
375
461
393
436
362
391
413
433
466
431
441
356
426
494
379
433
448
402
416
367
401
397
445
459
352
407
398
420
417
456
379
445
449
408
393
413
357
495
341
414
470
402
385
441
412
416
367
354
423
422
319
436
453
342
382
424
411
422
427
457
422
337
420
391
473
390
439
379
365
458
418
369
428
463
441
423
444
351
448
374
435
404
432
349
351
426
399
421
482
398
425
420
442
384
404
362
452
468
400
417
347
429
400
401
376
362
366
426
439
397
505
336
472
445
385
444
421
408
356
434
449
363
403
350
359
460
394
427
410
486
384
479
479
457
415
389
353
439
399
439
419
420
400
476
492
430
324
369
405
489
370
482
452
414
381
450
408
384
452
414
404
416
471
392
384
373
408
477
506
413
429
432
403
479
386
378
460
492
441
447
399
406
366
408
432
430
466
456
416
416
356
404
415
490
421
385
382
353
427
420
405
484
412
394
456
424
438
378
427
430
484
338
445
438
428
374
439
413
385
427
409
281
418
369
402
419
433
399
459
403
382
390
406
435
445
429
472
420
406
455
469
458
372
450
422
468
377
393
392
406
342
455
432
430
377
430
494
380
463
436
430
362
449
453
445
439
425
347
424
378
463
430
475
445
414
404
390
426
396
441
442
385
471
388
390
439
423
483
359
448
413
398
440
385
413
427
454
382
450
414
443
454
449
396
398
486
459
407
437
383
473
433
489
431
467
364
453
412
360
479
446
444
385
435
362
446
412
458
423
435
433
464
457
381
464
431
418
443
416
451
434
399
358
442
392
404
411
456
467
448
437
466
434
391
379
471
432
380
460
434
405
370
418
447
480
350
433
432
368
475
459
337
411
394
490
449
436
447
414
405
446
404
452
291
443
467
418
432
428
442
351
423
431
359
428
422
422
412
419
401
470
417
442
395
502
455
425
464
489
395
489
415
449
442
391
471
426
477
367
433
468
350
345
427
420
433
416
459
472
478
430
395
453
407
453
478
461
451
405
450
426
443
426
423
424
464
428
370
456
435
383
500
416
400
357
410
447
411
499
457
477
428
387
464
364
405
464
439
381
463
427
470
453
419
449
417
455
459
478
453
404
436
409
372
449
407
400
439
412
425
479
466
399
346
443
411
434
417
424
403
380
480
389
453
419
392
442
460
463
423
410
474
459
388
456
379
430
427
361
412
406
351
448
371
435
472
400
459
428
416
456
433
442
453
461
439
459
489
501
452
436
432
420
442
432
390
398
433
459
441
454
458
483
445
427
348
475
446
490
461
448
430
458
403
392
392
289
403
472
410
442
434
453
370
338
418
440
473
459
443
429
449
498
389
414
465
447
470
438
472
453
441
490
454
403
411
468
477
467
458
369
469
387
379
457
370
468
468
441
409
440
455
441
455
453
475
446
456
446
437
482
434
434
453
453
422
421
404
414
424
418
441
450
444
461
467
466
443
429
358
487
443
454
431
427
461
398
383
469
417
477
411
451
498
364
384
456
484
412
490
433
403
478
442
447
424
482
408
422
450
442
365
424
351
467
420
394
452
424
435
419
445
449
393
456
447
454
428
418
436
444
425
465
403
440
423
453
457
444
430
337
447
389
448
452
459
449
441
427
474
443
404
497
413
471
442
454
409
416
446
406
383
424
338
446
448
454
511
466
441
442
408
450
454
417
447
399
426
434
424
484
401
433
439
479
399
431
435
487
446
375
495
433
441
429
478
459
419
435
471
434
449
412
356
413
475
420
441
408
449
445
361
450
451
429
472
432
419
426
419
442
421
492
375
444
431
436
440
450
443
441
431
456
477
475
438
467
394
376
433
373
421
407
485
475
472
408
456
408
505
471
349
422
417
455
435
484
435
470
441
436
415
467
421
472
428
440
476
426
409
462
424
455
386
445
424
469
454
414
457
361
426
382
445
449
412
417
422
419
438
425
432
376
416
432
441
442
448
442
461
435
373
386
391
425
420
459
449
450
446
412
381
476
458
438
413
466
441
451
477
436
431
424
365
432
445
384
460
428
448
449
435
443
454
450
421
385
423
420
342
455
445
449
431
398
421
458
352
446
438
447
400
401
382
448
477
435
463
460
433
466
451
404
470
426
436
488
440
449
422
451
454
426
447
442
443
452
435
455
435
447
424
428
459
425
482
385
433
421
446
453
464
434
423
373
416
412
456
399
365
466
424
446
430
461
370
444
464
353
427
443
477
430
466
441
445
453
420
446
395
471
440
414
436
454
420
450
489
351
454
460
441
424
467
450
438
454
443
461
446
451
446
445
430
443
452
411
398
438
469
458
466
442
362
463
461
457
451
432
430
401
461
428
408
420
456
422
427
423
418
442
424
405
349
453
453
443
443
444
427
448
433
439
421
454
365
363
345
389
391
360
438
380
464
362
391
465
459
413
386
428
470
424
445
398
500
407
400
476
414
436
326
426
458
369
443
390
435
407
431
451
396
416
414
429
463
378
428
399
417
398
412
396
432
407
341
426
393
478
376
357
484
445
388
385
436
401
420
395
430
441
401
400
411
358
365
492
400
357
411
384
379
427
396
349
397
413
428
402
378
385
405
407
381
421
410
393
431
429
485
433
398
381
234
447
403
394
448
453
419
402
408
393
391
422
407
459
421
445
361
429
340
489
443
416
373
414
423
407
402
362
453
414
361
426
466
397
400
424
425
447
442
388
435
408
487
481
421
403
464
416
391
488
411
439
467
290
350
388
384
434
502
397
397
335
421
429
412
403
415
456
370
456
380
479
356
434
417
420
458
442
389
455
479
418
395
406
484
426
416
422
473
385
365
461
453
389
478
448
392
402
406
463
484
395
374
409
422
477
398
419
397
471
401
424
378
434
382
440
407
381
443
431
384
454
375
421
442
455
399
441
355
424
435
387
438
458
445
426
402
446
409
411
432
425
445
446
430
423
405
293
388
470
395
444
425
460
370
464
516
430
432
415
424
428
414
428
482
418
415
446
397
429
438
376
384
428
424
360
401
407
474
465
351
408
439
434
422
484
408
436
417
423
456
432
500
405
457
406
437
465
433
404
407
435
391
457
333
479
430
410
467
416
400
478
428
430
375
461
381
427
464
431
458
379
463
441
439
385
461
441
472
446
423
417
483
438
450
478
460
412
404
368
415
439
418
422
441
454
431
417
382
438
434
449
400
400
482
428
400
334
420
439
379
396
448
451
353
421
376
471
373
422
458
485
444
423
428
480
399
473
450
459
459
480
472
444
306
431
365
419
471
417
406
444
437
424
404
458
419
348
426
411
450
435
422
440
430
469
405
484
430
470
459
369
441
400
447
417
392
418
334
412
437
393
393
486
435
477
412
482
468
465
509
359
388
391
430
409
462
424
392
443
398
442
422
411
465
396
453
424
407
432
496
443
461
426
359
462
432
381
440
379
427
369
412
422
472
428
450
446
400
496
429
462
387
483
453
439
439
452
439
460
450
474
442
472
381
484
426
431
442
424
392
474
434
426
370
468
447
453
439
437
459
434
409
466
436
437
426
254
459
435
423
435
432
440
342
469
367
478
432
470
433
469
393
432
413
364
427
409
421
484
486
415
446
435
411
477
472
428
423
441
456
429
419
442
456
399
435
459
415
398
461
449
385
381
401
441
500
455
388
424
472
453
364
480
418
434
478
421
365
466
439
456
444
451
482
438
426
435
368
488
385
398
420
444
385
457
480
496
429
411
348
461
449
445
411
433
464
463
388
456
437
400
460
419
474
419
459
364
449
389
457
418
445
479
499
443
381
496
503
451
439
456
406
495
487
394
444
490
464
468
396
355
433
410
402
447
436
462
368
408
375
461
484
408
487
432
484
464
414
430
469
448
435
399
380
429
437
367
478
477
441
434
452
446
378
431
368
417
367
456
416
417
420
418
494
404
450
444
330
429
454
463
456
432
425
460
445
467
407
425
436
472
438
435
420
439
459
404
402
415
442
421
459
436
401
436
445
448
447
377
417
475
456
452
460
392
446
425
461
450
406
463
397
432
418
422
480
427
425
448
411
435
434
480
472
476
455
479
459
438
377
426
473
483
481
440
427
462
421
475
439
430
407
377
366
444
435
418
464
446
410
449
481
456
440
429
462
458
385
412
435
360
456
464
484
435
452
430
442
470
459
402
456
435
484
465
457
441
443
447
418
454
460
389
491
435
443
432
399
418
475
444
433
426
465
439
444
425
468
424
444
398
465
435
427
411
455
430
474
450
437
381
407
474
432
466
455
428
416
451
462
423
434
436
445
452
450
459
440
404
397
418
405
451
438
448
433
394
457
407
414
463
403
467
348
481
414
340
448
414
472
388
460
418
374
458
448
455
424
416
407
462
414
456
431
437
465
438
396
376
465
321
455
448
449
454
428
427
462
377
410
464
462
470
431
437
466
434
412
442
434
429
420
411
457
385
442
384
453
448
414
453
441
448
422
473
469
461
428
414
486
463
453
483
423
441
443
456
346
446
470
379
438
471
444
456
477
440
446
447
363
452
432
396
421
433
406
421
432
454
410
486
472
418
426
458
408
398
432
415
430
396
427
461
473
443
482
435
396
461
483
472
405
438
421
372
466
432
455
468
476
443
388
455
421
416
447
417
446
417
405
409
461
410
462
415
441
466
410
404
435
442
420
429
406
432
415
398
482
420
444
401
447
438
427
458
461
374
384
430
462
452
446
413
431
427
446
438
349
411
427
443
412
470
453
442
425
428
427
461
441
447
434
438
433
394
416
441
387
425
425
437
454
402
356
393
406
401
397
402
392
428
415
402
482
388
412
440
464
417
416
458
405
392
437
344
395
392
266
469
394
442
421
388
427
408
440
384
417
479
404
457
393
353
405
431
387
440
440
446
413
464
437
353
361
422
436
340
459
396
363
364
461
412
335
425
404
441
412
422
382
484
423
408
442
384
467
418
364
480
367
383
398
397
361
454
433
420
401
437
373
402
395
414
400
414
434
410
391
414
421
426
463
380
364
431
428
275
387
415
409
366
382
432
363
419
426
399
336
482
389
379
439
400
422
357
464
383
367
429
342
375
432
470
410
440
456
435
393
406
427
439
437
382
471
412
382
433
438
422
451
430
408
406
346
394
447
393
431
459
409
431
407
415
371
402
425
466
398
461
408
382
431
470
443
451
484
443
248
449
410
365
404
406
398
410
466
390
408
421
430
445
406
457
409
387
433
432
375
432
415
442
360
399
429
428
410
451
481
411
424
347
464
446
370
462
469
418
456
439
496
371
368
420
472
405
420
429
368
460
393
377
435
407
452
431
405
446
372
403
447
383
455
460
455
445
464
429
437
443
453
395
356
408
433
434
403
449
417
490
426
383
377
456
342
448
430
452
396
394
441
353
479
449
422
464
446
456
224
473
370
466
427
470
423
486
487
418
426
416
479
403
427
439
473
386
464
471
468
433
426
434
457
395
374
418
421
312
388
349
434
427
415
417
493
392
431
443
471
400
422
396
379
440
433
467
364
390
377
429
359
352
454
400
431
452
492
478
455
420
432
479
473
440
464
390
448
410
434
433
459
484
424
366
456
426
384
411
476
423
463
376
466
432
403
439
412
463
463
440
491
410
451
428
449
490
470
395
451
487
391
415
423
449
399
417
402
462
423
427
458
416
468
425
406
406
415
446
486
380
463
419
454
440
446
402
434
383
462
387
413
423
417
464
372
450
490
439
476
470
425
469
360
438
444
429
436
433
346
471
444
402
454
415
479
471
411
419
462
426
454
431
415
377
404
418
433
462
438
408
454
483
405
424
422
431
454
426
433
487
432
495
434
451
353
413
483
474
483
454
418
479
460
448
402
380
483
424
430
445
478
441
417
458
401
386
442
453
430
420
355
446
417
482
437
371
399
389
458
470
498
465
443
433
322
428
435
409
449
432
403
412
360
433
360
445
426
441
454
457
448
452
457
474
462
412
377
424
456
480
478
462
492
441
411
490
462
427
433
452
419
409
436
485
461
467
419
465
445
439
396
434
446
420
446
445
456
396
428
413
425
413
466
425
423
472
447
468
400
484
425
440
411
454
434
365
462
404
423
446
418
468
465
412
508
476
476
440
436
418
392
414
463
438
428
440
399
396
451
433
433
438
394
341
364
459
468
338
468
442
437
412
417
449
438
442
397
483
438
460
437
409
400
434
437
440
427
399
424
481
398
406
438
411
450
452
416
470
456
433
353
469
490
441
434
414
428
447
479
414
451
416
426
432
416
450
427
458
415
475
444
322
417
420
476
424
470
446
429
435
441
475
445
461
443
454
444
446
383
470
425
424
453
409
387
442
442
434
422
450
447
413
493
375
380
402
492
437
414
489
471
407
465
332
485
423
424
443
443
451
443
345
466
449
492
445
481
453
378
450
489
425
467
439
426
411
443
424
374
424
422
506
458
421
421
426
424
443
436
400
418
455
429
478
489
476
483
380
436
439
437
470
412
461
407
468
411
397
483
412
450
433
440
440
431
447
432
436
406
437
433
461
452
471
445
430
434
434
442
431
361
462
395
396
397
431
497
463
431
469
433
446
468
405
427
393
456
437
428
498
399
430
448
324
433
435
423
477
474
447
425
411
452
375
358
450
465
451
405
441
444
411
446
460
418
394
440
487
458
444
402
451
412
444
431
481
452
448
429
440
408
483
445
461
464
426
441
383
400
444
454
461
441
403
460
430
426
450
481
453
417
397
426
419
451
432
394
444
484
454
465
442
428
439
415
431
480
466
409
475
392
435
450
445
464
422
476
409
432
392
449
427
441
429
430
434
458
417
455
427
412
443
353
461
476
446
481
433
449
443
442
364
471
441
428
443
446
413
415
487
410
464
413
459
452
420
434
420
343
436
428
444
455
489
459
448
423
475
424
450
443
467
418
452
431
441
434
468
373
432
419
473
385
454
401
430
445
319
393
421
453
438
467
374
477
455
428
420
440
464
414
444
452
465
432
457
440
441
410
455
447
469
445
455
427
422
445
453
441
439
445
421
478
453
447
427
451
380
431
440
436
424
392
470
410
431
407
351
445
446
408
443
450
400
412
465
471
405
370
418
411
431
372
422
421
453
407
413
316
459
430
427
423
431
472
465
408
392
460
439
434
437
431
443
404
421
434
445
433
417
446
472
436
