358
373
410
470
416
422
448
393
471
440
417
443
439
432
404
466
461
398
389
451
464
362
347
325
407
436
352
438
407
400
466
343
334
338
467
390
447
421
399
374
401
511
427
422
470
430
364
354
426
423
388
393
388
370
348
390
436
393
395
428
371
456
438
451
404
436
424
428
467
364
425
449
391
427
389
412
349
486
367
452
456
361
346
432
401
402
356
437
446
440
433
459
412
404
515
419
381
433
367
458
367
345
361
440
469
353
435
412
411
317
437
328
388
424
439
410
349
367
440
365
375
345
358
437
429
432
422
442
422
427
456
409
389
370
325
365
416
386
432
387
458
489
390
435
402
400
394
357
431
439
358
443
433
355
390
354
476
403
417
406
489
429
438
427
393
448
430
421
461
344
415
348
387
509
378
361
431
418
270
367
396
389
436
437
440
395
345
459
416
455
438
391
444
469
486
412
452
331
511
452
445
365
442
434
420
357
424
400
443
390
462
435
450
438
419
503
463
407
376
460
452
394
499
357
453
435
462
450
442
386
407
459
355
349
472
462
444
458
486
486
425
397
378
448
396
394
427
478
440
516
395
400
427
397
434
489
443
411
406
439
484
447
447
468
456
391
425
424
462
474
397
365
403
381
406
472
468
439
425
441
430
505
360
362
419
471
375
403
423
460
488
367
505
399
432
425
420
332
410
445
378
395
434
448
446
381
409
450
468
420
432
487
441
430
433
428
458
417
399
361
431
423
362
445
422
404
450
414
425
453
485
424
455
378
452
412
387
477
407
411
420
352
435
420
453
405
425
476
397
353
377
439
458
474
431
435
398
483
484
422
432
464
443
415
363
455
442
464
443
356
433
389
440
443
435
389
382
408
250
417
438
442
450
403
369
411
379
476
389
360
415
396
437
433
445
432
398
388
476
418
380
405
442
444
431
465
511
456
469
455
432
353
404
421
456
479
502
425
430
388
471
426
408
478
414
433
425
395
332
472
440
351
492
458
345
418
367
428
433
465
483
373
446
421
431
437
412
426
405
411
431
348
458
351
460
456
397
444
412
420
417
354
438
422
436
417
432
440
454
368
504
353
345
471
420
420
382
420
417
471
467
345
409
354
353
461
457
430
442
433
455
401
431
470
295
425
439
453
414
420
385
371
456
386
386
433
426
433
454
469
460
390
451
437
493
361
448
424
460
424
448
478
473
451
428
517
360
453
436
431
495
346
392
421
352
428
490
459
438
255
433
394
445
418
456
414
417
291
453
383
371
436
401
465
469
395
423
436
406
431
481
376
434
405
472
432
429
418
376
474
439
365
347
388
456
452
452
486
430
441
458
345
445
473
461
469
346
434
402
344
419
412
476
386
459
445
345
389
434
381
354
365
430
472
429
406
416
441
443
460
468
453
435
480
468
432
423
395
477
429
433
326
363
440
465
438
457
454
401
491
477
501
469
343
349
434
460
412
470
475
455
447
439
443
408
439
444
432
411
451
411
369
419
389
477
506
452
472
460
457
374
431
452
433
465
441
396
478
410
463
453
421
421
469
422
489
359
452
393
417
486
418
477
469
426
488
388
451
436
429
412
366
483
387
474
440
445
390
440
457
359
361
473
480
464
448
490
427
457
479
438
461
460
501
456
474
455
462
404
436
458
422
417
430
438
439
480
444
398
472
404
451
366
474
406
489
414
416
428
395
428
468
409
449
431
403
445
386
455
444
446
379
406
441
456
387
467
429
447
423
429
399
493
437
498
447
464
450
489
370
505
465
406
391
454
451
443
456
451
457
457
479
463
390
445
441
439
459
404
364
456
407
413
440
415
446
466
464
462
477
469
355
448
412
443
480
434
448
456
458
423
361
431
456
442
423
458
436
472
378
460
376
507
476
453
424
473
420
484
442
441
469
432
406
350
499
403
442
472
381
457
462
489
430
468
408
470
419
426
452
456
460
440
459
392
468
452
367
443
443
418
463
471
491
456
437
368
429
458
417
453
424
400
456
455
434
472
464
488
443
471
454
414
361
454
441
471
459
444
433
499
505
405
441
440
420
451
372
477
419
373
464
432
376
455
379
443
457
424
459
497
452
439
449
451
461
472
440
451
443
451
380
389
448
438
419
430
484
426
400
420
416
466
459
406
406
432
449
471
327
457
371
455
376
405
437
435
427
464
491
444
364
403
463
471
450
413
449
470
443
464
477
462
455
458
432
455
387
473
454
471
444
491
434
441
436
443
462
442
444
423
428
480
399
450
447
367
450
439
427
429
453
394
423
424
462
452
505
459
368
387
432
451
463
448
472
395
443
450
446
470
449
367
494
451
450
422
486
433
389
360
366
354
379
452
449
363
433
451
431
409
414
351
352
436
466
489
485
435
459
437
494
467
464
450
476
451
322
466
423
428
465
435
468
450
354
465
382
379
442
422
339
435
426
404
404
386
379
436
336
409
342
393
415
407
488
361
405
392
396
391
338
382
346
363
377
338
397
425
395
456
352
442
383
256
376
381
380
412
332
470
440
401
355
445
450
453
415
420
435
448
411
404
402
433
376
420
508
393
437
418
356
414
368
440
460
362
394
372
429
422
357
361
344
334
401
484
425
434
340
437
340
380
500
381
429
409
372
381
426
382
401
445
399
431
363
402
400
446
450
385
464
374
433
423
406
491
420
436
411
413
413
412
366
394
390
419
372
386
415
422
483
373
466
382
390
373
421
402
335
442
343
352
430
430
477
378
455
414
332
397
370
422
443
418
448
397
444
442
460
426
449
339
467
475
497
383
421
440
366
427
438
451
444
439
404
467
394
290
429
459
451
385
469
333
454
397
411
420
239
416
449
360
438
433
429
476
346
403
459
336
477
445
358
375
455
417
439
464
446
406
463
394
408
436
459
418
393
348
341
392
448
485
416
432
425
402
454
397
413
447
413
391
506
394
485
385
403
409
357
468
360
453
444
454
442
430
339
511
459
365
452
494
469
449
440
474
416
446
435
449
406
372
410
374
405
389
419
390
352
406
397
327
422
452
422
364
398
399
398
456
354
382
363
371
434
357
447
453
400
429
374
392
491
237
416
455
347
438
354
482
383
427
460
434
509
430
468
409
453
484
375
451
467
470
407
454
425
441
457
440
396
381
432
409
410
465
442
356
453
439
498
336
483
470
415
443
414
495
513
412
327
443
439
440
461
393
343
398
450
408
486
447
460
484
365
452
456
440
446
463
430
404
486
430
437
389
503
417
366
410
478
382
374
449
410
347
406
336
457
460
369
362
454
430
473
440
458
428
350
427
459
430
475
520
464
407
474
432
376
505
459
416
494
472
412
444
489
478
431
439
412
392
469
442
448
465
485
411
349
458
440
461
447
442
446
370
428
382
459
405
478
458
458
476
426
352
443
415
385
483
454
452
426
494
405
402
346
439
398
463
351
482
370
447
385
405
476
456
428
451
434
389
423
455
456
464
428
434
459
488
406
357
381
423
445
481
418
403
443
435
354
450
426
345
479
482
382
480
418
425
422
432
397
420
415
424
342
423
447
376
445
440
382
485
443
431
479
462
430
462
479
442
438
456
420
440
470
421
365
487
349
453
437
490
467
398
517
488
447
474
378
393
356
359
394
437
449
447
385
475
444
433
461
500
446
409
388
450
417
334
471
420
498
425
453
424
478
441
438
470
449
443
456
425
476
453
441
443
346
444
457
462
425
422
424
452
429
400
444
447
401
436
350
457
424
464
440
468
459
432
478
473
460
428
506
420
368
432
360
366
474
448
428
470
485
427
521
486
449
434
439
454
473
465
389
387
434
462
364
430
383
369
415
410
445
385
439
459
460
413
436
479
418
389
448
402
439
486
463
439
491
431
425
378
486
449
461
387
481
396
453
490
476
498
442
495
445
440
424
481
434
472
459
439
420
455
435
454
429
436
480
452
449
433
407
488
415
403
479
480
357
471
450
387
405
393
443
468
252
486
364
462
480
397
434
439
356
437
397
369
453
472
486
459
416
464
438
448
412
479
461
470
442
478
427
442
461
427
433
435
459
453
434
430
417
448
427
279
452
431
353
357
432
487
454
445
451
478
374
434
461
405
415
442
455
415
386
426
476
433
428
440
455
462
424
428
481
446
434
433
427
464
426
480
424
462
434
452
437
389
388
466
461
449
440
361
486
453
443
423
453
422
392
359
440
463
479
482
437
408
406
432
471
418
462
423
489
467
515
497
432
479
481
444
447
432
475
448
443
447
475
401
486
448
488
457
294
444
440
477
336
468
490
446
416
388
474
464
443
474
333
354
441
393
470
408
452
425
386
408
458
438
474
417
481
481
407
396
414
471
447
481
417
452
466
468
463
450
449
409
403
471
461
433
436
502
406
384
409
465
420
351
502
410
463
357
429
475
476
400
340
484
414
434
460
386
437
450
444
446
406
475
448
402
477
477
460
458
440
438
462
395
438
505
466
464
481
463
439
466
472
442
409
435
428
433
433
380
361
415
473
379
494
420
467
425
413
485
461
506
337
425
354
467
394
453
427
418
454
452
352
428
435
465
432
412
465
448
419
428
394
446
431
415
420
433
447
426
428
408
444
441
459
442
431
428
499
445
480
440
483
378
354
449
427
434
473
455
462
440
431
470
451
399
428
344
428
426
453
433
382
439
436
424
433
415
414
437
445
501
437
502
470
454
446
461
469
471
447
481
458
441
447
448
465
433
449
446
441
438
426
464
416
462
428
435
461
443
397
438
405
493
420
384
428
364
425
435
463
383
470
452
428
444
441
462
423
444
402
350
436
406
355
451
314
466
424
440
404
414
372
412
455
348
385
419
403
424
337
384
346
497
404
405
428
370
388
386
383
449
431
349
347
339
395
348
358
379
254
477
400
443
454
395
405
446
352
410
430
461
415
401
382
452
407
478
431
416
446
419
360
356
436
433
462
452
435
375
363
484
345
477
450
414
422
407
497
354
377
453
356
368
460
427
512
346
483
440
374
397
371
396
387
434
486
423
339
450
431
340
377
388
355
497
391
399
424
465
435
442
457
474
435
415
437
439
393
379
450
420
418
336
434
434
395
348
457
332
396
463
355
439
358
332
438
395
420
382
396
400
367
449
417
425
476
393
387
380
371
438
355
395
367
463
456
411
462
414
417
357
417
370
426
434
402
408
438
418
472
440
357
455
466
431
382
370
401
390
437
424
368
386
471
378
454
343
499
383
255
414
410
422
443
396
462
408
475
441
475
460
377
428
478
453
486
406
444
428
463
476
470
374
504
498
409
439
422
432
469
425
449
467
430
426
446
407
454
406
473
476
332
351
474
484
439
469
442
410
391
418
501
382
428
413
459
402
360
522
454
413
334
504
425
446
384
399
493
467
381
485
434
460
439
417
429
492
428
477
435
443
457
377
459
410
420
443
405
410
458
425
416
476
401
399
470
491
430
507
438
411
430
425
444
463
482
454
412
458
463
451
400
436
477
432
455
435
449
385
446
422
399
454
425
467
470
401
412
407
338
444
350
434
444
433
440
386
420
410
462
404
403
358
449
475
453
363
399
445
315
423
376
393
405
393
399
416
479
412
407
417
472
407
421
464
346
445
405
498
399
471
464
460
425
413
461
406
401
421
457
451
422
440
410
464
421
410
484
287
459
425
441
351
429
429
407
386
384
476
432
435
490
465
398
442
420
446
505
391
452
415
447
433
477
464
392
471
454
378
419
447
472
403
428
422
429
448
413
467
467
386
398
486
499
429
404
426
413
299
447
407
454
496
368
371
462
403
397
434
452
424
455
471
454
443
447
406
352
470
445
458
397
434
403
451
453
437
419
422
460
386
374
475
428
428
442
478
454
451
354
431
497
409
458
434
442
425
421
401
450
421
333
491
415
426
405
479
462
470
395
392
425
469
438
423
450
427
348
417
364
400
438
444
463
463
412
463
428
394
415
446
434
421
418
487
431
473
489
437
441
451
455
393
486
402
458
384
450
399
448
405
448
436
383
486
457
371
413
483
458
425
382
465
451
449
464
424
470
412
335
322
483
419
461
446
483
464
485
455
424
426
450
441
453
454
490
465
454
437
444
372
382
465
485
433
481
481
475
464
466
443
398
440
389
412
425
356
442
511
450
417
444
420
437
370
386
481
394
409
465
400
380
459
484
430
439
459
480
384
416
427
480
466
468
432
439
439
418
397
459
442
441
379
462
454
414
489
431
462
463
421
478
478
437
458
465
403
439
474
405
441
489
434
435
477
408
472
450
453
374
435
346
441
513
440
346
458
447
429
491
456
455
403
407
443
496
434
446
442
457
483
465
470
440
481
464
428
454
459
457
404
427
466
354
392
431
466
465
411
461
443
438
412
421
397
472
445
389
414
385
426
483
458
391
441
394
445
458
436
434
462
405
479
436
427
465
448
430
410
497
461
447
377
473
437
428
440
453
407
428
471
455
410
372
371
467
443
483
448
476
422
413
450
414
477
453
432
419
402
366
494
421
435
479
460
493
453
444
444
445
450
407
452
431
493
499
402
447
426
403
460
449
456
449
409
435
481
446
426
399
420
360
458
475
412
475
325
460
447
478
451
460
420
470
496
460
486
375
478
371
319
450
474
390
432
389
474
450
453
468
394
432
493
415
442
471
416
452
476
360
422
416
440
394
458
467
452
442
449
365
413
353
422
389
414
430
468
438
415
395
421
426
431
447
404
387
448
483
449
443
473
437
471
477
443
426
407
444
435
445
369
458
465
449
465
468
469
441
472
444
433
440
430
472
454
397
447
449
448
406
416
376
462
469
454
468
368
433
407
334
464
436
444
478
448
458
413
380
420
450
426
447
429
371
455
492
453
442
467
426
387
447
440
452
416
493
484
372
495
459
423
420
464
473
430
470
392
451
440
405
456
360
387
364
342
464
477
459
458
460
429
363
423
438
475
434
477
472
437
365
487
479
390
464
436
460
431
460
449
440
478
445
425
450
450
475
435
438
392
393
412
349
390
389
449
465
482
432
403
482
490
405
401
450
419
433
375
429
427
332
431
481
369
404
431
458
407
488
446
373
486
445
449
461
430
431
456
434
444
482
415
453
426
391
478
444
455
413
399
398
474
476
477
472
441
405
492
413
465
462
406
411
384
453
387
426
450
419
419
335
409
450
429
450
458
417
459
392
426
447
424
337
397
382
471
332
469
418
391
392
441
433
424
431
417
413
381
363
471
374
403
449
362
412
407
424
467
416
221
405
478
333
347
341
445
401
320
396
416
351
407
317
484
407
399
415
409
400
435
427
359
389
360
394
470
396
393
431
378
452
443
348
419
436
420
405
329
408
426
371
415
410
420
489
393
462
491
424
304
487
428
308
512
348
386
441
400
395
441
348
421
379
351
451
493
415
449
359
379
410
439
446
462
418
428
422
453
442
437
439
426
466
383
430
443
412
415
373
508
475
397
424
472
410
442
440
493
398
423
433
415
351
355
368
424
443
473
396
408
439
462
363
380
395
467
411
421
346
400
420
400
433
410
434
452
399
495
423
392
430
481
422
444
432
409
439
448
396
452
351
459
437
365
461
444
439
391
408
285
442
432
506
352
365
392
403
473
410
452
341
406
491
478
429
363
416
446
327
448
348
416
447
385
472
439
456
437
423
347
447
476
470
433
419
423
480
447
425
420
364
399
474
479
473
377
492
375
422
459
453
457
426
461
389
488
410
407
479
418
396
417
439
422
446
419
435
391
386
426
324
422
410
380
425
420
452
402
451
380
414
432
434
461
451
416
477
489
483
416
466
451
404
402
442
455
443
457
427
419
376
413
399
455
366
398
479
367
448
452
366
461
453
401
433
429
462
416
447
430
431
371
419
451
442
449
464
414
463
416
433
468
466
412
412
410
475
429
424
441
387
442
430
347
436
399
414
379
422
445
443
435
446
390
426
394
450
451
427
460
245
450
389
441
427
395
431
448
364
480
349
348
455
399
369
418
358
413
452
472
453
376
410
454
433
373
459
461
445
468
378
453
458
465
433
415
444
372
408
384
491
460
342
517
447
494
478
363
527
452
449
446
379
427
414
419
424
410
305
447
406
369
398
427
473
425
472
410
461
450
478
410
410
472
447
397
495
415
466
378
482
432
471
392
414
499
422
400
448
390
462
464
339
492
476
402
427
452
435
445
438
426
414
426
444
478
501
461
347
426
398
480
419
432
359
442
353
436
485
466
478
399
350
429
431
450
454
417
265
434
415
469
400
400
466
426
419
478
482
272
417
424
397
475
349
372
455
399
381
497
347
444
381
425
491
477
477
422
428
440
381
392
457
413
500
473
464
426
465
448
328
379
418
484
457
412
480
436
455
436
475
431
368
357
459
408
432
471
472
376
425
437
497
381
450
466
424
394
418
452
434
427
465
490
459
494
406
409
356
469
345
465
492
387
467
459
425
417
434
409
434
442
376
461
413
490
519
443
430
465
481
455
402
401
461
429
493
413
465
404
452
464
393
371
406
469
444
372
454
452
390
435
365
414
439
459
460
443
428
429
400
386
397
483
438
438
428
414
357
462
493
396
360
423
474
476
430
415
403
425
378
467
423
446
387
406
412
338
475
345
472
431
357
378
345
419
439
468
420
431
389
440
479
415
426
404
446
430
484
454
476
499
446
423
449
431
453
462
412
418
469
494
489
434
433
450
452
479
450
455
445
426
410
414
452
440
474
480
444
398
453
432
385
417
446
465
456
458
449
426
487
460
393
337
431
430
430
423
347
470
418
469
475
493
439
343
411
478
405
455
447
396
479
428
476
447
439
445
476
449
478
414
466
383
413
446
439
474
421
471
352
450
363
414
481
432
408
479
457
429
409
474
403
448
443
486
477
517
474
452
395
468
434
439
387
437
459
469
449
458
464
486
448
493
475
447
434
451
433
442
415
461
453
488
401
450
437
449
454
427
412
464
431
396
426
466
471
355
410
437
471
415
397
442
460
467
478
447
407
450
475
411
429
432
472
460
401
415
448
453
477
446
414
467
438
449
431
442
468
452
446
457
438
441
451
433
461
434
428
386
450
447
455
447
472
369
427
428
454
514
450
411
407
480
452
509
436
476
345
437
432
380
416
428
449
429
463
432
472
458
411
467
408
461
468
450
408
459
401
479
389
478
339
379
382
453
446
476
418
432
429
439
373
460
486
442
458
432
432
468
430
477
416
451
424
472
461
456
400
416
354
343
343
451
466
371
422
430
476
454
468
452
399
452
469
447
464
461
456
468
452
458
459
393
421
492
437
409
478
456
434
450
482
363
471
403
466
374
464
454
417
436
441
441
433
387
494
422
464
492
478
404
482
466
454
480
453
487
432
444
447
401
448
434
418
438
498
456
461
429
378
465
446
488
462
412
465
451
438
421
469
439
442
359
479
433
419
339
438
391
479
434
337
436
456
425
449
433
382
468
330
481
447
479
474
463
473
424
484
450
463
473
393
461
434
408
481
457
444
442
443
461
431
432
462
472
450
379
464
424
467
455
374
354
441
401
455
457
431
395
421
412
462
445
456
453
450
434
398
452
459
391
487
439
439
398
327
388
390
451
393
424
409
502
415
491
412
393
360
395
429
446
470
344
426
491
417
483
416
488
452
408
341
375
385
444
400
374
411
378
441
460
350
377
492
408
388
395
328
435
311
474
433
493
466
443
385
420
424
376
392
477
428
509
412
468
473
418
408
378
385
399
324
410
463
413
432
398
497
310
466
430
414
350
362
448
420
353
424
413
422
437
352
350
470
259
478
446
374
387
338
330
434
441
465
455
445
423
404
473
424
389
433
389
410
413
453
378
445
426
491
449
447
456
432
420
443
358
414
367
444
462
327
328
405
388
400
354
384
412
418
443
343
403
456
280
409
405
422
424
330
352
384
419
355
402
334
461
456
446
439
455
456
362
474
418
415
438
436
441
468
493
395
355
441
463
445
353
405
399
408
483
337
375
411
372
468
322
410
476
414
443
454
452
398
401
416
429
346
405
366
358
470
482
387
439
400
450
414
364
390
469
482
463
431
481
448
422
416
356
436
399
427
445
408
421
447
362
453
415
385
447
416
487
466
493
455
372
414
427
311
410
449
385
446
431
426
423
319
423
348
350
457
416
366
436
464
421
450
437
451
436
353
449
438
412
436
436
415
442
463
384
433
368
349
404
470
371
425
361
468
448
362
389
381
384
492
481
386
484
469
434
460
410
420
453
488
423
462
393
466
342
357
398
383
444
508
436
498
468
415
418
358
506
409
427
400
418
437
411
466
412
474
453
408
425
418
418
391
509
398
506
425
348
348
391
456
378
422
424
310
390
389
442
465
409
409
447
400
435
365
420
465
466
468
399
401
436
416
422
466
458
475
410
416
419
399
427
469
428
473
402
404
379
414
478
452
459
463
378
400
482
332
346
378
396
465
460
492
440
416
455
482
415
436
486
409
391
359
462
356
478
456
404
432
471
461
409
428
446
408
478
388
418
423
430
472
393
481
471
458
479
399
491
391
452
457
390
433
446
472
459
476
480
485
393
435
460
441
464
461
485
468
416
397
450
445
435
463
460
407
460
488
444
467
386
418
411
432
467
470
477
455
445
436
514
408
438
449
470
431
458
449
485
391
390
433
409
409
405
473
450
455
344
380
456
429
358
434
474
325
470
493
439
446
405
436
493
442
425
449
381
448
457
463
462
424
457
443
446
452
429
457
464
438
452
465
446
436
480
480
470
494
378
342
478
441
457
459
366
470
472
402
440
327
340
396
402
463
405
410
483
433
452
429
495
453
444
395
437
396
358
477
425
457
454
422
398
461
448
426
448
451
463
397
441
504
448
410
435
387
447
382
376
407
418
457
357
450
414
461
474
424
459
472
379
485
339
433
480
432
484
386
430
459
502
454
417
385
447
378
398
407
446
424
460
456
428
444
438
437
493
327
474
405
457
481
427
433
438
387
434
372
376
458
435
444
436
382
436
446
422
466
496
427
377
442
489
405
429
399
421
423
418
472
443
456
401
466
481
432
424
493
450
475
445
423
422
483
471
457
448
473
477
406
476
426
424
416
398
467
473
356
480
477
419
440
428
499
407
478
472
441
454
474
409
405
385
475
414
426
436
386
346
411
493
431
482
499
432
432
485
427
432
368
472
461
478
469
448
495
457
396
478
475
454
453
430
455
373
448
420
438
395
451
455
462
487
450
401
455
491
359
484
444
480
450
366
456
423
335
454
368
426
426
464
449
450
447
478
345
422
472
439
451
450
444
413
462
440
452
511
499
466
494
420
440
464
455
424
429
426
422
452
361
458
478
472
438
396
489
427
487
412
426
431
423
371
454
451
381
471
444
446
434
436
424
388
431
441
376
404
373
409
490
419
447
467
449
467
437
494
471
426
461
459
490
471
385
373
472
464
431
466
439
444
474
351
433
454
440
439
448
486
443
463
424
462
434
434
338
456
458
395
431
473
417
464
372
445
449
502
442
443
495
435
391
485
458
419
489
465
444
473
426
467
423
459
452
462
446
449
474
434
433
446
418
413
438
486
481
462
410
399
466
376
445
482
417
456
456
461
403
411
466
429
439
464
474
434
379
404
462
462
392
434
455
412
473
407
429
471
469
436
476
453
492
455
436
480
364
474
436
483
359
440
432
397
417
454
469
442
444
400
458
350
400
358
471
435
446
490
457
425
457
422
405
397
434
453
467
372
460
442
468
448
497
468
436
400
461
411
450
478
422
434
431
473
488
459
406
472
456
463
440
492
446
455
472
350
445
465
456
403
419
419
439
432
438
467
439
425
386
450
426
415
433
496
461
484
388
463
497
426
430
449
468
419
446
456
474
418
463
431
452
447
457
450
423
488
389
443
485
447
414
426
422
408
432
452
443
429
446
455
437
436
461
479
453
431
420
449
381
423
480
432
443
445
463
448
440
334
481
388
431
362
395
389
406
474
423
460
419
356
387
430
457
443
398
453
372
433
431
398
447
413
441
387
412
376
407
395
354
338
338
386
502
358
371
413
482
407
399
472
403
416
399
426
319
387
350
305
455
395
334
473
384
403
487
437
478
469
373
460
435
443
435
405
404
469
405
414
441
464
450
448
447
359
408
226
439
448
335
397
346
350
425
490
428
402
349
448
412
408
430
322
407
468
490
434
429
361
432
379
397
438
462
410
474
457
431
421
357
472
426
423
431
414
424
460
319
427
360
387
488
416
408
469
438
406
426
420
380
431
340
396
438
349
414
408
297
478
462
468
421
447
434
458
424
439
492
368
412
418
362
481
436
395
459
467
455
446
381
386
411
428
457
421
449
432
424
402
424
377
495
445
391
467
439
438
450
449
326
462
436
395
452
406
428
441
387
432
381
473
430
490
381
422
348
440
354
375
499
412
376
445
525
451
470
475
433
451
363
419
411
437
452
414
401
460
451
392
479
390
384
383
415
423
408
441
465
426
373
388
367
364
401
402
460
451
391
432
374
419
461
440
442
443
303
423
387
470
461
436
468
438
434
469
460
480
433
444
455
470
442
393
424
465
430
449
459
450
470
368
473
394
420
422
409
410
445
409
343
456
376
345
435
459
411
405
386
430
458
447
398
391
447
407
424
411
455
354
414
419
483
438
365
466
466
454
426
451
463
437
430
444
434
416
436
445
470
414
349
361
426
457
464
401
457
400
432
478
455
397
367
429
415
381
418
419
412
474
418
423
462
484
489
441
466
410
450
351
465
452
382
450
413
431
436
450
403
420
442
424
406
423
402
364
490
407
420
430
436
429
472
427
475
384
420
271
449
432
396
440
439
389
481
374
413
407
422
425
337
404
457
373
472
486
478
491
345
371
421
425
464
389
466
434
469
463
426
455
479
485
419
468
455
437
428
457
446
428
448
470
446
452
458
345
492
461
429
428
337
348
454
437
443
366
457
429
469
431
442
464
464
466
444
450
415
452
463
383
421
447
368
431
377
478
434
496
451
457
450
450
427
435
484
389
419
472
438
441
468
456
379
477
443
395
460
428
430
410
465
440
361
430
505
373
457
430
333
419
423
446
428
439
448
450
453
470
448
411
454
397
420
450
514
450
443
407
425
458
399
460
500
437
427
435
454
440
465
420
443
459
389
417
418
461
430
447
427
395
468
470
477
499
465
497
471
411
479
499
463
454
411
479
410
433
373
472
449
405
417
404
460
471
488
447
478
440
455
470
442
433
473
444
436
419
464
448
411
422
392
354
403
467
460
412
499
423
427
487
357
443
356
462
475
475
484
473
419
417
413
484
414
447
426
454
415
475
468
461
486
422
458
433
432
478
441
436
457
390
385
466
447
449
392
459
432
402
447
465
377
474
467
461
470
405
454
418
461
469
484
399
387
483
458
438
469
440
434
441
384
398
480
499
436
496
476
474
468
465
380
471
457
464
497
440
478
434
448
453
435
434
452
481
437
456
461
437
426
389
452
418
452
452
442
427
485
453
446
468
411
400
472
496
436
338
452
433
447
454
436
365
451
440
447
448
466
468
458
370
386
429
431
465
403
443
483
455
438
385
378
388
416
441
467
464
418
466
421
423
440
400
429
479
443
467
441
396
424
450
372
381
434
391
390
382
476
429
454
430
498
429
404
464
446
475
466
410
482
430
361
467
450
387
490
495
473
456
446
461
454
376
451
444
417
449
409
452
441
453
380
431
481
432
484
421
441
472
399
427
444
460
490
395
439
445
478
473
462
431
364
355
451
499
433
401
406
459
450
394
457
446
390
460
459
486
459
464
461
447
460
446
456
445
415
422
469
442
365
418
377
382
461
437
493
363
442
439
443
430
440
380
412
385
434
418
460
502
464
450
425
440
472
438
460
416
385
488
457
442
485
481
457
427
443
498
483
442
459
443
482
480
420
430
419
453
437
410
477
388
462
389
453
463
432
457
459
481
408
470
444
494
340
399
399
473
434
436
436
459
372
412
408
407
428
435
364
364
462
500
461
453
468
445
443
428
436
423
463
458
439
405
441
454
465
486
415
438
453
426
451
358
422
422
414
495
380
419
461
453
409
466
470
406
425
466
438
469
438
417
477
448
445
451
448
446
474
443
411
425
474
446
409
470
353
421
419
444
412
448
468
443
464
451
462
378
454
445
416
468
483
423
436
435
441
469
404
439
436
479
429
444
412
451
495
386
433
437
421
426
453
427
441
378
430
422
401
432
448
386
435
441
414
392
450
461
444
435
447
457
444
433
442
436
439
442
386
427
454
450
412
371
436
445
439
469
452
484
456
438
425
459
438
411
455
387
430
415
459
439
467
449
435
422
463
386
348
435
404
354
418
400
454
435
427
505
438
460
399
441
347
448
445
419
388
428
403
453
414
416
372
447
426
428
389
360
451
454
447
430
353
330
335
339
432
373
463
426
432
409
364
433
398
431
439
401
345
400
366
471
460
387
374
444
446
434
424
499
410
416
346
425
399
446
468
449
419
413
434
411
346
312
340
378
394
370
441
227
391
421
365
344
343
416
431
445
404
404
458
424
432
398
471
434
390
393
315
395
464
477
446
416
329
462
393
446
420
442
473
436
445
404
399
435
408
420
511
440
362
434
437
357
414
440
451
483
453
435
434
419
416
358
344
489
432
371
403
427
395
449
373
481
495
352
445
489
472
471
341
374
474
396
367
470
395
426
446
376
418
471
467
426
416
490
426
440
448
410
373
426
338
442
399
463
443
460
401
459
463
504
387
382
325
367
475
381
498
392
361
440
356
359
433
509
483
434
423
431
391
409
439
430
351
344
454
418
432
436
456
421
365
433
423
434
443
404
425
456
339
441
356
412
373
410
421
367
408
410
487
440
454
401
403
393
434
480
490
477
285
458
418
410
489
430
454
439
345
425
490
412
354
433
453
448
411
472
463
353
447
459
448
486
440
456
414
423
440
457
347
449
426
367
371
413
438
352
454
380
442
426
491
414
367
347
435
416
419
427
413
414
404
406
400
461
397
422
357
411
429
369
409
395
432
430
449
459
430
460
408
437
453
479
421
480
464
481
427
462
440
445
454
452
484
447
440
485
413
454
465
453
462
441
338
342
438
440
476
472
324
437
402
419
466
407
442
387
445
431
351
493
437
427
412
438
454
460
441
499
442
399
421
382
420
439
460
466
450
376
392
498
389
373
425
400
434
352
445
439
475
462
470
359
409
448
440
413
436
471
352
418
467
452
405
377
429
462
442
471
430
399
473
430
455
417
349
468
412
443
484
468
367
478
467
413
436
448
413
459
459
460
442
404
427
465
425
458
420
442
423
436
454
404
458
492
399
360
454
415
443
436
485
404
425
443
455
448
336
470
494
455
473
497
506
445
473
417
436
415
439
444
460
453
453
453
448
456
463
476
350
471
473
412
455
486
439
398
455
449
423
414
460
356
509
346
447
419
434
446
476
415
423
432
453
422
427
473
385
478
362
395
471
447
418
449
440
401
448
466
435
468
366
486
472
453
506
463
486
463
455
428
459
452
461
498
411
471
433
406
480
463
339
473
472
375
439
386
422
440
376
457
369
428
465
363
467
426
481
443
363
497
443
437
454
412
463
476
434
468
434
413
445
468
447
463
491
444
477
424
377
430
401
444
437
472
425
482
445
480
397
448
480
474
507
411
421
449
461
476
343
456
461
444
499
483
440
480
363
458
400
399
448
443
467
427
405
401
507
431
445
429
458
432
436
467
440
432
349
463
464
446
434
357
410
461
454
383
459
466
377
399
346
415
436
452
445
398
450
452
434
401
455
479
457
477
414
451
342
446
448
466
453
426
344
438
468
466
416
439
404
452
399
407
469
487
455
470
433
478
473
468
410
369
444
419
494
436
417
387
462
415
479
460
411
364
514
345
447
444
418
487
502
451
437
481
455
510
362
470
381
392
436
476
485
470
393
459
449
425
415
451
476
455
447
467
422
448
444
487
442
421
429
459
451
437
407
379
480
447
443
432
450
422
444
483
411
474
444
455
411
423
462
414
356
477
476
429
447
455
470
480
379
445
451
476
452
442
410
364
456
436
450
422
434
484
448
432
438
484
394
453
481
416
465
409
426
446
422
430
445
479
371
373
413
463
442
462
462
435
320
442
473
471
455
478
497
464
332
489
384
504
385
477
479
367
461
413
472
454
452
428
460
466
451
443
483
480
413
474
480
416
456
489
443
440
470
454
415
453
396
425
360
339
360
416
477
472
475
421
407
414
454
455
420
419
423
460
359
437
395
456
480
425
443
460
418
452
449
450
475
407
463
469
468
448
443
441
468
469
361
453
480
445
427
446
424
446
478
423
467
463
409
470
428
348
453
481
442
452
414
459
454
444
441
407
452
456
467
427
448
469
440
442
468
463
454
420
440
447
471
486
371
444
419
465
436
436
437
445
409
419
401
436
492
469
412
413
431
370
436
447
459
338
451
380
479
469
463
456
431
484
380
445
461
436
484
407
432
439
450
410
471
432
451
464
452
419
434
461
464
459
462
415
432
454
429
439
408
481
412
432
446
472
449
400
413
447
414
443
412
437
376
340
424
437
437
448
432
444
418
430
466
432
453
453
422
453
378
467
414
382
404
451
376
475
375
435
446
417
486
402
475
436
437
483
435
447
403
441
455
437
429
445
444
444
418
369
453
475
379
452
461
371
429
491
427
452
431
458
439
481
319
401
466
448
468
446
422
468
402
338
417
394
353
480
458
403
432
418
444
459
449
449
409
424
407
462
479
488
360
423
379
449
471
445
414
367
436
249
400
395
476
389
430
385
416
366
384
413
422
384
351
395
410
371
403
461
478
445
387
348
441
408
351
424
453
441
430
471
462
468
371
433
467
421
406
426
457
476
376
459
488
473
497
419
444
363
414
402
455
415
379
370
386
396
392
407
439
441
412
442
329
493
377
449
393
371
399
482
381
356
504
460
453
459
485
471
445
443
422
468
415
432
425
410
465
474
426
463
402
457
376
468
397
368
410
452
470
279
437
395
336
349
374
397
409
333
395
446
396
414
402
448
433
448
445
430
337
404
335
444
426
379
472
422
472
427
460
382
427
411
496
440
429
422
484
439
344
405
451
432
501
352
335
400
431
411
410
409
448
431
352
443
418
486
431
400
464
469
279
434
413
320
442
445
425
429
386
413
461
375
480
468
385
455
463
454
425
407
449
472
424
337
451
468
468
456
458
377
411
413
376
399
429
454
490
411
496
455
427
423
382
484
403
345
483
486
463
414
394
477
395
382
417
353
438
403
420
404
336
488
502
416
467
454
382
460
447
442
382
495
348
362
458
468
428
413
491
419
379
461
453
362
361
418
435
364
451
401
430
463
379
381
495
360
433
475
432
412
353
420
339
428
482
429
463
487
342
397
372
493
418
418
482
382
440
413
455
433
436
383
403
462
426
439
475
442
423
395
378
427
353
348
421
441
429
410
439
438
378
425
343
372
435
479
474
501
462
450
251
472
478
418
426
433
419
395
363
411
365
482
439
399
447
402
322
430
450
451
470
458
378
378
436
436
508
444
454
381
420
431
488
363
500
504
459
379
466
421
458
464
365
430
346
435
479
365
443
422
332
418
505
382
493
451
423
466
436
435
380
288
373
414
480
496
457
433
445
344
403
463
370
451
446
471
475
459
436
455
390
433
462
460
356
500
429
366
489
426
387
406
483
380
466
439
468
344
416
450
424
481
412
452
418
486
455
452
453
475
451
381
497
429
418
480
465
490
474
450
468
373
492
473
484
480
444
480
463
456
423
445
445
354
470
437
458
435
461
429
449
429
407
444
469
367
406
457
409
476
369
415
443
439
409
446
440
460
351
433
465
396
428
453
416
447
453
451
438
409
474
488
448
462
472
447
459
433
433
439
393
526
445
353
411
443
456
374
443
291
401
378
427
480
459
453
466
463
460
468
421
486
463
450
478
464
461
449
432
482
440
435
383
470
368
371
461
443
469
480
468
431
444
468
446
455
439
468
493
410
412
471
378
430
478
441
453
462
432
414
420
434
486
378
454
412
432
414
419
447
388
437
443
466
461
363
412
415
408
397
364
480
462
457
421
459
416
442
468
452
377
422
388
457
448
468
481
470
447
430
404
390
404
342
430
415
437
375
473
402
439
443
415
385
441
381
433
446
424
435
420
429
484
470
398
521
468
449
345
481
468
372
479
456
493
434
460
418
464
506
462
421
458
461
443
415
409
443
435
422
418
422
490
452
376
433
445
418
477
380
433
446
358
396
387
400
460
424
456
451
472
481
467
454
435
450
441
451
463
448
366
397
452
430
454
428
468
410
411
454
459
460
450
428
437
498
461
458
415
454
455
441
442
472
433
398
424
465
441
417
442
443
458
378
398
370
457
461
452
459
258
493
366
435
429
442
423
419
391
458
479
441
414
459
421
464
455
447
474
418
461
425
385
459
482
463
446
436
433
451
416
468
389
475
438
411
419
374
442
392
440
466
446
470
506
492
441
462
429
466
453
431
453
439
460
463
461
462
413
477
457
443
465
459
496
343
469
471
472
447
421
396
488
476
479
456
465
462
413
366
416
458
418
464
451
453
406
392
471
475
403
454
356
438
366
371
437
360
469
452
445
444
441
459
466
493
437
420
406
479
478
381
377
413
430
436
397
477
474
408
475
425
405
419
450
438
469
427
443
444
433
437
473
386
427
466
450
453
427
469
445
448
484
380
344
386
430
386
405
494
406
440
461
458
432
441
452
500
444
416
471
463
476
458
465
462
433
463
473
474
425
442
441
444
434
429
451
404
447
440
423
438
404
455
475
477
460
456
462
468
439
469
352
467
447
422
468
474
447
467
409
433
404
443
420
439
457
464
355
429
374
471
439
461
385
445
472
421
476
448
469
458
456
459
441
492
458
465
423
491
405
444
491
461
436
444
459
389
407
471
416
407
426
372
462
398
450
367
417
441
468
408
478
431
414
469
456
451
348
435
474
435
420
389
418
405
396
456
433
451
444
426
404
374
460
434
435
477
460
456
474
400
371
409
441
446
473
362
476
399
375
439
365
472
360
444
426
472
406
456
431
445
448
403
409
428
452
444
404
444
450
462
480
478
458
450
384
400
392
440
429
463
355
432
431
434
433
408
445
417
419
437
350
466
393
409
469
374
418
393
406
405
471
435
395
349
421
451
400
399
403
426
358
381
416
438
489
418
447
406
460
356
383
400
462
455
340
386
484
454
418
448
428
432
409
449
439
447
421
390
336
428
409
484
462
390
400
395
397
415
506
381
339
450
363
363
434
337
423
448
461
413
352
459
373
432
397
431
347
447
453
357
375
406
410
439
444
440
443
413
428
415
392
357
466
444
457
396
418
480
373
449
407
350
377
389
473
409
421
365
439
407
437
352
351
445
424
489
488
431
425
415
306
394
406
475
421
441
367
411
412
357
440
404
361
450
373
413
505
436
454
405
460
518
500
431
386
463
412
449
346
470
474
376
403
375
412
438
447
364
473
413
338
398
362
500
444
470
382
430
437
468
353
410
404
478
442
440
353
430
399
436
427
460
465
479
381
395
442
496
481
413
453
401
393
467
477
426
407
437
411
388
446
486
349
421
428
362
432
368
400
457
363
463
433
445
452
374
396
480
474
420
402
446
377
446
449
458
333
423
479
468
357
399
390
412
419
490
408
450
435
465
387
410
447
419
423
432
403
436
389
496
413
361
405
455
435
407
444
443
418
474
486
395
449
498
422
475
453
391
466
493
410
416
459
429
418
438
360
392
362
311
451
439
464
439
509
470
476
454
454
473
489
393
481
442
438
450
424
469
417
463
412
359
429
424
418
410
431
392
429
471
459
396
483
374
411
349
467
456
390
444
351
443
444
510
445
488
338
422
397
367
447
396
456
474
478
431
465
381
432
463
365
366
429
437
489
462
423
482
359
410
478
364
437
469
487
403
458
394
479
475
372
473
360
411
431
368
452
435
380
443
376
486
439
426
466
463
372
495
474
428
365
473
479
463
432
442
485
451
440
437
366
424
456
492
477
415
428
425
389
433
472
402
413
431
435
411
427
450
449
484
378
486
408
458
429
490
438
427
311
432
470
393
394
391
472
408
367
463
460
422
479
425
460
488
349
478
417
387
441
457
515
454
492
434
460
402
465
421
471
447
427
478
508
442
458
376
499
474
451
430
480
441
343
329
397
484
467
427
397
490
460
451
427
451
447
445
420
433
401
433
422
446
384
464
481
437
483
450
433
419
454
474
421
499
421
480
457
470
456
495
429
367
492
374
438
389
425
360
475
435
341
444
354
486
477
334
502
448
498
475
494
438
482
481
476
434
380
422
448
455
467
507
499
426
444
431
449
413
468
499
480
447
436
515
471
441
449
458
441
507
425
396
432
388
456
494
455
419
452
487
487
463
498
400
430
492
414
460
451
438
471
443
443
415
430
431
395
428
345
427
472
441
458
452
485
480
465
463
451
459
437
401
429
510
491
456
442
441
364
466
468
455
435
437
442
464
499
365
461
433
427
431
480
463
472
351
469
432
453
450
447
460
421
503
472
433
475
432
482
447
470
443
401
462
458
456
452
469
473
434
462
405
404
431
425
422
457
466
480
405
503
462
369
474
428
424
445
385
398
473
462
480
454
356
448
380
435
456
476
443
356
419
455
396
445
451
324
453
431
393
443
427
370
406
466
501
428
466
502
429
466
468
411
450
442
402
383
464
456
484
463
409
420
473
420
458
492
440
347
448
469
482
368
469
466
351
432
461
509
442
365
501
428
434
438
426
419
454
455
443
381
460
363
450
464
437
459
433
454
457
422
386
428
466
454
446
329
460
445
442
443
377
463
427
446
440
451
379
465
464
445
390
447
439
440
504
436
461
432
423
363
429
421
447
468
408
363
446
505
476
459
449
459
442
350
457
453
490
439
456
482
435
472
430
440
461
466
475
422
465
475
432
442
447
441
448
445
453
461
463
380
477
427
361
443
392
489
458
440
475
363
461
431
464
449
461
393
429
460
465
460
438
428
489
422
436
459
437
454
470
388
460
432
439
483
416
442
455
383
452
453
450
477
436
439
370
475
469
461
439
452
364
428
386
431
476
416
436
362
435
456
360
445
392
437
509
469
454
472
434
506
426
442
449
388
449
414
423
460
444
460
453
424
434
439
447
421
464
446
470
436
477
451
436
483
398
454
439
444
434
383
400
440
468
428
435
444
432
425
428
450
422
422
452
497
476
423
422
480
450
463
437
425
454
449
456
422
437
452
431
475
452
455
413
481
440
418
474
401
479
441
431
376
433
451
472
461
475
439
436
449
419
377
395
407
450
454
442
456
437
410
464
432
474
445
468
466
427
370
462
456
458
386
484
422
497
463
428
453
455
404
408
432
443
415
438
457
440
480
430
344
464
459
466
401
438
422
447
385
462
465
420
452
477
448
472
470
462
454
414
448
430
426
404
440
420
474
428
458
358
390
380
358
337
401
424
499
460
388
398
330
404
409
415
417
403
387
412
401
424
425
408
448
466
411
344
428
440
465
411
446
368
353
465
419
440
403
433
336
433
359
446
416
399
397
408
486
412
344
360
426
435
407
393
382
412
387
352
407
383
469
469
408
503
385
396
458
431
384
421
405
408
473
419
459
419
396
468
418
423
359
362
495
371
456
343
386
440
460
471
404
408
371
406
440
429
477
378
352
344
468
396
409
439
389
455
439
488
369
459
421
359
428
406
470
439
478
406
331
415
364
415
461
436
450
384
398
414
417
374
406
446
441
382
396
428
399
414
395
475
328
434
374
449
427
434
351
398
355
354
400
406
355
459
418
477
515
402
407
439
487
435
422
472
453
403
496
439
468
471
416
352
421
410
428
355
443
386
456
408
406
482
369
483
461
380
389
425
414
447
458
393
489
446
512
448
344
400
389
454
442
431
441
374
384
422
403
463
435
444
479
445
474
459
438
494
437
472
468
440
407
443
408
448
400
376
473
434
385
437
431
495
419
443
460
360
429
479
423
462
436
406
446
409
446
409
489
427
325
385
434
504
371
452
426
417
439
412
428
399
479
447
441
415
436
442
438
404
371
455
418
424
401
444
462
360
453
449
432
457
472
482
439
480
450
416
442
411
487
405
375
391
487
437
425
436
487
382
476
467
403
488
459
458
362
478
426
366
418
456
487
453
439
427
490
442
474
484
356
372
462
360
440
459
457
366
475
400
438
427
340
469
446
448
464
359
406
481
366
436
423
399
432
465
435
462
348
419
350
361
490
454
462
493
339
456
430
473
482
418
452
446
503
466
395
418
458
469
380
423
455
429
362
487
424
394
453
297
386
439
392
478
431
373
487
367
456
442
437
488
387
443
429
425
461
481
358
425
336
469
488
414
369
452
459
413
416
447
483
461
476
449
465
469
460
434
455
445
467
467
468
411
462
442
393
447
428
426
453
440
344
369
379
461
450
355
455
460
456
444
405
437
412
410
424
444
497
445
471
499
371
431
500
470
491
436
458
461
468
422
346
447
466
507
466
424
443
417
380
422
399
377
434
362
432
383
486
436
462
494
371
369
438
383
489
474
424
427
415
440
354
446
388
422
473
446
448
430
456
365
460
421
444
427
461
461
478
464
441
434
474
444
403
496
457
421
478
489
452
426
479
469
415
468
432
449
450
418
370
426
451
432
364
458
456
402
414
414
407
399
450
419
457
434
429
479
409
382
472
473
463
424
431
445
463
483
458
455
439
470
442
374
474
417
424
426
461
453
329
430
454
350
468
415
443
480
466
481
491
478
403
373
352
457
470
398
442
430
366
411
379
391
402
451
423
445
390
389
342
468
387
443
456
427
377
446
475
403
472
365
426
423
471
465
526
432
431
453
449
411
390
359
406
453
438
415
456
473
443
461
339
420
368
462
467
442
463
442
370
428
443
421
442
479
429
470
491
456
425
459
462
429
479
452
434
443
478
424
453
457
462
460
508
456
465
496
430
482
383
431
385
422
472
421
463
446
496
483
481
467
491
413
419
465
410
468
466
414
407
417
423
459
440
468
405
442
367
406
384
323
346
419
445
457
453
435
437
441
461
475
439
470
482
450
438
421
463
475
462
453
352
373
472
481
456
376
475
443
469
445
462
514
487
448
423
431
438
463
420
429
468
442
480
450
477
481
430
419
412
408
422
449
378
452
417
411
413
459
456
460
390
484
442
472
428
486
414
443
486
430
366
483
428
430
460
494
455
371
454
447
474
477
457
359
465
489
502
453
386
461
436
475
458
411
438
429
431
414
365
432
465
430
425
467
463
472
462
449
466
458
467
376
443
464
452
429
378
457
457
475
461
356
460
438
439
463
441
432
454
464
442
427
358
432
422
388
422
501
429
463
464
431
389
434
433
430
382
464
475
437
456
440
406
421
494
459
476
470
420
434
469
447
428
461
440
435
447
443
422
446
484
428
349
424
425
377
455
478
385
471
322
385
486
458
452
446
433
473
404
408
364
467
506
412
465
431
479
410
353
453
474
377
497
421
372
469
471
449
448
442
475
456
430
469
445
413
435
439
462
452
468
374
352
440
439
448
417
451
466
455
466
443
386
442
453
348
430
406
415
437
483
440
462
441
394
465
337
487
429
399
459
414
450
467
426
463
448
444
456
451
479
460
469
394
466
447
471
448
378
427
405
438
458
464
419
463
458
440
421
459
463
378
470
466
437
425
449
446
465
477
449
425
444
481
440
448
492
424
373
446
447
453
367
433
465
459
479
460
434
454
335
420
438
447
455
477
453
454
379
475
447
433
440
452
508
462
453
454
454
457
478
425
438
402
471
413
485
453
463
455
394
415
432
468
398
490
420
412
396
353
435
448
334
424
346
402
413
493
423
451
399
346
488
471
429
383
413
449
397
454
347
393
455
393
478
391
374
290
457
408
347
406
339
400
415
397
411
410
479
402
463
472
376
428
404
425
329
425
383
357
477
419
350
437
470
453
462
448
413
420
451
493
429
463
481
434
436
385
478
471
340
341
416
404
416
367
473
338
462
442
466
479
452
384
465
363
438
420
386
396
402
397
415
378
424
422
337
463
342
360
455
419
363
396
397
435
441
449
484
460
347
450
463
458
463
476
381
424
348
469
443
397
399
414
416
401
408
444
395
458
502
468
363
350
465
363
436
439
432
410
355
430
431
406
469
420
334
504
345
440
372
410
493
406
465
408
478
424
440
411
450
440
422
465
449
462
465
399
435
402
379
375
421
422
450
451
420
403
436
497
435
475
485
456
423
396
412
416
384
417
361
422
462
405
446
421
367
458
417
458
357
433
382
478
493
425
418
464
390
453
513
394
416
424
423
446
430
442
475
403
431
491
455
446
415
362
397
354
391
427
333
410
455
474
490
364
482
519
381
497
369
429
455
483
443
444
343
453
478
389
404
473
433
450
524
452
497
430
419
466
438
428
480
454
494
387
335
485
373
450
384
375
458
442
448
437
435
426
459
479
451
368
406
491
433
469
467
430
408
430
471
465
472
307
412
410
466
437
375
504
435
435
514
467
401
452
449
446
378
468
477
486
488
457
482
422
477
417
494
461
474
462
459
492
474
436
479
337
466
438
475
473
491
426
444
481
449
449
459
408
427
398
493
449
422
422
454
504
443
501
391
412
379
435
386
451
451
477
426
449
506
471
441
458
448
406
325
486
396
453
445
327
460
429
405
533
402
441
447
453
509
410
350
451
434
396
464
458
437
420
361
442
423
433
435
452
416
398
493
389
493
427
480
461
442
386
409
460
427
477
439
489
412
389
424
428
453
459
424
469
425
351
404
477
414
480
409
354
476
492
386
358
459
422
414
396
446
456
408
437
415
433
472
296
450
435
477
473
464
450
456
450
413
409
467
431
448
426
490
444
450
427
451
433
430
480
431
467
405
441
424
374
488
435
399
481
470
475
463
486
435
483
355
350
447
461
465
417
428
415
387
456
439
428
449
455
477
416
491
446
456
438
450
458
363
456
472
433
455
420
472
434
506
478
479
480
460
461
354
454
411
447
376
431
406
368
424
390
455
416
464
369
405
423
450
435
475
438
429
416
428
430
431
506
464
448
441
491
459
452
472
457
449
461
473
450
478
473
452
458
446
390
482
460
429
481
443
451
434
439
457
486
461
410
475
406
458
439
460
416
378
429
395
440
409
484
423
419
439
502
366
453
416
470
442
408
431
435
382
417
434
482
377
473
458
443
405
435
435
457
429
419
434
489
475
444
475
451
422
384
389
492
420
433
440
446
434
479
386
459
416
409
450
459
483
464
438
463
473
447
472
454
474
463
428
421
449
453
452
400
435
416
495
477
496
454
427
457
403
463
442
450
429
460
426
425
460
381
455
479
440
352
501
454
458
450
424
490
437
407
476
375
454
404
414
381
478
464
403
408
485
460
472
497
442
474
407
421
470
400
441
434
418
446
489
460
417
471
462
447
436
440
445
436
415
445
438
405
385
485
434
387
477
438
489
382
467
345
478
446
459
411
430
434
458
460
417
449
432
446
493
389
453
484
423
425
458
454
489
404
477
438
484
425
432
399
479
410
459
427
469
364
473
412
469
487
422
448
361
482
349
474
460
451
467
460
438
399
423
493
481
391
373
503
457
469
467
468
389
477
394
455
436
474
450
455
405
470
459
388
449
451
356
443
415
456
445
428
452
452
483
430
418
437
500
450
411
448
451
449
369
466
465
426
443
431
408
456
459
422
428
471
447
375
430
437
472
465
354
415
448
429
456
469
440
447
446
456
342
361
382
469
414
409
333
453
429
351
424
451
453
426
461
460
445
488
433
401
377
453
442
395
473
413
471
329
437
409
446
483
467
402
367
482
482
356
429
458
396
433
482
419
420
442
428
466
466
463
460
468
445
449
448
443
424
488
431
437
449
378
460
449
462
437
474
483
444
440
387
409
369
477
483
461
418
480
432
467
449
409
403
394
478
437
429
420
409
390
449
447
471
445
431
386
441
479
483
460
407
444
418
439
455
431
380
449
446
468
477
367
437
464
439
444
421
471
454
441
451
452
404
473
467
434
465
367
450
414
437
449
379
370
403
454
414
371
432
455
462
437
453
449
460
481
430
429
447
461
454
478
431
383
452
429
444
433
429
459
486
383
482
454
454
410
443
453
458
427
456
427
434
474
470
419
444
359
462
432
438
452
458
446
472
469
463
466
462
435
395
494
389
453
442
483
425
465
471
448
471
