86
114
123
137
124
117
79
145
106
68
109
120
104
127
69
72
122
115
116
89
97
119
109
72
75
103
145
125
81
86
112
109
147
109
108
129
96
78
172
93
129
141
77
91
110
114
115
127
92
98
114
99
94
105
107
79
104
107
122
88
126
124
129
152
95
148
103
78
59
103
145
109
113
117
109
120
97
132
116
116
105
152
106
123
129
121
110
98
94
143
131
64
86
142
136
154
89
127
129
112
105
104
126
85
109
104
107
95
101
84
126
101
102
74
85
98
116
64
104
60
135
126
105
142
122
105
124
109
116
95
109
88
118
56
113
104
89
123
133
76
100
80
62
102
110
118
152
102
124
56
108
113
51
111
145
79
115
111
85
119
65
117
115
78
60
129
142
102
116
69
95
87
124
87
84
86
103
124
42
79
101
126
113
130
83
108
72
53
100
91
114
78
80
97
84
95
87
118
130
126
91
81
106
153
110
96
126
108
118
109
94
74
123
131
65
126
73
121
104
125
114
104
76
109
104
129
100
127
82
107
116
95
90
98
116
93
99
90
88
64
118
85
86
107
80
78
103
93
89
115
68
110
74
104
115
108
157
143
92
97
118
129
147
127
106
70
81
132
129
99
148
69
106
77
132
147
111
115
109
125
94
68
115
79
111
127
108
137
89
85
135
104
74
129
149
96
116
125
95
78
152
121
104
157
115
93
125
48
98
134
153
106
109
104
114
144
145
130
109
92
128
149
128
127
106
133
101
73
51
138
113
122
96
68
59
114
120
84
101
101
101
113
118
102
87
82
111
75
74
185
84
124
123
114
96
61
105
116
117
155
103
108
135
105
111
127
96
115
117
144
142
76
110
69
130
104
127
110
97
113
127
98
136
116
104
113
151
94
114
107
87
124
68
151
106
121
131
120
109
69
102
46
108
74
126
99
96
141
63
147
116
101
78
95
97
104
90
105
67
135
98
115
110
77
124
121
60
156
101
104
112
81
123
107
117
70
84
98
65
109
142
119
123
95
68
117
89
120
88
102
112
56
106
136
75
82
92
113
138
133
113
123
127
124
109
100
88
103
163
113
108
116
52
120
84
90
150
109
87
124
111
104
129
104
135
119
98
162
65
110
106
116
103
117
129
116
123
128
88
137
132
129
71
104
113
105
108
118
65
70
100
138
142
137
129
95
132
47
61
128
139
92
84
126
102
110
94
144
71
114
136
94
118
111
84
123
91
93
126
130
110
128
75
148
114
134
118
104
83
122
117
114
111
133
111
138
71
54
90
157
87
121
124
74
113
104
104
122
108
102
95
118
79
80
63
126
110
90
86
103
95
131
158
132
52
90
35
117
55
82
125
116
108
108
88
97
69
110
54
120
112
79
102
103
93
86
58
78
132
62
99
127
96
79
122
149
99
72
103
100
85
61
121
68
78
131
111
103
97
101
115
109
86
84
64
116
85
124
146
126
107
82
100
107
99
101
101
126
145
90
93
149
124
82
91
71
108
90
76
92
90
75
118
80
124
117
85
62
81
95
148
125
162
129
101
97
134
135
68
117
124
130
144
82
112
111
127
119
122
138
109
115
110
124
137
120
128
125
126
119
123
111
97
94
151
98
111
143
150
118
66
146
135
133
113
162
94
99
80
120
138
107
148
130
104
119
151
112
127
131
124
101
167
132
88
121
152
103
119
94
109
123
89
119
118
122
109
107
104
117
128
133
142
76
120
57
109
129
94
92
89
100
98
67
108
64
114
122
122
97
90
162
112
85
130
81
122
109
109
141
144
122
108
112
112
82
103
105
114
123
141
98
92
76
123
140
66
102
87
141
129
123
130
130
76
110
102
81
84
104
121
92
82
58
105
114
110
98
90
91
126
120
149
71
77
77
138
74
96
83
123
114
117
96
134
97
103
117
88
79
125
124
96
118
120
84
108
119
98
112
104
108
92
65
46
108
75
159
129
141
110
86
123
89
115
123
109
110
119
120
127
95
105
111
76
108
125
111
89
94
109
87
122
119
83
127
145
113
98
139
92
123
95
143
110
58
117
93
66
122
75
127
127
93
163
129
126
154
126
136
115
117
124
100
141
93
104
127
120
63
94
117
115
96
138
90
97
91
132
110
143
111
111
116
87
127
133
63
123
100
138
135
81
133
140
143
139
108
76
131
125
82
67
86
143
79
126
127
99
123
136
63
100
116
119
109
129
95
100
56
73
84
132
163
133
93
114
108
108
74
79
111
144
103
100
125
90
108
105
51
108
89
114
100
112
100
132
108
94
105
98
78
64
117
113
109
82
113
104
123
135
118
118
149
60
112
86
105
84
98
48
154
119
95
118
100
69
100
90
80
89
105
87
86
72
74
108
89
83
131
115
125
75
88
92
99
90
140
135
115
109
146
116
109
108
40
113
135
98
117
72
110
54
112
120
83
131
110
97
157
117
122
91
140
93
109
79
96
75
96
115
99
117
111
126
137
107
130
116
127
115
71
137
118
93
98
127
80
111
145
110
84
80
119
115
90
143
78
60
125
88
68
87
109
104
107
65
111
104
77
111
99
117
96
85
121
110
101
133
92
141
115
102
101
141
114
129
73
138
118
79
94
106
62
127
101
122
116
114
110
118
95
105
125
78
92
156
108
85
122
103
133
122
79
76
109
122
145
114
111
95
105
75
120
148
109
73
132
124
94
50
86
111
76
106
95
143
120
121
102
88
127
83
89
115
124
130
98
121
128
113
109
84
89
113
83
104
75
88
100
149
119
112
71
121
104
92
110
118
68
130
95
109
96
92
115
106
141
142
108
78
96
80
116
137
65
60
115
105
132
116
103
83
111
140
95
60
140
102
96
67
82
135
117
77
103
143
138
127
80
100
86
50
84
126
113
126
98
115
71
127
94
110
54
120
106
66
94
97
124
77
77
94
122
126
124
105
119
83
76
92
95
114
113
132
149
95
116
85
94
117
90
112
139
124
155
87
98
112
133
101
144
132
140
99
51
99
136
114
92
122
142
119
124
110
85
114
117
150
121
146
128
86
136
111
137
139
113
84
141
87
137
102
132
115
75
75
115
75
113
134
116
143
61
134
127
90
149
124
75
100
155
122
118
136
82
78
105
127
111
109
118
83
126
134
135
97
112
76
122
104
101
120
105
102
120
124
95
72
110
97
81
100
115
94
96
91
88
146
65
104
79
132
52
57
95
92
84
96
99
60
117
110
75
110
83
107
99
101
97
82
82
133
105
112
104
107
108
78
94
80
124
120
89
115
88
113
92
89
123
80
116
97
112
98
116
93
92
126
89
109
121
91
122
108
101
94
127
122
110
111
109
114
139
106
127
119
59
132
123
106
47
125
147
109
108
138
104
76
87
114
103
136
104
103
110
87
86
67
80
72
118
93
156
104
80
114
103
116
114
141
154
127
98
130
74
124
114
142
142
85
146
63
132
102
115
113
58
125
135
134
111
79
103
118
102
83
126
93
139
102
100
146
65
99
119
125
162
126
126
89
123
94
125
138
119
122
137
122
99
144
111
119
100
109
70
95
106
76
99
78
99
84
106
82
115
116
119
95
59
118
114
156
99
137
91
87
99
126
74
102
121
144
111
119
115
128
78
117
96
122
80
80
112
111
140
124
111
124
141
129
142
121
108
99
121
99
103
90
117
127
115
113
114
120
116
93
94
116
99
85
72
117
109
148
78
118
105
121
128
90
101
113
118
120
108
79
72
109
125
104
83
107
91
74
122
115
132
84
114
125
119
145
103
124
106
127
93
89
150
88
140
127
128
80
71
120
89
99
50
112
95
118
91
117
131
84
89
46
139
121
136
100
92
93
107
98
82
114
125
141
147
97
109
136
116
102
116
94
77
121
114
122
112
131
122
134
108
101
101
88
127
112
112
70
107
77
105
84
145
84
154
93
121
101
99
132
77
126
117
143
114
85
135
113
139
135
73
109
119
103
127
94
121
129
129
73
119
119
109
131
87
108
143
84
73
127
94
84
48
77
71
96
85
94
106
108
79
125
108
51
112
60
91
102
105
140
79
95
103
80
119
115
88
61
112
129
89
116
69
97
94
129
90
100
91
154
88
52
138
120
123
94
112
112
126
93
133
53
114
82
98
129
81
123
76
95
118
106
105
68
89
106
105
91
95
83
99
93
116
112
103
115
119
127
99
157
101
98
88
89
96
74
87
112
113
77
107
122
135
121
124
82
102
120
100
94
134
113
100
126
65
104
113
118
131
118
104
57
102
115
140
126
115
83
99
133
164
90
112
125
109
116
112
109
134
81
135
110
134
137
103
123
101
106
117
132
139
94
117
101
81
135
119
89
115
114
135
105
111
139
110
104
73
90
126
101
136
146
100
113
115
133
116
118
147
120
147
110
103
86
107
61
136
67
124
112
93
98
104
135
73
91
81
116
106
123
80
108
142
88
91
57
78
136
97
119
100
123
86
87
60
122
97
109
70
101
64
116
61
117
101
116
136
106
161
98
61
94
127
145
96
90
78
98
104
112
104
113
150
109
97
95
75
76
84
111
136
122
112
77
110
82
65
104
109
103
82
109
144
108
142
130
137
92
84
85
113
78
124
117
113
86
107
113
126
124
114
111
58
93
105
84
100
66
126
105
101
96
89
124
92
99
83
79
145
99
102
141
119
121
107
114
96
118
66
104
148
137
105
136
114
117
159
94
155
125
84
105
132
119
87
122
126
87
106
103
96
94
109
73
116
126
123
90
136
100
121
123
108
118
82
113
101
110
120
90
134
105
137
103
95
98
76
63
110
105
65
115
124
93
102
123
141
118
144
110
103
113
131
121
124
116
115
101
127
88
100
46
96
75
125
118
114
120
124
94
112
94
100
86
136
80
122
97
89
110
153
111
87
72
97
113
86
107
99
98
124
107
70
94
115
102
106
111
131
118
110
87
100
70
68
116
95
95
92
135
95
149
127
108
101
125
99
98
108
139
134
74
131
64
73
117
64
112
69
107
68
115
92
74
56
87
80
76
118
80
91
97
133
132
116
110
80
102
136
138
90
101
96
139
113
123
137
120
123
135
90
86
89
105
121
117
63
92
95
74
117
131
101
84
120
74
71
123
92
116
83
120
95
127
98
109
117
106
93
106
106
62
109
97
113
108
47
64
66
116
113
68
72
132
113
68
101
155
111
91
108
105
122
91
129
129
90
88
138
78
61
111
93
87
80
130
108
104
121
98
78
135
86
105
140
66
85
130
124
93
102
121
152
124
102
95
124
119
95
110
85
83
116
153
112
114
118
131
135
113
105
70
144
105
89
161
98
126
105
125
64
70
89
133
104
101
115
131
87
146
134
111
117
57
116
57
149
110
140
84
92
120
109
127
105
125
68
142
73
76
124
117
140
128
94
85
132
106
78
89
51
90
88
112
142
70
110
114
64
94
135
138
116
104
119
124
119
101
105
112
131
75
108
102
127
128
70
91
72
83
77
92
128
71
100
98
91
59
98
98
97
90
109
106
113
89
116
130
123
112
99
100
80
125
95
112
134
77
104
90
84
107
109
113
105
64
87
96
75
139
126
99
94
95
103
113
96
118
99
138
113
157
71
103
138
98
115
122
83
117
90
84
115
95
104
113
87
115
109
104
102
106
104
137
104
104
119
103
132
135
69
80
93
145
127
93
116
62
114
74
92
68
118
114
113
104
108
80
114
111
119
112
119
110
73
117
131
123
83
157
54
132
107
123
113
105
123
72
99
65
107
121
121
121
94
113
91
129
151
101
106
103
59
105
90
84
86
124
118
111
158
70
118
67
110
75
120
111
55
116
108
67
120
135
103
109
108
63
99
57
75
53
71
130
113
143
98
97
86
97
103
124
114
124
94
136
147
145
163
144
112
119
108
90
67
95
89
105
99
122
118
97
121
100
76
84
116
86
88
105
95
82
143
97
67
82
70
113
118
50
75
109
71
120
86
104
73
82
74
117
99
118
119
93
92
102
92
89
79
85
97
95
78
61
111
69
151
113
67
56
124
92
82
109
151
114
111
89
111
146
85
104
130
72
102
94
116
107
97
122
118
81
96
130
92
110
68
131
104
138
124
116
78
131
105
120
96
118
120
87
112
138
98
67
114
115
120
96
90
118
74
99
98
97
105
110
115
95
118
66
116
118
102
99
79
116
87
113
70
121
91
99
77
93
110
117
115
81
123
131
125
102
149
107
115
128
168
110
64
108
130
74
135
127
127
134
97
98
61
99
81
122
130
62
112
159
112
133
146
80
121
99
98
132
66
86
117
109
94
57
100
110
109
115
120
106
80
55
116
113
104
119
116
116
133
145
73
104
105
112
162
123
115
143
110
112
53
110
140
145
86
83
127
93
60
84
76
73
73
95
42
62
106
113
92
123
111
91
91
78
115
120
89
121
83
99
70
97
78
85
76
57
91
54
99
99
75
105
125
126
100
92
69
88
106
55
68
109
82
60
116
53
112
130
142
106
138
88
87
114
131
100
105
113
76
116
84
107
118
77
71
103
114
95
92
91
111
78
122
89
121
124
150
60
134
72
79
110
70
88
106
126
112
70
114
117
143
92
117
55
93
146
104
138
172
109
114
121
132
120
118
155
68
91
75
119
134
145
103
121
53
196
105
133
141
115
53
108
100
101
113
121
92
129
142
85
100
116
104
117
94
130
108
142
116
86
139
73
107
117
122
109
95
113
95
108
87
122
104
58
56
128
140
110
103
118
116
98
64
126
72
63
116
149
145
100
127
158
71
106
140
91
129
75
108
82
110
134
95
93
135
115
89
135
114
145
151
112
116
91
118
94
114
113
99
48
96
92
110
81
113
78
101
105
111
83
115
109
112
118
129
67
95
117
74
121
73
79
109
87
85
84
93
119
88
115
91
89
95
111
98
62
153
88
135
94
106
127
119
92
102
77
105
61
78
101
106
119
88
64
102
104
123
60
131
104
77
126
146
70
81
100
122
82
114
153
75
124
98
96
97
60
111
100
107
151
104
126
126
145
85
108
91
71
129
100
130
84
96
139
78
106
124
90
128
130
99
127
78
130
97
93
143
99
125
99
130
109
99
109
162
112
129
95
82
118
153
96
94
88
122
81
84
109
113
122
91
123
80
128
113
83
105
121
131
111
121
139
131
114
126
127
74
110
87
128
100
108
70
121
135
117
96
127
95
119
108
101
120
83
111
111
132
78
99
136
74
112
114
127
115
110
98
113
129
66
99
92
121
100
132
117
127
70
91
90
122
86
98
153
104
121
128
