130
159
168
178
180
144
113
194
144
107
159
169
161
176
125
133
170
187
174
143
139
169
149
120
132
162
210
191
127
134
154
164
190
146
152
173
141
126
229
151
169
188
113
147
175
154
151
179
155
150
169
132
138
145
165
142
173
150
169
133
175
167
177
216
138
190
143
127
100
145
184
144
159
164
158
163
137
182
160
152
152
189
178
188
172
195
173
138
128
211
178
101
146
189
207
195
128
174
171
149
131
170
163
128
147
174
147
124
138
131
168
151
174
134
140
144
159
122
148
132
178
167
139
190
198
148
159
157
154
152
176
133
158
88
146
170
125
170
170
128
154
133
110
143
155
177
207
141
169
94
156
155
82
168
184
95
154
174
143
182
118
163
163
130
103
175
184
144
168
98
123
128
171
112
123
117
159
174
66
140
149
179
165
165
110
168
94
87
178
121
171
137
135
138
118
142
130
183
167
183
130
120
147
216
149
130
160
162
164
157
130
114
192
175
130
167
126
155
154
160
156
160
99
149
168
171
142
165
127
151
152
167
151
137
159
140
146
131
129
119
162
130
130
157
121
110
134
149
166
181
118
162
113
145
154
166
209
183
122
155
176
176
199
170
140
117
118
189
179
143
190
109
170
115
191
205
151
174
154
172
138
119
183
148
152
189
157
188
123
118
193
156
117
170
185
139
167
190
149
142
199
161
144
208
159
138
191
72
155
195
202
149
141
141
163
201
187
197
150
156
181
211
181
174
155
179
127
118
109
163
160
174
134
107
108
162
152
139
140
138
156
157
156
142
144
119
157
138
136
244
120
173
185
182
140
97
165
153
145
205
134
162
187
149
161
171
130
165
147
185
198
121
155
125
191
142
172
151
147
162
175
141
175
149
143
158
183
119
166
154
107
179
110
203
149
165
205
176
144
99
134
96
168
130
189
143
160
184
107
191
166
140
131
134
137
142
143
150
119
177
136
160
167
138
179
153
89
211
144
156
151
136
171
160
162
99
124
137
105
148
199
160
170
151
127
166
133
169
148
150
151
91
154
178
123
127
134
151
176
177
162
173
181
174
170
162
160
151
217
165
169
163
105
159
136
144
195
173
134
154
145
141
175
144
177
160
141
208
102
155
151
159
156
179
171
168
152
186
121
171
187
170
136
144
156
168
174
157
99
123
143
185
181
182
176
149
200
85
89
175
184
128
141
180
143
165
173
197
126
168
180
148
186
180
148
168
139
132
166
181
162
162
127
210
163
187
144
145
144
178
178
147
168
176
151
183
124
109
119
205
148
168
162
140
168
141
162
177
162
137
126
170
128
141
94
163
170
114
108
180
125
185
212
171
98
141
69
154
75
135
182
153
150
164
121
162
112
141
85
167
145
120
145
168
149
128
99
135
180
100
149
171
146
118
172
191
139
107
150
158
129
95
186
108
131
166
153
138
144
148
142
152
145
143
109
161
141
166
192
173
153
130
141
157
144
139
145
179
180
138
116
194
182
144
136
127
146
134
120
129
152
112
175
121
176
174
121
109
129
144
192
163
211
179
155
139
180
170
117
164
166
167
189
129
148
151
195
157
156
184
194
152
173
172
201
163
167
172
168
168
156
163
131
142
185
156
164
198
202
162
122
210
192
188
172
212
129
163
119
182
182
154
198
177
150
188
205
178
179
182
177
139
218
166
133
161
190
175
163
136
155
185
148
161
186
169
154
151
151
156
182
171
182
123
165
115
157
179
161
177
146
136
151
99
165
104
174
177
154
128
147
218
167
119
166
137
163
148
137
208
188
176
160
166
148
124
134
152
160
149
191
147
149
129
184
188
119
140
144
194
176
166
178
182
105
154
152
118
130
167
167
132
109
94
150
175
165
138
131
133
160
148
190
113
122
116
170
129
153
115
177
164
151
135
169
142
143
146
136
131
182
155
137
163
168
106
161
156
146
160
148
163
136
127
89
181
122
207
180
193
137
128
167
120
161
167
171
153
166
166
179
131
150
163
130
149
167
166
142
158
164
129
180
172
141
187
190
156
141
175
132
168
141
210
146
116
164
152
115
182
136
191
189
156
222
174
177
190
162
196
176
169
172
167
190
160
138
177
158
111
125
166
158
176
214
147
141
146
197
153
191
162
182
176
124
183
189
114
171
137
172
200
120
163
179
193
193
151
121
182
174
135
138
141
189
106
174
184
162
180
199
114
153
166
153
165
170
142
149
113
108
127
188
215
182
134
174
164
155
129
131
153
192
143
128
177
128
152
145
98
144
129
166
153
162
143
190
141
137
151
138
119
98
167
166
150
151
164
138
155
175
158
168
190
95
156
133
157
135
141
94
191
161
153
165
144
123
135
135
154
132
140
149
119
116
127
166
110
122
173
145
186
127
147
137
140
146
196
189
154
175
187
160
139
155
71
160
190
123
163
116
168
85
155
161
150
174
173
147
216
176
152
160
200
126
158
121
152
115
138
158
128
171
153
178
184
151
200
168
172
149
99
186
166
143
126
171
135
163
189
161
140
129
165
174
144
196
130
115
168
152
112
124
160
146
152
105
142
149
129
158
135
175
148
116
168
150
155
185
156
196
153
169
126
200
152
180
103
190
157
136
151
163
118
184
150
168
180
161
164
172
146
150
166
137
134
200
155
106
192
176
181
158
125
149
140
160
180
164
157
157
169
138
174
203
159
143
164
156
141
88
129
150
129
144
142
192
167
163
147
136
168
128
155
167
197
187
131
169
184
153
160
149
143
155
127
158
126
128
145
200
164
155
117
181
131
151
157
173
113
176
167
132
157
147
157
140
186
201
153
116
149
129
164
191
108
92
166
156
170
155
138
132
161
201
150
88
193
145
128
108
127
194
155
138
155
185
196
186
147
144
142
114
123
164
164
178
136
148
116
207
147
171
90
176
137
108
151
142
175
119
136
133
163
165
178
153
156
150
122
155
148
169
148
185
200
147
176
129
134
148
141
155
189
189
203
133
147
154
195
149
195
172
199
144
91
145
182
164
148
184
181
176
173
161
137
161
155
192
171
183
168
123
192
153
204
190
153
125
199
135
181
176
201
167
111
116
156
148
148
165
167
182
122
171
188
160
205
176
124
141
198
173
187
184
146
119
160
171
174
178
153
131
179
193
172
130
162
121
169
148
170
155
138
153
157
177
129
128
165
140
110
145
171
145
167
154
145
197
97
157
133
174
92
91
160
142
126
126
141
93
145
162
108
154
134
142
155
143
145
125
120
182
150
144
148
145
167
140
138
125
175
160
162
155
119
159
141
136
160
113
174
153
158
154
152
125
123
176
120
153
153
163
155
159
148
137
163
172
162
156
141
177
176
151
174
171
102
179
196
144
94
172
190
163
156
190
176
141
135
162
147
192
166
166
158
132
136
113
136
116
155
142
214
150
134
156
145
172
166
184
202
166
174
181
116
174
157
178
186
146
200
111
185
151
156
168
111
166
164
191
164
111
155
175
153
130
166
152
180
143
158
190
116
152
174
166
216
181
179
141
179
147
192
188
157
202
188
172
149
195
165
169
137
165
130
146
146
129
146
144
154
162
150
114
149
193
167
164
111
178
182
196
143
188
123
164
150
161
122
135
182
191
153
162
166
179
115
178
155
184
132
135
153
153
187
187
171
199
187
159
185
169
151
137
159
150
153
136
182
160
150
155
162
167
146
133
137
160
147
129
124
166
143
190
123
163
147
182
167
134
128
148
167
167
140
120
121
162
165
144
137
153
133
118
162
161
160
129
173
164
165
199
128
174
158
165
131
142
206
161
195
193
166
120
115
173
135
166
105
162
153
157
146
157
171
134
140
94
194
176
176
159
144
132
160
134
132
158
178
201
184
158
167
198
160
143
146
131
127
154
173
193
148
192
165
187
166
144
171
146
175
150
146
113
159
133
153
118
194
145
212
136
183
151
180
159
104
169
169
189
176
143
190
157
193
173
148
166
180
140
172
153
192
171
198
120
172
170
165
168
139
167
170
111
134
183
161
123
78
120
117
138
149
130
143
158
137
177
151
77
165
95
128
149
137
198
120
129
133
130
169
163
136
111
152
177
151
163
109
161
121
186
131
139
142
214
122
113
186
172
167
162
162
165
170
134
181
86
166
134
158
174
113
167
116
159
163
143
156
122
123
166
140
128
162
129
156
144
167
156
150
175
176
167
152
206
155
144
130
127
126
132
115
149
140
117
153
170
193
185
181
115
153
151
147
138
172
163
156
183
115
154
156
166
172
157
134
111
148
179
213
167
170
137
149
176
214
123
162
175
160
168
168
151
180
145
180
181
205
188
142
169
141
143
157
165
181
152
168
160
125
174
173
132
150
159
182
153
164
181
173
140
118
156
173
143
175
194
133
174
149
176
166
155
194
163
183
149
141
115
182
83
179
117
171
162
124
135
167
184
142
123
112
167
166
166
105
155
195
130
157
81
132
171
142
152
156
159
114
128
94
178
136
160
125
157
110
164
78
166
142
154
189
138
216
134
114
173
178
185
127
126
122
174
148
177
139
145
192
153
133
137
125
104
131
176
188
159
147
110
159
138
107
143
176
147
121
170
183
151
181
181
177
139
129
134
152
136
167
175
154
134
161
155
168
157
169
161
97
133
150
152
150
114
179
150
156
137
113
179
130
154
125
137
193
160
139
192
164
184
154
172
149
172
110
152
183
195
162
189
157
171
215
145
208
171
134
143
171
174
128
185
186
127
146
152
125
133
152
88
157
183
166
132
182
160
174
156
157
173
127
169
140
166
163
135
166
172
190
151
132
161
152
94
155
154
116
163
188
148
149
164
196
170
187
170
143
162
162
166
171
163
156
133
162
129
131
102
129
104
175
163
158
163
179
152
167
124
144
156
196
120
190
139
124
158
185
152
121
99
140
161
147
150
143
133
171
150
119
158
157
171
142
162
180
160
161
117
146
117
132
167
114
153
128
176
130
195
172
152
167
175
121
148
162
178
175
107
166
121
113
177
115
159
118
140
110
158
141
112
93
135
127
122
160
124
138
142
181
178
163
157
131
142
188
177
152
150
143
198
154
163
184
165
161
189
157
124
140
141
176
178
97
130
126
123
156
171
127
149
179
107
106
173
131
162
136
166
125
181
153
161
162
132
137
145
151
105
150
141
177
161
97
106
115
160
171
124
124
177
153
116
134
212
162
132
133
149
160
150
186
176
134
170
196
108
104
158
144
137
141
175
157
158
168
144
139
176
129
144
180
111
127
174
198
164
138
169
209
178
137
137
188
172
141
169
122
144
173
207
177
160
170
180
178
147
148
126
187
164
146
208
156
170
161
190
111
126
142
193
145
160
150
177
136
188
192
161
158
109
164
105
191
156
199
124
112
172
157
165
187
172
104
185
101
120
198
169
174
170
142
127
173
146
109
140
96
154
117
153
201
131
164
166
97
126
182
178
162
143
160
177
176
149
155
155
180
133
151
146
178
171
120
143
130
135
120
123
169
126
131
145
129
113
143
141
143
125
136
148
139
136
174
182
164
154
132
133
125
178
131
156
184
107
158
139
142
152
169
172
155
100
130
141
118
190
176
167
147
173
145
145
163
152
132
180
153
196
124
152
177
155
144
195
124
154
135
149
185
137
153
150
128
156
184
149
150
153
153
180
166
142
162
191
179
157
117
132
141
201
175
128
173
110
152
112
137
120
144
168
163
140
154
114
159
149
167
164
167
153
112
152
195
157
145
195
82
172
140
164
173
159
171
129
139
111
158
159
160
192
144
177
135
182
190
154
139
141
120
142
133
135
143
173
170
162
197
128
190
108
138
119
152
158
108
166
139
128
159
181
139
155
139
90
143
102
128
98
121
166
168
187
168
150
143
140
174
164
163
173
133
178
185
197
218
195
185
163
147
111
134
123
155
151
153
165
163
158
170
155
108
146
161
138
139
153
141
125
183
148
114
138
104
144
171
88
122
166
103
165
149
138
119
128
113
165
129
173
166
123
129
127
140
120
113
128
138
132
132
105
154
113
197
146
125
94
187
144
114
164
198
162
166
150
164
196
131
175
181
118
145
145
160
135
144
175
178
136
148
175
149
146
119
184
143
197
171
165
144
173
156
174
142
149
169
147
163
186
164
106
166
174
171
158
121
159
108
163
160
165
145
167
168
139
166
111
178
166
142
157
122
158
126
160
126
165
138
144
119
155
148
149
173
117
160
191
163
156
195
165
170
164
212
151
120
149
173
111
177
166
164
183
139
135
91
143
127
173
178
123
181
205
150
172
198
111
159
166
152
178
113
141
167
140
127
93
137
188
174
155
165
152
118
106
172
173
149
159
156
164
166
200
107
153
148
149
204
177
163
181
159
163
91
160
196
182
124
142
171
143
95
126
119
136
114
156
96
114
152
167
144
162
152
134
137
126
144
163
148
170
115
150
104
132
127
133
110
95
141
104
127
137
114
141
169
197
155
134
105
112
160
86
106
147
123
106
168
96
169
163
210
143
172
149
135
176
184
173
165
164
130
166
133
143
175
125
136
140
168
154
140
150
143
130
178
139
157
174
209
105
184
126
140
163
121
133
147
163
162
129
177
173
191
118
157
109
155
201
160
199
220
169
154
177
175
179
165
214
111
164
108
158
177
183
150
161
82
242
177
189
172
167
83
148
153
147
155
184
142
181
198
127
137
160
160
157
129
176
170
197
155
122
182
112
177
178
164
179
151
148
143
155
116
179
135
115
86
184
180
168
140
174
170
157
134
170
131
124
191
185
210
128
188
205
112
144
186
136
180
136
157
137
167
185
155
133
200
166
158
178
160
194
188
137
188
138
173
128
155
170
131
85
126
135
161
116
162
130
140
143
150
114
177
151
175
163
170
115
152
150
122
161
106
123
141
146
123
135
126
159
131
159
135
148
140
156
138
111
199
134
194
134
146
169
156
138
142
116
163
102
149
149
149
161
127
106
153
152
157
100
182
146
132
165
208
123
128
139
162
143
173
201
116
166
149
148
139
107
155
153
164
216
140
177
179
183
135
171
153
113
176
143
198
132
160
189
128
152
169
136
178
177
146
171
124
153
153
145
176
135
178
153
180
163
144
161
211
154
182
161
144
175
200
148
128
102
188
156
131
166
147
161
133
181
130
187
151
119
143
170
184
162
172
195
191
151
182
183
126
152
125
181
143
159
116
180
180
157
146
179
131
171
149
154
160
129
148
167
166
127
154
181
121
164
157
161
168
163
151
167
171
127
169
130
167
124
193
171
165
116
134
124
153
134
151
194
160
163
182
