246
289
266
287
302
251
210
313
253
204
265
285
265
277
225
217
291
292
310
246
226
262
254
209
203
293
329
299
217
229
259
278
311
263
250
303
230
216
369
279
264
320
198
238
286
272
260
281
238
253
324
228
239
261
288
247
280
259
270
228
288
261
312
332
243
287
241
226
195
243
300
258
270
265
272
274
259
291
305
261
263
316
248
304
261
334
272
221
225
342
278
183
221
308
326
313
230
311
285
260
225
282
264
216
254
268
267
216
262
238
287
232
294
234
230
247
303
200
265
234
296
293
225
315
319
255
265
268
285
245
288
234
273
172
261
284
230
292
299
242
260
229
165
243
273
260
312
250
273
164
266
266
152
297
313
153
270
302
251
303
184
259
284
210
180
316
326
253
288
156
220
232
304
192
221
184
281
283
115
194
257
305
300
287
186
290
158
146
280
221
284
243
229
240
238
237
245
297
284
282
212
213
240
325
256
221
273
274
289
258
242
209
310
300
247
287
227
254
269
256
263
278
191
258
267
283
236
257
221
265
277
256
259
255
242
272
284
217
212
209
279
232
241
267
201
210
231
254
261
306
206
257
184
234
264
279
325
309
218
265
289
283
323
297
234
195
223
315
304
261
311
213
293
215
295
334
237
276
262
287
249
231
291
246
272
317
269
327
213
227
306
252
224
265
317
241
272
311
269
245
319
283
246
331
292
248
317
129
273
301
330
238
241
260
280
326
300
333
253
249
309
329
288
288
280
302
198
208
196
278
260
293
262
190
201
263
253
240
248
247
251
276
271
259
231
227
268
209
241
373
200
291
312
293
251
207
304
257
251
329
240
310
326
243
276
284
247
316
262
298
318
205
257
211
325
234
324
249
246
262
298
262
291
269
250
274
307
199
283
260
173
301
204
324
276
289
357
296
256
169
221
160
272
233
303
232
270
300
181
306
284
234
233
225
256
228
246
241
208
284
229
265
259
219
292
262
176
319
258
255
257
219
265
270
252
183
212
231
191
271
323
275
278
256
203
287
232
310
254
258
260
159
292
296
238
227
224
242
286
288
264
283
308
293
297
271
245
265
324
281
289
272
213
282
227
240
294
281
233
257
242
259
301
233
281
275
260
340
204
260
247
296
284
300
297
269
273
301
221
296
294
287
217
239
271
296
282
253
194
222
255
310
310
303
294
259
315
152
190
316
291
210
252
301
252
278
290
315
239
294
293
241
317
304
268
281
240
224
274
335
275
268
214
328
263
308
250
281
240
312
303
247
288
305
280
305
237
226
191
339
240
289
267
233
319
261
268
292
263
242
226
309
235
241
171
293
302
203
201
292
220
303
324
287
192
245
146
260
144
234
275
268
266
288
199
255
207
265
139
299
237
216
254
274
274
211
168
223
275
205
262
295
252
204
268
313
254
194
249
268
239
178
296
213
226
257
246
239
245
245
240
249
250
231
210
279
223
273
320
284
257
240
243
253
241
229
258
271
280
240
212
306
288
240
231
209
258
238
209
220
259
186
302
209
273
286
225
198
228
246
304
267
318
286
240
249
291
291
205
281
267
257
316
212
242
249
324
272
278
299
325
270
276
267
350
268
264
306
300
257
290
269
214
230
312
256
259
313
341
277
224
317
326
314
296
344
215
269
215
287
305
268
312
284
239
305
336
303
315
313
292
241
329
271
230
264
310
294
261
250
279
279
232
262
310
288
291
290
251
283
298
282
311
217
272
206
286
308
250
264
264
250
253
173
273
190
292
276
252
218
261
340
281
224
273
235
269
252
239
335
336
310
260
301
270
250
246
233
263
270
308
261
246
206
314
313
206
233
248
330
278
280
289
310
188
255
246
189
234
268
293
218
203
180
250
291
243
249
227
228
262
259
304
213
217
216
292
209
254
201
290
259
254
230
275
249
251
236
256
233
282
253
241
264
262
186
274
245
244
276
267
269
216
222
201
279
201
326
304
293
243
255
292
220
296
288
275
264
272
281
301
271
263
277
224
242
286
267
255
253
260
219
296
284
233
308
300
255
235
287
242
293
226
320
259
210
276
255
203
293
236
311
306
258
347
283
324
298
296
316
293
273
293
284
301
246
255
300
271
203
225
277
264
290
352
241
232
251
311
253
304
276
289
271
213
290
328
210
277
255
298
335
213
275
287
315
346
247
209
290
282
241
234
243
320
202
307
295
268
330
317
203
252
285
279
292
284
254
246
214
183
236
326
324
305
244
299
269
264
251
233
270
337
224
247
291
229
262
274
186
241
226
292
266
269
248
323
234
214
267
234
203
180
287
287
271
262
264
253
261
292
246
259
298
158
268
248
248
241
240
179
305
262
277
271
245
217
233
250
261
225
254
237
219
192
208
292
188
222
301
241
314
210
244
235
242
248
300
303
236
280
301
269
238
261
160
268
325
226
241
208
275
155
245
286
272
315
291
266
331
303
271
248
314
212
268
226
256
235
246
244
224
270
270
290
321
250
317
286
281
246
171
306
277
263
217
294
221
290
316
285
221
230
292
302
247
309
224
204
255
250
179
213
272
252
272
202
253
269
221
269
223
274
280
203
293
268
266
316
244
326
257
300
216
317
277
307
196
319
272
233
248
279
209
298
249
313
297
268
283
292
267
287
297
236
238
316
264
192
306
274
292
272
217
276
252
270
300
285
264
253
295
240
293
316
263
241
276
272
281
170
213
245
235
274
233
305
295
277
279
232
276
239
278
276
326
289
243
292
316
258
265
249
226
254
234
262
213
226
228
319
277
249
209
296
218
262
252
273
203
291
269
217
261
258
265
245
311
330
240
197
232
212
271
300
190
174
259
265
267
261
235
194
265
326
250
189
323
246
248
197
227
317
253
247
275
310
324
305
240
249
230
217
222
247
285
291
228
240
193
309
253
305
161
295
244
200
241
242
279
214
227
238
270
267
280
247
271
249
198
269
242
278
254
308
312
224
272
218
214
237
230
266
299
311
326
236
258
270
296
243
316
268
321
239
161
245
297
294
251
285
312
285
278
272
242
247
269
288
300
301
269
218
304
258
318
313
261
204
330
221
291
279
339
276
191
212
266
250
272
287
278
306
223
293
296
277
334
290
221
244
325
299
312
302
264
221
259
271
294
288
272
227
286
309
304
237
279
226
285
271
278
280
249
259
277
313
235
209
271
230
186
236
276
252
261
265
235
319
200
270
218
271
178
185
265
241
219
224
234
166
230
275
196
247
223
247
272
250
242
216
216
303
232
245
272
263
257
234
237
216
286
268
265
265
224
266
252
233
264
203
310
252
261
250
242
227
213
299
212
275
256
295
269
261
237
221
288
282
286
253
245
296
274
247
299
300
196
269
306
235
186
300
289
255
261
290
290
224
217
260
246
315
253
273
265
241
227
206
225
193
269
248
320
252
239
259
252
294
262
315
304
280
295
306
212
298
268
289
301
242
315
202
317
248
258
297
219
293
274
308
313
198
248
283
280
251
285
266
315
262
276
332
222
249
293
273
341
291
308
227
295
243
311
297
260
321
324
306
278
319
267
274
251
282
225
254
252
230
252
231
271
250
249
201
269
315
275
260
190
294
298
319
252
315
211
273
244
283
210
256
294
322
269
276
297
281
197
305
244
309
229
223
287
258
302
309
298
311
316
268
304
271
263
237
257
261
266
230
300
269
241
272
274
279
243
251
243
279
244
222
212
273
237
310
218
283
267
277
257
232
218
249
267
266
229
216
207
262
285
273
236
255
236
213
279
265
271
213
298
275
265
300
226
292
257
285
230
249
330
265
307
302
282
213
215
282
249
275
204
275
246
271
262
288
294
218
215
191
294
279
294
252
236
211
258
221
225
256
309
324
289
296
275
311
272
238
240
227
208
282
271
309
266
303
276
300
277
259
284
247
286
280
267
200
259
240
241
208
306
255
330
256
299
252
288
263
176
280
304
317
282
248
286
272
320
300
272
279
302
243
297
275
306
283
327
199
308
269
265
291
252
296
291
182
240
320
271
240
126
213
215
250
257
236
263
274
237
291
279
155
305
178
241
262
250
336
206
225
208
228
283
254
246
204
279
283
263
265
207
265
229
310
226
231
238
335
191
175
298
285
270
259
282
262
267
236
292
172
243
217
279
278
198
279
201
260
270
241
256
226
219
252
236
211
261
225
259
239
272
285
241
274
285
291
246
318
242
254
218
217
216
241
211
249
224
207
266
266
319
316
302
217
262
268
245
237
287
284
253
302
213
259
281
290
287
265
239
182
265
291
336
286
277
234
250
279
337
230
290
309
271
266
277
239
297
261
294
296
306
299
231
286
250
268
267
286
284
289
275
277
229
286
291
248
255
268
289
252
288
278
288
253
216
277
290
259
268
314
245
310
264
283
270
273
321
280
283
255
238
213
288
158
310
211
282
261
211
231
287
293
241
214
205
295
294
280
152
301
310
232
247
142
204
279
255
249
253
271
206
217
162
305
264
265
216
275
194
285
158
260
241
248
310
224
324
236
223
277
304
315
248
242
224
255
277
312
246
248
294
259
248
242
195
171
223
300
324
280
256
201
259
238
203
258
288
245
223
275
289
252
281
297
292
244
233
250
256
227
287
283
273
230
289
271
259
280
278
261
173
226
256
237
256
206
312
244
261
225
218
309
230
247
221
229
299
257
247
302
262
298
261
269
237
282
199
247
312
310
274
314
272
269
330
256
344
287
225
268
275
283
234
292
306
235
233
256
228
198
249
145
261
293
275
226
305
258
296
270
258
281
226
278
246
270
297
237
274
295
308
265
248
271
242
197
272
263
210
273
294
275
242
294
325
278
311
288
266
254
271
293
305
281
257
222
275
220
231
195
251
183
272
264
274
304
315
263
269
220
260
253
320
225
328
254
216
253
286
250
239
164
261
280
259
264
253
247
299
263
210
265
265
267
244
285
297
270
277
195
260
216
232
300
182
257
225
290
219
321
294
286
291
290
224
268
276
278
293
217
277
195
209
296
199
297
210
247
183
298
230
202
171
220
234
221
275
246
247
250
292
292
282
261
233
250
321
274
269
251
228
326
264
280
304
265
263
285
243
212
240
257
291
279
183
230
225
216
251
279
207
249
297
213
177
288
237
261
216
258
217
284
248
272
254
231
233
230
253
194
245
250
289
259
157
199
187
292
301
224
209
271
267
209
231
310
278
231
213
270
270
260
296
298
237
258
303
196
189
270
265
225
239
290
259
272
279
253
232
285
208
241
290
193
218
277
313
275
222
269
321
282
235
246
280
283
232
267
211
234
272
330
301
264
278
300
300
260
251
212
309
278
256
329
264
289
262
298
187
206
268
316
259
276
249
296
226
297
297
271
266
182
310
189
322
273
309
234
207
288
278
294
293
283
206
300
178
210
326
282
293
298
258
217
296
248
196
245
166
263
197
268
323
234
275
288
185
208
327
273
284
253
260
261
295
259
276
254
292
237
254
241
294
283
223
250
236
245
205
219
273
211
218
229
221
181
239
233
238
238
213
231
218
211
282
276
255
259
232
246
234
284
221
262
293
205
266
239
227
246
284
288
259
181
227
230
206
283
275
283
272
260
252
256
254
252
215
322
250
334
211
287
296
260
268
295
227
258
228
255
298
236
262
254
217
268
276
275
254
254
273
283
289
252
269
303
295
276
212
229
248
325
276
222
261
206
248
209
267
230
243
283
275
263
256
195
283
261
297
300
308
243
214
253
322
239
245
317
160
285
229
270
302
250
281
208
251
223
301
272
293
317
241
295
230
316
290
266
241
242
213
249
229
237
251
283
280
284
301
205
309
206
226
207
266
297
195
280
232
231
267
299
257
259
228
169
257
164
203
155
226
296
269
308
269
261
225
257
301
289
287
276
253
297
301
301
346
308
316
266
251
168
261
212
241
256
267
288
269
268
269
259
195
242
281
243
240
266
245
227
300
240
207
243
187
235
274
171
215
256
188
274
258
244
205
225
210
278
217
284
273
212
213
195
210
218
209
211
212
233
219
192
261
216
310
262
209
160
300
256
192
273
315
264
280
248
269
326
229
274
310
213
240
236
278
223
242
280
288
224
266
281
270
256
215
281
271
303
269
283
232
294
280
279
260
263
277
266
277
302
267
194
271
295
271
265
213
270
202
289
253
266
267
297
281
237
288
215
281
278
271
254
195
259
221
268
201
291
240
259
201
247
235
230
284
212
262
313
294
268
308
289
293
264
331
251
225
240
302
222
306
278
273
308
255
247
175
241
216
284
287
229
303
333
268
284
320
212
282
260
247
296
229
250
286
240
224
166
255
311
305
269
286
262
199
172
279
275
255
270
261
277
270
309
197
258
246
233
293
298
268
313
299
270
166
266
314
302
215
234
283
236
182
223
202
216
226
272
187
201
248
255
241
283
265
223
229
220
251
253
258
286
212
233
176
213
214
218
190
176
237
199
222
251
185
235
280
307
284
222
198
215
254
173
203
232
222
194
287
167
272
273
317
237
300
249
227
282
284
289
279
278
223
266
236
252
286
214
230
239
261
238
220
264
238
230
281
244
258
274
330
195
306
227
243
266
231
219
244
278
260
234
277
272
306
201
267
193
263
314
260
308
336
270
274
312
291
272
294
333
210
292
201
265
273
282
273
244
149
369
281
324
283
301
154
264
249
270
270
301
230
291
320
233
220
263
271
283
224
283
283
298
267
225
300
208
288
292
296
318
258
256
230
297
195
324
244
200
171
301
297
277
211
287
299
298
231
294
220
230
310
314
331
232
304
307
222
255
302
234
295
228
286
267
294
294
272
236
311
284
271
293
258
297
301
232
296
246
282
223
249
269
235
166
216
226
255
203
265
211
221
233
254
184
280
250
279
276
294
202
252
239
195
275
180
231
254
264
234
232
212
273
237
269
256
240
248
274
236
209
302
220
297
226
219
255
268
239
227
206
274
184
250
268
230
279
221
201
252
283
294
178
293
249
244
291
341
209
214
240
267
250
286
318
217
296
236
261
226
202
249
252
258
339
233
277
289
283
231
272
262
201
300
251
310
230
283
305
234
269
286
252
306
286
247
289
223
264
263
254
292
207
302
271
294
254
251
286
343
273
303
275
238
299
325
239
233
195
295
272
255
267
255
264
220
296
217
291
265
203
245
260
316
272
278
317
301
262
290
292
241
291
228
305
235
270
198
274
325
274
255
291
228
283
258
283
289
248
247
264
277
216
269
306
210
270
276
274
293
284
259
277
279
201
263
231
291
230
321
299
271
190
227
207
278
226
252
317
284
274
283
